<?xml version="1.0" ?>
<!DOCTYPE coverage SYSTEM "http://cobertura.sourceforge.net/xml/coverage-04.dtd">
<coverage lines-valid="998" lines-covered="804" line-rate="0.8056" branches-valid="622" branches-covered="459" branch-rate="0.7379000000000001" timestamp="1641572021677" complexity="0" version="0.1">
  <sources>
    <source>H:\Michele\Università\Magistrale Polito\Software Engineering II\SPG\SPG\client</source>
  </sources>
  <packages>
    <package name="src" line-rate="0.8245" branch-rate="0.9347">
      <classes>
        <class name="API.js" filename="src\API.js" line-rate="0.6666" branch-rate="0.625">
          <methods>
            <method name="logIn" hits="148" signature="()V">
              <lines>
                <line number="15" hits="148"/>
              </lines>
            </method>
            <method name="logOut" hits="3" signature="()V">
              <lines>
                <line number="40" hits="3"/>
              </lines>
            </method>
            <method name="getUserInfo" hits="256" signature="()V">
              <lines>
                <line number="44" hits="256"/>
              </lines>
            </method>
          </methods>
          <lines>
            <line number="16" hits="148" branch="false"/>
            <line number="23" hits="148" branch="true" condition-coverage="50% (1/2)"/>
            <line number="24" hits="148" branch="false"/>
            <line number="25" hits="148" branch="true" condition-coverage="50% (1/2)"/>
            <line number="26" hits="0" branch="false"/>
            <line number="28" hits="148" branch="false"/>
            <line number="30" hits="0" branch="false"/>
            <line number="31" hits="0" branch="false"/>
            <line number="32" hits="0" branch="false"/>
            <line number="34" hits="0" branch="false"/>
            <line number="35" hits="0" branch="false"/>
            <line number="41" hits="3" branch="false"/>
            <line number="45" hits="256" branch="true" condition-coverage="50% (1/2)"/>
            <line number="48" hits="256" branch="false"/>
            <line number="50" hits="227" branch="true" condition-coverage="100% (2/2)"/>
            <line number="51" hits="1" branch="false"/>
            <line number="53" hits="226" branch="false"/>
            <line number="57" hits="256" branch="false"/>
          </lines>
        </class>
        <class name="App.js" filename="src\App.js" line-rate="0.8946999999999999" branch-rate="1">
          <methods>
            <method name="(anonymous_0)" hits="5520" signature="()V">
              <lines>
                <line number="26" hits="5520"/>
              </lines>
            </method>
            <method name="(anonymous_1)" hits="256" signature="()V">
              <lines>
                <line number="33" hits="256"/>
              </lines>
            </method>
            <method name="(anonymous_2)" hits="256" signature="()V">
              <lines>
                <line number="35" hits="256"/>
              </lines>
            </method>
            <method name="(anonymous_3)" hits="253" signature="()V">
              <lines>
                <line number="41" hits="253"/>
              </lines>
            </method>
            <method name="(anonymous_4)" hits="148" signature="()V">
              <lines>
                <line number="44" hits="148"/>
              </lines>
            </method>
            <method name="(anonymous_5)" hits="3" signature="()V">
              <lines>
                <line number="55" hits="3"/>
              </lines>
            </method>
            <method name="(anonymous_6)" hits="3" signature="()V">
              <lines>
                <line number="62" hits="3"/>
              </lines>
            </method>
            <method name="(anonymous_7)" hits="479" signature="()V">
              <lines>
                <line number="69" hits="479"/>
              </lines>
            </method>
            <method name="timeHandler" hits="1426" signature="()V">
              <lines>
                <line number="72" hits="1426"/>
              </lines>
            </method>
            <method name="(anonymous_9)" hits="223" signature="()V">
              <lines>
                <line number="88" hits="223"/>
              </lines>
            </method>
          </methods>
          <lines>
            <line number="26" hits="256" branch="false"/>
            <line number="27" hits="5520" branch="false"/>
            <line number="28" hits="5264" branch="false"/>
            <line number="29" hits="5264" branch="false"/>
            <line number="30" hits="5264" branch="false"/>
            <line number="31" hits="5264" branch="false"/>
            <line number="33" hits="5264" branch="false"/>
            <line number="35" hits="256" branch="false"/>
            <line number="36" hits="256" branch="false"/>
            <line number="37" hits="1" branch="false"/>
            <line number="38" hits="1" branch="false"/>
            <line number="41" hits="256" branch="false"/>
            <line number="44" hits="5264" branch="false"/>
            <line number="45" hits="148" branch="false"/>
            <line number="46" hits="148" branch="false"/>
            <line number="47" hits="148" branch="false"/>
            <line number="48" hits="148" branch="false"/>
            <line number="49" hits="148" branch="false"/>
            <line number="51" hits="0" branch="false"/>
            <line number="55" hits="5264" branch="false"/>
            <line number="56" hits="3" branch="false"/>
            <line number="57" hits="0" branch="false"/>
            <line number="58" hits="0" branch="false"/>
            <line number="59" hits="0" branch="false"/>
            <line number="62" hits="5264" branch="false"/>
            <line number="63" hits="3" branch="false"/>
            <line number="69" hits="5264" branch="false"/>
            <line number="70" hits="479" branch="false"/>
            <line number="73" hits="1426" branch="true" condition-coverage="100% (2/2)"/>
            <line number="74" hits="479" branch="false"/>
            <line number="75" hits="479" branch="false"/>
            <line number="79" hits="1355" branch="true" condition-coverage="100% (2/2)"/>
            <line number="81" hits="1355" branch="false"/>
            <line number="84" hits="479" branch="false"/>
            <line number="86" hits="479" branch="false"/>
            <line number="88" hits="479" branch="false"/>
            <line number="91" hits="5264" branch="false"/>
            <line number="95" hits="5264" branch="false"/>
          </lines>
        </class>
        <class name="index.js" filename="src\index.js" line-rate="1" branch-rate="1">
          <methods>
          </methods>
          <lines>
            <line number="7" hits="256" branch="false"/>
          </lines>
        </class>
      </classes>
    </package>
    <package name="src.api" line-rate="0.6492" branch-rate="0.4188">
      <classes>
        <class name="farmerAPI.js" filename="src\api\farmerAPI.js" line-rate="0.85" branch-rate="0.5">
          <methods>
            <method name="getFarmerProducts" hits="17" signature="()V">
              <lines>
                <line number="2" hits="17"/>
              </lines>
            </method>
            <method name="updateFarmerProducts" hits="8" signature="()V">
              <lines>
                <line number="13" hits="8"/>
              </lines>
            </method>
            <method name="getFarmerOrders" hits="1" signature="()V">
              <lines>
                <line number="30" hits="1"/>
              </lines>
            </method>
            <method name="confirmFarmerOrder" hits="1" signature="()V">
              <lines>
                <line number="42" hits="1"/>
              </lines>
            </method>
            <method name="getFarmerOpenDeliveries" hits="1" signature="()V">
              <lines>
                <line number="57" hits="1"/>
              </lines>
            </method>
          </methods>
          <lines>
            <line number="3" hits="17" branch="false"/>
            <line number="4" hits="17" branch="false"/>
            <line number="6" hits="17" branch="true" condition-coverage="50% (1/2)"/>
            <line number="7" hits="17" branch="false"/>
            <line number="9" hits="0" branch="false"/>
            <line number="14" hits="8" branch="false"/>
            <line number="26" hits="8" branch="false"/>
            <line number="32" hits="1" branch="false"/>
            <line number="33" hits="1" branch="false"/>
            <line number="35" hits="1" branch="true" condition-coverage="50% (1/2)"/>
            <line number="36" hits="1" branch="false"/>
            <line number="38" hits="0" branch="false"/>
            <line number="43" hits="1" branch="false"/>
            <line number="53" hits="1" branch="false"/>
            <line number="59" hits="1" branch="false"/>
            <line number="60" hits="1" branch="false"/>
            <line number="62" hits="1" branch="true" condition-coverage="50% (1/2)"/>
            <line number="63" hits="1" branch="false"/>
            <line number="65" hits="0" branch="false"/>
            <line number="69" hits="256" branch="false"/>
          </lines>
        </class>
        <class name="notificationAPI.js" filename="src\api\notificationAPI.js" line-rate="0.75" branch-rate="0">
          <methods>
            <method name="getNotification" hits="2" signature="()V">
              <lines>
                <line number="8" hits="2"/>
              </lines>
            </method>
            <method name="setSeenNotification" hits="1" signature="()V">
              <lines>
                <line number="21" hits="1"/>
              </lines>
            </method>
            <method name="addNotification" hits="0" signature="()V">
              <lines>
                <line number="35" hits="0"/>
              </lines>
            </method>
          </methods>
          <lines>
            <line number="9" hits="2" branch="false"/>
            <line number="22" hits="1" branch="false"/>
            <line number="36" hits="0" branch="false"/>
            <line number="44" hits="256" branch="false"/>
          </lines>
        </class>
        <class name="orders.js" filename="src\api\orders.js" line-rate="0.7931" branch-rate="0.5769">
          <methods>
            <method name="handleOrderAction" hits="73" signature="()V">
              <lines>
                <line number="12" hits="73"/>
              </lines>
            </method>
            <method name="getOrders" hits="39" signature="()V">
              <lines>
                <line number="36" hits="39"/>
              </lines>
            </method>
            <method name="getOrder" hits="20" signature="()V">
              <lines>
                <line number="54" hits="20"/>
              </lines>
            </method>
            <method name="getPendingOrders" hits="2" signature="()V">
              <lines>
                <line number="67" hits="2"/>
              </lines>
            </method>
            <method name="handOutOrder" hits="0" signature="()V">
              <lines>
                <line number="77" hits="0"/>
              </lines>
            </method>
            <method name="insertOrder" hits="8" signature="()V">
              <lines>
                <line number="95" hits="8"/>
              </lines>
            </method>
            <method name="getRequestedProducts" hits="0" signature="()V">
              <lines>
                <line number="107" hits="0"/>
              </lines>
            </method>
            <method name="deliveryOrder" hits="4" signature="()V">
              <lines>
                <line number="122" hits="4"/>
              </lines>
            </method>
            <method name="updateOrderProducts" hits="2" signature="()V">
              <lines>
                <line number="140" hits="2"/>
              </lines>
            </method>
            <method name="(anonymous_9)" hits="0" signature="()V">
              <lines>
                <line number="144" hits="0"/>
              </lines>
            </method>
          </methods>
          <lines>
            <line number="14" hits="73" branch="true" condition-coverage="50% (1/2)"/>
            <line number="15" hits="0" branch="false"/>
            <line number="17" hits="73" branch="false"/>
            <line number="20" hits="73" branch="true" condition-coverage="100% (2/2)"/>
            <line number="21" hits="39" branch="false"/>
            <line number="24" hits="73" branch="false"/>
            <line number="38" hits="39" branch="true" condition-coverage="50% (1/2)"/>
            <line number="39" hits="39" branch="false"/>
            <line number="42" hits="39" branch="false"/>
            <line number="55" hits="20" branch="false"/>
            <line number="68" hits="2" branch="false"/>
            <line number="78" hits="0" branch="false"/>
            <line number="96" hits="8" branch="false"/>
            <line number="108" hits="0" branch="false"/>
            <line number="123" hits="4" branch="false"/>
            <line number="141" hits="2" branch="true" condition-coverage="50% (1/2)"/>
            <line number="143" hits="2" branch="true" condition-coverage="75% (3/4)"/>
            <line number="144" hits="0" branch="false"/>
            <line number="145" hits="0" branch="false"/>
            <line number="149" hits="2" branch="false"/>
            <line number="150" hits="4" branch="false"/>
            <line number="152" hits="4" branch="false"/>
            <line number="153" hits="6" branch="true" condition-coverage="100% (2/2)"/>
            <line number="154" hits="4" branch="false"/>
            <line number="155" hits="4" branch="false"/>
            <line number="159" hits="4" branch="true" condition-coverage="50% (1/2)"/>
            <line number="160" hits="0" branch="false"/>
            <line number="169" hits="2" branch="false"/>
            <line number="174" hits="256" branch="false"/>
          </lines>
        </class>
        <class name="products.js" filename="src\api\products.js" line-rate="0.6666" branch-rate="0.5">
          <methods>
            <method name="getProducts" hits="91" signature="()V">
              <lines>
                <line number="1" hits="91"/>
              </lines>
            </method>
            <method name="(anonymous_1)" hits="4186" signature="()V">
              <lines>
                <line number="6" hits="4186"/>
              </lines>
            </method>
            <method name="insertProductInBasket" hits="82" signature="()V">
              <lines>
                <line number="13" hits="82"/>
              </lines>
            </method>
            <method name="(anonymous_3)" hits="82" signature="()V">
              <lines>
                <line number="14" hits="82"/>
              </lines>
            </method>
            <method name="(anonymous_4)" hits="79" signature="()V">
              <lines>
                <line number="19" hits="79"/>
              </lines>
            </method>
            <method name="(anonymous_5)" hits="0" signature="()V">
              <lines>
                <line number="24" hits="0"/>
              </lines>
            </method>
            <method name="(anonymous_6)" hits="0" signature="()V">
              <lines>
                <line number="25" hits="0"/>
              </lines>
            </method>
            <method name="(anonymous_7)" hits="1" signature="()V">
              <lines>
                <line number="27" hits="1"/>
              </lines>
            </method>
            <method name="deleteAllBasket" hits="176" signature="()V">
              <lines>
                <line number="32" hits="176"/>
              </lines>
            </method>
            <method name="(anonymous_9)" hits="176" signature="()V">
              <lines>
                <line number="33" hits="176"/>
              </lines>
            </method>
            <method name="(anonymous_10)" hits="175" signature="()V">
              <lines>
                <line number="36" hits="175"/>
              </lines>
            </method>
            <method name="(anonymous_11)" hits="0" signature="()V">
              <lines>
                <line number="41" hits="0"/>
              </lines>
            </method>
            <method name="(anonymous_12)" hits="0" signature="()V">
              <lines>
                <line number="42" hits="0"/>
              </lines>
            </method>
            <method name="(anonymous_13)" hits="0" signature="()V">
              <lines>
                <line number="44" hits="0"/>
              </lines>
            </method>
            <method name="getBasketProducts" hits="246" signature="()V">
              <lines>
                <line number="49" hits="246"/>
              </lines>
            </method>
            <method name="(anonymous_15)" hits="164" signature="()V">
              <lines>
                <line number="54" hits="164"/>
              </lines>
            </method>
          </methods>
          <lines>
            <line number="3" hits="91" branch="false"/>
            <line number="4" hits="91" branch="false"/>
            <line number="5" hits="91" branch="true" condition-coverage="50% (1/2)"/>
            <line number="6" hits="4186" branch="false"/>
            <line number="8" hits="0" branch="false"/>
            <line number="14" hits="82" branch="false"/>
            <line number="15" hits="82" branch="false"/>
            <line number="20" hits="79" branch="true" condition-coverage="50% (1/2)"/>
            <line number="21" hits="79" branch="false"/>
            <line number="23" hits="0" branch="false"/>
            <line number="24" hits="0" branch="false"/>
            <line number="25" hits="0" branch="false"/>
            <line number="27" hits="1" branch="false"/>
            <line number="33" hits="176" branch="false"/>
            <line number="34" hits="176" branch="false"/>
            <line number="37" hits="175" branch="true" condition-coverage="50% (1/2)"/>
            <line number="38" hits="175" branch="false"/>
            <line number="40" hits="0" branch="false"/>
            <line number="41" hits="0" branch="false"/>
            <line number="42" hits="0" branch="false"/>
            <line number="44" hits="0" branch="false"/>
            <line number="51" hits="246" branch="false"/>
            <line number="52" hits="241" branch="false"/>
            <line number="53" hits="239" branch="true" condition-coverage="50% (1/2)"/>
            <line number="54" hits="239" branch="false"/>
            <line number="56" hits="0" branch="false"/>
            <line number="61" hits="256" branch="false"/>
          </lines>
        </class>
        <class name="testAPI.js" filename="src\api\testAPI.js" line-rate="0.11109999999999999" branch-rate="0">
          <methods>
            <method name="restoreTables" hits="0" signature="()V">
              <lines>
                <line number="1" hits="0"/>
              </lines>
            </method>
            <method name="(anonymous_1)" hits="0" signature="()V">
              <lines>
                <line number="2" hits="0"/>
              </lines>
            </method>
            <method name="(anonymous_2)" hits="0" signature="()V">
              <lines>
                <line number="6" hits="0"/>
              </lines>
            </method>
            <method name="(anonymous_3)" hits="0" signature="()V">
              <lines>
                <line number="12" hits="0"/>
              </lines>
            </method>
            <method name="(anonymous_4)" hits="0" signature="()V">
              <lines>
                <line number="15" hits="0"/>
              </lines>
            </method>
            <method name="(anonymous_5)" hits="0" signature="()V">
              <lines>
                <line number="20" hits="0"/>
              </lines>
            </method>
          </methods>
          <lines>
            <line number="2" hits="0" branch="false"/>
            <line number="3" hits="0" branch="false"/>
            <line number="7" hits="0" branch="true" condition-coverage="0% (0/2)"/>
            <line number="8" hits="0" branch="false"/>
            <line number="10" hits="0" branch="false"/>
            <line number="13" hits="0" branch="false"/>
            <line number="16" hits="0" branch="false"/>
            <line number="21" hits="0" branch="false"/>
            <line number="26" hits="256" branch="false"/>
          </lines>
        </class>
        <class name="time.js" filename="src\api\time.js" line-rate="1" branch-rate="0.3333">
          <methods>
            <method name="setTime" hits="214" signature="()V">
              <lines>
                <line number="12" hits="214"/>
              </lines>
            </method>
            <method name="getTime" hits="479" signature="()V">
              <lines>
                <line number="25" hits="479"/>
              </lines>
            </method>
          </methods>
          <lines>
            <line number="13" hits="214" branch="false"/>
            <line number="27" hits="479" branch="false"/>
            <line number="29" hits="408" branch="true" condition-coverage="50% (2/4)"/>
            <line number="32" hits="256" branch="false"/>
          </lines>
        </class>
        <class name="unretrieved.js" filename="src\api\unretrieved.js" line-rate="0.35710000000000003" branch-rate="0">
          <methods>
            <method name="getUnretrievedProducts" hits="1" signature="()V">
              <lines>
                <line number="8" hits="1"/>
              </lines>
            </method>
            <method name="(anonymous_1)" hits="0" signature="()V">
              <lines>
                <line number="13" hits="0"/>
              </lines>
            </method>
            <method name="(anonymous_2)" hits="0" signature="()V">
              <lines>
                <line number="21" hits="0"/>
              </lines>
            </method>
            <method name="(anonymous_3)" hits="0" signature="()V">
              <lines>
                <line number="21" hits="0"/>
              </lines>
            </method>
            <method name="(anonymous_4)" hits="0" signature="()V">
              <lines>
                <line number="23" hits="0"/>
              </lines>
            </method>
            <method name="(anonymous_5)" hits="0" signature="()V">
              <lines>
                <line number="26" hits="0"/>
              </lines>
            </method>
            <method name="(anonymous_6)" hits="0" signature="()V">
              <lines>
                <line number="27" hits="0"/>
              </lines>
            </method>
          </methods>
          <lines>
            <line number="4" hits="256" branch="false"/>
            <line number="10" hits="1" branch="false"/>
            <line number="11" hits="1" branch="false"/>
            <line number="12" hits="0" branch="true" condition-coverage="0% (0/2)"/>
            <line number="13" hits="0" branch="false"/>
            <line number="15" hits="0" branch="false"/>
            <line number="21" hits="256" branch="true" condition-coverage="0% (0/1)"/>
            <line number="23" hits="0" branch="false"/>
            <line number="24" hits="0" branch="true" condition-coverage="0% (0/6)"/>
            <line number="25" hits="0" branch="true" condition-coverage="0% (0/2)"/>
            <line number="26" hits="0" branch="true" condition-coverage="0% (0/2)"/>
            <line number="27" hits="0" branch="false"/>
            <line number="30" hits="0" branch="false"/>
            <line number="37" hits="256" branch="false"/>
          </lines>
        </class>
        <class name="user.js" filename="src\api\user.js" line-rate="0.5454" branch-rate="0.6666">
          <methods>
            <method name="getUserId" hits="12" signature="()V">
              <lines>
                <line number="6" hits="12"/>
              </lines>
            </method>
            <method name="deleteUser" hits="0" signature="()V">
              <lines>
                <line number="15" hits="0"/>
              </lines>
            </method>
            <method name="(anonymous_2)" hits="0" signature="()V">
              <lines>
                <line number="16" hits="0"/>
              </lines>
            </method>
            <method name="(anonymous_3)" hits="0" signature="()V">
              <lines>
                <line number="20" hits="0"/>
              </lines>
            </method>
            <method name="(anonymous_4)" hits="0" signature="()V">
              <lines>
                <line number="27" hits="0"/>
              </lines>
            </method>
            <method name="(anonymous_5)" hits="0" signature="()V">
              <lines>
                <line number="30" hits="0"/>
              </lines>
            </method>
            <method name="(anonymous_6)" hits="0" signature="()V">
              <lines>
                <line number="39" hits="0"/>
              </lines>
            </method>
            <method name="addClient" hits="9" signature="()V">
              <lines>
                <line number="46" hits="9"/>
              </lines>
            </method>
            <method name="(anonymous_8)" hits="9" signature="()V">
              <lines>
                <line number="47" hits="9"/>
              </lines>
            </method>
            <method name="(anonymous_9)" hits="9" signature="()V">
              <lines>
                <line number="54" hits="9"/>
              </lines>
            </method>
            <method name="(anonymous_10)" hits="3" signature="()V">
              <lines>
                <line number="59" hits="3"/>
              </lines>
            </method>
            <method name="(anonymous_11)" hits="0" signature="()V">
              <lines>
                <line number="60" hits="0"/>
              </lines>
            </method>
            <method name="(anonymous_12)" hits="0" signature="()V">
              <lines>
                <line number="62" hits="0"/>
              </lines>
            </method>
          </methods>
          <lines>
            <line number="7" hits="12" branch="false"/>
            <line number="8" hits="12" branch="false"/>
            <line number="9" hits="12" branch="true" condition-coverage="100% (2/2)"/>
            <line number="10" hits="10" branch="false"/>
            <line number="11" hits="2" branch="false"/>
            <line number="16" hits="0" branch="false"/>
            <line number="17" hits="0" branch="false"/>
            <line number="21" hits="0" branch="true" condition-coverage="0% (0/2)"/>
            <line number="22" hits="0" branch="false"/>
            <line number="25" hits="0" branch="false"/>
            <line number="28" hits="0" branch="false"/>
            <line number="31" hits="0" branch="false"/>
            <line number="40" hits="0" branch="false"/>
            <line number="47" hits="9" branch="false"/>
            <line number="48" hits="9" branch="false"/>
            <line number="55" hits="9" branch="true" condition-coverage="100% (2/2)"/>
            <line number="56" hits="6" branch="false"/>
            <line number="58" hits="3" branch="false"/>
            <line number="59" hits="3" branch="false"/>
            <line number="60" hits="0" branch="false"/>
            <line number="62" hits="0" branch="false"/>
            <line number="66" hits="256" branch="false"/>
          </lines>
        </class>
        <class name="utility.js" filename="src\api\utility.js" line-rate="0.7894" branch-rate="0.5135000000000001">
          <methods>
            <method name="handleFetch" hits="769" signature="()V">
              <lines>
                <line number="9" hits="769"/>
              </lines>
            </method>
            <method name="(anonymous_1)" hits="769" signature="()V">
              <lines>
                <line number="35" hits="769"/>
              </lines>
            </method>
            <method name="(anonymous_2)" hits="766" signature="()V">
              <lines>
                <line number="37" hits="766"/>
              </lines>
            </method>
            <method name="(anonymous_3)" hits="3" signature="()V">
              <lines>
                <line number="49" hits="3"/>
              </lines>
            </method>
            <method name="parseResponse" hits="688" signature="()V">
              <lines>
                <line number="63" hits="688"/>
              </lines>
            </method>
            <method name="(anonymous_5)" hits="500" signature="()V">
              <lines>
                <line number="88" hits="500"/>
              </lines>
            </method>
            <method name="(anonymous_6)" hits="0" signature="()V">
              <lines>
                <line number="95" hits="0"/>
              </lines>
            </method>
          </methods>
          <lines>
            <line number="1" hits="256" branch="false"/>
            <line number="3" hits="256" branch="false"/>
            <line number="4" hits="256" branch="false"/>
            <line number="6" hits="256" branch="false"/>
            <line number="7" hits="256" branch="false"/>
            <line number="13" hits="769" branch="true" condition-coverage="66.66666666666666% (2/3)"/>
            <line number="16" hits="540" branch="false"/>
            <line number="22" hits="540" branch="false"/>
            <line number="25" hits="229" branch="false"/>
            <line number="35" hits="769" branch="false"/>
            <line number="36" hits="769" branch="false"/>
            <line number="38" hits="766" branch="false"/>
            <line number="39" hits="766" branch="false"/>
            <line number="40" hits="688" branch="true" condition-coverage="50% (1/2)"/>
            <line number="41" hits="688" branch="false"/>
            <line number="43" hits="0" branch="false"/>
            <line number="46" hits="64" branch="false"/>
            <line number="51" hits="3" branch="false"/>
            <line number="64" hits="688" branch="false"/>
            <line number="66" hits="688" branch="true" condition-coverage="83.33333333333334% (5/6)"/>
            <line number="70" hits="628" branch="true" condition-coverage="50% (1/2)"/>
            <line number="71" hits="628" branch="false"/>
            <line number="74" hits="40" branch="true" condition-coverage="75% (3/4)"/>
            <line number="75" hits="40" branch="false"/>
            <line number="78" hits="20" branch="true" condition-coverage="75% (3/4)"/>
            <line number="79" hits="20" branch="false"/>
            <line number="82" hits="0" branch="false"/>
            <line number="85" hits="688" branch="false"/>
            <line number="88" hits="256" branch="true" condition-coverage="0% (0/2)"/>
            <line number="90" hits="500" branch="true" condition-coverage="50% (1/2)"/>
            <line number="92" hits="500" branch="true" condition-coverage="50% (1/2)"/>
            <line number="95" hits="256" branch="false"/>
            <line number="97" hits="0" branch="false"/>
            <line number="98" hits="0" branch="false"/>
            <line number="99" hits="0" branch="false"/>
            <line number="101" hits="0" branch="true" condition-coverage="0% (0/2)"/>
            <line number="102" hits="0" branch="true" condition-coverage="0% (0/2)"/>
            <line number="105" hits="0" branch="true" condition-coverage="0% (0/2)"/>
          </lines>
        </class>
        <class name="wallet.js" filename="src\api\wallet.js" line-rate="0.6" branch-rate="0.25">
          <methods>
            <method name="updateWallet" hits="2" signature="()V">
              <lines>
                <line number="2" hits="2"/>
              </lines>
            </method>
            <method name="getWalletByMail" hits="59" signature="()V">
              <lines>
                <line number="21" hits="59"/>
              </lines>
            </method>
          </methods>
          <lines>
            <line number="3" hits="2" branch="false"/>
            <line number="13" hits="0" branch="true" condition-coverage="0% (0/2)"/>
            <line number="14" hits="0" branch="false"/>
            <line number="16" hits="0" branch="false"/>
            <line number="23" hits="59" branch="false"/>
            <line number="24" hits="59" branch="false"/>
            <line number="25" hits="57" branch="true" condition-coverage="50% (1/2)"/>
            <line number="26" hits="57" branch="false"/>
            <line number="28" hits="0" branch="false"/>
            <line number="32" hits="256" branch="false"/>
          </lines>
        </class>
        <class name="warehouse.js" filename="src\api\warehouse.js" line-rate="0.35710000000000003" branch-rate="0.25">
          <methods>
            <method name="getOpenDeliveries" hits="10" signature="()V">
              <lines>
                <line number="1" hits="10"/>
              </lines>
            </method>
            <method name="(anonymous_1)" hits="20" signature="()V">
              <lines>
                <line number="6" hits="20"/>
              </lines>
            </method>
            <method name="confirmDelivery" hits="0" signature="()V">
              <lines>
                <line number="18" hits="0"/>
              </lines>
            </method>
            <method name="(anonymous_3)" hits="0" signature="()V">
              <lines>
                <line number="20" hits="0"/>
              </lines>
            </method>
            <method name="(anonymous_4)" hits="0" signature="()V">
              <lines>
                <line number="25" hits="0"/>
              </lines>
            </method>
            <method name="(anonymous_5)" hits="0" signature="()V">
              <lines>
                <line number="30" hits="0"/>
              </lines>
            </method>
            <method name="(anonymous_6)" hits="0" signature="()V">
              <lines>
                <line number="31" hits="0"/>
              </lines>
            </method>
            <method name="(anonymous_7)" hits="0" signature="()V">
              <lines>
                <line number="33" hits="0"/>
              </lines>
            </method>
          </methods>
          <lines>
            <line number="3" hits="10" branch="false"/>
            <line number="4" hits="10" branch="false"/>
            <line number="5" hits="10" branch="true" condition-coverage="50% (1/2)"/>
            <line number="6" hits="20" branch="false"/>
            <line number="14" hits="0" branch="false"/>
            <line number="20" hits="0" branch="false"/>
            <line number="21" hits="0" branch="false"/>
            <line number="26" hits="0" branch="true" condition-coverage="0% (0/2)"/>
            <line number="27" hits="0" branch="false"/>
            <line number="29" hits="0" branch="false"/>
            <line number="30" hits="0" branch="false"/>
            <line number="31" hits="0" branch="false"/>
            <line number="33" hits="0" branch="false"/>
            <line number="37" hits="256" branch="false"/>
          </lines>
        </class>
      </classes>
    </package>
    <package name="src.client-component" line-rate="0.9081999999999999" branch-rate="0.836">
      <classes>
        <class name="Basket.js" filename="src\client-component\Basket.js" line-rate="1" branch-rate="0.7142000000000001">
          <methods>
            <method name="Basket" hits="3750" signature="()V">
              <lines>
                <line number="6" hits="3750"/>
              </lines>
            </method>
            <method name="(anonymous_1)" hits="134" signature="()V">
              <lines>
                <line number="13" hits="134"/>
              </lines>
            </method>
            <method name="(anonymous_2)" hits="134" signature="()V">
              <lines>
                <line number="14" hits="134"/>
              </lines>
            </method>
            <method name="(anonymous_3)" hits="81" signature="()V">
              <lines>
                <line number="16" hits="81"/>
              </lines>
            </method>
            <method name="(anonymous_4)" hits="10" signature="()V">
              <lines>
                <line number="33" hits="10"/>
              </lines>
            </method>
            <method name="(anonymous_5)" hits="14" signature="()V">
              <lines>
                <line number="43" hits="14"/>
              </lines>
            </method>
            <method name="(anonymous_6)" hits="826" signature="()V">
              <lines>
                <line number="69" hits="826"/>
              </lines>
            </method>
            <method name="(anonymous_7)" hits="10" signature="()V">
              <lines>
                <line number="77" hits="10"/>
              </lines>
            </method>
            <method name="(anonymous_8)" hits="22" signature="()V">
              <lines>
                <line number="99" hits="22"/>
              </lines>
            </method>
          </methods>
          <lines>
            <line number="7" hits="3750" branch="false"/>
            <line number="8" hits="3676" branch="false"/>
            <line number="9" hits="3676" branch="false"/>
            <line number="11" hits="3676" branch="false"/>
            <line number="13" hits="3676" branch="false"/>
            <line number="14" hits="134" branch="false"/>
            <line number="15" hits="134" branch="true" condition-coverage="50% (1/2)"/>
            <line number="16" hits="81" branch="false"/>
            <line number="19" hits="132" branch="false"/>
            <line number="21" hits="132" branch="false"/>
            <line number="22" hits="81" branch="false"/>
            <line number="25" hits="132" branch="false"/>
            <line number="27" hits="132" branch="false"/>
            <line number="29" hits="132" branch="false"/>
            <line number="33" hits="3676" branch="false"/>
            <line number="34" hits="10" branch="false"/>
            <line number="39" hits="8" branch="false"/>
            <line number="40" hits="8" branch="false"/>
            <line number="42" hits="8" branch="true" condition-coverage="50% (1/2)"/>
            <line number="43" hits="14" branch="false"/>
            <line number="47" hits="3676" branch="false"/>
            <line number="70" hits="826" branch="false"/>
            <line number="78" hits="10" branch="false"/>
            <line number="100" hits="22" branch="false"/>
            <line number="101" hits="22" branch="true" condition-coverage="50% (1/2)"/>
            <line number="102" hits="22" branch="false"/>
          </lines>
        </class>
        <class name="ClientNotifications.js" filename="src\client-component\ClientNotifications.js" line-rate="0.826" branch-rate="0.6666">
          <methods>
            <method name="ClientNotifications" hits="21" signature="()V">
              <lines>
                <line number="10" hits="21"/>
              </lines>
            </method>
            <method name="(anonymous_1)" hits="1" signature="()V">
              <lines>
                <line number="19" hits="1"/>
              </lines>
            </method>
            <method name="(anonymous_2)" hits="3" signature="()V">
              <lines>
                <line number="26" hits="3"/>
              </lines>
            </method>
            <method name="(anonymous_3)" hits="2" signature="()V">
              <lines>
                <line number="27" hits="2"/>
              </lines>
            </method>
            <method name="(anonymous_4)" hits="0" signature="()V">
              <lines>
                <line number="32" hits="0"/>
              </lines>
            </method>
            <method name="(anonymous_5)" hits="0" signature="()V">
              <lines>
                <line number="37" hits="0"/>
              </lines>
            </method>
            <method name="(anonymous_6)" hits="0" signature="()V">
              <lines>
                <line number="53" hits="0"/>
              </lines>
            </method>
            <method name="(anonymous_7)" hits="0" signature="()V">
              <lines>
                <line number="62" hits="0"/>
              </lines>
            </method>
            <method name="(anonymous_8)" hits="0" signature="()V">
              <lines>
                <line number="63" hits="0"/>
              </lines>
            </method>
          </methods>
          <lines>
            <line number="12" hits="21" branch="false"/>
            <line number="13" hits="20" branch="false"/>
            <line number="14" hits="20" branch="false"/>
            <line number="16" hits="20" branch="false"/>
            <line number="19" hits="20" branch="false"/>
            <line number="21" hits="1" branch="false"/>
            <line number="22" hits="1" branch="false"/>
            <line number="26" hits="20" branch="false"/>
            <line number="27" hits="3" branch="false"/>
            <line number="28" hits="2" branch="false"/>
            <line number="29" hits="2" branch="false"/>
            <line number="30" hits="1" branch="false"/>
            <line number="31" hits="1" branch="false"/>
            <line number="32" hits="1" branch="false"/>
            <line number="33" hits="1" branch="false"/>
            <line number="34" hits="1" branch="false"/>
            <line number="36" hits="3" branch="true" condition-coverage="100% (2/2)"/>
            <line number="37" hits="2" branch="false"/>
            <line number="38" hits="0" branch="false"/>
            <line number="43" hits="20" branch="false"/>
            <line number="54" hits="0" branch="false"/>
            <line number="62" hits="0" branch="true" condition-coverage="50% (1/2)"/>
            <line number="63" hits="0" branch="false"/>
          </lines>
        </class>
        <class name="ClientOrder.js" filename="src\client-component\ClientOrder.js" line-rate="0.8695" branch-rate="0.8234999999999999">
          <methods>
            <method name="ClientOrder" hits="3038" signature="()V">
              <lines>
                <line number="16" hits="3038"/>
              </lines>
            </method>
            <method name="(anonymous_1)" hits="77" signature="()V">
              <lines>
                <line number="34" hits="77"/>
              </lines>
            </method>
            <method name="(anonymous_2)" hits="77" signature="()V">
              <lines>
                <line number="35" hits="77"/>
              </lines>
            </method>
            <method name="(anonymous_3)" hits="3542" signature="()V">
              <lines>
                <line number="39" hits="3542"/>
              </lines>
            </method>
            <method name="(anonymous_4)" hits="3542" signature="()V">
              <lines>
                <line number="40" hits="3542"/>
              </lines>
            </method>
            <method name="(anonymous_5)" hits="162932" signature="()V">
              <lines>
                <line number="41" hits="162932"/>
              </lines>
            </method>
            <method name="(anonymous_6)" hits="3542" signature="()V">
              <lines>
                <line number="48" hits="3542"/>
              </lines>
            </method>
            <method name="(anonymous_7)" hits="3542" signature="()V">
              <lines>
                <line number="49" hits="3542"/>
              </lines>
            </method>
            <method name="(anonymous_8)" hits="162932" signature="()V">
              <lines>
                <line number="50" hits="162932"/>
              </lines>
            </method>
            <method name="(anonymous_9)" hits="18" signature="()V">
              <lines>
                <line number="66" hits="18"/>
              </lines>
            </method>
            <method name="(anonymous_10)" hits="94" signature="()V">
              <lines>
                <line number="74" hits="94"/>
              </lines>
            </method>
            <method name="(anonymous_11)" hits="22" signature="()V">
              <lines>
                <line number="81" hits="22"/>
              </lines>
            </method>
            <method name="(anonymous_12)" hits="16" signature="()V">
              <lines>
                <line number="112" hits="16"/>
              </lines>
            </method>
            <method name="(anonymous_13)" hits="2" signature="()V">
              <lines>
                <line number="129" hits="2"/>
              </lines>
            </method>
            <method name="(anonymous_14)" hits="0" signature="()V">
              <lines>
                <line number="134" hits="0"/>
              </lines>
            </method>
            <method name="(anonymous_15)" hits="8" signature="()V">
              <lines>
                <line number="142" hits="8"/>
              </lines>
            </method>
            <method name="(anonymous_16)" hits="54" signature="()V">
              <lines>
                <line number="146" hits="54"/>
              </lines>
            </method>
            <method name="(anonymous_17)" hits="2484" signature="()V">
              <lines>
                <line number="147" hits="2484"/>
              </lines>
            </method>
            <method name="(anonymous_18)" hits="66" signature="()V">
              <lines>
                <line number="165" hits="66"/>
              </lines>
            </method>
            <method name="(anonymous_19)" hits="36" signature="()V">
              <lines>
                <line number="178" hits="36"/>
              </lines>
            </method>
            <method name="(anonymous_20)" hits="308" signature="()V">
              <lines>
                <line number="188" hits="308"/>
              </lines>
            </method>
            <method name="(anonymous_21)" hits="102" signature="()V">
              <lines>
                <line number="203" hits="102"/>
              </lines>
            </method>
            <method name="(anonymous_22)" hits="24" signature="()V">
              <lines>
                <line number="227" hits="24"/>
              </lines>
            </method>
            <method name="(anonymous_23)" hits="6" signature="()V">
              <lines>
                <line number="244" hits="6"/>
              </lines>
            </method>
            <method name="(anonymous_24)" hits="3960" signature="()V">
              <lines>
                <line number="252" hits="3960"/>
              </lines>
            </method>
            <method name="(anonymous_25)" hits="4048" signature="()V">
              <lines>
                <line number="253" hits="4048"/>
              </lines>
            </method>
            <method name="(anonymous_26)" hits="6" signature="()V">
              <lines>
                <line number="262" hits="6"/>
              </lines>
            </method>
            <method name="(anonymous_27)" hits="112" signature="()V">
              <lines>
                <line number="269" hits="112"/>
              </lines>
            </method>
            <method name="(anonymous_28)" hits="0" signature="()V">
              <lines>
                <line number="282" hits="0"/>
              </lines>
            </method>
            <method name="(anonymous_29)" hits="0" signature="()V">
              <lines>
                <line number="290" hits="0"/>
              </lines>
            </method>
            <method name="(anonymous_30)" hits="0" signature="()V">
              <lines>
                <line number="291" hits="0"/>
              </lines>
            </method>
            <method name="(anonymous_31)" hits="0" signature="()V">
              <lines>
                <line number="303" hits="0"/>
              </lines>
            </method>
            <method name="(anonymous_32)" hits="0" signature="()V">
              <lines>
                <line number="308" hits="0"/>
              </lines>
            </method>
          </methods>
          <lines>
            <line number="17" hits="3038" branch="false"/>
            <line number="18" hits="2964" branch="false"/>
            <line number="19" hits="2964" branch="false"/>
            <line number="20" hits="2964" branch="false"/>
            <line number="21" hits="2964" branch="false"/>
            <line number="22" hits="2964" branch="false"/>
            <line number="23" hits="2964" branch="false"/>
            <line number="24" hits="2964" branch="false"/>
            <line number="25" hits="2964" branch="false"/>
            <line number="26" hits="2964" branch="false"/>
            <line number="27" hits="2964" branch="false"/>
            <line number="28" hits="2964" branch="false"/>
            <line number="29" hits="2964" branch="false"/>
            <line number="30" hits="2964" branch="false"/>
            <line number="31" hits="2964" branch="false"/>
            <line number="32" hits="2964" branch="false"/>
            <line number="34" hits="2964" branch="false"/>
            <line number="35" hits="77" branch="false"/>
            <line number="36" hits="77" branch="false"/>
            <line number="37" hits="77" branch="false"/>
            <line number="38" hits="77" branch="false"/>
            <line number="39" hits="3542" branch="false"/>
            <line number="41" hits="162932" branch="false"/>
            <line number="44" hits="77" branch="false"/>
            <line number="45" hits="77" branch="false"/>
            <line number="47" hits="77" branch="false"/>
            <line number="48" hits="3542" branch="false"/>
            <line number="50" hits="162932" branch="false"/>
            <line number="53" hits="77" branch="false"/>
            <line number="57" hits="77" branch="true" condition-coverage="100% (2/2)"/>
            <line number="58" hits="18" branch="false"/>
            <line number="60" hits="18" branch="false"/>
            <line number="61" hits="36" branch="false"/>
            <line number="66" hits="18" branch="false"/>
            <line number="69" hits="77" branch="false"/>
            <line number="71" hits="72" branch="true" condition-coverage="100% (2/2)"/>
            <line number="72" hits="47" branch="false"/>
            <line number="73" hits="47" branch="false"/>
            <line number="74" hits="94" branch="true" condition-coverage="50% (1/2)"/>
            <line number="78" hits="77" branch="false"/>
            <line number="81" hits="2964" branch="false"/>
            <line number="82" hits="22" branch="false"/>
            <line number="83" hits="22" branch="false"/>
            <line number="84" hits="22" branch="false"/>
            <line number="86" hits="22" branch="true" condition-coverage="100% (2/2)"/>
            <line number="87" hits="12" branch="true" condition-coverage="50% (1/2)"/>
            <line number="88" hits="0" branch="false"/>
            <line number="89" hits="0" branch="false"/>
            <line number="91" hits="12" branch="false"/>
            <line number="92" hits="12" branch="false"/>
            <line number="94" hits="2" branch="false"/>
            <line number="95" hits="2" branch="false"/>
            <line number="98" hits="10" branch="true" condition-coverage="50% (1/2)"/>
            <line number="99" hits="0" branch="false"/>
            <line number="100" hits="0" branch="false"/>
            <line number="102" hits="10" branch="false"/>
            <line number="105" hits="10" branch="false"/>
            <line number="107" hits="20" branch="true" condition-coverage="100% (4/4)"/>
            <line number="108" hits="10" branch="false"/>
            <line number="109" hits="10" branch="false"/>
            <line number="112" hits="16" branch="false"/>
            <line number="117" hits="10" branch="true" condition-coverage="100% (2/2)"/>
            <line number="118" hits="8" branch="false"/>
            <line number="119" hits="8" branch="true" condition-coverage="50% (1/2)"/>
            <line number="120" hits="8" branch="false"/>
            <line number="121" hits="8" branch="false"/>
            <line number="122" hits="8" branch="false"/>
            <line number="124" hits="0" branch="false"/>
            <line number="128" hits="2" branch="false"/>
            <line number="130" hits="2" branch="false"/>
            <line number="131" hits="2" branch="false"/>
            <line number="132" hits="2" branch="false"/>
            <line number="135" hits="0" branch="false"/>
            <line number="138" hits="2" branch="false"/>
            <line number="142" hits="2964" branch="false"/>
            <line number="143" hits="8" branch="false"/>
            <line number="146" hits="2964" branch="false"/>
            <line number="147" hits="54" branch="false"/>
            <line number="148" hits="2484" branch="false"/>
            <line number="151" hits="54" branch="true" condition-coverage="100% (2/2)"/>
            <line number="156" hits="18" branch="false"/>
            <line number="158" hits="36" branch="false"/>
            <line number="163" hits="35" branch="false"/>
            <line number="165" hits="66" branch="false"/>
            <line number="167" hits="35" branch="false"/>
            <line number="171" hits="2964" branch="false"/>
            <line number="178" hits="36" branch="false"/>
            <line number="189" hits="308" branch="false"/>
            <line number="204" hits="102" branch="false"/>
            <line number="228" hits="24" branch="true" condition-coverage="100% (2/2)"/>
            <line number="229" hits="12" branch="false"/>
            <line number="230" hits="12" branch="false"/>
            <line number="231" hits="12" branch="false"/>
            <line number="232" hits="12" branch="false"/>
            <line number="233" hits="12" branch="false"/>
            <line number="234" hits="12" branch="false"/>
            <line number="245" hits="6" branch="false"/>
            <line number="246" hits="6" branch="false"/>
            <line number="247" hits="6" branch="false"/>
            <line number="248" hits="6" branch="false"/>
            <line number="252" hits="3960" branch="true" condition-coverage="50% (1/2)"/>
            <line number="254" hits="4048" branch="false"/>
            <line number="263" hits="6" branch="false"/>
            <line number="265" hits="6" branch="false"/>
            <line number="266" hits="6" branch="false"/>
            <line number="270" hits="112" branch="false"/>
            <line number="283" hits="0" branch="false"/>
            <line number="284" hits="0" branch="false"/>
            <line number="285" hits="0" branch="false"/>
            <line number="286" hits="0" branch="false"/>
            <line number="290" hits="0" branch="true" condition-coverage="0% (0/2)"/>
            <line number="292" hits="0" branch="false"/>
            <line number="304" hits="0" branch="false"/>
            <line number="305" hits="0" branch="false"/>
            <line number="309" hits="0" branch="false"/>
          </lines>
        </class>
        <class name="MailBox.js" filename="src\client-component\MailBox.js" line-rate="1" branch-rate="0.75">
          <methods>
            <method name="(anonymous_0)" hits="23" signature="()V">
              <lines>
                <line number="5" hits="23"/>
              </lines>
            </method>
            <method name="(anonymous_1)" hits="1" signature="()V">
              <lines>
                <line number="9" hits="1"/>
              </lines>
            </method>
            <method name="(anonymous_2)" hits="1" signature="()V">
              <lines>
                <line number="10" hits="1"/>
              </lines>
            </method>
            <method name="(anonymous_3)" hits="1" signature="()V">
              <lines>
                <line number="11" hits="1"/>
              </lines>
            </method>
            <method name="(anonymous_4)" hits="12" signature="()V">
              <lines>
                <line number="30" hits="12"/>
              </lines>
            </method>
            <method name="(anonymous_5)" hits="1" signature="()V">
              <lines>
                <line number="39" hits="1"/>
              </lines>
            </method>
          </methods>
          <lines>
            <line number="5" hits="256" branch="false"/>
            <line number="7" hits="23" branch="false"/>
            <line number="8" hits="22" branch="false"/>
            <line number="9" hits="22" branch="false"/>
            <line number="10" hits="22" branch="false"/>
            <line number="11" hits="1" branch="false"/>
            <line number="12" hits="1" branch="false"/>
            <line number="13" hits="1" branch="false"/>
            <line number="16" hits="22" branch="false"/>
            <line number="31" hits="12" branch="true" condition-coverage="50% (1/2)"/>
            <line number="39" hits="1" branch="false"/>
          </lines>
        </class>
        <class name="YourOrders.js" filename="src\client-component\YourOrders.js" line-rate="0.9767" branch-rate="0.9301999999999999">
          <methods>
            <method name="YourOrders" hits="1004" signature="()V">
              <lines>
                <line number="22" hits="1004"/>
              </lines>
            </method>
            <method name="(anonymous_1)" hits="14" signature="()V">
              <lines>
                <line number="28" hits="14"/>
              </lines>
            </method>
            <method name="(anonymous_2)" hits="18" signature="()V">
              <lines>
                <line number="34" hits="18"/>
              </lines>
            </method>
            <method name="(anonymous_3)" hits="22" signature="()V">
              <lines>
                <line number="35" hits="22"/>
              </lines>
            </method>
            <method name="(anonymous_4)" hits="10" signature="()V">
              <lines>
                <line number="38" hits="10"/>
              </lines>
            </method>
            <method name="(anonymous_5)" hits="32" signature="()V">
              <lines>
                <line number="55" hits="32"/>
              </lines>
            </method>
            <method name="(anonymous_6)" hits="32" signature="()V">
              <lines>
                <line number="56" hits="32"/>
              </lines>
            </method>
            <method name="(anonymous_7)" hits="772" signature="()V">
              <lines>
                <line number="87" hits="772"/>
              </lines>
            </method>
            <method name="(anonymous_8)" hits="18" signature="()V">
              <lines>
                <line number="97" hits="18"/>
              </lines>
            </method>
            <method name="(anonymous_9)" hits="14" signature="()V">
              <lines>
                <line number="111" hits="14"/>
              </lines>
            </method>
            <method name="(anonymous_10)" hits="0" signature="()V">
              <lines>
                <line number="134" hits="0"/>
              </lines>
            </method>
            <method name="(anonymous_11)" hits="6" signature="()V">
              <lines>
                <line number="159" hits="6"/>
              </lines>
            </method>
            <method name="(anonymous_12)" hits="6" signature="()V">
              <lines>
                <line number="174" hits="6"/>
              </lines>
            </method>
            <method name="(anonymous_13)" hits="8" signature="()V">
              <lines>
                <line number="185" hits="8"/>
              </lines>
            </method>
            <method name="(anonymous_14)" hits="70" signature="()V">
              <lines>
                <line number="242" hits="70"/>
              </lines>
            </method>
          </methods>
          <lines>
            <line number="23" hits="1004" branch="false"/>
            <line number="24" hits="972" branch="false"/>
            <line number="25" hits="972" branch="false"/>
            <line number="26" hits="972" branch="false"/>
            <line number="27" hits="972" branch="false"/>
            <line number="28" hits="972" branch="false"/>
            <line number="29" hits="972" branch="false"/>
            <line number="30" hits="972" branch="false"/>
            <line number="31" hits="972" branch="false"/>
            <line number="32" hits="972" branch="false"/>
            <line number="34" hits="972" branch="false"/>
            <line number="35" hits="22" branch="false"/>
            <line number="38" hits="972" branch="false"/>
            <line number="39" hits="10" branch="false"/>
            <line number="41" hits="10" branch="true" condition-coverage="100% (4/4)"/>
            <line number="42" hits="2" branch="false"/>
            <line number="43" hits="2" branch="false"/>
            <line number="44" hits="8" branch="true" condition-coverage="100% (5/5)"/>
            <line number="45" hits="2" branch="false"/>
            <line number="46" hits="2" branch="false"/>
            <line number="47" hits="2" branch="false"/>
            <line number="49" hits="6" branch="false"/>
            <line number="51" hits="10" branch="false"/>
            <line number="52" hits="10" branch="false"/>
            <line number="55" hits="972" branch="false"/>
            <line number="56" hits="32" branch="false"/>
            <line number="57" hits="32" branch="false"/>
            <line number="59" hits="32" branch="false"/>
            <line number="60" hits="32" branch="true" condition-coverage="50% (1/2)"/>
            <line number="61" hits="32" branch="false"/>
            <line number="64" hits="32" branch="false"/>
            <line number="67" hits="972" branch="false"/>
            <line number="88" hits="772" branch="false"/>
            <line number="97" hits="18" branch="false"/>
            <line number="112" hits="14" branch="false"/>
            <line number="113" hits="14" branch="false"/>
            <line number="134" hits="0" branch="false"/>
            <line number="159" hits="6" branch="false"/>
            <line number="175" hits="6" branch="false"/>
            <line number="176" hits="6" branch="false"/>
            <line number="186" hits="8" branch="false"/>
            <line number="187" hits="8" branch="false"/>
            <line number="242" hits="70" branch="false"/>
          </lines>
        </class>
      </classes>
    </package>
    <package name="src.farmer-component" line-rate="0.8255" branch-rate="0.6818000000000001">
      <classes>
        <class name="ConfirmProducts.js" filename="src\farmer-component\ConfirmProducts.js" line-rate="0.7" branch-rate="0.38880000000000003">
          <methods>
            <method name="ConfirmProducts" hits="17" signature="()V">
              <lines>
                <line number="7" hits="17"/>
              </lines>
            </method>
            <method name="(anonymous_1)" hits="1" signature="()V">
              <lines>
                <line number="18" hits="1"/>
              </lines>
            </method>
            <method name="(anonymous_2)" hits="1" signature="()V">
              <lines>
                <line number="19" hits="1"/>
              </lines>
            </method>
            <method name="(anonymous_3)" hits="1" signature="()V">
              <lines>
                <line number="26" hits="1"/>
              </lines>
            </method>
            <method name="(anonymous_4)" hits="1" signature="()V">
              <lines>
                <line number="34" hits="1"/>
              </lines>
            </method>
            <method name="(anonymous_5)" hits="0" signature="()V">
              <lines>
                <line number="44" hits="0"/>
              </lines>
            </method>
            <method name="(anonymous_6)" hits="0" signature="()V">
              <lines>
                <line number="50" hits="0"/>
              </lines>
            </method>
            <method name="(anonymous_7)" hits="0" signature="()V">
              <lines>
                <line number="51" hits="0"/>
              </lines>
            </method>
            <method name="(anonymous_8)" hits="6" signature="()V">
              <lines>
                <line number="64" hits="6"/>
              </lines>
            </method>
            <method name="(anonymous_9)" hits="0" signature="()V">
              <lines>
                <line number="66" hits="0"/>
              </lines>
            </method>
            <method name="(anonymous_10)" hits="0" signature="()V">
              <lines>
                <line number="67" hits="0"/>
              </lines>
            </method>
            <method name="(anonymous_11)" hits="0" signature="()V">
              <lines>
                <line number="74" hits="0"/>
              </lines>
            </method>
            <method name="(anonymous_12)" hits="6" signature="()V">
              <lines>
                <line number="96" hits="6"/>
              </lines>
            </method>
            <method name="(anonymous_13)" hits="6" signature="()V">
              <lines>
                <line number="97" hits="6"/>
              </lines>
            </method>
            <method name="(anonymous_14)" hits="0" signature="()V">
              <lines>
                <line number="110" hits="0"/>
              </lines>
            </method>
          </methods>
          <lines>
            <line number="8" hits="17" branch="false"/>
            <line number="9" hits="16" branch="false"/>
            <line number="10" hits="16" branch="false"/>
            <line number="11" hits="16" branch="false"/>
            <line number="12" hits="16" branch="false"/>
            <line number="18" hits="16" branch="false"/>
            <line number="19" hits="1" branch="false"/>
            <line number="20" hits="1" branch="false"/>
            <line number="21" hits="1" branch="false"/>
            <line number="22" hits="1" branch="false"/>
            <line number="24" hits="1" branch="false"/>
            <line number="26" hits="1" branch="false"/>
            <line number="27" hits="1" branch="false"/>
            <line number="28" hits="1" branch="true" condition-coverage="50% (1/2)"/>
            <line number="29" hits="1" branch="false"/>
            <line number="31" hits="1" branch="false"/>
            <line number="34" hits="16" branch="false"/>
            <line number="36" hits="1" branch="false"/>
            <line number="37" hits="1" branch="false"/>
            <line number="40" hits="1" branch="false"/>
            <line number="41" hits="1" branch="false"/>
            <line number="44" hits="16" branch="false"/>
            <line number="45" hits="0" branch="true" condition-coverage="0% (0/4)"/>
            <line number="46" hits="0" branch="false"/>
            <line number="47" hits="0" branch="false"/>
            <line number="48" hits="0" branch="false"/>
            <line number="50" hits="0" branch="false"/>
            <line number="51" hits="0" branch="false"/>
            <line number="52" hits="0" branch="true" condition-coverage="0% (0/2)"/>
            <line number="53" hits="0" branch="false"/>
            <line number="59" hits="0" branch="false"/>
            <line number="64" hits="16" branch="false"/>
            <line number="65" hits="6" branch="true" condition-coverage="50% (1/2)"/>
            <line number="66" hits="6" branch="true" condition-coverage="50% (1/2)"/>
            <line number="67" hits="0" branch="false"/>
            <line number="70" hits="16" branch="false"/>
            <line number="74" hits="0" branch="false"/>
            <line number="96" hits="6" branch="false"/>
            <line number="98" hits="6" branch="false"/>
            <line number="111" hits="0" branch="false"/>
          </lines>
        </class>
        <class name="UpdateAvailability.js" filename="src\farmer-component\UpdateAvailability.js" line-rate="0.9347" branch-rate="0.8845999999999999">
          <methods>
            <method name="UpdateAvailability" hits="403" signature="()V">
              <lines>
                <line number="16" hits="403"/>
              </lines>
            </method>
            <method name="(anonymous_1)" hits="17" signature="()V">
              <lines>
                <line number="17" hits="17"/>
              </lines>
            </method>
            <method name="(anonymous_2)" hits="17" signature="()V">
              <lines>
                <line number="18" hits="17"/>
              </lines>
            </method>
            <method name="(anonymous_3)" hits="7" signature="()V">
              <lines>
                <line number="29" hits="7"/>
              </lines>
            </method>
            <method name="(anonymous_4)" hits="8" signature="()V">
              <lines>
                <line number="68" hits="8"/>
              </lines>
            </method>
            <method name="(anonymous_5)" hits="7" signature="()V">
              <lines>
                <line number="87" hits="7"/>
              </lines>
            </method>
            <method name="(anonymous_6)" hits="0" signature="()V">
              <lines>
                <line number="94" hits="0"/>
              </lines>
            </method>
            <method name="(anonymous_7)" hits="22" signature="()V">
              <lines>
                <line number="107" hits="22"/>
              </lines>
            </method>
            <method name="(anonymous_8)" hits="18" signature="()V">
              <lines>
                <line number="129" hits="18"/>
              </lines>
            </method>
            <method name="(anonymous_9)" hits="13156" signature="()V">
              <lines>
                <line number="179" hits="13156"/>
              </lines>
            </method>
            <method name="(anonymous_10)" hits="8" signature="()V">
              <lines>
                <line number="190" hits="8"/>
              </lines>
            </method>
            <method name="(anonymous_11)" hits="7" signature="()V">
              <lines>
                <line number="200" hits="7"/>
              </lines>
            </method>
          </methods>
          <lines>
            <line number="17" hits="403" branch="false"/>
            <line number="18" hits="17" branch="false"/>
            <line number="21" hits="17" branch="false"/>
            <line number="22" hits="17" branch="true" condition-coverage="50% (1/2)"/>
            <line number="23" hits="17" branch="false"/>
            <line number="26" hits="17" branch="false"/>
            <line number="29" hits="392" branch="false"/>
            <line number="31" hits="7" branch="true" condition-coverage="100% (2/2)"/>
            <line number="32" hits="1" branch="false"/>
            <line number="33" hits="1" branch="false"/>
            <line number="36" hits="6" branch="false"/>
            <line number="37" hits="8" branch="false"/>
            <line number="39" hits="8" branch="true" condition-coverage="75% (3/4)"/>
            <line number="40" hits="0" branch="false"/>
            <line number="45" hits="0" branch="false"/>
            <line number="48" hits="8" branch="false"/>
            <line number="54" hits="8" branch="true" condition-coverage="50% (1/2)"/>
            <line number="56" hits="6" branch="false"/>
            <line number="58" hits="6" branch="false"/>
            <line number="61" hits="392" branch="false"/>
            <line number="62" hits="392" branch="false"/>
            <line number="63" hits="392" branch="false"/>
            <line number="65" hits="392" branch="false"/>
            <line number="66" hits="392" branch="false"/>
            <line number="68" hits="392" branch="false"/>
            <line number="69" hits="8" branch="false"/>
            <line number="79" hits="8" branch="false"/>
            <line number="82" hits="392" branch="false"/>
            <line number="87" hits="7" branch="false"/>
            <line number="95" hits="0" branch="false"/>
            <line number="108" hits="22" branch="true" condition-coverage="100% (2/2)"/>
            <line number="109" hits="4" branch="false"/>
            <line number="110" hits="4" branch="false"/>
            <line number="113" hits="18" branch="false"/>
            <line number="115" hits="18" branch="true" condition-coverage="100% (4/4)"/>
            <line number="116" hits="10" branch="false"/>
            <line number="130" hits="18" branch="true" condition-coverage="100% (2/2)"/>
            <line number="131" hits="2" branch="false"/>
            <line number="132" hits="2" branch="false"/>
            <line number="135" hits="16" branch="false"/>
            <line number="137" hits="16" branch="true" condition-coverage="100% (4/4)"/>
            <line number="138" hits="4" branch="false"/>
            <line number="180" hits="13156" branch="true" condition-coverage="100% (2/2)"/>
            <line number="181" hits="13156" branch="false"/>
            <line number="190" hits="8" branch="false"/>
            <line number="200" hits="7" branch="false"/>
          </lines>
        </class>
      </classes>
    </package>
    <package name="src.manager-component" line-rate="0.5714" branch-rate="0.1666">
      <classes>
        <class name="SeeStatistics.js" filename="src\manager-component\SeeStatistics.js" line-rate="0.5714" branch-rate="0.1666">
          <methods>
            <method name="SeeStatistics" hits="4" signature="()V">
              <lines>
                <line number="6" hits="4"/>
              </lines>
            </method>
            <method name="(anonymous_1)" hits="1" signature="()V">
              <lines>
                <line number="11" hits="1"/>
              </lines>
            </method>
            <method name="(anonymous_2)" hits="1" signature="()V">
              <lines>
                <line number="13" hits="1"/>
              </lines>
            </method>
            <method name="(anonymous_3)" hits="0" signature="()V">
              <lines>
                <line number="38" hits="0"/>
              </lines>
            </method>
            <method name="(anonymous_4)" hits="0" signature="()V">
              <lines>
                <line number="44" hits="0"/>
              </lines>
            </method>
            <method name="(anonymous_5)" hits="0" signature="()V">
              <lines>
                <line number="60" hits="0"/>
              </lines>
            </method>
          </methods>
          <lines>
            <line number="7" hits="4" branch="false"/>
            <line number="8" hits="4" branch="false"/>
            <line number="9" hits="4" branch="false"/>
            <line number="11" hits="4" branch="false"/>
            <line number="13" hits="1" branch="false"/>
            <line number="14" hits="1" branch="false"/>
            <line number="15" hits="0" branch="false"/>
            <line number="16" hits="0" branch="false"/>
            <line number="17" hits="0" branch="false"/>
            <line number="21" hits="1" branch="false"/>
            <line number="26" hits="4" branch="false"/>
            <line number="38" hits="0" branch="false"/>
            <line number="44" hits="0" branch="false"/>
            <line number="61" hits="0" branch="false"/>
          </lines>
        </class>
      </classes>
    </package>
    <package name="src.pages" line-rate="0.9166" branch-rate="0.8952">
      <classes>
        <class name="AboutPage.js" filename="src\pages\AboutPage.js" line-rate="0" branch-rate="1">
          <methods>
            <method name="AboutPage" hits="0" signature="()V">
              <lines>
                <line number="4" hits="0"/>
              </lines>
            </method>
          </methods>
          <lines>
            <line number="5" hits="0" branch="false"/>
          </lines>
        </class>
        <class name="ClientPage.js" filename="src\pages\ClientPage.js" line-rate="0.9565" branch-rate="0.909">
          <methods>
            <method name="ClientPage" hits="1942" signature="()V">
              <lines>
                <line number="19" hits="1942"/>
              </lines>
            </method>
            <method name="(anonymous_1)" hits="6" signature="()V">
              <lines>
                <line number="23" hits="6"/>
              </lines>
            </method>
            <method name="(anonymous_2)" hits="166" signature="()V">
              <lines>
                <line number="27" hits="166"/>
              </lines>
            </method>
            <method name="(anonymous_3)" hits="0" signature="()V">
              <lines>
                <line number="29" hits="0"/>
              </lines>
            </method>
            <method name="(anonymous_4)" hits="18" signature="()V">
              <lines>
                <line number="34" hits="18"/>
              </lines>
            </method>
            <method name="(anonymous_5)" hits="6" signature="()V">
              <lines>
                <line number="39" hits="6"/>
              </lines>
            </method>
            <method name="(anonymous_6)" hits="166" signature="()V">
              <lines>
                <line number="45" hits="166"/>
              </lines>
            </method>
            <method name="(anonymous_7)" hits="238" signature="()V">
              <lines>
                <line number="46" hits="238"/>
              </lines>
            </method>
            <method name="(anonymous_8)" hits="0" signature="()V">
              <lines>
                <line number="46" hits="0"/>
              </lines>
            </method>
            <method name="(anonymous_9)" hits="6" signature="()V">
              <lines>
                <line number="52" hits="6"/>
              </lines>
            </method>
            <method name="(anonymous_10)" hits="5" signature="()V">
              <lines>
                <line number="67" hits="5"/>
              </lines>
            </method>
            <method name="(anonymous_11)" hits="34" signature="()V">
              <lines>
                <line number="84" hits="34"/>
              </lines>
            </method>
            <method name="(anonymous_12)" hits="32" signature="()V">
              <lines>
                <line number="99" hits="32"/>
              </lines>
            </method>
            <method name="(anonymous_13)" hits="1" signature="()V">
              <lines>
                <line number="114" hits="1"/>
              </lines>
            </method>
          </methods>
          <lines>
            <line number="20" hits="1942" branch="false"/>
            <line number="21" hits="1872" branch="false"/>
            <line number="22" hits="1872" branch="false"/>
            <line number="23" hits="1872" branch="false"/>
            <line number="24" hits="6" branch="false"/>
            <line number="27" hits="1872" branch="false"/>
            <line number="28" hits="166" branch="true" condition-coverage="100% (2/2)"/>
            <line number="29" hits="166" branch="false"/>
            <line number="30" hits="0" branch="false"/>
            <line number="34" hits="1872" branch="false"/>
[...]
        </class>
        <class name="Products.js" filename="src\ui-components\Products.js" line-rate="0.8" branch-rate="0.7970999999999999">
          <methods>
            <method name="(anonymous_0)" hits="4834" signature="()V">
              <lines>
                <line number="12" hits="4834"/>
              </lines>
            </method>
            <method name="(anonymous_1)" hits="59202" signature="()V">
              <lines>
                <line number="20" hits="59202"/>
              </lines>
            </method>
            <method name="(anonymous_2)" hits="1301" signature="()V">
              <lines>
                <line number="40" hits="1301"/>
              </lines>
            </method>
            <method name="(anonymous_3)" hits="57915" signature="()V">
              <lines>
                <line number="42" hits="57915"/>
              </lines>
            </method>
            <method name="(anonymous_4)" hits="59202" signature="()V">
              <lines>
                <line number="42" hits="59202"/>
              </lines>
            </method>
            <method name="(anonymous_5)" hits="177646" signature="()V">
              <lines>
                <line number="49" hits="177646"/>
              </lines>
            </method>
            <method name="(anonymous_6)" hits="67968" signature="()V">
              <lines>
                <line number="55" hits="67968"/>
              </lines>
            </method>
            <method name="(anonymous_7)" hits="177980" signature="()V">
              <lines>
                <line number="77" hits="177980"/>
              </lines>
            </method>
            <method name="(anonymous_8)" hits="5171" signature="()V">
              <lines>
                <line number="89" hits="5171"/>
              </lines>
            </method>
            <method name="(anonymous_9)" hits="0" signature="()V">
              <lines>
                <line number="100" hits="0"/>
              </lines>
            </method>
            <method name="(anonymous_10)" hits="0" signature="()V">
              <lines>
                <line number="143" hits="0"/>
              </lines>
            </method>
            <method name="(anonymous_11)" hits="112" signature="()V">
              <lines>
                <line number="151" hits="112"/>
              </lines>
            </method>
            <method name="(anonymous_12)" hits="0" signature="()V">
              <lines>
                <line number="187" hits="0"/>
              </lines>
            </method>
            <method name="(anonymous_13)" hits="54" signature="()V">
              <lines>
                <line number="208" hits="54"/>
              </lines>
            </method>
          </methods>
          <lines>
            <line number="12" hits="256" branch="false"/>
            <line number="14" hits="4834" branch="false"/>
            <line number="15" hits="4820" branch="false"/>
            <line number="16" hits="4820" branch="false"/>
            <line number="18" hits="4820" branch="true" condition-coverage="100% (2/2)"/>
            <line number="20" hits="4820" branch="false"/>
            <line number="22" hits="59202" branch="true" condition-coverage="100% (2/2)"/>
            <line number="24" hits="59202" branch="true" condition-coverage="100% (4/4)"/>
            <line number="25" hits="49082" branch="true" condition-coverage="100% (5/5)"/>
            <line number="26" hits="276" branch="true" condition-coverage="100% (2/2)"/>
            <line number="28" hits="48806" branch="true" condition-coverage="100% (5/5)"/>
            <line number="29" hits="276" branch="true" condition-coverage="100% (2/2)"/>
            <line number="31" hits="48530" branch="true" condition-coverage="60% (3/5)"/>
            <line number="32" hits="0" branch="true" condition-coverage="0% (0/2)"/>
            <line number="35" hits="58650" branch="false"/>
            <line number="38" hits="4820" branch="false"/>
            <line number="40" hits="4820" branch="false"/>
            <line number="42" hits="59202" branch="true" condition-coverage="50% (1/2)"/>
            <line number="46" hits="4820" branch="false"/>
            <line number="51" hits="177646" branch="false"/>
            <line number="53" hits="177646" branch="true" condition-coverage="100% (2/2)"/>
            <line number="55" hits="157072" branch="false"/>
            <line number="57" hits="157072" branch="true" condition-coverage="100% (2/2)"/>
            <line number="58" hits="1466" branch="true" condition-coverage="50% (1/2)"/>
            <line number="62" hits="177646" branch="false"/>
            <line number="77" hits="256" branch="false"/>
            <line number="79" hits="177980" branch="false"/>
            <line number="80" hits="177966" branch="false"/>
            <line number="82" hits="177966" branch="false"/>
            <line number="83" hits="177966" branch="false"/>
            <line number="85" hits="177966" branch="false"/>
            <line number="87" hits="177966" branch="true" condition-coverage="100% (2/2)"/>
            <line number="89" hits="177966" branch="false"/>
            <line number="91" hits="5171" branch="false"/>
            <line number="92" hits="5171" branch="false"/>
            <line number="96" hits="177966" branch="true" condition-coverage="75% (3/4)"/>
            <line number="97" hits="0" branch="false"/>
            <line number="100" hits="177966" branch="false"/>
            <line number="102" hits="0" branch="true" condition-coverage="0% (0/2)"/>
            <line number="103" hits="0" branch="false"/>
            <line number="104" hits="0" branch="false"/>
            <line number="107" hits="0" branch="true" condition-coverage="0% (0/2)"/>
            <line number="108" hits="0" branch="false"/>
            <line number="109" hits="0" branch="false"/>
            <line number="112" hits="0" branch="false"/>
            <line number="115" hits="177966" branch="false"/>
            <line number="116" hits="177966" branch="true" condition-coverage="100% (2/2)"/>
            <line number="118" hits="177966" branch="false"/>
            <line number="143" hits="0" branch="false"/>
            <line number="153" hits="112" branch="false"/>
            <line number="155" hits="112" branch="true" condition-coverage="100% (2/2)"/>
            <line number="156" hits="20" branch="false"/>
            <line number="157" hits="20" branch="false"/>
            <line number="160" hits="92" branch="true" condition-coverage="100% (2/2)"/>
            <line number="161" hits="6" branch="false"/>
            <line number="162" hits="6" branch="false"/>
            <line number="165" hits="86" branch="true" condition-coverage="50% (2/4)"/>
            <line number="166" hits="0" branch="false"/>
            <line number="167" hits="0" branch="false"/>
            <line number="170" hits="86" branch="false"/>
            <line number="172" hits="86" branch="true" condition-coverage="50% (1/2)"/>
            <line number="173" hits="86" branch="false"/>
            <line number="176" hits="0" branch="false"/>
            <line number="187" hits="0" branch="false"/>
            <line number="210" hits="54" branch="false"/>
            <line number="212" hits="54" branch="false"/>
            <line number="214" hits="54" branch="false"/>
            <line number="216" hits="53" branch="true" condition-coverage="100% (2/2)"/>
            <line number="217" hits="18" branch="false"/>
            <line number="218" hits="18" branch="false"/>
          </lines>
        </class>
        <class name="RegistrationForm.js" filename="src\ui-components\RegistrationForm.js" line-rate="1" branch-rate="1">
          <methods>
            <method name="RegistrationForm" hits="1822" signature="()V">
              <lines>
                <line number="15" hits="1822"/>
              </lines>
            </method>
            <method name="(anonymous_1)" hits="0" signature="()V">
              <lines>
                <line number="24" hits="0"/>
              </lines>
            </method>
            <method name="(anonymous_2)" hits="34" signature="()V">
              <lines>
                <line number="25" hits="34"/>
              </lines>
            </method>
            <method name="(anonymous_3)" hits="6" signature="()V">
              <lines>
                <line number="40" hits="6"/>
              </lines>
            </method>
            <method name="(anonymous_4)" hits="3" signature="()V">
              <lines>
                <line number="51" hits="3"/>
              </lines>
            </method>
            <method name="(anonymous_5)" hits="28" signature="()V">
              <lines>
                <line number="69" hits="28"/>
              </lines>
            </method>
            <method name="(anonymous_6)" hits="111" signature="()V">
              <lines>
                <line number="85" hits="111"/>
              </lines>
            </method>
            <method name="(anonymous_7)" hits="150" signature="()V">
              <lines>
                <line number="95" hits="150"/>
              </lines>
            </method>
            <method name="(anonymous_8)" hits="75" signature="()V">
              <lines>
                <line number="108" hits="75"/>
              </lines>
            </method>
            <method name="(anonymous_9)" hits="255" signature="()V">
              <lines>
                <line number="119" hits="255"/>
              </lines>
            </method>
            <method name="(anonymous_10)" hits="88" signature="()V">
              <lines>
                <line number="132" hits="88"/>
              </lines>
            </method>
            <method name="(anonymous_11)" hits="82" signature="()V">
              <lines>
                <line number="143" hits="82"/>
              </lines>
            </method>
          </methods>
          <lines>
            <line number="16" hits="1822" branch="false"/>
            <line number="17" hits="1822" branch="false"/>
            <line number="18" hits="1822" branch="false"/>
            <line number="19" hits="1822" branch="false"/>
            <line number="20" hits="1822" branch="false"/>
            <line number="21" hits="1822" branch="false"/>
            <line number="22" hits="1822" branch="false"/>
            <line number="23" hits="1822" branch="false"/>
            <line number="24" hits="1822" branch="false"/>
            <line number="25" hits="1822" branch="false"/>
            <line number="26" hits="34" branch="false"/>
            <line number="28" hits="34" branch="true" condition-coverage="100% (8/8)"/>
            <line number="29" hits="13" branch="true" condition-coverage="100% (2/2)"/>
            <line number="32" hits="9" branch="false"/>
            <line number="39" hits="9" branch="false"/>
            <line number="42" hits="6" branch="true" condition-coverage="100% (2/2)"/>
            <line number="43" hits="3" branch="false"/>
            <line number="44" hits="3" branch="false"/>
            <line number="48" hits="3" branch="false"/>
            <line number="52" hits="3" branch="false"/>
            <line number="53" hits="3" branch="false"/>
            <line number="57" hits="4" branch="false"/>
            <line number="61" hits="21" branch="false"/>
            <line number="65" hits="1822" branch="false"/>
            <line number="69" hits="28" branch="false"/>
            <line number="85" hits="111" branch="false"/>
            <line number="95" hits="150" branch="false"/>
            <line number="108" hits="75" branch="false"/>
            <line number="119" hits="255" branch="false"/>
            <line number="132" hits="88" branch="false"/>
            <line number="143" hits="82" branch="false"/>
          </lines>
        </class>
        <class name="SearchComponent.js" filename="src\ui-components\SearchComponent.js" line-rate="1" branch-rate="1">
          <methods>
            <method name="SearchComponent" hits="1055" signature="()V">
              <lines>
                <line number="4" hits="1055"/>
              </lines>
            </method>
            <method name="(anonymous_1)" hits="274" signature="()V">
              <lines>
                <line number="18" hits="274"/>
              </lines>
            </method>
            <method name="(anonymous_2)" hits="16" signature="()V">
              <lines>
                <line number="23" hits="16"/>
              </lines>
            </method>
          </methods>
          <lines>
            <line number="5" hits="1055" branch="false"/>
            <line number="6" hits="1038" branch="false"/>
            <line number="18" hits="274" branch="false"/>
            <line number="23" hits="16" branch="false"/>
          </lines>
        </class>
        <class name="SearchForm.js" filename="src\ui-components\SearchForm.js" line-rate="0.8571" branch-rate="1">
          <methods>
            <method name="SearchForm" hits="3524" signature="()V">
              <lines>
                <line number="6" hits="3524"/>
              </lines>
            </method>
            <method name="(anonymous_1)" hits="225" signature="()V">
              <lines>
                <line number="9" hits="225"/>
              </lines>
            </method>
            <method name="(anonymous_2)" hits="0" signature="()V">
              <lines>
                <line number="24" hits="0"/>
              </lines>
            </method>
          </methods>
          <lines>
            <line number="7" hits="3524" branch="false"/>
            <line number="9" hits="3436" branch="false"/>
            <line number="10" hits="225" branch="false"/>
            <line number="13" hits="225" branch="true" condition-coverage="100% (2/2)"/>
            <line number="14" hits="20" branch="false"/>
            <line number="15" hits="20" branch="false"/>
            <line number="16" hits="20" branch="false"/>
            <line number="19" hits="205" branch="false"/>
            <line number="20" hits="205" branch="false"/>
            <line number="21" hits="205" branch="false"/>
            <line number="24" hits="3436" branch="false"/>
            <line number="25" hits="0" branch="false"/>
            <line number="26" hits="0" branch="false"/>
            <line number="29" hits="3436" branch="false"/>
          </lines>
        </class>
        <class name="ToastNotification.js" filename="src\ui-components\ToastNotification.js" line-rate="1" branch-rate="0.9375">
          <methods>
            <method name="(anonymous_0)" hits="25372" signature="()V">
              <lines>
                <line number="4" hits="25372"/>
              </lines>
            </method>
            <method name="(anonymous_1)" hits="0" signature="()V">
              <lines>
                <line number="6" hits="0"/>
              </lines>
            </method>
            <method name="(anonymous_2)" hits="111" signature="()V">
              <lines>
                <line number="9" hits="111"/>
              </lines>
            </method>
            <method name="(anonymous_3)" hits="12669" signature="()V">
              <lines>
                <line number="22" hits="12669"/>
              </lines>
            </method>
            <method name="(anonymous_4)" hits="120" signature="()V">
              <lines>
                <line number="25" hits="120"/>
              </lines>
            </method>
          </methods>
          <lines>
            <line number="4" hits="256" branch="false"/>
            <line number="6" hits="25372" branch="true" condition-coverage="50% (1/2)"/>
            <line number="7" hits="25372" branch="true" condition-coverage="100% (3/3)"/>
            <line number="8" hits="25372" branch="true" condition-coverage="100% (3/3)"/>
            <line number="9" hits="25372" branch="true" condition-coverage="100% (2/2)"/>
            <line number="10" hits="25372" branch="true" condition-coverage="100% (2/2)"/>
            <line number="12" hits="25372" branch="false"/>
            <line number="14" hits="25372" branch="false"/>
            <line number="16" hits="25372" branch="false"/>
            <line number="22" hits="25372" branch="false"/>
            <line number="24" hits="12669" branch="true" condition-coverage="100% (4/4)"/>
            <line number="25" hits="120" branch="false"/>
            <line number="26" hits="120" branch="false"/>
            <line number="27" hits="120" branch="false"/>
            <line number="30" hits="120" branch="false"/>
            <line number="34" hits="25372" branch="false"/>
          </lines>
        </class>
      </classes>
    </package>
    <package name="src.utility" line-rate="1" branch-rate="1">
      <classes>
        <class name="GlobalState.js" filename="src\utility\GlobalState.js" line-rate="1" branch-rate="1">
          <methods>
            <method name="(anonymous_0)" hits="0" signature="()V">
              <lines>
                <line number="3" hits="0"/>
              </lines>
            </method>
          </methods>
          <lines>
            <line number="3" hits="256" branch="false"/>
          </lines>
        </class>
      </classes>
    </package>
    <package name="src.warehouse-component" line-rate="0.7857" branch-rate="1">
      <classes>
        <class name="ManageDelivery.js" filename="src\warehouse-component\ManageDelivery.js" line-rate="0.7857" branch-rate="1">
          <methods>
            <method name="ManageDelivery" hits="79" signature="()V">
              <lines>
                <line number="6" hits="79"/>
              </lines>
            </method>
            <method name="(anonymous_1)" hits="10" signature="()V">
              <lines>
                <line number="10" hits="10"/>
              </lines>
            </method>
            <method name="(anonymous_2)" hits="10" signature="()V">
              <lines>
                <line number="11" hits="10"/>
              </lines>
            </method>
            <method name="(anonymous_3)" hits="10" signature="()V">
              <lines>
                <line number="12" hits="10"/>
              </lines>
            </method>
            <method name="(anonymous_4)" hits="0" signature="()V">
              <lines>
                <line number="21" hits="0"/>
              </lines>
            </method>
            <method name="(anonymous_5)" hits="0" signature="()V">
              <lines>
                <line number="22" hits="0"/>
              </lines>
            </method>
            <method name="(anonymous_6)" hits="108" signature="()V">
              <lines>
                <line number="47" hits="108"/>
              </lines>
            </method>
            <method name="(anonymous_7)" hits="0" signature="()V">
              <lines>
                <line number="56" hits="0"/>
              </lines>
            </method>
          </methods>
          <lines>
            <line number="7" hits="79" branch="false"/>
            <line number="8" hits="74" branch="false"/>
            <line number="10" hits="74" branch="false"/>
            <line number="11" hits="10" branch="false"/>
            <line number="12" hits="10" branch="false"/>
            <line number="13" hits="10" branch="false"/>
            <line number="14" hits="10" branch="false"/>
            <line number="18" hits="10" branch="false"/>
            <line number="21" hits="74" branch="false"/>
            <line number="22" hits="0" branch="false"/>
            <line number="23" hits="0" branch="false"/>
            <line number="26" hits="74" branch="false"/>
            <line number="48" hits="108" branch="false"/>
            <line number="56" hits="0" branch="false"/>
          </lines>
        </class>
      </classes>
    </package>
  </packages>
</coverage>
