<?xml version="1.0" encoding="UTF-8"?>
<coverage generated="1638226414141" clover="3.2.0">
  <project timestamp="1638226414142" name="All files">
    <metrics statements="725" coveredstatements="510" conditionals="404" coveredconditionals="290" methods="307" coveredmethods="199" elements="1436" coveredelements="999" complexity="0" loc="725" ncloc="725" packages="7" files="29" classes="29"/>
    <package name="src">
      <metrics statements="76" coveredstatements="46" conditionals="47" coveredconditionals="30" methods="34" coveredmethods="19"/>
      <file name="API.js" path="H:\Michele\Università\Magistrale Polito\Software Engineering II\SPG\SPG\client\src\API.js">
        <metrics statements="41" coveredstatements="16" conditionals="15" coveredconditionals="5" methods="19" coveredmethods="5"/>
        <line num="8" count="0" type="stmt"/>
        <line num="9" count="0" type="stmt"/>
        <line num="11" count="0" type="cond" truecount="0" falsecount="2"/>
        <line num="13" count="0" type="stmt"/>
        <line num="15" count="0" type="stmt"/>
        <line num="16" count="0" type="stmt"/>
        <line num="19" count="0" type="stmt"/>
        <line num="21" count="0" type="stmt"/>
        <line num="22" count="0" type="stmt"/>
        <line num="25" count="0" type="stmt"/>
        <line num="34" count="81" type="stmt"/>
        <line num="41" count="81" type="cond" truecount="1" falsecount="1"/>
        <line num="42" count="81" type="stmt"/>
        <line num="43" count="81" type="stmt"/>
        <line num="45" count="0" type="stmt"/>
        <line num="46" count="0" type="stmt"/>
        <line num="47" count="0" type="stmt"/>
        <line num="49" count="0" type="stmt"/>
        <line num="55" count="11" type="stmt"/>
        <line num="62" count="0" type="stmt"/>
        <line num="63" count="0" type="stmt"/>
        <line num="70" count="0" type="cond" truecount="0" falsecount="2"/>
        <line num="71" count="0" type="stmt"/>
        <line num="73" count="0" type="stmt"/>
        <line num="74" count="0" type="stmt"/>
        <line num="75" count="0" type="stmt"/>
        <line num="77" count="0" type="stmt"/>
        <line num="82" count="11" type="stmt"/>
        <line num="86" count="11" type="cond" truecount="1" falsecount="1"/>
        <line num="87" count="11" type="stmt"/>
        <line num="89" count="0" type="stmt"/>
        <line num="94" count="88" type="cond" truecount="1" falsecount="1"/>
        <line num="97" count="88" type="stmt"/>
        <line num="99" count="88" type="cond" truecount="1" falsecount="1"/>
        <line num="100" count="0" type="stmt"/>
        <line num="102" count="88" type="stmt"/>
        <line num="107" count="5" type="stmt"/>
        <line num="117" count="5" type="cond" truecount="1" falsecount="1"/>
        <line num="118" count="5" type="stmt"/>
        <line num="120" count="0" type="stmt"/>
        <line num="124" count="88" type="stmt"/>
      </file>
      <file name="App.js" path="H:\Michele\Università\Magistrale Polito\Software Engineering II\SPG\SPG\client\src\App.js">
        <metrics statements="34" coveredstatements="29" conditionals="32" coveredconditionals="25" methods="15" coveredmethods="14"/>
        <line num="25" count="88" type="stmt"/>
        <line num="26" count="832" type="stmt"/>
        <line num="27" count="744" type="stmt"/>
        <line num="28" count="744" type="stmt"/>
        <line num="30" count="744" type="stmt"/>
        <line num="32" count="88" type="stmt"/>
        <line num="33" count="88" type="stmt"/>
        <line num="34" count="0" type="stmt"/>
        <line num="35" count="0" type="stmt"/>
        <line num="36" count="0" type="stmt"/>
        <line num="38" count="88" type="stmt"/>
        <line num="41" count="744" type="stmt"/>
        <line num="42" count="81" type="stmt"/>
        <line num="43" count="81" type="stmt"/>
        <line num="44" count="81" type="stmt"/>
        <line num="45" count="81" type="stmt"/>
        <line num="46" count="81" type="stmt"/>
        <line num="48" count="0" type="stmt"/>
        <line num="52" count="744" type="stmt"/>
        <line num="53" count="11" type="stmt"/>
        <line num="54" count="10" type="stmt"/>
        <line num="55" count="10" type="stmt"/>
        <line num="56" count="10" type="stmt"/>
        <line num="59" count="744" type="stmt"/>
        <line num="60" count="11" type="stmt"/>
        <line num="63" count="744" type="stmt"/>
        <line num="75" count="246" type="stmt"/>
        <line num="100" count="120" type="stmt"/>
        <line num="110" count="3" type="stmt"/>
        <line num="135" count="96" type="stmt"/>
        <line num="151" count="10" type="stmt"/>
        <line num="166" count="22" type="stmt"/>
        <line num="183" count="47" type="stmt"/>
        <line num="201" count="0" type="stmt"/>
      </file>
      <file name="index.js" path="H:\Michele\Università\Magistrale Polito\Software Engineering II\SPG\SPG\client\src\index.js">
        <metrics statements="1" coveredstatements="1" conditionals="0" coveredconditionals="0" methods="0" coveredmethods="0"/>
        <line num="6" count="88" type="stmt"/>
      </file>
    </package>
    <package name="src.api">
      <metrics statements="105" coveredstatements="69" conditionals="45" coveredconditionals="24" methods="49" coveredmethods="29"/>
      <file name="farmer.js" path="H:\Michele\Università\Magistrale Polito\Software Engineering II\SPG\SPG\client\src\api\farmer.js">
        <metrics statements="11" coveredstatements="9" conditionals="4" coveredconditionals="2" methods="4" coveredmethods="4"/>
        <line num="7" count="17" type="stmt"/>
        <line num="8" count="17" type="stmt"/>
        <line num="9" count="17" type="cond" truecount="1" falsecount="1"/>
        <line num="10" count="17" type="stmt"/>
        <line num="12" count="0" type="stmt"/>
        <line num="18" count="6" type="stmt"/>
        <line num="19" count="6" type="stmt"/>
        <line num="24" count="6" type="cond" truecount="1" falsecount="1"/>
        <line num="25" count="6" type="stmt"/>
        <line num="27" count="0" type="stmt"/>
        <line num="33" count="88" type="stmt"/>
      </file>
      <file name="gAPI.js" path="H:\Michele\Università\Magistrale Polito\Software Engineering II\SPG\SPG\client\src\api\gAPI.js">
        <metrics statements="41" coveredstatements="29" conditionals="12" coveredconditionals="7" methods="23" coveredmethods="16"/>
        <line num="3" count="39" type="stmt"/>
        <line num="4" count="39" type="stmt"/>
        <line num="5" count="39" type="cond" truecount="1" falsecount="1"/>
        <line num="6" count="1950" type="stmt"/>
        <line num="8" count="0" type="stmt"/>
        <line num="14" count="17" type="stmt"/>
        <line num="15" count="17" type="stmt"/>
        <line num="22" count="16" type="cond" truecount="2" falsecount="0"/>
        <line num="23" count="13" type="stmt"/>
        <line num="25" count="3" type="stmt"/>
        <line num="26" count="3" type="stmt"/>
        <line num="27" count="0" type="stmt"/>
        <line num="29" count="1" type="stmt"/>
        <line num="36" count="15" type="stmt"/>
        <line num="37" count="15" type="stmt"/>
        <line num="38" count="13" type="cond" truecount="1" falsecount="1"/>
        <line num="39" count="13" type="stmt"/>
        <line num="41" count="0" type="stmt"/>
        <line num="47" count="4" type="stmt"/>
        <line num="48" count="4" type="stmt"/>
        <line num="53" count="3" type="cond" truecount="1" falsecount="1"/>
        <line num="54" count="3" type="stmt"/>
        <line num="56" count="0" type="stmt"/>
        <line num="57" count="0" type="stmt"/>
        <line num="58" count="0" type="stmt"/>
        <line num="60" count="0" type="stmt"/>
        <line num="66" count="8" type="stmt"/>
        <line num="67" count="8" type="stmt"/>
        <line num="70" count="8" type="cond" truecount="1" falsecount="1"/>
        <line num="71" count="8" type="stmt"/>
        <line num="73" count="0" type="stmt"/>
        <line num="74" count="0" type="stmt"/>
        <line num="75" count="0" type="stmt"/>
        <line num="77" count="0" type="stmt"/>
        <line num="84" count="31" type="stmt"/>
        <line num="85" count="31" type="stmt"/>
        <line num="86" count="31" type="cond" truecount="1" falsecount="1"/>
        <line num="87" count="31" type="stmt"/>
        <line num="88" count="31" type="stmt"/>
        <line num="90" count="0" type="stmt"/>
        <line num="95" count="88" type="stmt"/>
      </file>
      <file name="orders.js" path="H:\Michele\Università\Magistrale Polito\Software Engineering II\SPG\SPG\client\src\api\orders.js">
        <metrics statements="30" coveredstatements="25" conditionals="23" coveredconditionals="14" methods="9" coveredmethods="8"/>
        <line num="14" count="13" type="cond" truecount="1" falsecount="1"/>
        <line num="15" count="0" type="stmt"/>
        <line num="17" count="13" type="stmt"/>
        <line num="21" count="13" type="cond" truecount="2" falsecount="1"/>
        <line num="24" count="2" type="stmt"/>
        <line num="30" count="2" type="stmt"/>
        <line num="33" count="11" type="stmt"/>
        <line num="42" count="13" type="stmt"/>
        <line num="43" count="13" type="stmt"/>
        <line num="45" count="13" type="stmt"/>
        <line num="46" count="13" type="stmt"/>
        <line num="47" count="13" type="cond" truecount="2" falsecount="0"/>
        <line num="48" count="9" type="stmt"/>
        <line num="51" count="4" type="stmt"/>
        <line num="54" count="0" type="stmt"/>
        <line num="57" count="0" type="stmt"/>
        <line num="63" count="9" type="stmt"/>
        <line num="65" count="9" type="cond" truecount="2" falsecount="0"/>
        <line num="68" count="7" type="cond" truecount="1" falsecount="1"/>
        <line num="69" count="0" type="stmt"/>
        <line num="70" count="7" type="stmt"/>
        <line num="73" count="2" type="cond" truecount="3" falsecount="1"/>
        <line num="74" count="0" type="stmt"/>
        <line num="75" count="2" type="stmt"/>
        <line num="78" count="9" type="stmt"/>
        <line num="88" count="2" type="stmt"/>
        <line num="99" count="2" type="stmt"/>
        <line num="110" count="3" type="stmt"/>
        <line num="122" count="8" type="stmt"/>
        <line num="126" count="88" type="stmt"/>
      </file>
      <file name="testAPI.js" path="H:\Michele\Università\Magistrale Polito\Software Engineering II\SPG\SPG\client\src\api\testAPI.js">
        <metrics statements="9" coveredstatements="1" conditionals="2" coveredconditionals="0" methods="6" coveredmethods="0"/>
        <line num="4" count="0" type="stmt"/>
        <line num="5" count="0" type="stmt"/>
        <line num="8" count="0" type="cond" truecount="0" falsecount="2"/>
        <line num="9" count="0" type="stmt"/>
        <line num="11" count="0" type="stmt"/>
        <line num="12" count="0" type="stmt"/>
        <line num="13" count="0" type="stmt"/>
        <line num="15" count="0" type="stmt"/>
        <line num="19" count="88" type="stmt"/>
      </file>
      <file name="user.js" path="H:\Michele\Università\Magistrale Polito\Software Engineering II\SPG\SPG\client\src\api\user.js">
        <metrics statements="14" coveredstatements="5" conditionals="4" coveredconditionals="1" methods="7" coveredmethods="1"/>
        <line num="9" count="12" type="stmt"/>
        <line num="10" count="12" type="stmt"/>
        <line num="11" count="12" type="cond" truecount="1" falsecount="1"/>
        <line num="12" count="12" type="stmt"/>
        <line num="14" count="0" type="stmt"/>
        <line num="19" count="0" type="stmt"/>
        <line num="20" count="0" type="stmt"/>
        <line num="23" count="0" type="cond" truecount="0" falsecount="2"/>
        <line num="24" count="0" type="stmt"/>
        <line num="27" count="0" type="stmt"/>
        <line num="28" count="0" type="stmt"/>
        <line num="29" count="0" type="stmt"/>
        <line num="31" count="0" type="stmt"/>
        <line num="36" count="88" type="stmt"/>
      </file>
    </package>
    <package name="src.client-component">
      <metrics statements="164" coveredstatements="124" conditionals="103" coveredconditionals="80" methods="66" coveredmethods="52"/>
      <file name="ClientOrder.js" path="H:\Michele\Università\Magistrale Polito\Software Engineering II\SPG\SPG\client\src\client-component\ClientOrder.js">
        <metrics statements="147" coveredstatements="124" conditionals="97" coveredconditionals="80" methods="61" coveredmethods="52"/>
        <line num="23" count="1224" type="stmt"/>
        <line num="24" count="1194" type="stmt"/>
        <line num="25" count="1194" type="stmt"/>
        <line num="26" count="1194" type="stmt"/>
        <line num="27" count="1194" type="stmt"/>
        <line num="28" count="1194" type="stmt"/>
        <line num="29" count="1194" type="stmt"/>
        <line num="30" count="1194" type="stmt"/>
        <line num="31" count="1194" type="stmt"/>
        <line num="32" count="1194" type="stmt"/>
        <line num="33" count="1194" type="stmt"/>
        <line num="34" count="1194" type="stmt"/>
        <line num="36" count="1194" type="stmt"/>
        <line num="37" count="1194" type="stmt"/>
        <line num="39" count="1194" type="stmt"/>
        <line num="40" count="31" type="stmt"/>
        <line num="43" count="1194" type="stmt"/>
        <line num="44" count="31" type="stmt"/>
        <line num="45" count="31" type="stmt"/>
        <line num="46" count="31" type="stmt"/>
        <line num="47" count="31" type="stmt"/>
        <line num="48" count="31" type="stmt"/>
        <line num="49" count="1550" type="stmt"/>
        <line num="51" count="77500" type="stmt"/>
        <line num="53" count="31" type="stmt"/>
        <line num="54" count="31" type="stmt"/>
        <line num="55" count="1550" type="stmt"/>
        <line num="57" count="77500" type="stmt"/>
        <line num="59" count="31" type="stmt"/>
        <line num="62" count="31" type="stmt"/>
        <line num="63" count="31" type="stmt"/>
        <line num="64" count="10" type="stmt"/>
        <line num="73" count="31" type="stmt"/>
        <line num="76" count="1194" type="stmt"/>
        <line num="78" count="15" type="stmt"/>
        <line num="80" count="15" type="cond" truecount="2" falsecount="0"/>
        <line num="81" count="12" type="cond" truecount="1" falsecount="1"/>
        <line num="82" count="0" type="stmt"/>
        <line num="83" count="0" type="stmt"/>
        <line num="85" count="12" type="stmt"/>
        <line num="86" count="12" type="cond" truecount="2" falsecount="0"/>
        <line num="87" count="2" type="stmt"/>
        <line num="88" count="2" type="stmt"/>
        <line num="89" count="10" type="cond" truecount="1" falsecount="1"/>
        <line num="90" count="0" type="stmt"/>
        <line num="91" count="0" type="stmt"/>
        <line num="93" count="12" type="cond" truecount="2" falsecount="0"/>
        <line num="95" count="3" type="stmt"/>
        <line num="97" count="15" type="cond" truecount="4" falsecount="0"/>
        <line num="98" count="5" type="stmt"/>
        <line num="99" count="5" type="stmt"/>
        <line num="102" count="15" type="cond" truecount="2" falsecount="0"/>
        <line num="103" count="8" type="stmt"/>
        <line num="106" count="8" type="stmt"/>
        <line num="108" count="8" type="stmt"/>
        <line num="111" count="4" type="stmt"/>
        <line num="112" count="4" type="stmt"/>
        <line num="113" count="4" type="stmt"/>
        <line num="114" count="4" type="stmt"/>
        <line num="117" count="4" type="stmt"/>
        <line num="118" count="4" type="stmt"/>
        <line num="119" count="4" type="stmt"/>
        <line num="124" count="1194" type="stmt"/>
        <line num="133" count="12" type="stmt"/>
        <line num="148" count="207" type="stmt"/>
        <line num="164" count="6" type="cond" truecount="2" falsecount="0"/>
        <line num="165" count="2" type="stmt"/>
        <line num="166" count="2" type="stmt"/>
        <line num="167" count="2" type="stmt"/>
        <line num="168" count="2" type="stmt"/>
        <line num="169" count="2" type="stmt"/>
        <line num="170" count="4" type="stmt"/>
        <line num="182" count="2" type="stmt"/>
        <line num="183" count="2" type="stmt"/>
        <line num="184" count="2" type="stmt"/>
        <line num="185" count="2" type="stmt"/>
        <line num="186" count="2" type="stmt"/>
        <line num="190" count="1176" type="cond" truecount="1" falsecount="1"/>
        <line num="192" count="1200" type="stmt"/>
        <line num="200" count="2" type="stmt"/>
        <line num="202" count="2" type="stmt"/>
        <line num="203" count="2" type="stmt"/>
        <line num="204" count="2" type="stmt"/>
        <line num="208" count="24" type="stmt"/>
        <line num="222" count="0" type="stmt"/>
        <line num="223" count="0" type="stmt"/>
        <line num="224" count="0" type="stmt"/>
        <line num="225" count="0" type="stmt"/>
        <line num="226" count="0" type="stmt"/>
        <line num="230" count="0" type="cond" truecount="0" falsecount="2"/>
        <line num="232" count="0" type="stmt"/>
        <line num="245" count="0" type="stmt"/>
        <line num="246" count="0" type="stmt"/>
        <line num="247" count="0" type="stmt"/>
        <line num="251" count="0" type="stmt"/>
        <line num="270" count="57669" type="cond" truecount="2" falsecount="0"/>
        <line num="272" count="53500" type="cond" truecount="4" falsecount="0"/>
        <line num="273" count="53100" type="stmt"/>
        <line num="281" count="400" type="cond" truecount="4" falsecount="0"/>
        <line num="282" count="200" type="stmt"/>
        <line num="290" count="200" type="cond" truecount="3" falsecount="1"/>
        <line num="291" count="200" type="stmt"/>
        <line num="299" count="0" type="cond" truecount="0" falsecount="4"/>
        <line num="300" count="0" type="stmt"/>
        <line num="307" count="41720" type="stmt"/>
        <line num="316" count="3676" type="cond" truecount="2" falsecount="0"/>
        <line num="320" count="21" type="cond" truecount="2" falsecount="0"/>
        <line num="321" count="2" type="cond" truecount="3" falsecount="0"/>
        <line num="323" count="2" type="stmt"/>
        <line num="325" count="2" type="stmt"/>
        <line num="328" count="19" type="stmt"/>
        <line num="330" count="2" type="stmt"/>
        <line num="332" count="2" type="stmt"/>
        <line num="333" count="2" type="stmt"/>
        <line num="338" count="2" type="stmt"/>
        <line num="340" count="2" type="stmt"/>
        <line num="341" count="2" type="stmt"/>
        <line num="346" count="2" type="stmt"/>
        <line num="347" count="4" type="stmt"/>
        <line num="348" count="4" type="cond" truecount="1" falsecount="1"/>
        <line num="349" count="4" type="stmt"/>
        <line num="355" count="0" type="stmt"/>
        <line num="357" count="4" type="stmt"/>
        <line num="367" count="2" type="stmt"/>
        <line num="369" count="2" type="stmt"/>
        <line num="370" count="2" type="stmt"/>
        <line num="376" count="2" type="stmt"/>
        <line num="377" count="4" type="stmt"/>
        <line num="386" count="3676" type="cond" truecount="2" falsecount="0"/>
        <line num="391" count="44" type="cond" truecount="2" falsecount="0"/>
        <line num="392" count="20" type="stmt"/>
        <line num="394" count="24" type="cond" truecount="2" falsecount="0"/>
        <line num="396" count="7" type="stmt"/>
        <line num="399" count="7" type="stmt"/>
        <line num="400" count="14" type="stmt"/>
        <line num="401" count="14" type="cond" truecount="1" falsecount="1"/>
        <line num="402" count="14" type="stmt"/>
        <line num="408" count="0" type="stmt"/>
        <line num="410" count="14" type="stmt"/>
        <line num="413" count="34" type="stmt"/>
        <line num="447" count="188" type="cond" truecount="2" falsecount="0"/>
        <line num="449" count="108" type="stmt"/>
        <line num="454" count="0" type="stmt"/>
        <line num="458" count="0" type="stmt"/>
        <line num="459" count="0" type="stmt"/>
        <line num="460" count="0" type="stmt"/>
        <line num="484" count="15" type="stmt"/>
      </file>
      <file name="YourOrders.js" path="H:\Michele\Università\Magistrale Polito\Software Engineering II\SPG\SPG\client\src\client-component\YourOrders.js">
        <metrics statements="17" coveredstatements="0" conditionals="6" coveredconditionals="0" methods="5" coveredmethods="0"/>
        <line num="18" count="0" type="stmt"/>
        <line num="19" count="0" type="stmt"/>
        <line num="20" count="0" type="stmt"/>
        <line num="21" count="0" type="stmt"/>
        <line num="23" count="0" type="stmt"/>
        <line num="24" count="0" type="stmt"/>
        <line num="25" count="0" type="stmt"/>
        <line num="26" count="0" type="stmt"/>
        <line num="27" count="0" type="cond" truecount="0" falsecount="2"/>
        <line num="28" count="0" type="stmt"/>
        <line num="30" count="0" type="stmt"/>
        <line num="31" count="0" type="stmt"/>
        <line num="34" count="0" type="stmt"/>
        <line num="35" count="0" type="stmt"/>
        <line num="38" count="0" type="stmt"/>
        <line num="59" count="0" type="stmt"/>
        <line num="74" count="0" type="stmt"/>
      </file>
    </package>
    <package name="src.farmer-component">
      <metrics statements="66" coveredstatements="62" conditionals="28" coveredconditionals="26" methods="26" coveredmethods="22"/>
      <file name="UpdateAvailability.js" path="H:\Michele\Università\Magistrale Polito\Software Engineering II\SPG\SPG\client\src\farmer-component\UpdateAvailability.js">
        <metrics statements="66" coveredstatements="62" conditionals="28" coveredconditionals="26" methods="26" coveredmethods="22"/>
        <line num="18" count="219" type="stmt"/>
        <line num="19" count="17" type="stmt"/>
        <line num="22" count="17" type="stmt"/>
        <line num="23" count="17" type="stmt"/>
        <line num="26" count="17" type="stmt"/>
        <line num="29" count="208" type="stmt"/>
        <line num="31" count="10" type="stmt"/>
        <line num="32" count="10" type="stmt"/>
        <line num="33" count="10" type="cond" truecount="2" falsecount="0"/>
        <line num="34" count="1" type="stmt"/>
        <line num="35" count="1" type="stmt"/>
        <line num="38" count="14" type="cond" truecount="2" falsecount="0"/>
        <line num="39" count="10" type="cond" truecount="2" falsecount="0"/>
        <line num="40" count="5" type="stmt"/>
        <line num="41" count="5" type="stmt"/>
        <line num="44" count="10" type="cond" truecount="2" falsecount="0"/>
        <line num="45" count="4" type="stmt"/>
        <line num="46" count="6" type="stmt"/>
        <line num="53" count="4" type="stmt"/>
        <line num="55" count="4" type="stmt"/>
        <line num="59" count="208" type="stmt"/>
        <line num="60" count="208" type="stmt"/>
        <line num="61" count="208" type="stmt"/>
        <line num="62" count="208" type="stmt"/>
        <line num="63" count="208" type="stmt"/>
        <line num="65" count="208" type="stmt"/>
        <line num="66" count="14" type="cond" truecount="1" falsecount="1"/>
        <line num="67" count="28" type="stmt"/>
        <line num="68" count="28" type="stmt"/>
        <line num="70" count="0" type="stmt"/>
        <line num="71" count="0" type="stmt"/>
        <line num="72" count="0" type="stmt"/>
        <line num="76" count="0" type="stmt"/>
        <line num="80" count="208" type="stmt"/>
        <line num="89" count="6" type="stmt"/>
        <line num="101" count="8700" type="stmt"/>
        <line num="109" count="14" type="stmt"/>
        <line num="121" count="22" type="cond" truecount="2" falsecount="0"/>
        <line num="123" count="6" type="stmt"/>
        <line num="124" count="6" type="stmt"/>
        <line num="125" count="12" type="stmt"/>
        <line num="126" count="20" type="cond" truecount="2" falsecount="0"/>
        <line num="127" count="12" type="stmt"/>
        <line num="132" count="8" type="stmt"/>
        <line num="134" count="12" type="stmt"/>
        <line num="138" count="16" type="stmt"/>
        <line num="139" count="32" type="stmt"/>
        <line num="140" count="52" type="cond" truecount="2" falsecount="0"/>
        <line num="141" count="32" type="stmt"/>
        <line num="146" count="20" type="stmt"/>
        <line num="148" count="32" type="stmt"/>
        <line num="161" count="18" type="cond" truecount="2" falsecount="0"/>
        <line num="163" count="6" type="stmt"/>
        <line num="164" count="6" type="stmt"/>
        <line num="165" count="12" type="stmt"/>
        <line num="166" count="20" type="cond" truecount="2" falsecount="0"/>
        <line num="167" count="12" type="stmt"/>
        <line num="172" count="8" type="stmt"/>
        <line num="174" count="12" type="stmt"/>
        <line num="178" count="12" type="stmt"/>
        <line num="179" count="24" type="stmt"/>
        <line num="180" count="40" type="cond" truecount="2" falsecount="0"/>
        <line num="181" count="24" type="stmt"/>
        <line num="186" count="16" type="stmt"/>
        <line num="188" count="24" type="stmt"/>
        <line num="203" count="10" type="stmt"/>
      </file>
    </package>
    <package name="src.pages">
      <metrics statements="58" coveredstatements="49" conditionals="78" coveredconditionals="71" methods="33" coveredmethods="26"/>
      <file name="AboutPage.js" path="H:\Michele\Università\Magistrale Polito\Software Engineering II\SPG\SPG\client\src\pages\AboutPage.js">
        <metrics statements="1" coveredstatements="0" conditionals="0" coveredconditionals="0" methods="1" coveredmethods="0"/>
        <line num="6" count="0" type="stmt"/>
      </file>
      <file name="ClientPage.js" path="H:\Michele\Università\Magistrale Polito\Software Engineering II\SPG\SPG\client\src\pages\ClientPage.js">
        <metrics statements="12" coveredstatements="7" conditionals="14" coveredconditionals="11" methods="8" coveredmethods="3"/>
        <line num="17" count="160" type="stmt"/>
        <line num="18" count="138" type="stmt"/>
        <line num="19" count="138" type="stmt"/>
        <line num="20" count="0" type="stmt"/>
        <line num="23" count="138" type="stmt"/>
        <line num="24" count="0" type="stmt"/>
        <line num="32" count="138" type="stmt"/>
        <line num="39" count="0" type="stmt"/>
        <line num="54" count="0" type="stmt"/>
        <line num="73" count="3" type="stmt"/>
        <line num="92" count="19" type="stmt"/>
        <line num="111" count="0" type="stmt"/>
      </file>
      <file name="FarmerPage.js" path="H:\Michele\Università\Magistrale Polito\Software Engineering II\SPG\SPG\client\src\pages\FarmerPage.js">
        <metrics statements="10" coveredstatements="10" conditionals="8" coveredconditionals="8" methods="6" coveredmethods="6"/>
        <line num="21" count="125" type="stmt"/>
        <line num="22" count="114" type="stmt"/>
        <line num="23" count="114" type="stmt"/>
        <line num="24" count="4" type="stmt"/>
        <line num="27" count="114" type="stmt"/>
        <line num="28" count="4" type="stmt"/>
        <line num="35" count="114" type="stmt"/>
        <line num="42" count="6" type="stmt"/>
        <line num="57" count="4" type="stmt"/>
        <line num="72" count="17" type="stmt"/>
      </file>
      <file name="HomePage.js" path="H:\Michele\Università\Magistrale Polito\Software Engineering II\SPG\SPG\client\src\pages\HomePage.js">
        <metrics statements="1" coveredstatements="1" conditionals="0" coveredconditionals="0" methods="1" coveredmethods="1"/>
        <line num="5" count="328" type="stmt"/>
      </file>
      <file name="Login.js" path="H:\Michele\Università\Magistrale Polito\Software Engineering II\SPG\SPG\client\src\pages\Login.js">
        <metrics statements="18" coveredstatements="15" conditionals="10" coveredconditionals="6" methods="5" coveredmethods="4"/>
        <line num="8" count="4528" type="stmt"/>
        <line num="9" count="4528" type="stmt"/>
        <line num="10" count="4528" type="stmt"/>
        <line num="12" count="4528" type="stmt"/>
        <line num="13" count="81" type="stmt"/>
        <line num="14" count="81" type="stmt"/>
        <line num="17" count="81" type="stmt"/>
        <line num="18" count="81" type="cond" truecount="3" falsecount="1"/>
        <line num="20" count="0" type="stmt"/>
        <line num="21" count="0" type="stmt"/>
        <line num="24" count="81" type="cond" truecount="1" falsecount="1"/>
        <line num="25" count="81" type="stmt"/>
        <line num="26" count="81" type="stmt"/>
        <line num="30" count="4528" type="stmt"/>
        <line num="31" count="0" type="stmt"/>
        <line num="34" count="4528" type="stmt"/>
        <line num="75" count="1458" type="stmt"/>
        <line num="86" count="560" type="stmt"/>
      </file>
      <file name="ShopEmployeePage.js" path="H:\Michele\Università\Magistrale Polito\Software Engineering II\SPG\SPG\client\src\pages\ShopEmployeePage.js">
        <metrics statements="16" coveredstatements="16" conditionals="46" coveredconditionals="46" methods="12" coveredmethods="12"/>
        <line num="25" count="426" type="stmt"/>
        <line num="26" count="378" type="stmt"/>
        <line num="27" count="378" type="stmt"/>
        <line num="28" count="20" type="stmt"/>
        <line num="31" count="378" type="stmt"/>
        <line num="32" count="20" type="stmt"/>
        <line num="44" count="378" type="stmt"/>
        <line num="51" count="2" type="stmt"/>
        <line num="62" count="5" type="stmt"/>
        <line num="135" count="14" type="stmt"/>
        <line num="156" count="5" type="stmt"/>
        <line num="178" count="2" type="stmt"/>
        <line num="197" count="15" type="stmt"/>
        <line num="218" count="12" type="stmt"/>
        <line num="234" count="10" type="stmt"/>
        <line num="252" count="2" type="stmt"/>
      </file>
    </package>
    <package name="src.shopEmployee-component">
      <metrics statements="62" coveredstatements="55" conditionals="33" coveredconditionals="28" methods="23" coveredmethods="19"/>
      <file name="HandOut.js" path="H:\Michele\Università\Magistrale Polito\Software Engineering II\SPG\SPG\client\src\shopEmployee-component\HandOut.js">
        <metrics statements="24" coveredstatements="20" conditionals="8" coveredconditionals="6" methods="9" coveredmethods="7"/>
        <line num="11" count="100" type="stmt"/>
        <line num="12" count="90" type="stmt"/>
        <line num="13" count="90" type="stmt"/>
        <line num="15" count="90" type="stmt"/>
        <line num="17" count="3" type="stmt"/>
        <line num="18" count="3" type="cond" truecount="1" falsecount="1"/>
        <line num="19" count="0" type="stmt"/>
        <line num="22" count="3" type="stmt"/>
        <line num="25" count="90" type="stmt"/>
        <line num="26" count="9" type="cond" truecount="1" falsecount="1"/>
        <line num="28" count="9" type="stmt"/>
        <line num="29" count="9" type="stmt"/>
        <line num="30" count="9" type="stmt"/>
        <line num="32" count="9" type="cond" truecount="2" falsecount="0"/>
        <line num="34" count="7" type="stmt"/>
        <line num="35" count="7" type="stmt"/>
        <line num="36" count="7" type="stmt"/>
        <line num="40" count="0" type="stmt"/>
        <line num="41" count="0" type="stmt"/>
        <line num="46" count="90" type="stmt"/>
        <line num="53" count="0" type="stmt"/>
        <line num="67" count="34" type="stmt"/>
        <line num="69" count="34" type="stmt"/>
        <line num="77" count="3" type="stmt"/>
      </file>
      <file name="PendingOrders.js" path="H:\Michele\Università\Magistrale Polito\Software Engineering II\SPG\SPG\client\src\shopEmployee-component\PendingOrders.js">
        <metrics statements="10" coveredstatements="9" conditionals="6" coveredconditionals="5" methods="5" coveredmethods="4"/>
        <line num="7" count="10" type="stmt"/>
        <line num="8" count="8" type="stmt"/>
        <line num="10" count="8" type="stmt"/>
        <line num="11" count="2" type="stmt"/>
        <line num="12" count="2" type="stmt"/>
        <line num="13" count="2" type="stmt"/>
        <line num="16" count="2" type="stmt"/>
        <line num="20" count="8" type="stmt"/>
        <line num="27" count="0" type="stmt"/>
        <line num="46" count="8" type="stmt"/>
      </file>
      <file name="TopUpWallet.js" path="H:\Michele\Università\Magistrale Polito\Software Engineering II\SPG\SPG\client\src\shopEmployee-component\TopUpWallet.js">
        <metrics statements="28" coveredstatements="26" conditionals="19" coveredconditionals="17" methods="9" coveredmethods="8"/>
        <line num="8" count="175" type="stmt"/>
        <line num="9" count="162" type="stmt"/>
        <line num="10" count="162" type="stmt"/>
        <line num="11" count="162" type="stmt"/>
        <line num="12" count="162" type="stmt"/>
        <line num="13" count="162" type="stmt"/>
        <line num="15" count="15" type="cond" truecount="1" falsecount="1"/>
        <line num="17" count="15" type="stmt"/>
        <line num="18" count="15" type="stmt"/>
        <line num="20" count="13" type="stmt"/>
        <line num="21" count="13" type="stmt"/>
        <line num="24" count="2" type="stmt"/>
        <line num="25" count="2" type="stmt"/>
        <line num="30" count="162" type="stmt"/>
        <line num="31" count="9" type="stmt"/>
        <line num="32" count="9" type="cond" truecount="5" falsecount="0"/>
        <line num="33" count="4" type="stmt"/>
        <line num="36" count="9" type="cond" truecount="2" falsecount="0"/>
        <line num="37" count="5" type="stmt"/>
        <line num="38" count="0" type="stmt"/>
        <line num="39" count="0" type="stmt"/>
        <line num="42" count="5" type="stmt"/>
        <line num="43" count="5" type="stmt"/>
        <line num="48" count="162" type="stmt"/>
        <line num="61" count="2" type="stmt"/>
        <line num="91" count="21" type="cond" truecount="4" falsecount="0"/>
        <line num="92" count="13" type="stmt"/>
        <line num="93" count="8" type="stmt"/>
      </file>
    </package>
    <package name="src.ui-components">
      <metrics statements="194" coveredstatements="105" conditionals="70" coveredconditionals="31" methods="76" coveredmethods="32"/>
      <file name="BrowseProducts.js" path="H:\Michele\Università\Magistrale Polito\Software Engineering II\SPG\SPG\client\src\ui-components\BrowseProducts.js">
        <metrics statements="25" coveredstatements="22" conditionals="8" coveredconditionals="8" methods="10" coveredmethods="8"/>
        <line num="10" count="256" type="stmt"/>
        <line num="11" count="248" type="stmt"/>
        <line num="12" count="248" type="stmt"/>
        <line num="13" count="248" type="stmt"/>
        <line num="14" count="248" type="stmt"/>
        <line num="15" count="248" type="stmt"/>
        <line num="17" count="248" type="stmt"/>
        <line num="18" count="84" type="cond" truecount="2" falsecount="0"/>
        <line num="19" count="84" type="stmt"/>
        <line num="20" count="84" type="stmt"/>
        <line num="22" count="4200" type="stmt"/>
        <line num="27" count="248" type="stmt"/>
        <line num="28" count="8" type="stmt"/>
        <line num="29" count="8" type="stmt"/>
        <line num="31" count="8" type="stmt"/>
        <line num="32" count="8" type="stmt"/>
        <line num="33" count="8" type="stmt"/>
        <line num="36" count="8" type="stmt"/>
        <line num="37" count="0" type="stmt"/>
        <line num="38" count="0" type="stmt"/>
        <line num="42" count="248" type="stmt"/>
        <line num="54" count="0" type="stmt"/>
        <line num="72" count="11936" type="cond" truecount="2" falsecount="0"/>
        <line num="75" count="10800" type="cond" truecount="2" falsecount="0"/>
        <line num="80" count="3024" type="stmt"/>
      </file>
      <file name="CheckOrders.js" path="H:\Michele\Università\Magistrale Polito\Software Engineering II\SPG\SPG\client\src\ui-components\CheckOrders.js">
        <metrics statements="12" coveredstatements="10" conditionals="8" coveredconditionals="5" methods="4" coveredmethods="3"/>
        <line num="8" count="10" type="stmt"/>
        <line num="9" count="8" type="stmt"/>
        <line num="11" count="8" type="stmt"/>
        <line num="12" count="2" type="stmt"/>
        <line num="13" count="2" type="cond" truecount="1" falsecount="1"/>
        <line num="14" count="2" type="stmt"/>
        <line num="15" count="2" type="cond" truecount="1" falsecount="1"/>
        <line num="16" count="0" type="stmt"/>
        <line num="18" count="2" type="stmt"/>
        <line num="22" count="8" type="stmt"/>
        <line num="29" count="0" type="stmt"/>
        <line num="49" count="4" type="stmt"/>
      </file>
      <file name="ErrorToast.js" path="H:\Michele\Università\Magistrale Polito\Software Engineering II\SPG\SPG\client\src\ui-components\ErrorToast.js">
        <metrics statements="1" coveredstatements="1" conditionals="0" coveredconditionals="0" methods="1" coveredmethods="1"/>
        <line num="4" count="232" type="stmt"/>
      </file>
      <file name="Icons.js" path="H:\Michele\Università\Magistrale Polito\Software Engineering II\SPG\SPG\client\src\ui-components\Icons.js">
        <metrics statements="16" coveredstatements="16" conditionals="0" coveredconditionals="0" methods="0" coveredmethods="0"/>
        <line num="2" count="88" type="stmt"/>
        <line num="18" count="88" type="stmt"/>
        <line num="30" count="88" type="stmt"/>
        <line num="49" count="88" type="stmt"/>
        <line num="61" count="88" type="stmt"/>
        <line num="74" count="88" type="stmt"/>
        <line num="90" count="88" type="stmt"/>
        <line num="102" count="88" type="stmt"/>
        <line num="118" count="88" type="stmt"/>
        <line num="130" count="88" type="stmt"/>
        <line num="142" count="88" type="stmt"/>
        <line num="155" count="88" type="stmt"/>
        <line num="167" count="88" type="stmt"/>
        <line num="182" count="88" type="stmt"/>
        <line num="195" count="88" type="stmt"/>
        <line num="207" count="88" type="stmt"/>
      </file>
      <file name="MyNavbar.js" path="H:\Michele\Università\Magistrale Polito\Software Engineering II\SPG\SPG\client\src\ui-components\MyNavbar.js">
        <metrics statements="3" coveredstatements="3" conditionals="2" coveredconditionals="2" methods="2" coveredmethods="2"/>
        <line num="6" count="812" type="stmt"/>
        <line num="44" count="11" type="stmt"/>
        <line num="45" count="11" type="stmt"/>
      </file>
      <file name="NewOrder.js" path="H:\Michele\Università\Magistrale Polito\Software Engineering II\SPG\SPG\client\src\ui-components\NewOrder.js">
        <metrics statements="82" coveredstatements="0" conditionals="36" coveredconditionals="0" methods="38" coveredmethods="0"/>
        <line num="20" count="0" type="stmt"/>
        <line num="21" count="0" type="stmt"/>
        <line num="23" count="0" type="stmt"/>
        <line num="24" count="0" type="stmt"/>
        <line num="25" count="0" type="stmt"/>
        <line num="26" count="0" type="stmt"/>
        <line num="27" count="0" type="stmt"/>
        <line num="28" count="0" type="stmt"/>
        <line num="29" count="0" type="stmt"/>
        <line num="30" count="0" type="stmt"/>
        <line num="32" count="0" type="stmt"/>
        <line num="33" count="0" type="stmt"/>
        <line num="34" count="0" type="stmt"/>
        <line num="35" count="0" type="stmt"/>
        <line num="36" count="0" type="stmt"/>
        <line num="37" count="0" type="stmt"/>
        <line num="39" count="0" type="stmt"/>
        <line num="41" count="0" type="stmt"/>
        <line num="42" count="0" type="stmt"/>
        <line num="43" count="0" type="stmt"/>
        <line num="45" count="0" type="stmt"/>
        <line num="47" count="0" type="stmt"/>
        <line num="50" count="0" type="stmt"/>
        <line num="53" count="0" type="stmt"/>
        <line num="54" count="0" type="cond" truecount="0" falsecount="2"/>
        <line num="56" count="0" type="stmt"/>
        <line num="57" count="0" type="cond" truecount="0" falsecount="2"/>
        <line num="58" count="0" type="cond" truecount="0" falsecount="2"/>
        <line num="61" count="0" type="stmt"/>
        <line num="62" count="0" type="stmt"/>
        <line num="63" count="0" type="stmt"/>
        <line num="64" count="0" type="stmt"/>
        <line num="65" count="0" type="stmt"/>
        <line num="66" count="0" type="cond" truecount="0" falsecount="2"/>
        <line num="67" count="0" type="stmt"/>
        <line num="70" count="0" type="stmt"/>
        <line num="72" count="0" type="cond" truecount="0" falsecount="2"/>
        <line num="73" count="0" type="stmt"/>
        <line num="74" count="0" type="stmt"/>
        <line num="78" count="0" type="cond" truecount="0" falsecount="2"/>
        <line num="79" count="0" type="stmt"/>
        <line num="80" count="0" type="stmt"/>
        <line num="83" count="0" type="cond" truecount="0" falsecount="2"/>
        <line num="84" count="0" type="stmt"/>
        <line num="87" count="0" type="stmt"/>
        <line num="89" count="0" type="stmt"/>
        <line num="91" count="0" type="stmt"/>
        <line num="93" count="0" type="stmt"/>
        <line num="99" count="0" type="stmt"/>
        <line num="100" count="0" type="cond" truecount="0" falsecount="2"/>
        <line num="101" count="0" type="stmt"/>
        <line num="102" count="0" type="stmt"/>
        <line num="104" count="0" type="stmt"/>
        <line num="105" count="0" type="stmt"/>
        <line num="106" count="0" type="stmt"/>
        <line num="110" count="0" type="stmt"/>
        <line num="114" count="0" type="stmt"/>
        <line num="124" count="0" type="stmt"/>
        <line num="138" count="0" type="stmt"/>
        <line num="147" count="0" type="stmt"/>
        <line num="148" count="0" type="stmt"/>
        <line num="149" count="0" type="stmt"/>
        <line num="157" count="0" type="stmt"/>
        <line num="158" count="0" type="stmt"/>
        <line num="159" count="0" type="stmt"/>
        <line num="169" count="0" type="stmt"/>
        <line num="175" count="0" type="stmt"/>
        <line num="176" count="0" type="stmt"/>
        <line num="189" count="0" type="stmt"/>
        <line num="195" count="0" type="stmt"/>
        <line num="196" count="0" type="stmt"/>
        <line num="216" count="0" type="cond" truecount="0" falsecount="2"/>
        <line num="220" count="0" type="cond" truecount="0" falsecount="2"/>
        <line num="222" count="0" type="stmt"/>
        <line num="238" count="0" type="stmt"/>
        <line num="246" count="0" type="stmt"/>
        <line num="247" count="0" type="stmt"/>
        <line num="248" count="0" type="cond" truecount="0" falsecount="2"/>
        <line num="249" count="0" type="stmt"/>
        <line num="253" count="0" type="stmt"/>
        <line num="255" count="0" type="stmt"/>
        <line num="272" count="0" type="stmt"/>
      </file>
      <file name="RegistrationForm.js" path="H:\Michele\Università\Magistrale Polito\Software Engineering II\SPG\SPG\client\src\ui-components\RegistrationForm.js">
        <metrics statements="37" coveredstatements="37" conditionals="14" coveredconditionals="14" methods="15" coveredmethods="13"/>
        <line num="16" count="2390" type="stmt"/>
        <line num="17" count="2384" type="stmt"/>
        <line num="18" count="2384" type="stmt"/>
        <line num="19" count="2384" type="stmt"/>
        <line num="20" count="2384" type="stmt"/>
        <line num="21" count="2384" type="stmt"/>
        <line num="22" count="2384" type="stmt"/>
        <line num="23" count="2384" type="stmt"/>
        <line num="24" count="2384" type="stmt"/>
        <line num="26" count="2384" type="stmt"/>
        <line num="27" count="2384" type="stmt"/>
        <line num="29" count="2384" type="stmt"/>
        <line num="30" count="42" type="stmt"/>
        <line num="32" count="42" type="cond" truecount="8" falsecount="0"/>
        <line num="33" count="21" type="cond" truecount="2" falsecount="0"/>
        <line num="36" count="17" type="stmt"/>
        <line num="43" count="17" type="stmt"/>
        <line num="46" count="13" type="cond" truecount="2" falsecount="0"/>
        <line num="47" count="8" type="stmt"/>
        <line num="48" count="8" type="stmt"/>
        <line num="52" count="5" type="stmt"/>
        <line num="56" count="4" type="stmt"/>
        <line num="57" count="4" type="stmt"/>
        <line num="61" count="4" type="stmt"/>
        <line num="65" count="21" type="stmt"/>
        <line num="69" count="2384" type="stmt"/>
        <line num="70" count="4" type="stmt"/>
        <line num="72" count="2384" type="stmt"/>
        <line num="73" count="1" type="stmt"/>
        <line num="76" count="2384" type="stmt"/>
        <line num="82" count="28" type="stmt"/>
        <line num="101" count="165" type="stmt"/>
        <line num="112" count="213" type="stmt"/>
        <line num="125" count="105" type="stmt"/>
        <line num="136" count="384" type="stmt"/>
        <line num="149" count="121" type="stmt"/>
        <line num="160" count="115" type="stmt"/>
      </file>
      <file name="SearchComponent.js" path="H:\Michele\Università\Magistrale Polito\Software Engineering II\SPG\SPG\client\src\ui-components\SearchComponent.js">
        <metrics statements="4" coveredstatements="4" conditionals="0" coveredconditionals="0" methods="3" coveredmethods="3"/>
        <line num="6" count="1091" type="stmt"/>
        <line num="7" count="1070" type="stmt"/>
        <line num="19" count="430" type="stmt"/>
        <line num="24" count="26" type="stmt"/>
      </file>
      <file name="SearchForm.js" path="H:\Michele\Università\Magistrale Polito\Software Engineering II\SPG\SPG\client\src\ui-components\SearchForm.js">
        <metrics statements="14" coveredstatements="12" conditionals="2" coveredconditionals="2" methods="3" coveredmethods="2"/>
        <line num="10" count="1344" type="stmt"/>
        <line num="12" count="1344" type="stmt"/>
        <line num="13" count="174" type="stmt"/>
        <line num="16" count="174" type="cond" truecount="2" falsecount="0"/>
        <line num="17" count="10" type="stmt"/>
        <line num="18" count="10" type="stmt"/>
        <line num="19" count="10" type="stmt"/>
        <line num="22" count="164" type="stmt"/>
        <line num="23" count="164" type="stmt"/>
        <line num="24" count="164" type="stmt"/>
        <line num="27" count="1344" type="stmt"/>
        <line num="28" count="0" type="stmt"/>
        <line num="29" count="0" type="stmt"/>
        <line num="32" count="1344" type="stmt"/>
      </file>
    </package>
  </project>
</coverage>
