{"total": {"lines":{"total":998,"covered":253,"skipped":0,"pct":25.35},"statements":{"total":1060,"covered":258,"skipped":0,"pct":24.33},"functions":{"total":358,"covered":59,"skipped":0,"pct":16.48},"branches":{"total":622,"covered":121,"skipped":0,"pct":19.45},"branchesTrue":{"total":0,"covered":0,"skipped":0,"pct":100}}
,"H:\\Michele\\Università\\Magistrale Polito\\Software Engineering II\\SPG\\SPG\\client\\src\\API.js": {"lines":{"total":18,"covered":10,"skipped":0,"pct":55.55},"functions":{"total":3,"covered":2,"skipped":0,"pct":66.66},"statements":{"total":18,"covered":10,"skipped":0,"pct":55.55},"branches":{"total":8,"covered":4,"skipped":0,"pct":50}}
,"H:\\Michele\\Università\\Magistrale Polito\\Software Engineering II\\SPG\\SPG\\client\\src\\App.js": {"lines":{"total":38,"covered":30,"skipped":0,"pct":78.94},"functions":{"total":10,"covered":8,"skipped":0,"pct":80},"statements":{"total":40,"covered":32,"skipped":0,"pct":80},"branches":{"total":38,"covered":29,"skipped":0,"pct":76.31}}
,"H:\\Michele\\Università\\Magistrale Polito\\Software Engineering II\\SPG\\SPG\\client\\src\\index.js": {"lines":{"total":1,"covered":1,"skipped":0,"pct":100},"functions":{"total":0,"covered":0,"skipped":0,"pct":100},"statements":{"total":1,"covered":1,"skipped":0,"pct":100},"branches":{"total":0,"covered":0,"skipped":0,"pct":100}}
,"H:\\Michele\\Università\\Magistrale Polito\\Software Engineering II\\SPG\\SPG\\client\\src\\api\\farmerAPI.js": {"lines":{"total":20,"covered":7,"skipped":0,"pct":35},"functions":{"total":5,"covered":2,"skipped":0,"pct":40},"statements":{"total":20,"covered":7,"skipped":0,"pct":35},"branches":{"total":6,"covered":1,"skipped":0,"pct":16.66}}
,"H:\\Michele\\Università\\Magistrale Polito\\Software Engineering II\\SPG\\SPG\\client\\src\\api\\notificationAPI.js": {"lines":{"total":4,"covered":1,"skipped":0,"pct":25},"functions":{"total":3,"covered":0,"skipped":0,"pct":0},"statements":{"total":4,"covered":1,"skipped":0,"pct":25},"branches":{"total":1,"covered":0,"skipped":0,"pct":0}}
,"H:\\Michele\\Università\\Magistrale Polito\\Software Engineering II\\SPG\\SPG\\client\\src\\api\\orders.js": {"lines":{"total":29,"covered":1,"skipped":0,"pct":3.44},"functions":{"total":10,"covered":0,"skipped":0,"pct":0},"statements":{"total":29,"covered":1,"skipped":0,"pct":3.44},"branches":{"total":26,"covered":0,"skipped":0,"pct":0}}
,"H:\\Michele\\Università\\Magistrale Polito\\Software Engineering II\\SPG\\SPG\\client\\src\\api\\products.js": {"lines":{"total":27,"covered":1,"skipped":0,"pct":3.7},"functions":{"total":16,"covered":0,"skipped":0,"pct":0},"statements":{"total":29,"covered":1,"skipped":0,"pct":3.44},"branches":{"total":8,"covered":0,"skipped":0,"pct":0}}
,"H:\\Michele\\Università\\Magistrale Polito\\Software Engineering II\\SPG\\SPG\\client\\src\\api\\testAPI.js": {"lines":{"total":9,"covered":1,"skipped":0,"pct":11.11},"functions":{"total":6,"covered":0,"skipped":0,"pct":0},"statements":{"total":9,"covered":1,"skipped":0,"pct":11.11},"branches":{"total":2,"covered":0,"skipped":0,"pct":0}}
,"H:\\Michele\\Università\\Magistrale Polito\\Software Engineering II\\SPG\\SPG\\client\\src\\api\\time.js": {"lines":{"total":4,"covered":4,"skipped":0,"pct":100},"functions":{"total":2,"covered":2,"skipped":0,"pct":100},"statements":{"total":4,"covered":4,"skipped":0,"pct":100},"branches":{"total":6,"covered":2,"skipped":0,"pct":33.33}}
,"H:\\Michele\\Università\\Magistrale Polito\\Software Engineering II\\SPG\\SPG\\client\\src\\api\\unretrieved.js": {"lines":{"total":14,"covered":3,"skipped":0,"pct":21.42},"functions":{"total":7,"covered":0,"skipped":0,"pct":0},"statements":{"total":17,"covered":3,"skipped":0,"pct":17.64},"branches":{"total":17,"covered":0,"skipped":0,"pct":0}}
,"H:\\Michele\\Università\\Magistrale Polito\\Software Engineering II\\SPG\\SPG\\client\\src\\api\\user.js": {"lines":{"total":22,"covered":1,"skipped":0,"pct":4.54},"functions":{"total":13,"covered":0,"skipped":0,"pct":0},"statements":{"total":22,"covered":1,"skipped":0,"pct":4.54},"branches":{"total":6,"covered":0,"skipped":0,"pct":0}}
,"H:\\Michele\\Università\\Magistrale Polito\\Software Engineering II\\SPG\\SPG\\client\\src\\api\\utility.js": {"lines":{"total":38,"covered":23,"skipped":0,"pct":60.52},"functions":{"total":7,"covered":4,"skipped":0,"pct":57.14},"statements":{"total":41,"covered":23,"skipped":0,"pct":56.09},"branches":{"total":37,"covered":8,"skipped":0,"pct":21.62}}
,"H:\\Michele\\Università\\Magistrale Polito\\Software Engineering II\\SPG\\SPG\\client\\src\\api\\wallet.js": {"lines":{"total":10,"covered":1,"skipped":0,"pct":10},"functions":{"total":2,"covered":0,"skipped":0,"pct":0},"statements":{"total":10,"covered":1,"skipped":0,"pct":10},"branches":{"total":4,"covered":0,"skipped":0,"pct":0}}
,"H:\\Michele\\Università\\Magistrale Polito\\Software Engineering II\\SPG\\SPG\\client\\src\\api\\warehouse.js": {"lines":{"total":14,"covered":1,"skipped":0,"pct":7.14},"functions":{"total":8,"covered":0,"skipped":0,"pct":0},"statements":{"total":15,"covered":1,"skipped":0,"pct":6.66},"branches":{"total":4,"covered":0,"skipped":0,"pct":0}}
,"H:\\Michele\\Università\\Magistrale Polito\\Software Engineering II\\SPG\\SPG\\client\\src\\client-component\\Basket.js": {"lines":{"total":26,"covered":0,"skipped":0,"pct":0},"functions":{"total":9,"covered":0,"skipped":0,"pct":0},"statements":{"total":27,"covered":0,"skipped":0,"pct":0},"branches":{"total":14,"covered":0,"skipped":0,"pct":0}}
,"H:\\Michele\\Università\\Magistrale Polito\\Software Engineering II\\SPG\\SPG\\client\\src\\client-component\\ClientNotifications.js": {"lines":{"total":23,"covered":0,"skipped":0,"pct":0},"functions":{"total":9,"covered":0,"skipped":0,"pct":0},"statements":{"total":24,"covered":0,"skipped":0,"pct":0},"branches":{"total":6,"covered":0,"skipped":0,"pct":0}}
,"H:\\Michele\\Università\\Magistrale Polito\\Software Engineering II\\SPG\\SPG\\client\\src\\client-component\\ClientOrder.js": {"lines":{"total":115,"covered":0,"skipped":0,"pct":0},"functions":{"total":33,"covered":0,"skipped":0,"pct":0},"statements":{"total":122,"covered":0,"skipped":0,"pct":0},"branches":{"total":51,"covered":0,"skipped":0,"pct":0}}
,"H:\\Michele\\Università\\Magistrale Polito\\Software Engineering II\\SPG\\SPG\\client\\src\\client-component\\MailBox.js": {"lines":{"total":11,"covered":1,"skipped":0,"pct":9.09},"functions":{"total":6,"covered":0,"skipped":0,"pct":0},"statements":{"total":13,"covered":1,"skipped":0,"pct":7.69},"branches":{"total":8,"covered":0,"skipped":0,"pct":0}}
,"H:\\Michele\\Università\\Magistrale Polito\\Software Engineering II\\SPG\\SPG\\client\\src\\client-component\\YourOrders.js": {"lines":{"total":43,"covered":0,"skipped":0,"pct":0},"functions":{"total":15,"covered":0,"skipped":0,"pct":0},"statements":{"total":45,"covered":0,"skipped":0,"pct":0},"branches":{"total":43,"covered":0,"skipped":0,"pct":0}}
,"H:\\Michele\\Università\\Magistrale Polito\\Software Engineering II\\SPG\\SPG\\client\\src\\farmer-component\\ConfirmProducts.js": {"lines":{"total":40,"covered":0,"skipped":0,"pct":0},"functions":{"total":15,"covered":0,"skipped":0,"pct":0},"statements":{"total":45,"covered":0,"skipped":0,"pct":0},"branches":{"total":18,"covered":0,"skipped":0,"pct":0}}
,"H:\\Michele\\Università\\Magistrale Polito\\Software Engineering II\\SPG\\SPG\\client\\src\\farmer-component\\UpdateAvailability.js": {"lines":{"total":46,"covered":36,"skipped":0,"pct":78.26},"functions":{"total":12,"covered":10,"skipped":0,"pct":83.33},"statements":{"total":48,"covered":37,"skipped":0,"pct":77.08},"branches":{"total":26,"covered":20,"skipped":0,"pct":76.92}}
,"H:\\Michele\\Università\\Magistrale Polito\\Software Engineering II\\SPG\\SPG\\client\\src\\manager-component\\SeeStatistics.js": {"lines":{"total":14,"covered":0,"skipped":0,"pct":0},"functions":{"total":6,"covered":0,"skipped":0,"pct":0},"statements":{"total":16,"covered":0,"skipped":0,"pct":0},"branches":{"total":6,"covered":0,"skipped":0,"pct":0}}
,"H:\\Michele\\Università\\Magistrale Polito\\Software Engineering II\\SPG\\SPG\\client\\src\\pages\\AboutPage.js": {"lines":{"total":1,"covered":0,"skipped":0,"pct":0},"functions":{"total":1,"covered":0,"skipped":0,"pct":0},"statements":{"total":1,"covered":0,"skipped":0,"pct":0},"branches":{"total":0,"covered":0,"skipped":0,"pct":100}}
,"H:\\Michele\\Università\\Magistrale Polito\\Software Engineering II\\SPG\\SPG\\client\\src\\pages\\ClientPage.js": {"lines":{"total":23,"covered":0,"skipped":0,"pct":0},"functions":{"total":14,"covered":0,"skipped":0,"pct":0},"statements":{"total":26,"covered":0,"skipped":0,"pct":0},"branches":{"total":22,"covered":0,"skipped":0,"pct":0}}
,"H:\\Michele\\Università\\Magistrale Polito\\Software Engineering II\\SPG\\SPG\\client\\src\\pages\\FarmerPage.js": {"lines":{"total":13,"covered":12,"skipped":0,"pct":92.3},"functions":{"total":9,"covered":7,"skipped":0,"pct":77.77},"statements":{"total":15,"covered":13,"skipped":0,"pct":86.66},"branches":{"total":24,"covered":12,"skipped":0,"pct":50}}
,"H:\\Michele\\Università\\Magistrale Polito\\Software Engineering II\\SPG\\SPG\\client\\src\\pages\\HomePage.js": {"lines":{"total":1,"covered":1,"skipped":0,"pct":100},"functions":{"total":1,"covered":1,"skipped":0,"pct":100},"statements":{"total":1,"covered":1,"skipped":0,"pct":100},"branches":{"total":0,"covered":0,"skipped":0,"pct":100}}
,"H:\\Michele\\Università\\Magistrale Polito\\Software Engineering II\\SPG\\SPG\\client\\src\\pages\\Login.js": {"lines":{"total":18,"covered":15,"skipped":0,"pct":83.33},"functions":{"total":5,"covered":4,"skipped":0,"pct":80},"statements":{"total":18,"covered":15,"skipped":0,"pct":83.33},"branches":{"total":6,"covered":4,"skipped":0,"pct":66.66}}
,"H:\\Michele\\Università\\Magistrale Polito\\Software Engineering II\\SPG\\SPG\\client\\src\\pages\\ManagerPage.js": {"lines":{"total":6,"covered":0,"skipped":0,"pct":0},"functions":{"total":5,"covered":0,"skipped":0,"pct":0},"statements":{"total":8,"covered":0,"skipped":0,"pct":0},"branches":{"total":8,"covered":0,"skipped":0,"pct":0}}
,"H:\\Michele\\Università\\Magistrale Polito\\Software Engineering II\\SPG\\SPG\\client\\src\\pages\\ShopEmployeePage.js": {"lines":{"total":16,"covered":0,"skipped":0,"pct":0},"functions":{"total":13,"covered":0,"skipped":0,"pct":0},"statements":{"total":18,"covered":0,"skipped":0,"pct":0},"branches":{"total":31,"covered":0,"skipped":0,"pct":0}}
,"H:\\Michele\\Università\\Magistrale Polito\\Software Engineering II\\SPG\\SPG\\client\\src\\pages\\WarehousePage.js": {"lines":{"total":6,"covered":0,"skipped":0,"pct":0},"functions":{"total":5,"covered":0,"skipped":0,"pct":0},"statements":{"total":8,"covered":0,"skipped":0,"pct":0},"branches":{"total":14,"covered":0,"skipped":0,"pct":0}}
,"H:\\Michele\\Università\\Magistrale Polito\\Software Engineering II\\SPG\\SPG\\client\\src\\shopEmployee-component\\HandOut.js": {"lines":{"total":20,"covered":0,"skipped":0,"pct":0},"functions":{"total":9,"covered":0,"skipped":0,"pct":0},"statements":{"total":24,"covered":0,"skipped":0,"pct":0},"branches":{"total":8,"covered":0,"skipped":0,"pct":0}}
,"H:\\Michele\\Università\\Magistrale Polito\\Software Engineering II\\SPG\\SPG\\client\\src\\shopEmployee-component\\PendingOrders.js": {"lines":{"total":18,"covered":0,"skipped":0,"pct":0},"functions":{"total":10,"covered":0,"skipped":0,"pct":0},"statements":{"total":21,"covered":0,"skipped":0,"pct":0},"branches":{"total":4,"covered":0,"skipped":0,"pct":0}}
,"H:\\Michele\\Università\\Magistrale Polito\\Software Engineering II\\SPG\\SPG\\client\\src\\shopEmployee-component\\TopUpWallet.js": {"lines":{"total":31,"covered":0,"skipped":0,"pct":0},"functions":{"total":9,"covered":0,"skipped":0,"pct":0},"statements":{"total":33,"covered":0,"skipped":0,"pct":0},"branches":{"total":17,"covered":0,"skipped":0,"pct":0}}
,"H:\\Michele\\Università\\Magistrale Polito\\Software Engineering II\\SPG\\SPG\\client\\src\\ui-components\\BrowseProducts.js": {"lines":{"total":17,"covered":0,"skipped":0,"pct":0},"functions":{"total":6,"covered":0,"skipped":0,"pct":0},"statements":{"total":17,"covered":0,"skipped":0,"pct":0},"branches":{"total":2,"covered":0,"skipped":0,"pct":0}}
,"H:\\Michele\\Università\\Magistrale Polito\\Software Engineering II\\SPG\\SPG\\client\\src\\ui-components\\CheckOrders.js": {"lines":{"total":12,"covered":0,"skipped":0,"pct":0},"functions":{"total":4,"covered":0,"skipped":0,"pct":0},"statements":{"total":13,"covered":0,"skipped":0,"pct":0},"branches":{"total":8,"covered":0,"skipped":0,"pct":0}}
,"H:\\Michele\\Università\\Magistrale Polito\\Software Engineering II\\SPG\\SPG\\client\\src\\ui-components\\Icons.js": {"lines":{"total":33,"covered":25,"skipped":0,"pct":75.75},"functions":{"total":6,"covered":0,"skipped":0,"pct":0},"statements":{"total":33,"covered":25,"skipped":0,"pct":75.75},"branches":{"total":3,"covered":0,"skipped":0,"pct":0}}
,"H:\\Michele\\Università\\Magistrale Polito\\Software Engineering II\\SPG\\SPG\\client\\src\\ui-components\\MyNavbar.js": {"lines":{"total":25,"covered":20,"skipped":0,"pct":80},"functions":{"total":10,"covered":7,"skipped":0,"pct":70},"statements":{"total":25,"covered":20,"skipped":0,"pct":80},"branches":{"total":21,"covered":15,"skipped":0,"pct":71.42}}
,"H:\\Michele\\Università\\Magistrale Polito\\Software Engineering II\\SPG\\SPG\\client\\src\\ui-components\\Page.js": {"lines":{"total":42,"covered":39,"skipped":0,"pct":92.85},"functions":{"total":8,"covered":8,"skipped":0,"pct":100},"statements":{"total":42,"covered":39,"skipped":0,"pct":92.85},"branches":{"total":16,"covered":12,"skipped":0,"pct":75}}
,"H:\\Michele\\Università\\Magistrale Polito\\Software Engineering II\\SPG\\SPG\\client\\src\\ui-components\\Products.js": {"lines":{"total":70,"covered":2,"skipped":0,"pct":2.85},"functions":{"total":14,"covered":0,"skipped":0,"pct":0},"statements":{"total":73,"covered":2,"skipped":0,"pct":2.73},"branches":{"total":69,"covered":0,"skipped":0,"pct":0}}
,"H:\\Michele\\Università\\Magistrale Polito\\Software Engineering II\\SPG\\SPG\\client\\src\\ui-components\\RegistrationForm.js": {"lines":{"total":31,"covered":0,"skipped":0,"pct":0},"functions":{"total":12,"covered":0,"skipped":0,"pct":0},"statements":{"total":32,"covered":0,"skipped":0,"pct":0},"branches":{"total":12,"covered":0,"skipped":0,"pct":0}}
,"H:\\Michele\\Università\\Magistrale Polito\\Software Engineering II\\SPG\\SPG\\client\\src\\ui-components\\SearchComponent.js": {"lines":{"total":4,"covered":0,"skipped":0,"pct":0},"functions":{"total":3,"covered":0,"skipped":0,"pct":0},"statements":{"total":4,"covered":0,"skipped":0,"pct":0},"branches":{"total":0,"covered":0,"skipped":0,"pct":100}}
,"H:\\Michele\\Università\\Magistrale Polito\\Software Engineering II\\SPG\\SPG\\client\\src\\ui-components\\SearchForm.js": {"lines":{"total":14,"covered":0,"skipped":0,"pct":0},"functions":{"total":3,"covered":0,"skipped":0,"pct":0},"statements":{"total":14,"covered":0,"skipped":0,"pct":0},"branches":{"total":2,"covered":0,"skipped":0,"pct":0}}
,"H:\\Michele\\Università\\Magistrale Polito\\Software Engineering II\\SPG\\SPG\\client\\src\\ui-components\\ToastNotification.js": {"lines":{"total":16,"covered":16,"skipped":0,"pct":100},"functions":{"total":5,"covered":4,"skipped":0,"pct":80},"statements":{"total":18,"covered":17,"skipped":0,"pct":94.44},"branches":{"total":16,"covered":14,"skipped":0,"pct":87.5}}
,"H:\\Michele\\Università\\Magistrale Polito\\Software Engineering II\\SPG\\SPG\\client\\src\\utility\\GlobalState.js": {"lines":{"total":1,"covered":1,"skipped":0,"pct":100},"functions":{"total":1,"covered":0,"skipped":0,"pct":0},"statements":{"total":2,"covered":1,"skipped":0,"pct":50},"branches":{"total":0,"covered":0,"skipped":0,"pct":100}}
,"H:\\Michele\\Università\\Magistrale Polito\\Software Engineering II\\SPG\\SPG\\client\\src\\warehouse-component\\ManageDelivery.js": {"lines":{"total":14,"covered":0,"skipped":0,"pct":0},"functions":{"total":8,"covered":0,"skipped":0,"pct":0},"statements":{"total":15,"covered":0,"skipped":0,"pct":0},"branches":{"total":4,"covered":0,"skipped":0,"pct":0}}
}
