{"total": {"lines":{"total":725,"covered":510,"skipped":0,"pct":70.34},"statements":{"total":758,"covered":526,"skipped":0,"pct":69.39},"functions":{"total":307,"covered":199,"skipped":0,"pct":64.82},"branches":{"total":404,"covered":290,"skipped":0,"pct":71.78},"branchesTrue":{"total":0,"covered":0,"skipped":0,"pct":100}}
,"H:\\Michele\\Università\\Magistrale Polito\\Software Engineering II\\SPG\\SPG\\client\\src\\API.js": {"lines":{"total":41,"covered":16,"skipped":0,"pct":39.02},"functions":{"total":19,"covered":5,"skipped":0,"pct":26.32},"statements":{"total":41,"covered":16,"skipped":0,"pct":39.02},"branches":{"total":15,"covered":5,"skipped":0,"pct":33.33}}
,"H:\\Michele\\Università\\Magistrale Polito\\Software Engineering II\\SPG\\SPG\\client\\src\\App.js": {"lines":{"total":34,"covered":29,"skipped":0,"pct":85.29},"functions":{"total":15,"covered":14,"skipped":0,"pct":93.33},"statements":{"total":35,"covered":30,"skipped":0,"pct":85.71},"branches":{"total":32,"covered":25,"skipped":0,"pct":78.13}}
,"H:\\Michele\\Università\\Magistrale Polito\\Software Engineering II\\SPG\\SPG\\client\\src\\index.js": {"lines":{"total":1,"covered":1,"skipped":0,"pct":100},"functions":{"total":0,"covered":0,"skipped":0,"pct":100},"statements":{"total":1,"covered":1,"skipped":0,"pct":100},"branches":{"total":0,"covered":0,"skipped":0,"pct":100}}
,"H:\\Michele\\Università\\Magistrale Polito\\Software Engineering II\\SPG\\SPG\\client\\src\\api\\farmer.js": {"lines":{"total":11,"covered":9,"skipped":0,"pct":81.82},"functions":{"total":4,"covered":4,"skipped":0,"pct":100},"statements":{"total":11,"covered":9,"skipped":0,"pct":81.82},"branches":{"total":4,"covered":2,"skipped":0,"pct":50}}
,"H:\\Michele\\Università\\Magistrale Polito\\Software Engineering II\\SPG\\SPG\\client\\src\\api\\gAPI.js": {"lines":{"total":41,"covered":29,"skipped":0,"pct":70.73},"functions":{"total":23,"covered":16,"skipped":0,"pct":69.57},"statements":{"total":43,"covered":31,"skipped":0,"pct":72.09},"branches":{"total":12,"covered":7,"skipped":0,"pct":58.33}}
,"H:\\Michele\\Università\\Magistrale Polito\\Software Engineering II\\SPG\\SPG\\client\\src\\api\\orders.js": {"lines":{"total":30,"covered":25,"skipped":0,"pct":83.33},"functions":{"total":9,"covered":8,"skipped":0,"pct":88.89},"statements":{"total":30,"covered":25,"skipped":0,"pct":83.33},"branches":{"total":23,"covered":14,"skipped":0,"pct":60.87}}
,"H:\\Michele\\Università\\Magistrale Polito\\Software Engineering II\\SPG\\SPG\\client\\src\\api\\testAPI.js": {"lines":{"total":9,"covered":1,"skipped":0,"pct":11.11},"functions":{"total":6,"covered":0,"skipped":0,"pct":0},"statements":{"total":9,"covered":1,"skipped":0,"pct":11.11},"branches":{"total":2,"covered":0,"skipped":0,"pct":0}}
,"H:\\Michele\\Università\\Magistrale Polito\\Software Engineering II\\SPG\\SPG\\client\\src\\api\\user.js": {"lines":{"total":14,"covered":5,"skipped":0,"pct":35.71},"functions":{"total":7,"covered":1,"skipped":0,"pct":14.29},"statements":{"total":14,"covered":5,"skipped":0,"pct":35.71},"branches":{"total":4,"covered":1,"skipped":0,"pct":25}}
,"H:\\Michele\\Università\\Magistrale Polito\\Software Engineering II\\SPG\\SPG\\client\\src\\client-component\\ClientOrder.js": {"lines":{"total":147,"covered":124,"skipped":0,"pct":84.35},"functions":{"total":61,"covered":52,"skipped":0,"pct":85.25},"statements":{"total":153,"covered":129,"skipped":0,"pct":84.31},"branches":{"total":97,"covered":80,"skipped":0,"pct":82.47}}
,"H:\\Michele\\Università\\Magistrale Polito\\Software Engineering II\\SPG\\SPG\\client\\src\\client-component\\YourOrders.js": {"lines":{"total":17,"covered":0,"skipped":0,"pct":0},"functions":{"total":5,"covered":0,"skipped":0,"pct":0},"statements":{"total":17,"covered":0,"skipped":0,"pct":0},"branches":{"total":6,"covered":0,"skipped":0,"pct":0}}
,"H:\\Michele\\Università\\Magistrale Polito\\Software Engineering II\\SPG\\SPG\\client\\src\\farmer-component\\UpdateAvailability.js": {"lines":{"total":66,"covered":62,"skipped":0,"pct":93.94},"functions":{"total":26,"covered":22,"skipped":0,"pct":84.62},"statements":{"total":71,"covered":65,"skipped":0,"pct":91.55},"branches":{"total":28,"covered":26,"skipped":0,"pct":92.86}}
,"H:\\Michele\\Università\\Magistrale Polito\\Software Engineering II\\SPG\\SPG\\client\\src\\pages\\AboutPage.js": {"lines":{"total":1,"covered":0,"skipped":0,"pct":0},"functions":{"total":1,"covered":0,"skipped":0,"pct":0},"statements":{"total":1,"covered":0,"skipped":0,"pct":0},"branches":{"total":0,"covered":0,"skipped":0,"pct":100}}
,"H:\\Michele\\Università\\Magistrale Polito\\Software Engineering II\\SPG\\SPG\\client\\src\\pages\\ClientPage.js": {"lines":{"total":12,"covered":7,"skipped":0,"pct":58.33},"functions":{"total":8,"covered":3,"skipped":0,"pct":37.5},"statements":{"total":12,"covered":7,"skipped":0,"pct":58.33},"branches":{"total":14,"covered":11,"skipped":0,"pct":78.57}}
,"H:\\Michele\\Università\\Magistrale Polito\\Software Engineering II\\SPG\\SPG\\client\\src\\pages\\FarmerPage.js": {"lines":{"total":10,"covered":10,"skipped":0,"pct":100},"functions":{"total":6,"covered":6,"skipped":0,"pct":100},"statements":{"total":10,"covered":10,"skipped":0,"pct":100},"branches":{"total":8,"covered":8,"skipped":0,"pct":100}}
,"H:\\Michele\\Università\\Magistrale Polito\\Software Engineering II\\SPG\\SPG\\client\\src\\pages\\HomePage.js": {"lines":{"total":1,"covered":1,"skipped":0,"pct":100},"functions":{"total":1,"covered":1,"skipped":0,"pct":100},"statements":{"total":1,"covered":1,"skipped":0,"pct":100},"branches":{"total":0,"covered":0,"skipped":0,"pct":100}}
,"H:\\Michele\\Università\\Magistrale Polito\\Software Engineering II\\SPG\\SPG\\client\\src\\pages\\Login.js": {"lines":{"total":18,"covered":15,"skipped":0,"pct":83.33},"functions":{"total":5,"covered":4,"skipped":0,"pct":80},"statements":{"total":18,"covered":15,"skipped":0,"pct":83.33},"branches":{"total":10,"covered":6,"skipped":0,"pct":60}}
,"H:\\Michele\\Università\\Magistrale Polito\\Software Engineering II\\SPG\\SPG\\client\\src\\pages\\ShopEmployeePage.js": {"lines":{"total":16,"covered":16,"skipped":0,"pct":100},"functions":{"total":12,"covered":12,"skipped":0,"pct":100},"statements":{"total":16,"covered":16,"skipped":0,"pct":100},"branches":{"total":46,"covered":46,"skipped":0,"pct":100}}
,"H:\\Michele\\Università\\Magistrale Polito\\Software Engineering II\\SPG\\SPG\\client\\src\\shopEmployee-component\\HandOut.js": {"lines":{"total":24,"covered":20,"skipped":0,"pct":83.33},"functions":{"total":9,"covered":7,"skipped":0,"pct":77.78},"statements":{"total":27,"covered":22,"skipped":0,"pct":81.48},"branches":{"total":8,"covered":6,"skipped":0,"pct":75}}
,"H:\\Michele\\Università\\Magistrale Polito\\Software Engineering II\\SPG\\SPG\\client\\src\\shopEmployee-component\\PendingOrders.js": {"lines":{"total":10,"covered":9,"skipped":0,"pct":90},"functions":{"total":5,"covered":4,"skipped":0,"pct":80},"statements":{"total":10,"covered":9,"skipped":0,"pct":90},"branches":{"total":6,"covered":5,"skipped":0,"pct":83.33}}
,"H:\\Michele\\Università\\Magistrale Polito\\Software Engineering II\\SPG\\SPG\\client\\src\\shopEmployee-component\\TopUpWallet.js": {"lines":{"total":28,"covered":26,"skipped":0,"pct":92.86},"functions":{"total":9,"covered":8,"skipped":0,"pct":88.89},"statements":{"total":31,"covered":28,"skipped":0,"pct":90.32},"branches":{"total":19,"covered":17,"skipped":0,"pct":89.47}}
,"H:\\Michele\\Università\\Magistrale Polito\\Software Engineering II\\SPG\\SPG\\client\\src\\ui-components\\BrowseProducts.js": {"lines":{"total":25,"covered":22,"skipped":0,"pct":88},"functions":{"total":10,"covered":8,"skipped":0,"pct":80},"statements":{"total":26,"covered":23,"skipped":0,"pct":88.46},"branches":{"total":8,"covered":8,"skipped":0,"pct":100}}
,"H:\\Michele\\Università\\Magistrale Polito\\Software Engineering II\\SPG\\SPG\\client\\src\\ui-components\\CheckOrders.js": {"lines":{"total":12,"covered":10,"skipped":0,"pct":83.33},"functions":{"total":4,"covered":3,"skipped":0,"pct":75},"statements":{"total":13,"covered":10,"skipped":0,"pct":76.92},"branches":{"total":8,"covered":5,"skipped":0,"pct":62.5}}
,"H:\\Michele\\Università\\Magistrale Polito\\Software Engineering II\\SPG\\SPG\\client\\src\\ui-components\\ErrorToast.js": {"lines":{"total":1,"covered":1,"skipped":0,"pct":100},"functions":{"total":1,"covered":1,"skipped":0,"pct":100},"statements":{"total":1,"covered":1,"skipped":0,"pct":100},"branches":{"total":0,"covered":0,"skipped":0,"pct":100}}
,"H:\\Michele\\Università\\Magistrale Polito\\Software Engineering II\\SPG\\SPG\\client\\src\\ui-components\\Icons.js": {"lines":{"total":16,"covered":16,"skipped":0,"pct":100},"functions":{"total":0,"covered":0,"skipped":0,"pct":100},"statements":{"total":16,"covered":16,"skipped":0,"pct":100},"branches":{"total":0,"covered":0,"skipped":0,"pct":100}}
,"H:\\Michele\\Università\\Magistrale Polito\\Software Engineering II\\SPG\\SPG\\client\\src\\ui-components\\MyNavbar.js": {"lines":{"total":3,"covered":3,"skipped":0,"pct":100},"functions":{"total":2,"covered":2,"skipped":0,"pct":100},"statements":{"total":3,"covered":3,"skipped":0,"pct":100},"branches":{"total":2,"covered":2,"skipped":0,"pct":100}}
,"H:\\Michele\\Università\\Magistrale Polito\\Software Engineering II\\SPG\\SPG\\client\\src\\ui-components\\NewOrder.js": {"lines":{"total":82,"covered":0,"skipped":0,"pct":0},"functions":{"total":38,"covered":0,"skipped":0,"pct":0},"statements":{"total":91,"covered":0,"skipped":0,"pct":0},"branches":{"total":36,"covered":0,"skipped":0,"pct":0}}
,"H:\\Michele\\Università\\Magistrale Polito\\Software Engineering II\\SPG\\SPG\\client\\src\\ui-components\\RegistrationForm.js": {"lines":{"total":37,"covered":37,"skipped":0,"pct":100},"functions":{"total":15,"covered":13,"skipped":0,"pct":86.67},"statements":{"total":39,"covered":37,"skipped":0,"pct":94.87},"branches":{"total":14,"covered":14,"skipped":0,"pct":100}}
,"H:\\Michele\\Università\\Magistrale Polito\\Software Engineering II\\SPG\\SPG\\client\\src\\ui-components\\SearchComponent.js": {"lines":{"total":4,"covered":4,"skipped":0,"pct":100},"functions":{"total":3,"covered":3,"skipped":0,"pct":100},"statements":{"total":4,"covered":4,"skipped":0,"pct":100},"branches":{"total":0,"covered":0,"skipped":0,"pct":100}}
,"H:\\Michele\\Università\\Magistrale Polito\\Software Engineering II\\SPG\\SPG\\client\\src\\ui-components\\SearchForm.js": {"lines":{"total":14,"covered":12,"skipped":0,"pct":85.71},"functions":{"total":3,"covered":2,"skipped":0,"pct":66.67},"statements":{"total":14,"covered":12,"skipped":0,"pct":85.71},"branches":{"total":2,"covered":2,"skipped":0,"pct":100}}
}
