TN:
SF:src\API.js
FN:15,logIn
FN:40,logOut
FN:44,getUserInfo
FNF:3
FNH:2
FNDA:5,logIn
FNDA:0,logOut
FNDA:9,getUserInfo
DA:16,5
DA:23,5
DA:24,5
DA:25,5
DA:26,0
DA:28,5
DA:30,0
DA:31,0
DA:32,0
DA:34,0
DA:35,0
DA:41,0
DA:45,9
DA:48,9
DA:50,8
DA:51,0
DA:53,8
DA:57,9
LF:18
LH:10
BRDA:23,0,0,5
BRDA:23,0,1,0
BRDA:25,1,0,0
BRDA:25,1,1,5
BRDA:45,2,0,0
BRDA:45,2,1,9
BRDA:50,3,0,0
BRDA:50,3,1,8
BRF:8
BRH:4
end_of_record
TN:
SF:src\App.js
FN:26,(anonymous_0)
FN:33,(anonymous_1)
FN:35,(anonymous_2)
FN:41,(anonymous_3)
FN:44,(anonymous_4)
FN:55,(anonymous_5)
FN:62,(anonymous_6)
FN:69,(anonymous_7)
FN:72,timeHandler
FN:88,(anonymous_9)
FNF:10
FNH:8
FNDA:187,(anonymous_0)
FNDA:9,(anonymous_1)
FNDA:9,(anonymous_2)
FNDA:9,(anonymous_3)
FNDA:5,(anonymous_4)
FNDA:0,(anonymous_5)
FNDA:0,(anonymous_6)
FNDA:20,(anonymous_7)
FNDA:46,timeHandler
FNDA:11,(anonymous_9)
DA:26,9
DA:27,187
DA:28,178
DA:29,178
DA:30,178
DA:31,178
DA:33,178
DA:35,9
DA:36,9
DA:37,0
DA:38,0
DA:41,9
DA:44,178
DA:45,5
DA:46,5
DA:47,5
DA:48,5
DA:49,5
DA:51,0
DA:55,178
DA:56,0
DA:57,0
DA:58,0
DA:59,0
DA:62,178
DA:63,0
DA:69,178
DA:70,20
DA:73,46
DA:74,20
DA:75,20
DA:79,44
DA:81,44
DA:84,20
DA:86,20
DA:88,20
DA:91,178
DA:95,178
LF:38
LH:30
BRDA:73,0,0,20
BRDA:73,0,1,26
BRDA:79,1,0,44
BRDA:79,1,1,19
BRDA:128,2,0,0
BRDA:128,2,1,178
BRDA:128,3,0,178
BRDA:128,3,1,120
BRDA:146,4,0,120
BRDA:146,4,1,58
BRDA:146,5,0,178
BRDA:146,5,1,120
BRDA:159,6,0,0
BRDA:159,6,1,178
BRDA:159,7,0,178
BRDA:159,7,1,120
BRDA:184,8,0,0
BRDA:184,8,1,178
BRDA:184,9,0,178
BRDA:184,9,1,120
BRDA:202,10,0,0
BRDA:202,10,1,178
BRDA:202,11,0,178
BRDA:202,11,1,120
BRDA:227,12,0,120
BRDA:227,12,1,58
BRDA:227,13,0,178
BRDA:227,13,1,130
BRDA:229,14,0,0
BRDA:229,14,1,120
BRDA:230,15,0,0
BRDA:230,15,1,120
BRDA:231,16,0,0
BRDA:231,16,1,120
BRDA:232,17,0,120
BRDA:232,17,1,0
BRDA:233,18,0,0
BRDA:233,18,1,120
BRF:38
BRH:29
end_of_record
TN:
SF:src\index.js
FNF:0
FNH:0
DA:7,9
LF:1
LH:1
BRF:0
BRH:0
end_of_record
TN:
SF:src\api\farmerAPI.js
FN:2,getFarmerProducts
FN:13,updateFarmerProducts
FN:30,getFarmerOrders
FN:42,confirmFarmerOrder
FN:57,getFarmerOpenDeliveries
FNF:5
FNH:0
FNDA:0,getFarmerProducts
FNDA:0,updateFarmerProducts
FNDA:0,getFarmerOrders
FNDA:0,confirmFarmerOrder
FNDA:0,getFarmerOpenDeliveries
DA:3,0
DA:4,0
DA:6,0
DA:7,0
DA:9,0
DA:14,0
DA:26,0
DA:32,0
DA:33,0
DA:35,0
DA:36,0
DA:38,0
DA:43,0
DA:53,0
DA:59,0
DA:60,0
DA:62,0
DA:63,0
DA:65,0
DA:69,9
LF:20
LH:1
BRDA:6,0,0,0
BRDA:6,0,1,0
BRDA:35,1,0,0
BRDA:35,1,1,0
BRDA:62,2,0,0
BRDA:62,2,1,0
BRF:6
BRH:0
end_of_record
TN:
SF:src\api\notificationAPI.js
FN:8,getNotification
FN:21,setSeenNotification
FN:35,addNotification
FNF:3
FNH:0
FNDA:0,getNotification
FNDA:0,setSeenNotification
FNDA:0,addNotification
DA:9,0
DA:22,0
DA:36,0
DA:44,9
LF:4
LH:1
BRDA:35,0,0,0
BRF:1
BRH:0
end_of_record
TN:
SF:src\api\orders.js
FN:12,handleOrderAction
FN:36,getOrders
FN:54,getOrder
FN:67,getPendingOrders
FN:77,handOutOrder
FN:95,insertOrder
FN:107,getRequestedProducts
FN:122,deliveryOrder
FN:140,updateOrderProducts
FN:144,(anonymous_9)
FNF:10
FNH:0
FNDA:0,handleOrderAction
FNDA:0,getOrders
FNDA:0,getOrder
FNDA:0,getPendingOrders
FNDA:0,handOutOrder
FNDA:0,insertOrder
FNDA:0,getRequestedProducts
FNDA:0,deliveryOrder
FNDA:0,updateOrderProducts
FNDA:0,(anonymous_9)
DA:14,0
DA:15,0
DA:17,0
DA:20,0
DA:21,0
DA:24,0
DA:38,0
DA:39,0
DA:42,0
DA:55,0
DA:68,0
DA:78,0
DA:96,0
DA:108,0
DA:123,0
DA:141,0
DA:143,0
DA:144,0
DA:145,0
DA:149,0
DA:150,0
DA:152,0
DA:153,0
DA:154,0
DA:155,0
DA:159,0
DA:160,0
DA:169,0
DA:174,9
LF:29
LH:1
BRDA:12,0,0,0
BRDA:12,1,0,0
BRDA:12,2,0,0
BRDA:14,3,0,0
BRDA:14,3,1,0
BRDA:20,4,0,0
BRDA:20,4,1,0
BRDA:36,5,0,0
BRDA:38,6,0,0
BRDA:38,6,1,0
BRDA:67,7,0,0
BRDA:77,8,0,0
BRDA:95,9,0,0
BRDA:95,10,0,0
BRDA:122,11,0,0
BRDA:140,12,0,0
BRDA:141,13,0,0
BRDA:141,13,1,0
BRDA:143,14,0,0
BRDA:143,14,1,0
BRDA:143,15,0,0
BRDA:143,15,1,0
BRDA:153,16,0,0
BRDA:153,16,1,0
BRDA:159,17,0,0
BRDA:159,17,1,0
BRF:26
BRH:0
end_of_record
TN:
SF:src\api\products.js
FN:1,getProducts
FN:6,(anonymous_1)
FN:13,insertProductInBasket
FN:14,(anonymous_3)
FN:19,(anonymous_4)
FN:24,(anonymous_5)
FN:25,(anonymous_6)
FN:27,(anonymous_7)
FN:32,deleteAllBasket
FN:33,(anonymous_9)
FN:36,(anonymous_10)
FN:41,(anonymous_11)
FN:42,(anonymous_12)
FN:44,(anonymous_13)
FN:49,getBasketProducts
FN:54,(anonymous_15)
FNF:16
FNH:0
FNDA:0,getProducts
FNDA:0,(anonymous_1)
FNDA:0,insertProductInBasket
FNDA:0,(anonymous_3)
FNDA:0,(anonymous_4)
FNDA:0,(anonymous_5)
FNDA:0,(anonymous_6)
FNDA:0,(anonymous_7)
FNDA:0,deleteAllBasket
FNDA:0,(anonymous_9)
FNDA:0,(anonymous_10)
FNDA:0,(anonymous_11)
FNDA:0,(anonymous_12)
FNDA:0,(anonymous_13)
FNDA:0,getBasketProducts
FNDA:0,(anonymous_15)
DA:3,0
DA:4,0
DA:5,0
DA:6,0
DA:8,0
DA:14,0
DA:15,0
DA:20,0
DA:21,0
DA:23,0
DA:24,0
DA:25,0
DA:27,0
DA:33,0
DA:34,0
DA:37,0
DA:38,0
DA:40,0
DA:41,0
DA:42,0
DA:44,0
DA:51,0
DA:52,0
DA:53,0
DA:54,0
DA:56,0
DA:61,9
LF:27
LH:1
BRDA:5,0,0,0
BRDA:5,0,1,0
BRDA:20,1,0,0
BRDA:20,1,1,0
BRDA:37,2,0,0
BRDA:37,2,1,0
BRDA:53,3,0,0
BRDA:53,3,1,0
BRF:8
BRH:0
end_of_record
TN:
SF:src\api\testAPI.js
FN:1,restoreTables
FN:2,(anonymous_1)
FN:6,(anonymous_2)
FN:12,(anonymous_3)
FN:15,(anonymous_4)
FN:20,(anonymous_5)
FNF:6
FNH:0
FNDA:0,restoreTables
FNDA:0,(anonymous_1)
FNDA:0,(anonymous_2)
FNDA:0,(anonymous_3)
FNDA:0,(anonymous_4)
FNDA:0,(anonymous_5)
DA:2,0
DA:3,0
DA:7,0
DA:8,0
DA:10,0
DA:13,0
DA:16,0
DA:21,0
DA:26,9
LF:9
LH:1
BRDA:7,0,0,0
BRDA:7,0,1,0
BRF:2
BRH:0
end_of_record
TN:
SF:src\api\time.js
FN:12,setTime
FN:25,getTime
FNF:2
FNH:2
FNDA:12,setTime
FNDA:20,getTime
DA:13,12
DA:27,20
DA:29,18
DA:32,9
LF:4
LH:4
BRDA:12,0,0,0
BRDA:25,1,0,0
BRDA:29,2,0,18
BRDA:29,2,1,0
BRDA:29,3,0,18
BRDA:29,3,1,0
BRF:6
BRH:2
end_of_record
TN:
SF:src\api\unretrieved.js
FN:8,getUnretrievedProducts
FN:13,(anonymous_1)
FN:21,(anonymous_2)
FN:21,(anonymous_3)
FN:23,(anonymous_4)
FN:26,(anonymous_5)
FN:27,(anonymous_6)
FNF:7
FNH:0
FNDA:0,getUnretrievedProducts
FNDA:0,(anonymous_1)
FNDA:0,(anonymous_2)
FNDA:0,(anonymous_3)
FNDA:0,(anonymous_4)
FNDA:0,(anonymous_5)
FNDA:0,(anonymous_6)
DA:4,9
DA:10,0
DA:11,0
DA:12,0
DA:13,0
DA:15,0
DA:21,9
DA:23,0
DA:24,0
DA:25,0
DA:26,0
DA:27,0
DA:30,0
DA:37,9
LF:14
LH:3
BRDA:12,0,0,0
BRDA:12,0,1,0
BRDA:21,1,0,0
BRDA:24,2,0,0
BRDA:24,2,1,0
BRDA:24,2,2,0
BRDA:24,2,3,0
BRDA:24,3,0,0
BRDA:24,3,1,0
BRDA:25,4,0,0
BRDA:25,4,1,0
BRDA:26,5,0,0
BRDA:26,5,1,0
BRDA:31,6,0,0
BRDA:31,6,1,0
BRDA:33,7,0,0
BRDA:33,7,1,0
BRF:17
BRH:0
end_of_record
TN:
SF:src\api\user.js
FN:6,getUserId
FN:15,deleteUser
FN:16,(anonymous_2)
FN:20,(anonymous_3)
FN:27,(anonymous_4)
FN:30,(anonymous_5)
FN:39,(anonymous_6)
FN:46,addClient
FN:47,(anonymous_8)
FN:54,(anonymous_9)
FN:59,(anonymous_10)
FN:60,(anonymous_11)
FN:62,(anonymous_12)
FNF:13
FNH:0
FNDA:0,getUserId
FNDA:0,deleteUser
FNDA:0,(anonymous_2)
FNDA:0,(anonymous_3)
FNDA:0,(anonymous_4)
FNDA:0,(anonymous_5)
FNDA:0,(anonymous_6)
FNDA:0,addClient
FNDA:0,(anonymous_8)
FNDA:0,(anonymous_9)
FNDA:0,(anonymous_10)
FNDA:0,(anonymous_11)
FNDA:0,(anonymous_12)
DA:7,0
DA:8,0
DA:9,0
DA:10,0
DA:11,0
DA:16,0
DA:17,0
DA:21,0
DA:22,0
DA:25,0
DA:28,0
DA:31,0
DA:40,0
DA:47,0
DA:48,0
DA:55,0
DA:56,0
DA:58,0
DA:59,0
DA:60,0
DA:62,0
DA:66,9
LF:22
LH:1
BRDA:9,0,0,0
BRDA:9,0,1,0
BRDA:21,1,0,0
BRDA:21,1,1,0
BRDA:55,2,0,0
BRDA:55,2,1,0
BRF:6
BRH:0
end_of_record
TN:
SF:src\api\utility.js
FN:9,handleFetch
FN:35,(anonymous_1)
FN:37,(anonymous_2)
FN:49,(anonymous_3)
FN:63,parseResponse
FN:88,(anonymous_5)
FN:95,(anonymous_6)
FNF:7
FNH:4
FNDA:32,handleFetch
FNDA:32,(anonymous_1)
FNDA:32,(anonymous_2)
FNDA:0,(anonymous_3)
FNDA:28,parseResponse
FNDA:0,(anonymous_5)
FNDA:0,(anonymous_6)
DA:1,9
DA:3,9
DA:4,9
DA:6,9
DA:7,9
DA:13,32
DA:16,20
DA:22,20
DA:25,12
DA:35,32
DA:36,32
DA:38,32
DA:39,32
DA:40,28
DA:41,28
DA:43,0
DA:46,1
DA:51,0
DA:64,28
DA:66,28
DA:70,28
DA:71,28
DA:74,0
DA:75,0
DA:78,0
DA:79,0
DA:82,0
DA:85,28
DA:88,9
DA:90,0
DA:92,0
DA:95,9
DA:97,0
DA:98,0
DA:99,0
DA:101,0
DA:102,0
DA:105,0
LF:38
LH:23
BRDA:9,0,0,0
BRDA:9,1,0,0
BRDA:13,2,0,0
BRDA:13,2,1,20
BRDA:13,2,2,12
BRDA:40,3,0,28
BRDA:40,3,1,0
BRDA:63,4,0,0
BRDA:63,5,0,10
BRDA:66,6,0,28
BRDA:66,6,1,28
BRDA:66,6,2,28
BRDA:66,6,3,0
BRDA:66,6,4,0
BRDA:66,6,5,0
BRDA:70,7,0,0
BRDA:70,7,1,28
BRDA:74,8,0,0
BRDA:74,8,1,0
BRDA:74,9,0,0
BRDA:74,9,1,0
BRDA:78,10,0,0
BRDA:78,10,1,0
BRDA:78,11,0,0
BRDA:78,11,1,0
BRDA:88,12,0,0
BRDA:88,13,0,0
BRDA:90,14,0,0
BRDA:90,14,1,0
BRDA:92,15,0,0
BRDA:92,15,1,0
BRDA:101,16,0,0
BRDA:101,16,1,0
BRDA:102,17,0,0
BRDA:102,17,1,0
BRDA:105,18,0,0
BRDA:105,18,1,0
BRF:37
BRH:8
end_of_record
TN:
SF:src\api\wallet.js
FN:2,updateWallet
FN:21,getWalletByMail
FNF:2
FNH:0
FNDA:0,updateWallet
FNDA:0,getWalletByMail
DA:3,0
DA:13,0
DA:14,0
DA:16,0
DA:23,0
DA:24,0
DA:25,0
DA:26,0
DA:28,0
DA:32,9
LF:10
LH:1
BRDA:13,0,0,0
BRDA:13,0,1,0
BRDA:25,1,0,0
BRDA:25,1,1,0
BRF:4
BRH:0
end_of_record
TN:
SF:src\api\warehouse.js
FN:1,getOpenDeliveries
FN:6,(anonymous_1)
FN:18,confirmDelivery
FN:20,(anonymous_3)
FN:25,(anonymous_4)
FN:30,(anonymous_5)
FN:31,(anonymous_6)
FN:33,(anonymous_7)
FNF:8
FNH:2
FNDA:10,getOpenDeliveries
FNDA:20,(anonymous_1)
FNDA:0,confirmDelivery
FNDA:0,(anonymous_3)
FNDA:0,(anonymous_4)
FNDA:0,(anonymous_5)
FNDA:0,(anonymous_6)
FNDA:0,(anonymous_7)
DA:3,10
DA:4,10
DA:5,10
DA:6,20
DA:14,0
DA:20,0
DA:21,0
DA:26,0
DA:27,0
DA:29,0
DA:30,0
DA:31,0
DA:33,0
DA:37,9
LF:14
LH:5
BRDA:5,0,0,10
BRDA:5,0,1,0
BRDA:26,1,0,0
BRDA:26,1,1,0
BRF:4
BRH:1
end_of_record
TN:
SF:src\client-component\Basket.js
FN:6,Basket
FN:13,(anonymous_1)
FN:14,(anonymous_2)
FN:16,(anonymous_3)
FN:33,(anonymous_4)
FN:43,(anonymous_5)
FN:69,(anonymous_6)
FN:77,(anonymous_7)
FN:99,(anonymous_8)
FNF:9
FNH:0
FNDA:0,Basket
FNDA:0,(anonymous_1)
FNDA:0,(anonymous_2)
FNDA:0,(anonymous_3)
FNDA:0,(anonymous_4)
FNDA:0,(anonymous_5)
FNDA:0,(anonymous_6)
FNDA:0,(anonymous_7)
FNDA:0,(anonymous_8)
DA:7,0
DA:8,0
DA:9,0
DA:11,0
DA:13,0
DA:14,0
DA:15,0
DA:16,0
DA:19,0
DA:21,0
DA:22,0
DA:25,0
DA:27,0
DA:29,0
DA:33,0
DA:34,0
DA:39,0
DA:40,0
DA:42,0
DA:43,0
DA:47,0
DA:70,0
DA:78,0
DA:100,0
DA:101,0
DA:102,0
LF:26
LH:0
BRDA:15,0,0,0
BRDA:15,0,1,0
BRDA:42,1,0,0
BRDA:42,1,1,0
BRDA:49,2,0,0
BRDA:49,2,1,0
BRDA:50,3,0,0
BRDA:50,3,1,0
BRDA:63,4,0,0
BRDA:63,4,1,0
BRDA:67,5,0,0
BRDA:67,5,1,0
BRDA:101,6,0,0
BRDA:101,6,1,0
BRF:14
BRH:0
end_of_record
TN:
SF:src\client-component\ClientNotifications.js
FN:10,ClientNotifications
FN:19,(anonymous_1)
FN:26,(anonymous_2)
FN:27,(anonymous_3)
FN:32,(anonymous_4)
FN:37,(anonymous_5)
FN:53,(anonymous_6)
FN:62,(anonymous_7)
FN:63,(anonymous_8)
FNF:9
FNH:0
FNDA:0,ClientNotifications
FNDA:0,(anonymous_1)
FNDA:0,(anonymous_2)
FNDA:0,(anonymous_3)
FNDA:0,(anonymous_4)
FNDA:0,(anonymous_5)
FNDA:0,(anonymous_6)
FNDA:0,(anonymous_7)
FNDA:0,(anonymous_8)
DA:12,0
DA:13,0
DA:14,0
DA:16,0
DA:19,0
DA:21,0
DA:22,0
DA:26,0
DA:27,0
DA:28,0
DA:29,0
DA:30,0
DA:31,0
DA:32,0
DA:33,0
DA:34,0
DA:36,0
DA:37,0
DA:38,0
DA:43,0
DA:54,0
DA:62,0
DA:63,0
LF:23
LH:0
BRDA:36,0,0,0
BRDA:36,0,1,0
BRDA:51,1,0,0
BRDA:51,1,1,0
BRDA:62,2,0,0
BRDA:62,2,1,0
BRF:6
BRH:0
end_of_record
TN:
SF:src\client-component\ClientOrder.js
FN:16,ClientOrder
FN:34,(anonymous_1)
FN:35,(anonymous_2)
FN:39,(anonymous_3)
FN:40,(anonymous_4)
FN:41,(anonymous_5)
FN:48,(anonymous_6)
FN:49,(anonymous_7)
FN:50,(anonymous_8)
FN:66,(anonymous_9)
FN:74,(anonymous_10)
FN:81,(anonymous_11)
FN:112,(anonymous_12)
FN:129,(anonymous_13)
FN:134,(anonymous_14)
FN:142,(anonymous_15)
FN:146,(anonymous_16)
FN:147,(anonymous_17)
FN:165,(anonymous_18)
FN:178,(anonymous_19)
FN:188,(anonymous_20)
FN:203,(anonymous_21)
FN:227,(anonymous_22)
FN:244,(anonymous_23)
FN:252,(anonymous_24)
FN:253,(anonymous_25)
FN:262,(anonymous_26)
FN:269,(anonymous_27)
FN:282,(anonymous_28)
FN:290,(anonymous_29)
FN:291,(anonymous_30)
FN:303,(anonymous_31)
FN:308,(anonymous_32)
FNF:33
FNH:0
FNDA:0,ClientOrder
FNDA:0,(anonymous_1)
FNDA:0,(anonymous_2)
FNDA:0,(anonymous_3)
FNDA:0,(anonymous_4)
FNDA:0,(anonymous_5)
FNDA:0,(anonymous_6)
FNDA:0,(anonymous_7)
FNDA:0,(anonymous_8)
FNDA:0,(anonymous_9)
FNDA:0,(anonymous_10)
FNDA:0,(anonymous_11)
FNDA:0,(anonymous_12)
FNDA:0,(anonymous_13)
FNDA:0,(anonymous_14)
FNDA:0,(anonymous_15)
FNDA:0,(anonymous_16)
FNDA:0,(anonymous_17)
FNDA:0,(anonymous_18)
FNDA:0,(anonymous_19)
FNDA:0,(anonymous_20)
FNDA:0,(anonymous_21)
FNDA:0,(anonymous_22)
FNDA:0,(anonymous_23)
FNDA:0,(anonymous_24)
FNDA:0,(anonymous_25)
FNDA:0,(anonymous_26)
FNDA:0,(anonymous_27)
FNDA:0,(anonymous_28)
FNDA:0,(anonymous_29)
FNDA:0,(anonymous_30)
FNDA:0,(anonymous_31)
FNDA:0,(anonymous_32)
DA:17,0
DA:18,0
DA:19,0
DA:20,0
DA:21,0
DA:22,0
DA:23,0
DA:24,0
DA:25,0
DA:26,0
DA:27,0
DA:28,0
DA:29,0
DA:30,0
DA:31,0
DA:32,0
DA:34,0
DA:35,0
DA:36,0
DA:37,0
DA:38,0
DA:39,0
DA:41,0
DA:44,0
DA:45,0
DA:47,0
DA:48,0
DA:50,0
DA:53,0
DA:57,0
DA:58,0
DA:60,0
DA:61,0
DA:66,0
DA:69,0
DA:71,0
DA:72,0
DA:73,0
DA:74,0
DA:78,0
DA:81,0
DA:82,0
DA:83,0
DA:84,0
DA:86,0
DA:87,0
DA:88,0
DA:89,0
DA:91,0
DA:92,0
DA:94,0
DA:95,0
DA:98,0
DA:99,0
DA:100,0
DA:102,0
DA:105,0
DA:107,0
DA:108,0
DA:109,0
DA:112,0
DA:117,0
DA:118,0
DA:119,0
DA:120,0
DA:121,0
DA:122,0
DA:124,0
DA:128,0
DA:130,0
DA:131,0
DA:132,0
DA:135,0
DA:138,0
DA:142,0
DA:143,0
DA:146,0
DA:147,0
DA:148,0
DA:151,0
DA:156,0
DA:158,0
DA:163,0
DA:165,0
DA:167,0
DA:171,0
DA:178,0
DA:189,0
DA:204,0
DA:228,0
DA:229,0
DA:230,0
DA:231,0
DA:232,0
DA:233,0
DA:234,0
DA:245,0
DA:246,0
DA:247,0
DA:248,0
DA:252,0
DA:254,0
DA:263,0
DA:265,0
DA:266,0
DA:270,0
DA:283,0
DA:284,0
DA:285,0
DA:286,0
DA:290,0
DA:292,0
DA:304,0
DA:305,0
DA:309,0
LF:115
LH:0
BRDA:57,0,0,0
BRDA:57,0,1,0
BRDA:71,1,0,0
BRDA:71,1,1,0
BRDA:74,2,0,0
BRDA:74,2,1,0
BRDA:86,3,0,0
BRDA:86,3,1,0
BRDA:87,4,0,0
BRDA:87,4,1,0
BRDA:98,5,0,0
BRDA:98,5,1,0
BRDA:107,6,0,0
BRDA:107,6,1,0
BRDA:107,7,0,0
BRDA:107,7,1,0
BRDA:117,8,0,0
BRDA:117,8,1,0
BRDA:119,9,0,0
BRDA:119,9,1,0
BRDA:151,10,0,0
BRDA:151,10,1,0
BRDA:152,11,0,0
BRDA:152,11,1,0
BRDA:152,11,2,0
BRDA:182,12,0,0
BRDA:182,12,1,0
BRDA:207,13,0,0
BRDA:207,13,1,0
BRDA:211,14,0,0
BRDA:211,14,1,0
BRDA:228,15,0,0
BRDA:228,15,1,0
BRDA:236,16,0,0
BRDA:236,16,1,0
BRDA:238,17,0,0
BRDA:238,17,1,0
BRDA:252,18,0,0
BRDA:252,18,1,0
BRDA:278,19,0,0
BRDA:278,19,1,0
BRDA:278,20,0,0
BRDA:278,20,1,0
BRDA:290,21,0,0
BRDA:290,21,1,0
BRDA:298,22,0,0
BRDA:298,22,1,0
BRDA:298,23,0,0
BRDA:298,23,1,0
BRDA:319,24,0,0
BRDA:319,24,1,0
BRF:51
BRH:0
end_of_record
TN:
SF:src\client-component\MailBox.js
FN:5,(anonymous_0)
FN:9,(anonymous_1)
FN:10,(anonymous_2)
FN:11,(anonymous_3)
FN:30,(anonymous_4)
FN:39,(anonymous_5)
FNF:6
FNH:0
FNDA:0,(anonymous_0)
FNDA:0,(anonymous_1)
FNDA:0,(anonymous_2)
FNDA:0,(anonymous_3)
FNDA:0,(anonymous_4)
FNDA:0,(anonymous_5)
DA:5,9
DA:7,0
DA:8,0
DA:9,0
DA:10,0
DA:11,0
DA:12,0
DA:13,0
DA:16,0
DA:31,0
DA:39,0
LF:11
LH:1
BRDA:30,0,0,0
BRDA:30,0,1,0
BRDA:31,1,0,0
BRDA:31,1,1,0
BRDA:50,2,0,0
BRDA:50,2,1,0
BRDA:52,3,0,0
BRDA:52,3,1,0
BRF:8
BRH:0
end_of_record
TN:
SF:src\client-component\YourOrders.js
FN:22,YourOrders
FN:28,(anonymous_1)
FN:34,(anonymous_2)
FN:35,(anonymous_3)
FN:38,(anonymous_4)
FN:55,(anonymous_5)
FN:56,(anonymous_6)
FN:87,(anonymous_7)
FN:97,(anonymous_8)
FN:111,(anonymous_9)
FN:134,(anonymous_10)
FN:159,(anonymous_11)
FN:174,(anonymous_12)
FN:185,(anonymous_13)
FN:242,(anonymous_14)
FNF:15
FNH:0
FNDA:0,YourOrders
FNDA:0,(anonymous_1)
FNDA:0,(anonymous_2)
FNDA:0,(anonymous_3)
FNDA:0,(anonymous_4)
FNDA:0,(anonymous_5)
FNDA:0,(anonymous_6)
FNDA:0,(anonymous_7)
FNDA:0,(anonymous_8)
FNDA:0,(anonymous_9)
FNDA:0,(anonymous_10)
FNDA:0,(anonymous_11)
FNDA:0,(anonymous_12)
FNDA:0,(anonymous_13)
FNDA:0,(anonymous_14)
DA:23,0
DA:24,0
DA:25,0
DA:26,0
DA:27,0
DA:28,0
DA:29,0
DA:30,0
DA:31,0
DA:32,0
DA:34,0
DA:35,0
DA:38,0
DA:39,0
DA:41,0
DA:42,0
DA:43,0
DA:44,0
DA:45,0
DA:46,0
DA:47,0
DA:49,0
DA:51,0
DA:52,0
DA:55,0
DA:56,0
DA:57,0
DA:59,0
DA:60,0
DA:61,0
DA:64,0
DA:67,0
DA:88,0
DA:97,0
DA:112,0
DA:113,0
DA:134,0
DA:159,0
DA:175,0
DA:176,0
DA:186,0
DA:187,0
DA:242,0
LF:43
LH:0
BRDA:41,0,0,0
BRDA:41,0,1,0
BRDA:41,1,0,0
BRDA:41,1,1,0
BRDA:44,2,0,0
BRDA:44,2,1,0
BRDA:44,3,0,0
BRDA:44,3,1,0
BRDA:44,3,2,0
BRDA:60,4,0,0
BRDA:60,4,1,0
BRDA:70,5,0,0
BRDA:70,5,1,0
BRDA:76,6,0,0
BRDA:76,6,1,0
BRDA:89,7,0,0
BRDA:89,7,1,0
BRDA:91,8,0,0
BRDA:91,8,1,0
BRDA:91,9,0,0
BRDA:91,9,1,0
BRDA:91,9,2,0
BRDA:91,9,3,0
BRDA:91,9,4,0
BRDA:104,10,0,0
BRDA:104,10,1,0
BRDA:104,11,0,0
BRDA:104,11,1,0
BRDA:104,11,2,0
BRDA:104,11,3,0
BRDA:104,11,4,0
BRDA:156,12,0,0
BRDA:156,12,1,0
BRDA:192,13,0,0
BRDA:192,13,1,0
BRDA:192,14,0,0
BRDA:192,14,1,0
BRDA:206,15,0,0
BRDA:206,15,1,0
BRDA:211,16,0,0
BRDA:211,16,1,0
BRDA:229,17,0,0
BRDA:229,17,1,0
BRF:43
BRH:0
end_of_record
TN:
SF:src\farmer-component\ConfirmProducts.js
FN:7,ConfirmProducts
FN:18,(anonymous_1)
FN:19,(anonymous_2)
FN:26,(anonymous_3)
FN:34,(anonymous_4)
FN:44,(anonymous_5)
FN:50,(anonymous_6)
FN:51,(anonymous_7)
FN:64,(anonymous_8)
FN:66,(anonymous_9)
FN:67,(anonymous_10)
FN:74,(anonymous_11)
FN:96,(anonymous_12)
FN:97,(anonymous_13)
FN:110,(anonymous_14)
FNF:15
FNH:0
FNDA:0,ConfirmProducts
FNDA:0,(anonymous_1)
FNDA:0,(anonymous_2)
FNDA:0,(anonymous_3)
FNDA:0,(anonymous_4)
FNDA:0,(anonymous_5)
FNDA:0,(anonymous_6)
FNDA:0,(anonymous_7)
FNDA:0,(anonymous_8)
FNDA:0,(anonymous_9)
FNDA:0,(anonymous_10)
FNDA:0,(anonymous_11)
FNDA:0,(anonymous_12)
FNDA:0,(anonymous_13)
FNDA:0,(anonymous_14)
DA:8,0
DA:9,0
DA:10,0
DA:11,0
DA:12,0
DA:18,0
DA:19,0
DA:20,0
DA:21,0
DA:22,0
DA:24,0
DA:26,0
DA:27,0
DA:28,0
DA:29,0
DA:31,0
DA:34,0
DA:36,0
DA:37,0
DA:40,0
DA:41,0
DA:44,0
DA:45,0
DA:46,0
DA:47,0
DA:48,0
DA:50,0
DA:51,0
DA:52,0
DA:53,0
DA:59,0
DA:64,0
DA:65,0
DA:66,0
DA:67,0
DA:70,0
DA:74,0
DA:96,0
DA:98,0
DA:111,0
LF:40
LH:0
BRDA:28,0,0,0
BRDA:28,0,1,0
BRDA:45,1,0,0
BRDA:45,1,1,0
BRDA:45,2,0,0
BRDA:45,2,1,0
BRDA:52,3,0,0
BRDA:52,3,1,0
BRDA:65,4,0,0
BRDA:65,4,1,0
BRDA:66,5,0,0
BRDA:66,5,1,0
BRDA:73,6,0,0
BRDA:73,6,1,0
BRDA:81,7,0,0
BRDA:81,7,1,0
BRDA:85,8,0,0
BRDA:85,8,1,0
BRF:18
BRH:0
end_of_record
TN:
SF:src\farmer-component\UpdateAvailability.js
FN:16,UpdateAvailability
FN:17,(anonymous_1)
FN:18,(anonymous_2)
FN:29,(anonymous_3)
FN:68,(anonymous_4)
FN:87,(anonymous_5)
FN:94,(anonymous_6)
FN:107,(anonymous_7)
FN:129,(anonymous_8)
FN:179,(anonymous_9)
FN:190,(anonymous_10)
FN:200,(anonymous_11)
FNF:12
FNH:0
FNDA:0,UpdateAvailability
FNDA:0,(anonymous_1)
FNDA:0,(anonymous_2)
FNDA:0,(anonymous_3)
FNDA:0,(anonymous_4)
FNDA:0,(anonymous_5)
FNDA:0,(anonymous_6)
FNDA:0,(anonymous_7)
FNDA:0,(anonymous_8)
FNDA:0,(anonymous_9)
FNDA:0,(anonymous_10)
FNDA:0,(anonymous_11)
DA:17,0
DA:18,0
DA:21,0
DA:22,0
DA:23,0
DA:26,0
DA:29,0
DA:31,0
DA:32,0
DA:33,0
DA:36,0
DA:37,0
DA:39,0
DA:40,0
DA:45,0
DA:48,0
DA:54,0
DA:56,0
DA:58,0
DA:61,0
DA:62,0
DA:63,0
DA:65,0
DA:66,0
DA:68,0
DA:69,0
DA:79,0
DA:82,0
DA:87,0
DA:95,0
DA:108,0
DA:109,0
DA:110,0
DA:113,0
DA:115,0
DA:116,0
DA:130,0
DA:131,0
DA:132,0
DA:135,0
DA:137,0
DA:138,0
DA:180,0
DA:181,0
DA:190,0
DA:200,0
LF:46
LH:0
BRDA:22,0,0,0
BRDA:22,0,1,0
BRDA:31,1,0,0
BRDA:31,1,1,0
BRDA:39,2,0,0
BRDA:39,2,1,0
BRDA:39,3,0,0
BRDA:39,3,1,0
BRDA:54,4,0,0
BRDA:54,4,1,0
BRDA:108,5,0,0
BRDA:108,5,1,0
BRDA:115,6,0,0
BRDA:115,6,1,0
BRDA:115,7,0,0
BRDA:115,7,1,0
BRDA:130,8,0,0
BRDA:130,8,1,0
BRDA:137,9,0,0
BRDA:137,9,1,0
BRDA:137,10,0,0
BRDA:137,10,1,0
BRDA:157,11,0,0
BRDA:157,11,1,0
BRDA:180,12,0,0
BRDA:180,12,1,0
BRF:26
BRH:0
end_of_record
TN:
SF:src\manager-component\SeeStatistics.js
FN:6,SeeStatistics
FN:11,(anonymous_1)
FN:13,(anonymous_2)
FN:38,(anonymous_3)
FN:44,(anonymous_4)
FN:60,(anonymous_5)
FNF:6
FNH:0
FNDA:0,SeeStatistics
FNDA:0,(anonymous_1)
FNDA:0,(anonymous_2)
FNDA:0,(anonymous_3)
FNDA:0,(anonymous_4)
FNDA:0,(anonymous_5)
DA:7,0
DA:8,0
DA:9,0
DA:11,0
DA:13,0
DA:14,0
DA:15,0
DA:16,0
DA:17,0
DA:21,0
DA:26,0
DA:38,0
DA:44,0
DA:61,0
LF:14
LH:0
BRDA:30,0,0,0
BRDA:30,0,1,0
BRDA:34,1,0,0
BRDA:34,1,1,0
BRDA:66,2,0,0
BRDA:66,2,1,0
BRF:6
BRH:0
end_of_record
TN:
SF:src\pages\AboutPage.js
FN:4,AboutPage
FNF:1
FNH:0
FNDA:0,AboutPage
DA:5,0
LF:1
LH:0
BRF:0
BRH:0
end_of_record
TN:
SF:src\pages\ClientPage.js
FN:19,ClientPage
FN:23,(anonymous_1)
FN:27,(anonymous_2)
FN:29,(anonymous_3)
FN:34,(anonymous_4)
FN:39,(anonymous_5)
FN:45,(anonymous_6)
FN:46,(anonymous_7)
FN:46,(anonymous_8)
FN:52,(anonymous_9)
FN:67,(anonymous_10)
FN:84,(anonymous_11)
FN:99,(anonymous_12)
FN:114,(anonymous_13)
FNF:14
FNH:0
FNDA:0,ClientPage
FNDA:0,(anonymous_1)
FNDA:0,(anonymous_2)
FNDA:0,(anonymous_3)
FNDA:0,(anonymous_4)
FNDA:0,(anonymous_5)
FNDA:0,(anonymous_6)
FNDA:0,(anonymous_7)
FNDA:0,(anonymous_8)
FNDA:0,(anonymous_9)
FNDA:0,(anonymous_10)
FNDA:0,(anonymous_11)
FNDA:0,(anonymous_12)
FNDA:0,(anonymous_13)
DA:20,0
DA:21,0
DA:22,0
DA:23,0
DA:24,0
DA:27,0
DA:28,0
DA:29,0
DA:30,0
DA:34,0
DA:35,0
DA:36,0
DA:39,0
DA:40,0
DA:43,0
DA:45,0
DA:46,0
DA:49,0
DA:52,0
DA:68,0
DA:85,0
DA:100,0
DA:115,0
LF:23
LH:0
BRDA:28,0,0,0
BRDA:28,0,1,0
BRDA:46,1,0,0
BRDA:46,1,1,0
BRDA:55,2,0,0
BRDA:55,2,1,0
BRDA:62,3,0,0
BRDA:62,3,1,0
BRDA:132,4,0,0
BRDA:132,4,1,0
BRDA:138,5,0,0
BRDA:138,5,1,0
BRDA:140,6,0,0
BRDA:140,6,1,0
BRDA:140,7,0,0
BRDA:140,7,1,0
BRDA:140,7,2,0
BRDA:140,7,3,0
BRDA:153,8,0,0
BRDA:153,8,1,0
BRDA:164,9,0,0
BRDA:164,9,1,0
BRF:22
BRH:0
end_of_record
TN:
SF:src\pages\FarmerPage.js
FN:12,FarmerPage
FN:15,(anonymous_1)
FN:19,(anonymous_2)
FN:25,(anonymous_3)
FN:26,(anonymous_4)
FN:26,(anonymous_5)
FN:32,(anonymous_6)
FN:47,(anonymous_7)
FN:62,(anonymous_8)
FNF:9
FNH:0
FNDA:0,FarmerPage
FNDA:0,(anonymous_1)
FNDA:0,(anonymous_2)
FNDA:0,(anonymous_3)
FNDA:0,(anonymous_4)
FNDA:0,(anonymous_5)
FNDA:0,(anonymous_6)
FNDA:0,(anonymous_7)
FNDA:0,(anonymous_8)
DA:13,0
DA:14,0
DA:15,0
DA:16,0
DA:19,0
DA:20,0
DA:23,0
DA:25,0
DA:26,0
DA:29,0
DA:32,0
DA:48,0
DA:63,0
LF:13
LH:0
BRDA:26,0,0,0
BRDA:26,0,1,0
BRDA:35,1,0,0
BRDA:35,1,1,0
BRDA:43,2,0,0
BRDA:43,2,1,0
BRDA:80,3,0,0
BRDA:80,3,1,0
BRDA:82,4,0,0
BRDA:82,4,1,0
BRDA:82,5,0,0
BRDA:82,5,1,0
BRDA:82,5,2,0
BRDA:82,5,3,0
BRDA:82,5,4,0
BRDA:82,5,5,0
BRDA:97,6,0,0
BRDA:97,6,1,0
BRDA:99,7,0,0
BRDA:99,7,1,0
BRDA:99,8,0,0
BRDA:99,8,1,0
BRDA:99,8,2,0
BRDA:99,8,3,0
BRF:24
BRH:0
end_of_record
TN:
SF:src\pages\HomePage.js
FN:5,HomePage
FNF:1
FNH:1
FNDA:22,HomePage
DA:7,22
LF:1
LH:1
BRF:0
BRH:0
end_of_record
TN:
SF:src\pages\Login.js
FN:8,LoginForm
FN:13,(anonymous_1)
FN:31,(anonymous_2)
FN:66,(anonymous_3)
FN:76,(anonymous_4)
FNF:5
FNH:4
FNDA:340,LoginForm
FNDA:5,(anonymous_1)
FNDA:0,(anonymous_2)
FNDA:105,(anonymous_3)
FNDA:40,(anonymous_4)
DA:9,340
DA:10,340
DA:11,340
DA:13,340
DA:14,5
DA:15,5
DA:18,5
DA:19,5
DA:21,0
DA:22,0
DA:25,5
DA:26,5
DA:27,5
DA:31,340
DA:32,0
DA:35,340
DA:66,105
DA:76,40
LF:18
LH:15
BRDA:19,0,0,0
BRDA:19,0,1,5
BRDA:19,1,0,5
BRDA:19,1,1,5
BRDA:25,2,0,5
BRDA:25,2,1,0
BRF:6
BRH:4
end_of_record
TN:
SF:src\pages\ManagerPage.js
FN:8,ManagerPage
FN:14,(anonymous_1)
FN:15,(anonymous_2)
FN:15,(anonymous_3)
FN:33,(anonymous_4)
FNF:5
FNH:0
FNDA:0,ManagerPage
FNDA:0,(anonymous_1)
FNDA:0,(anonymous_2)
FNDA:0,(anonymous_3)
FNDA:0,(anonymous_4)
DA:10,0
DA:12,0
DA:14,0
DA:15,0
DA:18,0
DA:34,0
LF:6
LH:0
BRDA:15,0,0,0
BRDA:15,0,1,0
BRDA:21,1,0,0
BRDA:21,1,1,0
BRDA:29,2,0,0
BRDA:29,2,1,0
BRDA:50,3,0,0
BRDA:50,3,1,0
BRF:8
BRH:0
end_of_record
TN:
SF:src\pages\ShopEmployeePage.js
FN:25,ShopEmployee
FN:30,(anonymous_1)
FN:37,(anonymous_2)
FN:38,(anonymous_3)
FN:38,(anonymous_4)
FN:44,(anonymous_5)
FN:53,(anonymous_6)
FN:67,(anonymous_7)
FN:82,(anonymous_8)
FN:97,(anonymous_9)
FN:112,(anonymous_10)
FN:125,(anonymous_11)
FN:139,(anonymous_12)
FNF:13
FNH:0
FNDA:0,ShopEmployee
FNDA:0,(anonymous_1)
FNDA:0,(anonymous_2)
FNDA:0,(anonymous_3)
FNDA:0,(anonymous_4)
FNDA:0,(anonymous_5)
FNDA:0,(anonymous_6)
FNDA:0,(anonymous_7)
FNDA:0,(anonymous_8)
FNDA:0,(anonymous_9)
FNDA:0,(anonymous_10)
FNDA:0,(anonymous_11)
FNDA:0,(anonymous_12)
DA:27,0
DA:28,0
DA:30,0
DA:31,0
DA:35,0
DA:37,0
DA:38,0
DA:41,0
DA:44,0
DA:54,0
DA:68,0
DA:83,0
DA:98,0
DA:113,0
DA:126,0
DA:140,0
LF:16
LH:0
BRDA:38,0,0,0
BRDA:38,0,1,0
BRDA:48,1,0,0
BRDA:48,1,1,0
BRDA:154,2,0,0
BRDA:154,2,1,0
BRDA:161,3,0,0
BRDA:161,3,1,0
BRDA:167,4,0,0
BRDA:167,4,1,0
BRDA:179,5,0,0
BRDA:179,5,1,0
BRDA:181,6,0,0
BRDA:181,6,1,0
BRDA:181,7,0,0
BRDA:181,7,1,0
BRDA:181,7,2,0
BRDA:181,7,3,0
BRDA:194,8,0,0
BRDA:194,8,1,0
BRDA:200,9,0,0
BRDA:200,9,1,0
BRDA:202,10,0,0
BRDA:202,10,1,0
BRDA:202,11,0,0
BRDA:202,11,1,0
BRDA:202,11,2,0
BRDA:202,11,3,0
BRDA:202,11,4,0
BRDA:211,12,0,0
BRDA:211,12,1,0
BRF:31
BRH:0
end_of_record
TN:
SF:src\pages\WarehousePage.js
FN:8,WarehousePage
FN:14,(anonymous_1)
FN:15,(anonymous_2)
FN:15,(anonymous_3)
FN:33,(anonymous_4)
FNF:5
FNH:4
FNDA:125,WarehousePage
FNDA:10,(anonymous_1)
FNDA:15,(anonymous_2)
FNDA:0,(anonymous_3)
FNDA:5,(anonymous_4)
DA:10,125
DA:12,120
DA:14,120
DA:15,15
DA:18,120
DA:34,5
LF:6
LH:6
BRDA:15,0,0,5
BRDA:15,0,1,10
BRDA:21,1,0,120
BRDA:21,1,1,0
BRDA:29,2,0,20
BRDA:29,2,1,100
BRDA:50,3,0,100
BRDA:50,3,1,20
BRDA:52,4,0,34
BRDA:52,4,1,66
BRDA:52,5,0,100
BRDA:52,5,1,26
BRDA:52,5,2,74
BRDA:52,5,3,8
BRF:14
BRH:13
end_of_record
TN:
SF:src\shopEmployee-component\HandOut.js
FN:9,HandOut
FN:13,(anonymous_1)
FN:22,(anonymous_2)
FN:27,(anonymous_3)
FN:29,(anonymous_4)
FN:37,(anonymous_5)
FN:48,(anonymous_6)
FN:54,(anonymous_7)
FN:62,(anonymous_8)
FNF:9
FNH:0
FNDA:0,HandOut
FNDA:0,(anonymous_1)
FNDA:0,(anonymous_2)
FNDA:0,(anonymous_3)
FNDA:0,(anonymous_4)
FNDA:0,(anonymous_5)
FNDA:0,(anonymous_6)
FNDA:0,(anonymous_7)
FNDA:0,(anonymous_8)
DA:10,0
DA:11,0
DA:13,0
DA:15,0
DA:16,0
DA:17,0
DA:19,0
DA:22,0
DA:23,0
DA:25,0
DA:26,0
DA:29,0
DA:31,0
DA:33,0
DA:34,0
DA:38,0
DA:43,0
DA:48,0
DA:55,0
DA:63,0
LF:20
LH:0
BRDA:16,0,0,0
BRDA:16,0,1,0
BRDA:23,1,0,0
BRDA:23,1,1,0
BRDA:31,2,0,0
BRDA:31,2,1,0
BRDA:57,3,0,0
BRDA:57,3,1,0
BRF:8
BRH:0
end_of_record
TN:
SF:src\shopEmployee-component\PendingOrders.js
FN:8,PendingOrders
FN:14,(anonymous_1)
FN:15,(anonymous_2)
FN:16,(anonymous_3)
FN:24,(anonymous_4)
FN:31,(anonymous_5)
FN:39,(anonymous_6)
FN:62,(anonymous_7)
FN:72,(anonymous_8)
FN:81,(anonymous_9)
FNF:10
FNH:0
FNDA:0,PendingOrders
FNDA:0,(anonymous_1)
FNDA:0,(anonymous_2)
FNDA:0,(anonymous_3)
FNDA:0,(anonymous_4)
FNDA:0,(anonymous_5)
FNDA:0,(anonymous_6)
FNDA:0,(anonymous_7)
FNDA:0,(anonymous_8)
FNDA:0,(anonymous_9)
DA:9,0
DA:10,0
DA:11,0
DA:12,0
DA:14,0
DA:15,0
DA:16,0
DA:17,0
DA:18,0
DA:21,0
DA:24,0
DA:25,0
DA:31,0
DA:34,0
DA:39,0
DA:63,0
DA:72,0
DA:81,0
LF:18
LH:0
BRDA:44,0,0,0
BRDA:44,0,1,0
BRDA:61,1,0,0
BRDA:61,1,1,0
BRF:4
BRH:0
end_of_record
TN:
SF:src\shopEmployee-component\TopUpWallet.js
FN:9,TopUpWallet
FN:15,(anonymous_1)
FN:18,(anonymous_2)
FN:20,(anonymous_3)
FN:25,(anonymous_4)
FN:32,(anonymous_5)
FN:39,(anonymous_6)
FN:59,(anonymous_7)
FN:83,(anonymous_8)
FNF:9
FNH:0
FNDA:0,TopUpWallet
FNDA:0,(anonymous_1)
FNDA:0,(anonymous_2)
FNDA:0,(anonymous_3)
FNDA:0,(anonymous_4)
FNDA:0,(anonymous_5)
FNDA:0,(anonymous_6)
FNDA:0,(anonymous_7)
FNDA:0,(anonymous_8)
DA:10,0
DA:11,0
DA:12,0
DA:13,0
DA:14,0
DA:15,0
DA:16,0
DA:18,0
DA:19,0
DA:21,0
DA:22,0
DA:23,0
DA:26,0
DA:27,0
DA:32,0
DA:33,0
DA:34,0
DA:35,0
DA:38,0
DA:39,0
DA:40,0
DA:41,0
DA:43,0
DA:44,0
DA:46,0
DA:50,0
DA:59,0
DA:84,0
DA:88,0
DA:89,0
DA:90,0
LF:31
LH:0
BRDA:16,0,0,0
BRDA:16,0,1,0
BRDA:34,1,0,0
BRDA:34,1,1,0
BRDA:34,2,0,0
BRDA:34,2,1,0
BRDA:34,2,2,0
BRDA:38,3,0,0
BRDA:38,3,1,0
BRDA:66,4,0,0
BRDA:66,4,1,0
BRDA:68,5,0,0
BRDA:68,5,1,0
BRDA:84,6,0,0
BRDA:84,6,1,0
BRDA:85,7,0,0
BRDA:85,7,1,0
BRF:17
BRH:0
end_of_record
TN:
SF:src\ui-components\BrowseProducts.js
FN:10,BrowserProducts
FN:17,(anonymous_1)
FN:21,(anonymous_2)
FN:22,(anonymous_3)
FN:30,(anonymous_4)
FN:40,(anonymous_5)
FNF:6
FNH:0
FNDA:0,BrowserProducts
FNDA:0,(anonymous_1)
FNDA:0,(anonymous_2)
FNDA:0,(anonymous_3)
FNDA:0,(anonymous_4)
FNDA:0,(anonymous_5)
DA:12,0
DA:13,0
DA:14,0
DA:15,0
DA:17,0
DA:18,0
DA:21,0
DA:22,0
DA:23,0
DA:25,0
DA:26,0
DA:27,0
DA:30,0
DA:31,0
DA:32,0
DA:36,0
DA:40,0
LF:17
LH:0
BRDA:45,0,0,0
BRDA:45,0,1,0
BRF:2
BRH:0
end_of_record
TN:
SF:src\ui-components\CheckOrders.js
FN:8,CheckOrders
FN:13,(anonymous_1)
FN:29,(anonymous_2)
FN:45,(anonymous_3)
FNF:4
FNH:0
FNDA:0,CheckOrders
FNDA:0,(anonymous_1)
FNDA:0,(anonymous_2)
FNDA:0,(anonymous_3)
DA:10,0
DA:11,0
DA:13,0
DA:14,0
DA:15,0
DA:16,0
DA:17,0
DA:18,0
DA:20,0
DA:24,0
DA:29,0
DA:46,0
LF:12
LH:0
BRDA:15,0,0,0
BRDA:15,0,1,0
BRDA:17,1,0,0
BRDA:17,1,1,0
BRDA:35,2,0,0
BRDA:35,2,1,0
BRDA:48,3,0,0
BRDA:48,3,1,0
BRF:8
BRH:0
end_of_record
TN:
SF:src\ui-components\Icons.js
FN:1,getDefaultProps
FN:292,(anonymous_1)
FN:300,(anonymous_2)
FN:305,(anonymous_3)
FN:313,(anonymous_4)
FN:323,(anonymous_5)
FNF:6
FNH:0
FNDA:0,getDefaultProps
FNDA:0,(anonymous_1)
FNDA:0,(anonymous_2)
FNDA:0,(anonymous_3)
FNDA:0,(anonymous_4)
FNDA:0,(anonymous_5)
DA:2,0
DA:3,0
DA:6,0
DA:21,9
DA:37,9
DA:49,9
DA:68,9
DA:80,9
DA:93,9
DA:109,9
DA:121,9
DA:137,9
DA:149,9
DA:161,9
DA:174,9
DA:186,9
DA:201,9
DA:214,9
DA:226,9
DA:239,9
DA:252,9
DA:264,9
DA:280,9
DA:292,9
DA:293,0
DA:300,9
DA:301,0
DA:305,9
DA:306,0
DA:313,9
DA:314,0
DA:323,9
DA:324,0
LF:33
LH:25
BRDA:1,0,0,0
BRDA:2,1,0,0
BRDA:2,1,1,0
BRF:3
BRH:0
end_of_record
TN:
SF:src\ui-components\MyNavbar.js
FN:13,MyNavbar
FN:18,(anonymous_1)
FN:24,(anonymous_2)
FN:53,(anonymous_3)
FN:76,(anonymous_4)
FN:88,(anonymous_5)
FN:101,(anonymous_6)
FN:120,(anonymous_7)
FN:135,(anonymous_8)
FN:156,(anonymous_9)
FNF:10
FNH:7
FNDA:375,MyNavbar
FNDA:52,(anonymous_1)
FNDA:622,(anonymous_2)
FNDA:0,(anonymous_3)
FNDA:0,(anonymous_4)
FNDA:0,(anonymous_5)
FNDA:8,(anonymous_6)
FNDA:12,(anonymous_7)
FNDA:12,(anonymous_8)
FNDA:12,(anonymous_9)
DA:15,375
DA:16,366
DA:18,366
DA:20,52
DA:24,366
DA:25,622
DA:28,366
DA:30,366
DA:32,366
DA:54,0
DA:55,0
DA:77,0
DA:78,0
DA:88,0
DA:102,8
DA:104,8
DA:109,8
DA:110,8
DA:121,12
DA:123,12
DA:137,12
DA:139,10
DA:141,10
DA:143,10
DA:156,12
LF:25
LH:20
BRDA:15,0,0,375
BRDA:15,0,1,0
BRDA:25,1,0,622
BRDA:25,1,1,157
BRDA:25,1,2,0
BRDA:28,2,0,366
BRDA:28,2,1,366
BRDA:51,3,0,290
BRDA:51,3,1,76
BRDA:70,4,0,290
BRDA:70,4,1,76
BRDA:70,5,0,366
BRDA:70,5,1,76
BRDA:73,6,0,250
BRDA:73,6,1,40
BRDA:77,7,0,0
BRDA:77,7,1,0
BRDA:85,8,0,290
BRDA:85,8,1,0
BRDA:104,9,0,8
BRDA:104,9,1,0
BRF:21
BRH:15
end_of_record
TN:
SF:src\ui-components\Page.js
FN:4,(anonymous_0)
FN:22,(anonymous_1)
FN:34,(anonymous_2)
FN:46,(anonymous_3)
FN:61,(anonymous_4)
FN:78,(anonymous_5)
FN:93,(anonymous_6)
FN:109,(anonymous_7)
FNF:8
FNH:8
FNDA:1965,(anonymous_0)
FNDA:120,(anonymous_1)
FNDA:64,(anonymous_2)
FNDA:64,(anonymous_3)
FNDA:477,(anonymous_4)
FNDA:145,(anonymous_5)
FNDA:120,(anonymous_6)
FNDA:975,(anonymous_7)
DA:4,9
DA:6,1965
DA:8,1942
DA:10,1942
DA:11,0
DA:14,1942
DA:15,966
DA:18,1942
DA:22,9
DA:24,120
DA:25,120
DA:27,120
DA:34,9
DA:36,64
DA:37,64
DA:39,64
DA:46,9
DA:48,64
DA:50,64
DA:52,64
DA:61,9
DA:63,477
DA:65,468
DA:67,468
DA:68,0
DA:71,468
DA:78,9
DA:80,145
DA:82,140
DA:83,140
DA:86,140
DA:93,9
DA:95,120
DA:97,120
DA:98,120
DA:101,0
DA:104,120
DA:109,9
DA:111,975
DA:112,966
DA:114,966
DA:116,966
LF:42
LH:39
BRDA:6,0,0,1965
BRDA:6,0,1,1942
BRDA:8,1,0,1942
BRDA:8,1,1,1612
BRDA:10,2,0,0
BRDA:10,2,1,1942
BRDA:14,3,0,966
BRDA:14,3,1,976
BRDA:14,4,0,1942
BRDA:14,4,1,966
BRDA:67,5,0,0
BRDA:67,5,1,468
BRDA:82,6,0,140
BRDA:82,6,1,0
BRDA:97,7,0,120
BRDA:97,7,1,0
BRF:16
BRH:12
end_of_record
TN:
SF:src\ui-components\Products.js
FN:12,(anonymous_0)
FN:20,(anonymous_1)
FN:40,(anonymous_2)
FN:42,(anonymous_3)
FN:42,(anonymous_4)
FN:49,(anonymous_5)
FN:55,(anonymous_6)
FN:77,(anonymous_7)
FN:89,(anonymous_8)
FN:100,(anonymous_9)
FN:143,(anonymous_10)
FN:151,(anonymous_11)
FN:187,(anonymous_12)
FN:208,(anonymous_13)
FNF:14
FNH:0
FNDA:0,(anonymous_0)
FNDA:0,(anonymous_1)
FNDA:0,(anonymous_2)
FNDA:0,(anonymous_3)
FNDA:0,(anonymous_4)
FNDA:0,(anonymous_5)
FNDA:0,(anonymous_6)
FNDA:0,(anonymous_7)
FNDA:0,(anonymous_8)
FNDA:0,(anonymous_9)
FNDA:0,(anonymous_10)
FNDA:0,(anonymous_11)
FNDA:0,(anonymous_12)
FNDA:0,(anonymous_13)
DA:12,9
DA:14,0
DA:15,0
DA:16,0
DA:18,0
DA:20,0
DA:22,0
DA:24,0
DA:25,0
DA:26,0
DA:28,0
DA:29,0
DA:31,0
DA:32,0
DA:35,0
DA:38,0
DA:40,0
DA:42,0
DA:46,0
DA:51,0
DA:53,0
DA:55,0
DA:57,0
DA:58,0
DA:62,0
DA:77,9
DA:79,0
DA:80,0
DA:82,0
DA:83,0
DA:85,0
DA:87,0
DA:89,0
DA:91,0
DA:92,0
DA:96,0
DA:97,0
DA:100,0
DA:102,0
DA:103,0
DA:104,0
DA:107,0
DA:108,0
DA:109,0
DA:112,0
DA:115,0
DA:116,0
DA:118,0
DA:143,0
DA:153,0
DA:155,0
DA:156,0
DA:157,0
DA:160,0
DA:161,0
DA:162,0
DA:165,0
DA:166,0
DA:167,0
DA:170,0
DA:172,0
DA:173,0
DA:176,0
DA:187,0
DA:210,0
DA:212,0
DA:214,0
DA:216,0
DA:217,0
DA:218,0
LF:70
LH:2
BRDA:18,0,0,0
BRDA:18,0,1,0
BRDA:22,1,0,0
BRDA:22,1,1,0
BRDA:24,2,0,0
BRDA:24,2,1,0
BRDA:24,3,0,0
BRDA:24,3,1,0
BRDA:25,4,0,0
BRDA:25,4,1,0
BRDA:25,5,0,0
BRDA:25,5,1,0
BRDA:25,5,2,0
BRDA:26,6,0,0
BRDA:26,6,1,0
BRDA:28,7,0,0
BRDA:28,7,1,0
BRDA:28,8,0,0
BRDA:28,8,1,0
BRDA:28,8,2,0
BRDA:29,9,0,0
BRDA:29,9,1,0
BRDA:31,10,0,0
BRDA:31,10,1,0
BRDA:31,11,0,0
BRDA:31,11,1,0
BRDA:31,11,2,0
BRDA:32,12,0,0
BRDA:32,12,1,0
BRDA:42,13,0,0
BRDA:42,13,1,0
BRDA:53,14,0,0
BRDA:53,14,1,0
BRDA:57,15,0,0
BRDA:57,15,1,0
BRDA:58,16,0,0
BRDA:58,16,1,0
BRDA:87,17,0,0
BRDA:87,17,1,0
BRDA:96,18,0,0
BRDA:96,18,1,0
BRDA:96,19,0,0
BRDA:96,19,1,0
BRDA:102,20,0,0
BRDA:102,20,1,0
BRDA:107,21,0,0
BRDA:107,21,1,0
BRDA:116,22,0,0
BRDA:116,22,1,0
BRDA:132,23,0,0
BRDA:132,23,1,0
BRDA:155,24,0,0
BRDA:155,24,1,0
BRDA:160,25,0,0
BRDA:160,25,1,0
BRDA:165,26,0,0
BRDA:165,26,1,0
BRDA:165,27,0,0
BRDA:165,27,1,0
BRDA:172,28,0,0
BRDA:172,28,1,0
BRDA:197,29,0,0
BRDA:197,29,1,0
BRDA:204,30,0,0
BRDA:204,30,1,0
BRDA:216,31,0,0
BRDA:216,31,1,0
BRDA:222,32,0,0
BRDA:222,32,1,0
BRF:69
BRH:0
end_of_record
TN:
SF:src\ui-components\RegistrationForm.js
FN:15,RegistrationForm
FN:24,(anonymous_1)
FN:25,(anonymous_2)
FN:40,(anonymous_3)
FN:51,(anonymous_4)
FN:69,(anonymous_5)
FN:85,(anonymous_6)
FN:95,(anonymous_7)
FN:108,(anonymous_8)
FN:119,(anonymous_9)
FN:132,(anonymous_10)
FN:143,(anonymous_11)
FNF:12
FNH:0
FNDA:0,RegistrationForm
FNDA:0,(anonymous_1)
FNDA:0,(anonymous_2)
FNDA:0,(anonymous_3)
FNDA:0,(anonymous_4)
FNDA:0,(anonymous_5)
FNDA:0,(anonymous_6)
FNDA:0,(anonymous_7)
FNDA:0,(anonymous_8)
FNDA:0,(anonymous_9)
FNDA:0,(anonymous_10)
FNDA:0,(anonymous_11)
DA:16,0
DA:17,0
DA:18,0
DA:19,0
DA:20,0
DA:21,0
DA:22,0
DA:23,0
DA:24,0
DA:25,0
DA:26,0
DA:28,0
DA:29,0
DA:32,0
DA:39,0
DA:42,0
DA:43,0
DA:44,0
DA:48,0
DA:52,0
DA:53,0
DA:57,0
DA:61,0
DA:65,0
DA:69,0
DA:85,0
DA:95,0
DA:108,0
DA:119,0
DA:132,0
DA:143,0
LF:31
LH:0
BRDA:28,0,0,0
BRDA:28,0,1,0
BRDA:28,1,0,0
BRDA:28,1,1,0
BRDA:28,1,2,0
BRDA:28,1,3,0
BRDA:28,1,4,0
BRDA:28,1,5,0
BRDA:29,2,0,0
BRDA:29,2,1,0
BRDA:42,3,0,0
BRDA:42,3,1,0
BRF:12
BRH:0
end_of_record
TN:
SF:src\ui-components\SearchComponent.js
FN:4,SearchComponent
FN:18,(anonymous_1)
FN:23,(anonymous_2)
FNF:3
FNH:0
FNDA:0,SearchComponent
FNDA:0,(anonymous_1)
FNDA:0,(anonymous_2)
DA:5,0
DA:6,0
DA:18,0
DA:23,0
LF:4
LH:0
BRF:0
BRH:0
end_of_record
TN:
SF:src\ui-components\SearchForm.js
FN:6,SearchForm
FN:9,(anonymous_1)
FN:24,(anonymous_2)
FNF:3
FNH:0
FNDA:0,SearchForm
FNDA:0,(anonymous_1)
FNDA:0,(anonymous_2)
DA:7,0
DA:9,0
DA:10,0
DA:13,0
DA:14,0
DA:15,0
DA:16,0
DA:19,0
DA:20,0
DA:21,0
DA:24,0
DA:25,0
DA:26,0
DA:29,0
LF:14
LH:0
BRDA:13,0,0,0
BRDA:13,0,1,0
BRF:2
BRH:0
end_of_record
TN:
SF:src\ui-components\ToastNotification.js
FN:4,(anonymous_0)
FN:6,(anonymous_1)
FN:9,(anonymous_2)
FN:22,(anonymous_3)
FN:25,(anonymous_4)
FNF:5
FNH:2
FNDA:660,(anonymous_0)
FNDA:0,(anonymous_1)
FNDA:0,(anonymous_2)
FNDA:330,(anonymous_3)
FNDA:0,(anonymous_4)
DA:4,9
DA:6,660
DA:7,660
DA:8,660
DA:9,660
DA:10,660
DA:12,660
DA:14,660
DA:16,660
DA:22,660
DA:24,330
DA:25,0
DA:26,0
DA:27,0
DA:30,0
DA:34,660
LF:16
LH:12
BRDA:6,0,0,660
BRDA:6,0,1,0
BRDA:7,1,0,660
BRDA:7,1,1,660
BRDA:7,1,2,660
BRDA:8,2,0,660
BRDA:8,2,1,660
BRDA:8,2,2,0
BRDA:9,3,0,660
BRDA:9,3,1,660
BRDA:10,4,0,660
BRDA:10,4,1,660
BRDA:24,5,0,0
BRDA:24,5,1,330
BRDA:24,6,0,330
BRDA:24,6,1,0
BRF:16
BRH:12
end_of_record
TN:
SF:src\utility\GlobalState.js
FN:3,(anonymous_0)
FNF:1
FNH:0
FNDA:0,(anonymous_0)
DA:3,9
LF:1
LH:1
BRF:0
BRH:0
end_of_record
TN:
SF:src\warehouse-component\ManageDelivery.js
FN:6,ManageDelivery
FN:10,(anonymous_1)
FN:11,(anonymous_2)
FN:12,(anonymous_3)
FN:21,(anonymous_4)
FN:22,(anonymous_5)
FN:47,(anonymous_6)
FN:56,(anonymous_7)
FNF:8
FNH:5
FNDA:79,ManageDelivery
FNDA:10,(anonymous_1)
FNDA:10,(anonymous_2)
FNDA:10,(anonymous_3)
FNDA:0,(anonymous_4)
FNDA:0,(anonymous_5)
FNDA:108,(anonymous_6)
FNDA:0,(anonymous_7)
DA:7,79
DA:8,74
DA:10,74
DA:11,10
DA:12,10
DA:13,10
DA:14,10
DA:18,10
DA:21,74
DA:22,0
DA:23,0
DA:26,74
DA:48,108
DA:56,0
LF:14
LH:11
BRDA:30,0,0,10
BRDA:30,0,1,64
BRDA:34,1,0,54
BRDA:34,1,1,10
BRF:4
BRH:4
end_of_record
