TN:
SF:src\API.js
FN:15,logIn
FN:40,logOut
FN:44,getUserInfo
FNF:3
FNH:2
FNDA:1,logIn
FNDA:0,logOut
FNDA:2,getUserInfo
DA:16,1
DA:23,1
DA:24,1
DA:25,1
DA:26,0
DA:28,1
DA:30,0
DA:31,0
DA:32,0
DA:34,0
DA:35,0
DA:41,0
DA:45,2
DA:48,2
DA:50,2
DA:51,0
DA:53,2
DA:57,2
LF:18
LH:10
BRDA:23,0,0,1
BRDA:23,0,1,0
BRDA:25,1,0,0
BRDA:25,1,1,1
BRDA:45,2,0,0
BRDA:45,2,1,2
BRDA:50,3,0,0
BRDA:50,3,1,2
BRF:8
BRH:4
end_of_record
TN:
SF:src\App.js
FN:26,(anonymous_0)
FN:33,(anonymous_1)
FN:35,(anonymous_2)
FN:41,(anonymous_3)
FN:44,(anonymous_4)
FN:55,(anonymous_5)
FN:62,(anonymous_6)
FN:69,(anonymous_7)
FN:72,timeHandler
FN:88,(anonymous_9)
FNF:10
FNH:8
FNDA:42,(anonymous_0)
FNDA:2,(anonymous_1)
FNDA:2,(anonymous_2)
FNDA:2,(anonymous_3)
FNDA:1,(anonymous_4)
FNDA:0,(anonymous_5)
FNDA:0,(anonymous_6)
FNDA:3,(anonymous_7)
FNDA:11,timeHandler
FNDA:1,(anonymous_9)
DA:26,2
DA:27,42
DA:28,40
DA:29,40
DA:30,40
DA:31,40
DA:33,40
DA:35,2
DA:36,2
DA:37,0
DA:38,0
DA:41,2
DA:44,40
DA:45,1
DA:46,1
DA:47,1
DA:48,1
DA:49,1
DA:51,0
DA:55,40
DA:56,0
DA:57,0
DA:58,0
DA:59,0
DA:62,40
DA:63,0
DA:69,40
DA:70,3
DA:73,11
DA:74,3
DA:75,3
DA:79,10
DA:81,10
DA:84,3
DA:86,3
DA:88,3
DA:91,40
DA:95,40
LF:38
LH:30
BRDA:73,0,0,3
BRDA:73,0,1,8
BRDA:79,1,0,10
BRDA:79,1,1,4
BRDA:128,2,0,0
BRDA:128,2,1,40
BRDA:128,3,0,40
BRDA:128,3,1,30
BRDA:146,4,0,0
BRDA:146,4,1,40
BRDA:146,5,0,40
BRDA:146,5,1,30
BRDA:159,6,0,0
BRDA:159,6,1,40
BRDA:159,7,0,40
BRDA:159,7,1,30
BRDA:184,8,0,30
BRDA:184,8,1,10
BRDA:184,9,0,40
BRDA:184,9,1,30
BRDA:202,10,0,0
BRDA:202,10,1,40
BRDA:202,11,0,40
BRDA:202,11,1,30
BRDA:227,12,0,30
BRDA:227,12,1,10
BRDA:227,13,0,40
BRDA:227,13,1,32
BRDA:229,14,0,0
BRDA:229,14,1,30
BRDA:230,15,0,0
BRDA:230,15,1,30
BRDA:231,16,0,30
BRDA:231,16,1,0
BRDA:232,17,0,0
BRDA:232,17,1,30
BRDA:233,18,0,0
BRDA:233,18,1,30
BRF:38
BRH:29
end_of_record
TN:
SF:src\index.js
FNF:0
FNH:0
DA:7,2
LF:1
LH:1
BRF:0
BRH:0
end_of_record
TN:
SF:src\api\farmerAPI.js
FN:2,getFarmerProducts
FN:13,updateFarmerProducts
FN:30,getFarmerOrders
FN:42,confirmFarmerOrder
FN:57,getFarmerOpenDeliveries
FNF:5
FNH:2
FNDA:2,getFarmerProducts
FNDA:2,updateFarmerProducts
FNDA:0,getFarmerOrders
FNDA:0,confirmFarmerOrder
FNDA:0,getFarmerOpenDeliveries
DA:3,2
DA:4,2
DA:6,2
DA:7,2
DA:9,0
DA:14,2
DA:26,2
DA:32,0
DA:33,0
DA:35,0
DA:36,0
DA:38,0
DA:43,0
DA:53,0
DA:59,0
DA:60,0
DA:62,0
DA:63,0
DA:65,0
DA:69,2
LF:20
LH:7
BRDA:6,0,0,2
BRDA:6,0,1,0
BRDA:35,1,0,0
BRDA:35,1,1,0
BRDA:62,2,0,0
BRDA:62,2,1,0
BRF:6
BRH:1
end_of_record
TN:
SF:src\api\notificationAPI.js
FN:8,getNotification
FN:21,setSeenNotification
FN:35,addNotification
FNF:3
FNH:0
FNDA:0,getNotification
FNDA:0,setSeenNotification
FNDA:0,addNotification
DA:9,0
DA:22,0
DA:36,0
DA:44,2
LF:4
LH:1
BRDA:35,0,0,0
BRF:1
BRH:0
end_of_record
TN:
SF:src\api\orders.js
FN:12,handleOrderAction
FN:36,getOrders
FN:54,getOrder
FN:67,getPendingOrders
FN:77,handOutOrder
FN:95,insertOrder
FN:107,getRequestedProducts
FN:122,deliveryOrder
FN:140,updateOrderProducts
FN:144,(anonymous_9)
FNF:10
FNH:0
FNDA:0,handleOrderAction
FNDA:0,getOrders
FNDA:0,getOrder
FNDA:0,getPendingOrders
FNDA:0,handOutOrder
FNDA:0,insertOrder
FNDA:0,getRequestedProducts
FNDA:0,deliveryOrder
FNDA:0,updateOrderProducts
FNDA:0,(anonymous_9)
DA:14,0
DA:15,0
DA:17,0
DA:20,0
DA:21,0
DA:24,0
DA:38,0
DA:39,0
DA:42,0
DA:55,0
DA:68,0
DA:78,0
DA:96,0
DA:108,0
DA:123,0
DA:141,0
DA:143,0
DA:144,0
DA:145,0
DA:149,0
DA:150,0
DA:152,0
DA:153,0
DA:154,0
DA:155,0
DA:159,0
DA:160,0
DA:169,0
DA:174,2
LF:29
LH:1
BRDA:12,0,0,0
BRDA:12,1,0,0
BRDA:12,2,0,0
BRDA:14,3,0,0
BRDA:14,3,1,0
BRDA:20,4,0,0
BRDA:20,4,1,0
BRDA:36,5,0,0
BRDA:38,6,0,0
BRDA:38,6,1,0
BRDA:67,7,0,0
BRDA:77,8,0,0
BRDA:95,9,0,0
BRDA:95,10,0,0
BRDA:122,11,0,0
BRDA:140,12,0,0
BRDA:141,13,0,0
BRDA:141,13,1,0
BRDA:143,14,0,0
BRDA:143,14,1,0
BRDA:143,15,0,0
BRDA:143,15,1,0
BRDA:153,16,0,0
BRDA:153,16,1,0
BRDA:159,17,0,0
BRDA:159,17,1,0
BRF:26
BRH:0
end_of_record
TN:
SF:src\api\products.js
FN:1,getProducts
FN:6,(anonymous_1)
FN:13,insertProductInBasket
FN:14,(anonymous_3)
FN:19,(anonymous_4)
FN:24,(anonymous_5)
FN:25,(anonymous_6)
FN:27,(anonymous_7)
FN:32,deleteAllBasket
FN:33,(anonymous_9)
FN:36,(anonymous_10)
FN:41,(anonymous_11)
FN:42,(anonymous_12)
FN:44,(anonymous_13)
FN:49,getBasketProducts
FN:54,(anonymous_15)
FNF:16
FNH:0
FNDA:0,getProducts
FNDA:0,(anonymous_1)
FNDA:0,insertProductInBasket
FNDA:0,(anonymous_3)
FNDA:0,(anonymous_4)
FNDA:0,(anonymous_5)
FNDA:0,(anonymous_6)
FNDA:0,(anonymous_7)
FNDA:0,deleteAllBasket
FNDA:0,(anonymous_9)
FNDA:0,(anonymous_10)
FNDA:0,(anonymous_11)
FNDA:0,(anonymous_12)
FNDA:0,(anonymous_13)
FNDA:0,getBasketProducts
FNDA:0,(anonymous_15)
DA:3,0
DA:4,0
DA:5,0
DA:6,0
DA:8,0
DA:14,0
DA:15,0
DA:20,0
DA:21,0
DA:23,0
DA:24,0
DA:25,0
DA:27,0
DA:33,0
DA:34,0
DA:37,0
DA:38,0
DA:40,0
DA:41,0
DA:42,0
DA:44,0
DA:51,0
DA:52,0
DA:53,0
DA:54,0
DA:56,0
DA:61,2
LF:27
LH:1
BRDA:5,0,0,0
BRDA:5,0,1,0
BRDA:20,1,0,0
BRDA:20,1,1,0
BRDA:37,2,0,0
BRDA:37,2,1,0
BRDA:53,3,0,0
BRDA:53,3,1,0
BRF:8
BRH:0
end_of_record
TN:
SF:src\api\testAPI.js
FN:1,restoreTables
FN:2,(anonymous_1)
FN:6,(anonymous_2)
FN:12,(anonymous_3)
FN:15,(anonymous_4)
FN:20,(anonymous_5)
FNF:6
FNH:0
FNDA:0,restoreTables
FNDA:0,(anonymous_1)
FNDA:0,(anonymous_2)
FNDA:0,(anonymous_3)
FNDA:0,(anonymous_4)
FNDA:0,(anonymous_5)
DA:2,0
DA:3,0
DA:7,0
DA:8,0
DA:10,0
DA:13,0
DA:16,0
DA:21,0
DA:26,2
LF:9
LH:1
BRDA:7,0,0,0
BRDA:7,0,1,0
BRF:2
BRH:0
end_of_record
TN:
SF:src\api\time.js
FN:12,setTime
FN:25,getTime
FNF:2
FNH:2
FNDA:1,setTime
FNDA:3,getTime
DA:13,1
DA:27,3
DA:29,2
DA:32,2
LF:4
LH:4
BRDA:12,0,0,0
BRDA:25,1,0,0
BRDA:29,2,0,2
BRDA:29,2,1,0
BRDA:29,3,0,2
BRDA:29,3,1,0
BRF:6
BRH:2
end_of_record
TN:
SF:src\api\unretrieved.js
FN:8,getUnretrievedProducts
FN:13,(anonymous_1)
FN:21,(anonymous_2)
FN:21,(anonymous_3)
FN:23,(anonymous_4)
FN:26,(anonymous_5)
FN:27,(anonymous_6)
FNF:7
FNH:0
FNDA:0,getUnretrievedProducts
FNDA:0,(anonymous_1)
FNDA:0,(anonymous_2)
FNDA:0,(anonymous_3)
FNDA:0,(anonymous_4)
FNDA:0,(anonymous_5)
FNDA:0,(anonymous_6)
DA:4,2
DA:10,0
DA:11,0
DA:12,0
DA:13,0
DA:15,0
DA:21,2
DA:23,0
DA:24,0
DA:25,0
DA:26,0
DA:27,0
DA:30,0
DA:37,2
LF:14
LH:3
BRDA:12,0,0,0
BRDA:12,0,1,0
BRDA:21,1,0,0
BRDA:24,2,0,0
BRDA:24,2,1,0
BRDA:24,2,2,0
BRDA:24,2,3,0
BRDA:24,3,0,0
BRDA:24,3,1,0
BRDA:25,4,0,0
BRDA:25,4,1,0
BRDA:26,5,0,0
BRDA:26,5,1,0
BRDA:31,6,0,0
BRDA:31,6,1,0
BRDA:33,7,0,0
BRDA:33,7,1,0
BRF:17
BRH:0
end_of_record
TN:
SF:src\api\user.js
FN:6,getUserId
FN:15,deleteUser
FN:16,(anonymous_2)
FN:20,(anonymous_3)
FN:27,(anonymous_4)
FN:30,(anonymous_5)
FN:39,(anonymous_6)
FN:46,addClient
FN:47,(anonymous_8)
FN:54,(anonymous_9)
FN:59,(anonymous_10)
FN:60,(anonymous_11)
FN:62,(anonymous_12)
FNF:13
FNH:0
FNDA:0,getUserId
FNDA:0,deleteUser
FNDA:0,(anonymous_2)
FNDA:0,(anonymous_3)
FNDA:0,(anonymous_4)
FNDA:0,(anonymous_5)
FNDA:0,(anonymous_6)
FNDA:0,addClient
FNDA:0,(anonymous_8)
FNDA:0,(anonymous_9)
FNDA:0,(anonymous_10)
FNDA:0,(anonymous_11)
FNDA:0,(anonymous_12)
DA:7,0
DA:8,0
DA:9,0
DA:10,0
DA:11,0
DA:16,0
DA:17,0
DA:21,0
DA:22,0
DA:25,0
DA:28,0
DA:31,0
DA:40,0
DA:47,0
DA:48,0
DA:55,0
DA:56,0
DA:58,0
DA:59,0
DA:60,0
DA:62,0
DA:66,2
LF:22
LH:1
BRDA:9,0,0,0
BRDA:9,0,1,0
BRDA:21,1,0,0
BRDA:21,1,1,0
BRDA:55,2,0,0
BRDA:55,2,1,0
BRF:6
BRH:0
end_of_record
TN:
SF:src\api\utility.js
FN:9,handleFetch
FN:35,(anonymous_1)
FN:37,(anonymous_2)
FN:49,(anonymous_3)
FN:63,parseResponse
FN:88,(anonymous_5)
FN:95,(anonymous_6)
FNF:7
FNH:4
FNDA:4,handleFetch
FNDA:4,(anonymous_1)
FNDA:4,(anonymous_2)
FNDA:0,(anonymous_3)
FNDA:3,parseResponse
FNDA:0,(anonymous_5)
FNDA:0,(anonymous_6)
DA:1,2
DA:3,2
DA:4,2
DA:6,2
DA:7,2
DA:13,4
DA:16,3
DA:22,3
DA:25,1
DA:35,4
DA:36,4
DA:38,4
DA:39,4
DA:40,3
DA:41,3
DA:43,0
DA:46,1
DA:51,0
DA:64,3
DA:66,3
DA:70,3
DA:71,3
DA:74,0
DA:75,0
DA:78,0
DA:79,0
DA:82,0
DA:85,3
DA:88,2
DA:90,0
DA:92,0
DA:95,2
DA:97,0
DA:98,0
DA:99,0
DA:101,0
DA:102,0
DA:105,0
LF:38
LH:23
BRDA:9,0,0,0
BRDA:9,1,0,0
BRDA:13,2,0,0
BRDA:13,2,1,3
BRDA:13,2,2,1
BRDA:40,3,0,3
BRDA:40,3,1,0
BRDA:63,4,0,0
BRDA:63,5,0,1
BRDA:66,6,0,3
BRDA:66,6,1,3
BRDA:66,6,2,3
BRDA:66,6,3,0
BRDA:66,6,4,0
BRDA:66,6,5,0
BRDA:70,7,0,0
BRDA:70,7,1,3
BRDA:74,8,0,0
BRDA:74,8,1,0
BRDA:74,9,0,0
BRDA:74,9,1,0
BRDA:78,10,0,0
BRDA:78,10,1,0
BRDA:78,11,0,0
BRDA:78,11,1,0
BRDA:88,12,0,0
BRDA:88,13,0,0
BRDA:90,14,0,0
BRDA:90,14,1,0
BRDA:92,15,0,0
BRDA:92,15,1,0
BRDA:101,16,0,0
BRDA:101,16,1,0
BRDA:102,17,0,0
BRDA:102,17,1,0
BRDA:105,18,0,0
BRDA:105,18,1,0
BRF:37
BRH:8
end_of_record
TN:
SF:src\api\wallet.js
FN:2,updateWallet
FN:21,getWalletByMail
FNF:2
FNH:0
FNDA:0,updateWallet
FNDA:0,getWalletByMail
DA:3,0
DA:13,0
DA:14,0
DA:16,0
DA:23,0
DA:24,0
DA:25,0
DA:26,0
DA:28,0
DA:32,2
LF:10
LH:1
BRDA:13,0,0,0
BRDA:13,0,1,0
BRDA:25,1,0,0
BRDA:25,1,1,0
BRF:4
BRH:0
end_of_record
TN:
SF:src\api\warehouse.js
FN:1,getOpenDeliveries
FN:6,(anonymous_1)
FN:18,confirmDelivery
FN:20,(anonymous_3)
FN:25,(anonymous_4)
FN:30,(anonymous_5)
FN:31,(anonymous_6)
FN:33,(anonymous_7)
FNF:8
FNH:0
FNDA:0,getOpenDeliveries
FNDA:0,(anonymous_1)
FNDA:0,confirmDelivery
FNDA:0,(anonymous_3)
FNDA:0,(anonymous_4)
FNDA:0,(anonymous_5)
FNDA:0,(anonymous_6)
FNDA:0,(anonymous_7)
DA:3,0
DA:4,0
DA:5,0
DA:6,0
DA:14,0
DA:20,0
DA:21,0
DA:26,0
DA:27,0
DA:29,0
DA:30,0
DA:31,0
DA:33,0
DA:37,2
LF:14
LH:1
BRDA:5,0,0,0
BRDA:5,0,1,0
BRDA:26,1,0,0
BRDA:26,1,1,0
BRF:4
BRH:0
end_of_record
TN:
SF:src\client-component\Basket.js
FN:6,Basket
FN:13,(anonymous_1)
FN:14,(anonymous_2)
FN:16,(anonymous_3)
FN:33,(anonymous_4)
FN:43,(anonymous_5)
FN:69,(anonymous_6)
FN:77,(anonymous_7)
FN:99,(anonymous_8)
FNF:9
FNH:0
FNDA:0,Basket
FNDA:0,(anonymous_1)
FNDA:0,(anonymous_2)
FNDA:0,(anonymous_3)
FNDA:0,(anonymous_4)
FNDA:0,(anonymous_5)
FNDA:0,(anonymous_6)
FNDA:0,(anonymous_7)
FNDA:0,(anonymous_8)
DA:7,0
DA:8,0
DA:9,0
DA:11,0
DA:13,0
DA:14,0
DA:15,0
DA:16,0
DA:19,0
DA:21,0
DA:22,0
DA:25,0
DA:27,0
DA:29,0
DA:33,0
DA:34,0
DA:39,0
DA:40,0
DA:42,0
DA:43,0
DA:47,0
DA:70,0
DA:78,0
DA:100,0
DA:101,0
DA:102,0
LF:26
LH:0
BRDA:15,0,0,0
BRDA:15,0,1,0
BRDA:42,1,0,0
BRDA:42,1,1,0
BRDA:49,2,0,0
BRDA:49,2,1,0
BRDA:50,3,0,0
BRDA:50,3,1,0
BRDA:63,4,0,0
BRDA:63,4,1,0
BRDA:67,5,0,0
BRDA:67,5,1,0
BRDA:101,6,0,0
BRDA:101,6,1,0
BRF:14
BRH:0
end_of_record
TN:
SF:src\client-component\ClientNotifications.js
FN:10,ClientNotifications
FN:19,(anonymous_1)
FN:26,(anonymous_2)
FN:27,(anonymous_3)
FN:32,(anonymous_4)
FN:37,(anonymous_5)
FN:53,(anonymous_6)
FN:62,(anonymous_7)
FN:63,(anonymous_8)
FNF:9
FNH:0
FNDA:0,ClientNotifications
FNDA:0,(anonymous_1)
FNDA:0,(anonymous_2)
FNDA:0,(anonymous_3)
FNDA:0,(anonymous_4)
FNDA:0,(anonymous_5)
FNDA:0,(anonymous_6)
FNDA:0,(anonymous_7)
FNDA:0,(anonymous_8)
DA:12,0
DA:13,0
DA:14,0
DA:16,0
DA:19,0
DA:21,0
DA:22,0
DA:26,0
DA:27,0
DA:28,0
DA:29,0
DA:30,0
DA:31,0
DA:32,0
DA:33,0
DA:34,0
DA:36,0
DA:37,0
DA:38,0
DA:43,0
DA:54,0
DA:62,0
DA:63,0
LF:23
LH:0
BRDA:36,0,0,0
BRDA:36,0,1,0
BRDA:51,1,0,0
BRDA:51,1,1,0
BRDA:62,2,0,0
BRDA:62,2,1,0
BRF:6
BRH:0
end_of_record
TN:
SF:src\client-component\ClientOrder.js
FN:16,ClientOrder
FN:34,(anonymous_1)
FN:35,(anonymous_2)
FN:39,(anonymous_3)
FN:40,(anonymous_4)
FN:41,(anonymous_5)
FN:48,(anonymous_6)
FN:49,(anonymous_7)
FN:50,(anonymous_8)
FN:66,(anonymous_9)
FN:74,(anonymous_10)
FN:81,(anonymous_11)
FN:112,(anonymous_12)
FN:129,(anonymous_13)
FN:134,(anonymous_14)
FN:142,(anonymous_15)
FN:146,(anonymous_16)
FN:147,(anonymous_17)
FN:165,(anonymous_18)
FN:178,(anonymous_19)
FN:188,(anonymous_20)
FN:203,(anonymous_21)
FN:227,(anonymous_22)
FN:244,(anonymous_23)
FN:252,(anonymous_24)
FN:253,(anonymous_25)
FN:262,(anonymous_26)
FN:269,(anonymous_27)
FN:282,(anonymous_28)
FN:290,(anonymous_29)
FN:291,(anonymous_30)
FN:303,(anonymous_31)
FN:308,(anonymous_32)
FNF:33
FNH:0
FNDA:0,ClientOrder
FNDA:0,(anonymous_1)
FNDA:0,(anonymous_2)
FNDA:0,(anonymous_3)
FNDA:0,(anonymous_4)
FNDA:0,(anonymous_5)
FNDA:0,(anonymous_6)
FNDA:0,(anonymous_7)
FNDA:0,(anonymous_8)
FNDA:0,(anonymous_9)
FNDA:0,(anonymous_10)
FNDA:0,(anonymous_11)
FNDA:0,(anonymous_12)
FNDA:0,(anonymous_13)
FNDA:0,(anonymous_14)
FNDA:0,(anonymous_15)
FNDA:0,(anonymous_16)
FNDA:0,(anonymous_17)
FNDA:0,(anonymous_18)
FNDA:0,(anonymous_19)
FNDA:0,(anonymous_20)
FNDA:0,(anonymous_21)
FNDA:0,(anonymous_22)
FNDA:0,(anonymous_23)
FNDA:0,(anonymous_24)
FNDA:0,(anonymous_25)
FNDA:0,(anonymous_26)
FNDA:0,(anonymous_27)
FNDA:0,(anonymous_28)
FNDA:0,(anonymous_29)
FNDA:0,(anonymous_30)
FNDA:0,(anonymous_31)
FNDA:0,(anonymous_32)
DA:17,0
DA:18,0
DA:19,0
DA:20,0
DA:21,0
DA:22,0
DA:23,0
DA:24,0
DA:25,0
DA:26,0
DA:27,0
DA:28,0
DA:29,0
DA:30,0
DA:31,0
DA:32,0
DA:34,0
DA:35,0
DA:36,0
DA:37,0
DA:38,0
DA:39,0
DA:41,0
DA:44,0
DA:45,0
DA:47,0
DA:48,0
DA:50,0
DA:53,0
DA:57,0
DA:58,0
DA:60,0
DA:61,0
DA:66,0
DA:69,0
DA:71,0
DA:72,0
DA:73,0
DA:74,0
DA:78,0
DA:81,0
DA:82,0
DA:83,0
DA:84,0
DA:86,0
DA:87,0
DA:88,0
DA:89,0
DA:91,0
DA:92,0
DA:94,0
DA:95,0
DA:98,0
DA:99,0
DA:100,0
DA:102,0
DA:105,0
DA:107,0
DA:108,0
DA:109,0
DA:112,0
DA:117,0
DA:118,0
DA:119,0
DA:120,0
DA:121,0
DA:122,0
DA:124,0
DA:128,0
DA:130,0
DA:131,0
DA:132,0
DA:135,0
DA:138,0
DA:142,0
DA:143,0
DA:146,0
DA:147,0
DA:148,0
DA:151,0
DA:156,0
DA:158,0
DA:163,0
DA:165,0
DA:167,0
DA:171,0
DA:178,0
DA:189,0
DA:204,0
DA:228,0
DA:229,0
DA:230,0
DA:231,0
DA:232,0
DA:233,0
DA:234,0
DA:245,0
DA:246,0
DA:247,0
DA:248,0
DA:252,0
DA:254,0
DA:263,0
DA:265,0
DA:266,0
DA:270,0
DA:283,0
DA:284,0
DA:285,0
DA:286,0
DA:290,0
DA:292,0
DA:304,0
DA:305,0
DA:309,0
LF:115
LH:0
BRDA:57,0,0,0
BRDA:57,0,1,0
BRDA:71,1,0,0
BRDA:71,1,1,0
BRDA:74,2,0,0
BRDA:74,2,1,0
BRDA:86,3,0,0
BRDA:86,3,1,0
BRDA:87,4,0,0
BRDA:87,4,1,0
BRDA:98,5,0,0
BRDA:98,5,1,0
BRDA:107,6,0,0
BRDA:107,6,1,0
BRDA:107,7,0,0
BRDA:107,7,1,0
BRDA:117,8,0,0
BRDA:117,8,1,0
BRDA:119,9,0,0
BRDA:119,9,1,0
BRDA:151,10,0,0
BRDA:151,10,1,0
BRDA:152,11,0,0
BRDA:152,11,1,0
BRDA:152,11,2,0
BRDA:182,12,0,0
BRDA:182,12,1,0
BRDA:207,13,0,0
BRDA:207,13,1,0
BRDA:211,14,0,0
BRDA:211,14,1,0
BRDA:228,15,0,0
BRDA:228,15,1,0
BRDA:236,16,0,0
BRDA:236,16,1,0
BRDA:238,17,0,0
BRDA:238,17,1,0
BRDA:252,18,0,0
BRDA:252,18,1,0
BRDA:278,19,0,0
BRDA:278,19,1,0
BRDA:278,20,0,0
BRDA:278,20,1,0
BRDA:290,21,0,0
BRDA:290,21,1,0
BRDA:298,22,0,0
BRDA:298,22,1,0
BRDA:298,23,0,0
BRDA:298,23,1,0
BRDA:319,24,0,0
BRDA:319,24,1,0
BRF:51
BRH:0
end_of_record
TN:
SF:src\client-component\MailBox.js
FN:5,(anonymous_0)
FN:9,(anonymous_1)
FN:10,(anonymous_2)
FN:11,(anonymous_3)
FN:30,(anonymous_4)
FN:39,(anonymous_5)
FNF:6
FNH:0
FNDA:0,(anonymous_0)
FNDA:0,(anonymous_1)
FNDA:0,(anonymous_2)
FNDA:0,(anonymous_3)
FNDA:0,(anonymous_4)
FNDA:0,(anonymous_5)
DA:5,2
DA:7,0
DA:8,0
DA:9,0
DA:10,0
DA:11,0
DA:12,0
DA:13,0
DA:16,0
DA:31,0
DA:39,0
LF:11
LH:1
BRDA:30,0,0,0
BRDA:30,0,1,0
BRDA:31,1,0,0
BRDA:31,1,1,0
BRDA:50,2,0,0
BRDA:50,2,1,0
BRDA:52,3,0,0
BRDA:52,3,1,0
BRF:8
BRH:0
end_of_record
TN:
SF:src\client-component\YourOrders.js
FN:22,YourOrders
FN:28,(anonymous_1)
FN:34,(anonymous_2)
FN:35,(anonymous_3)
FN:38,(anonymous_4)
FN:55,(anonymous_5)
FN:56,(anonymous_6)
FN:87,(anonymous_7)
FN:97,(anonymous_8)
FN:111,(anonymous_9)
FN:134,(anonymous_10)
FN:159,(anonymous_11)
FN:174,(anonymous_12)
FN:185,(anonymous_13)
FN:242,(anonymous_14)
FNF:15
FNH:0
FNDA:0,YourOrders
FNDA:0,(anonymous_1)
FNDA:0,(anonymous_2)
FNDA:0,(anonymous_3)
FNDA:0,(anonymous_4)
FNDA:0,(anonymous_5)
FNDA:0,(anonymous_6)
FNDA:0,(anonymous_7)
FNDA:0,(anonymous_8)
FNDA:0,(anonymous_9)
FNDA:0,(anonymous_10)
FNDA:0,(anonymous_11)
FNDA:0,(anonymous_12)
FNDA:0,(anonymous_13)
FNDA:0,(anonymous_14)
DA:23,0
DA:24,0
DA:25,0
DA:26,0
DA:27,0
DA:28,0
DA:29,0
DA:30,0
DA:31,0
DA:32,0
DA:34,0
DA:35,0
DA:38,0
DA:39,0
DA:41,0
DA:42,0
DA:43,0
DA:44,0
DA:45,0
DA:46,0
DA:47,0
DA:49,0
DA:51,0
DA:52,0
DA:55,0
DA:56,0
DA:57,0
DA:59,0
DA:60,0
DA:61,0
DA:64,0
DA:67,0
DA:88,0
DA:97,0
DA:112,0
DA:113,0
DA:134,0
DA:159,0
DA:175,0
DA:176,0
DA:186,0
DA:187,0
DA:242,0
LF:43
LH:0
BRDA:41,0,0,0
BRDA:41,0,1,0
BRDA:41,1,0,0
BRDA:41,1,1,0
BRDA:44,2,0,0
BRDA:44,2,1,0
BRDA:44,3,0,0
BRDA:44,3,1,0
BRDA:44,3,2,0
BRDA:60,4,0,0
BRDA:60,4,1,0
BRDA:70,5,0,0
BRDA:70,5,1,0
BRDA:76,6,0,0
BRDA:76,6,1,0
BRDA:89,7,0,0
BRDA:89,7,1,0
BRDA:91,8,0,0
BRDA:91,8,1,0
BRDA:91,9,0,0
BRDA:91,9,1,0
BRDA:91,9,2,0
BRDA:91,9,3,0
BRDA:91,9,4,0
BRDA:104,10,0,0
BRDA:104,10,1,0
BRDA:104,11,0,0
BRDA:104,11,1,0
BRDA:104,11,2,0
BRDA:104,11,3,0
BRDA:104,11,4,0
BRDA:156,12,0,0
BRDA:156,12,1,0
BRDA:192,13,0,0
BRDA:192,13,1,0
BRDA:192,14,0,0
BRDA:192,14,1,0
BRDA:206,15,0,0
BRDA:206,15,1,0
BRDA:211,16,0,0
BRDA:211,16,1,0
BRDA:229,17,0,0
BRDA:229,17,1,0
BRF:43
BRH:0
end_of_record
TN:
SF:src\farmer-component\ConfirmProducts.js
FN:7,ConfirmProducts
FN:18,(anonymous_1)
FN:19,(anonymous_2)
FN:26,(anonymous_3)
FN:34,(anonymous_4)
FN:44,(anonymous_5)
FN:50,(anonymous_6)
FN:51,(anonymous_7)
FN:64,(anonymous_8)
FN:66,(anonymous_9)
FN:67,(anonymous_10)
FN:74,(anonymous_11)
FN:96,(anonymous_12)
FN:97,(anonymous_13)
FN:110,(anonymous_14)
FNF:15
FNH:0
FNDA:0,ConfirmProducts
FNDA:0,(anonymous_1)
FNDA:0,(anonymous_2)
FNDA:0,(anonymous_3)
FNDA:0,(anonymous_4)
FNDA:0,(anonymous_5)
FNDA:0,(anonymous_6)
FNDA:0,(anonymous_7)
FNDA:0,(anonymous_8)
FNDA:0,(anonymous_9)
FNDA:0,(anonymous_10)
FNDA:0,(anonymous_11)
FNDA:0,(anonymous_12)
FNDA:0,(anonymous_13)
FNDA:0,(anonymous_14)
DA:8,0
DA:9,0
DA:10,0
DA:11,0
DA:12,0
DA:18,0
DA:19,0
DA:20,0
DA:21,0
DA:22,0
DA:24,0
DA:26,0
DA:27,0
DA:28,0
DA:29,0
DA:31,0
DA:34,0
DA:36,0
DA:37,0
DA:40,0
DA:41,0
DA:44,0
DA:45,0
DA:46,0
DA:47,0
DA:48,0
DA:50,0
DA:51,0
DA:52,0
DA:53,0
DA:59,0
DA:64,0
DA:65,0
DA:66,0
DA:67,0
DA:70,0
DA:74,0
DA:96,0
DA:98,0
DA:111,0
LF:40
LH:0
BRDA:28,0,0,0
BRDA:28,0,1,0
BRDA:45,1,0,0
BRDA:45,1,1,0
BRDA:45,2,0,0
BRDA:45,2,1,0
BRDA:52,3,0,0
BRDA:52,3,1,0
BRDA:65,4,0,0
BRDA:65,4,1,0
BRDA:66,5,0,0
BRDA:66,5,1,0
BRDA:73,6,0,0
BRDA:73,6,1,0
BRDA:81,7,0,0
BRDA:81,7,1,0
BRDA:85,8,0,0
BRDA:85,8,1,0
BRF:18
BRH:0
end_of_record
TN:
SF:src\farmer-component\UpdateAvailability.js
FN:16,UpdateAvailability
FN:17,(anonymous_1)
FN:18,(anonymous_2)
FN:29,(anonymous_3)
FN:68,(anonymous_4)
FN:87,(anonymous_5)
FN:94,(anonymous_6)
FN:107,(anonymous_7)
FN:129,(anonymous_8)
FN:179,(anonymous_9)
FN:190,(anonymous_10)
FN:200,(anonymous_11)
FNF:12
FNH:10
FNDA:57,UpdateAvailability
FNDA:2,(anonymous_1)
FNDA:2,(anonymous_2)
FNDA:1,(anonymous_3)
FNDA:2,(anonymous_4)
FNDA:0,(anonymous_5)
FNDA:0,(anonymous_6)
FNDA:7,(anonymous_7)
FNDA:6,(anonymous_8)
FNDA:2024,(anonymous_9)
FNDA:2,(anonymous_10)
FNDA:1,(anonymous_11)
DA:17,57
DA:18,2
DA:21,2
DA:22,2
DA:23,2
DA:26,2
DA:29,56
DA:31,1
DA:32,0
DA:33,0
DA:36,1
DA:37,2
DA:39,2
DA:40,0
DA:45,0
DA:48,2
DA:54,2
DA:56,1
DA:58,1
DA:61,56
DA:62,56
DA:63,56
DA:65,56
DA:66,56
DA:68,56
DA:69,2
DA:79,2
DA:82,56
DA:87,0
DA:95,0
DA:108,7
DA:109,0
DA:110,0
DA:113,7
DA:115,7
DA:116,5
DA:130,6
DA:131,0
DA:132,0
DA:135,6
DA:137,6
DA:138,2
DA:180,2024
DA:181,2024
DA:190,2
DA:200,1
LF:46
LH:36
BRDA:22,0,0,2
BRDA:22,0,1,0
BRDA:31,1,0,0
BRDA:31,1,1,1
BRDA:39,2,0,0
BRDA:39,2,1,2
BRDA:39,3,0,2
BRDA:39,3,1,2
BRDA:54,4,0,0
BRDA:54,4,1,2
BRDA:108,5,0,0
BRDA:108,5,1,7
BRDA:115,6,0,5
BRDA:115,6,1,2
BRDA:115,7,0,7
BRDA:115,7,1,5
BRDA:130,8,0,0
BRDA:130,8,1,6
BRDA:137,9,0,2
BRDA:137,9,1,4
BRDA:137,10,0,6
BRDA:137,10,1,4
BRDA:157,11,0,8
BRDA:157,11,1,48
BRDA:180,12,0,2024
BRDA:180,12,1,1998
BRF:26
BRH:20
end_of_record
TN:
SF:src\manager-component\SeeStatistics.js
FN:6,SeeStatistics
FN:11,(anonymous_1)
FN:13,(anonymous_2)
FN:38,(anonymous_3)
FN:44,(anonymous_4)
FN:60,(anonymous_5)
FNF:6
FNH:0
FNDA:0,SeeStatistics
FNDA:0,(anonymous_1)
FNDA:0,(anonymous_2)
FNDA:0,(anonymous_3)
FNDA:0,(anonymous_4)
FNDA:0,(anonymous_5)
DA:7,0
DA:8,0
DA:9,0
DA:11,0
DA:13,0
DA:14,0
DA:15,0
DA:16,0
DA:17,0
DA:21,0
DA:26,0
DA:38,0
DA:44,0
DA:61,0
LF:14
LH:0
BRDA:30,0,0,0
BRDA:30,0,1,0
BRDA:34,1,0,0
BRDA:34,1,1,0
BRDA:66,2,0,0
BRDA:66,2,1,0
BRF:6
BRH:0
end_of_record
TN:
SF:src\pages\AboutPage.js
FN:4,AboutPage
FNF:1
FNH:0
FNDA:0,AboutPage
DA:5,0
LF:1
LH:0
BRF:0
BRH:0
end_of_record
TN:
SF:src\pages\ClientPage.js
FN:19,ClientPage
FN:23,(anonymous_1)
FN:27,(anonymous_2)
FN:29,(anonymous_3)
FN:34,(anonymous_4)
FN:39,(anonymous_5)
FN:45,(anonymous_6)
FN:46,(anonymous_7)
FN:46,(anonymous_8)
FN:52,(anonymous_9)
FN:67,(anonymous_10)
FN:84,(anonymous_11)
FN:99,(anonymous_12)
FN:114,(anonymous_13)
FNF:14
FNH:0
FNDA:0,ClientPage
FNDA:0,(anonymous_1)
FNDA:0,(anonymous_2)
FNDA:0,(anonymous_3)
FNDA:0,(anonymous_4)
FNDA:0,(anonymous_5)
FNDA:0,(anonymous_6)
FNDA:0,(anonymous_7)
FNDA:0,(anonymous_8)
FNDA:0,(anonymous_9)
FNDA:0,(anonymous_10)
FNDA:0,(anonymous_11)
FNDA:0,(anonymous_12)
FNDA:0,(anonymous_13)
DA:20,0
DA:21,0
DA:22,0
DA:23,0
DA:24,0
DA:27,0
DA:28,0
DA:29,0
DA:30,0
DA:34,0
DA:35,0
DA:36,0
DA:39,0
DA:40,0
DA:43,0
DA:45,0
DA:46,0
DA:49,0
DA:52,0
DA:68,0
DA:85,0
DA:100,0
DA:115,0
LF:23
LH:0
BRDA:28,0,0,0
BRDA:28,0,1,0
BRDA:46,1,0,0
BRDA:46,1,1,0
BRDA:55,2,0,0
BRDA:55,2,1,0
BRDA:62,3,0,0
BRDA:62,3,1,0
BRDA:132,4,0,0
BRDA:132,4,1,0
BRDA:138,5,0,0
BRDA:138,5,1,0
BRDA:140,6,0,0
BRDA:140,6,1,0
BRDA:140,7,0,0
BRDA:140,7,1,0
BRDA:140,7,2,0
BRDA:140,7,3,0
BRDA:153,8,0,0
BRDA:153,8,1,0
BRDA:164,9,0,0
BRDA:164,9,1,0
BRF:22
BRH:0
end_of_record
TN:
SF:src\pages\FarmerPage.js
FN:12,FarmerPage
FN:15,(anonymous_1)
FN:19,(anonymous_2)
FN:25,(anonymous_3)
FN:26,(anonymous_4)
FN:26,(anonymous_5)
FN:32,(anonymous_6)
FN:47,(anonymous_7)
FN:62,(anonymous_8)
FNF:9
FNH:7
FNDA:37,FarmerPage
FNDA:1,(anonymous_1)
FNDA:1,(anonymous_2)
FNDA:4,(anonymous_3)
FNDA:5,(anonymous_4)
FNDA:0,(anonymous_5)
FNDA:1,(anonymous_6)
FNDA:2,(anonymous_7)
FNDA:0,(anonymous_8)
DA:13,37
DA:14,36
DA:15,36
DA:16,1
DA:19,36
DA:20,1
DA:23,36
DA:25,36
DA:26,5
DA:29,36
DA:32,1
DA:48,2
DA:63,0
LF:13
LH:12
BRDA:26,0,0,2
BRDA:26,0,1,3
BRDA:35,1,0,36
BRDA:35,1,1,0
BRDA:43,2,0,10
BRDA:43,2,1,26
BRDA:80,3,0,26
BRDA:80,3,1,10
BRDA:82,4,0,26
BRDA:82,4,1,0
BRDA:82,5,0,26
BRDA:82,5,1,0
BRDA:82,5,2,26
BRDA:82,5,3,26
BRDA:82,5,4,0
BRDA:82,5,5,0
BRDA:97,6,0,0
BRDA:97,6,1,36
BRDA:99,7,0,0
BRDA:99,7,1,0
BRDA:99,8,0,0
BRDA:99,8,1,0
BRDA:99,8,2,0
BRDA:99,8,3,0
BRF:24
BRH:12
end_of_record
TN:
SF:src\pages\HomePage.js
FN:5,HomePage
FNF:1
FNH:1
FNDA:3,HomePage
DA:7,3
LF:1
LH:1
BRF:0
BRH:0
end_of_record
TN:
SF:src\pages\Login.js
FN:8,LoginForm
FN:13,(anonymous_1)
FN:31,(anonymous_2)
FN:66,(anonymous_3)
FN:76,(anonymous_4)
FNF:5
FNH:4
FNDA:64,LoginForm
FNDA:1,(anonymous_1)
FNDA:0,(anonymous_2)
FNDA:20,(anonymous_3)
FNDA:8,(anonymous_4)
DA:9,64
DA:10,64
DA:11,64
DA:13,64
DA:14,1
DA:15,1
DA:18,1
DA:19,1
DA:21,0
DA:22,0
DA:25,1
DA:26,1
DA:27,1
DA:31,64
DA:32,0
DA:35,64
DA:66,20
DA:76,8
LF:18
LH:15
BRDA:19,0,0,0
BRDA:19,0,1,1
BRDA:19,1,0,1
BRDA:19,1,1,1
BRDA:25,2,0,1
BRDA:25,2,1,0
BRF:6
BRH:4
end_of_record
TN:
SF:src\pages\ManagerPage.js
FN:8,ManagerPage
FN:14,(anonymous_1)
FN:15,(anonymous_2)
FN:15,(anonymous_3)
FN:33,(anonymous_4)
FNF:5
FNH:0
FNDA:0,ManagerPage
FNDA:0,(anonymous_1)
FNDA:0,(anonymous_2)
FNDA:0,(anonymous_3)
FNDA:0,(anonymous_4)
DA:10,0
DA:12,0
DA:14,0
DA:15,0
DA:18,0
DA:34,0
LF:6
LH:0
BRDA:15,0,0,0
BRDA:15,0,1,0
BRDA:21,1,0,0
BRDA:21,1,1,0
BRDA:29,2,0,0
BRDA:29,2,1,0
BRDA:50,3,0,0
BRDA:50,3,1,0
BRF:8
BRH:0
end_of_record
TN:
SF:src\pages\ShopEmployeePage.js
FN:25,ShopEmployee
FN:30,(anonymous_1)
FN:37,(anonymous_2)
FN:38,(anonymous_3)
FN:38,(anonymous_4)
FN:44,(anonymous_5)
FN:53,(anonymous_6)
FN:67,(anonymous_7)
FN:82,(anonymous_8)
FN:97,(anonymous_9)
FN:112,(anonymous_10)
FN:125,(anonymous_11)
FN:139,(anonymous_12)
FNF:13
FNH:0
FNDA:0,ShopEmployee
FNDA:0,(anonymous_1)
FNDA:0,(anonymous_2)
FNDA:0,(anonymous_3)
FNDA:0,(anonymous_4)
FNDA:0,(anonymous_5)
FNDA:0,(anonymous_6)
FNDA:0,(anonymous_7)
FNDA:0,(anonymous_8)
FNDA:0,(anonymous_9)
FNDA:0,(anonymous_10)
FNDA:0,(anonymous_11)
FNDA:0,(anonymous_12)
DA:27,0
DA:28,0
DA:30,0
DA:31,0
DA:35,0
DA:37,0
DA:38,0
DA:41,0
DA:44,0
DA:54,0
DA:68,0
DA:83,0
DA:98,0
DA:113,0
DA:126,0
DA:140,0
LF:16
LH:0
BRDA:38,0,0,0
BRDA:38,0,1,0
BRDA:48,1,0,0
BRDA:48,1,1,0
BRDA:154,2,0,0
BRDA:154,2,1,0
BRDA:161,3,0,0
BRDA:161,3,1,0
BRDA:167,4,0,0
BRDA:167,4,1,0
BRDA:179,5,0,0
BRDA:179,5,1,0
BRDA:181,6,0,0
BRDA:181,6,1,0
BRDA:181,7,0,0
BRDA:181,7,1,0
BRDA:181,7,2,0
BRDA:181,7,3,0
BRDA:194,8,0,0
BRDA:194,8,1,0
BRDA:200,9,0,0
BRDA:200,9,1,0
BRDA:202,10,0,0
BRDA:202,10,1,0
BRDA:202,11,0,0
BRDA:202,11,1,0
BRDA:202,11,2,0
BRDA:202,11,3,0
BRDA:202,11,4,0
BRDA:211,12,0,0
BRDA:211,12,1,0
BRF:31
BRH:0
end_of_record
TN:
SF:src\pages\WarehousePage.js
FN:8,WarehousePage
FN:14,(anonymous_1)
FN:15,(anonymous_2)
FN:15,(anonymous_3)
FN:33,(anonymous_4)
FNF:5
FNH:0
FNDA:0,WarehousePage
FNDA:0,(anonymous_1)
FNDA:0,(anonymous_2)
FNDA:0,(anonymous_3)
FNDA:0,(anonymous_4)
DA:10,0
DA:12,0
DA:14,0
DA:15,0
DA:18,0
DA:34,0
LF:6
LH:0
BRDA:15,0,0,0
BRDA:15,0,1,0
BRDA:21,1,0,0
BRDA:21,1,1,0
BRDA:29,2,0,0
BRDA:29,2,1,0
BRDA:50,3,0,0
BRDA:50,3,1,0
BRDA:52,4,0,0
BRDA:52,4,1,0
BRDA:52,5,0,0
BRDA:52,5,1,0
BRDA:52,5,2,0
BRDA:52,5,3,0
BRF:14
BRH:0
end_of_record
TN:
SF:src\shopEmployee-component\HandOut.js
FN:9,HandOut
FN:13,(anonymous_1)
FN:22,(anonymous_2)
FN:27,(anonymous_3)
FN:29,(anonymous_4)
FN:37,(anonymous_5)
FN:48,(anonymous_6)
FN:54,(anonymous_7)
FN:62,(anonymous_8)
FNF:9
FNH:0
FNDA:0,HandOut
FNDA:0,(anonymous_1)
FNDA:0,(anonymous_2)
FNDA:0,(anonymous_3)
FNDA:0,(anonymous_4)
FNDA:0,(anonymous_5)
FNDA:0,(anonymous_6)
FNDA:0,(anonymous_7)
FNDA:0,(anonymous_8)
DA:10,0
DA:11,0
DA:13,0
DA:15,0
DA:16,0
DA:17,0
DA:19,0
DA:22,0
DA:23,0
DA:25,0
DA:26,0
DA:29,0
DA:31,0
DA:33,0
DA:34,0
DA:38,0
DA:43,0
DA:48,0
DA:55,0
DA:63,0
LF:20
LH:0
BRDA:16,0,0,0
BRDA:16,0,1,0
BRDA:23,1,0,0
BRDA:23,1,1,0
BRDA:31,2,0,0
BRDA:31,2,1,0
BRDA:57,3,0,0
BRDA:57,3,1,0
BRF:8
BRH:0
end_of_record
TN:
SF:src\shopEmployee-component\PendingOrders.js
FN:8,PendingOrders
FN:14,(anonymous_1)
FN:15,(anonymous_2)
FN:16,(anonymous_3)
FN:24,(anonymous_4)
FN:31,(anonymous_5)
FN:39,(anonymous_6)
FN:62,(anonymous_7)
FN:72,(anonymous_8)
FN:81,(anonymous_9)
FNF:10
FNH:0
FNDA:0,PendingOrders
FNDA:0,(anonymous_1)
FNDA:0,(anonymous_2)
FNDA:0,(anonymous_3)
FNDA:0,(anonymous_4)
FNDA:0,(anonymous_5)
FNDA:0,(anonymous_6)
FNDA:0,(anonymous_7)
FNDA:0,(anonymous_8)
FNDA:0,(anonymous_9)
DA:9,0
DA:10,0
DA:11,0
DA:12,0
DA:14,0
DA:15,0
DA:16,0
DA:17,0
DA:18,0
DA:21,0
DA:24,0
DA:25,0
DA:31,0
DA:34,0
DA:39,0
DA:63,0
DA:72,0
DA:81,0
LF:18
LH:0
BRDA:44,0,0,0
BRDA:44,0,1,0
BRDA:61,1,0,0
BRDA:61,1,1,0
BRF:4
BRH:0
end_of_record
TN:
SF:src\shopEmployee-component\TopUpWallet.js
FN:9,TopUpWallet
FN:15,(anonymous_1)
FN:18,(anonymous_2)
FN:20,(anonymous_3)
FN:25,(anonymous_4)
FN:32,(anonymous_5)
FN:39,(anonymous_6)
FN:59,(anonymous_7)
FN:83,(anonymous_8)
FNF:9
FNH:0
FNDA:0,TopUpWallet
FNDA:0,(anonymous_1)
FNDA:0,(anonymous_2)
FNDA:0,(anonymous_3)
FNDA:0,(anonymous_4)
FNDA:0,(anonymous_5)
FNDA:0,(anonymous_6)
FNDA:0,(anonymous_7)
FNDA:0,(anonymous_8)
DA:10,0
DA:11,0
DA:12,0
DA:13,0
DA:14,0
DA:15,0
DA:16,0
DA:18,0
DA:19,0
DA:21,0
DA:22,0
DA:23,0
DA:26,0
DA:27,0
DA:32,0
DA:33,0
DA:34,0
DA:35,0
DA:38,0
DA:39,0
DA:40,0
DA:41,0
DA:43,0
DA:44,0
DA:46,0
DA:50,0
DA:59,0
DA:84,0
DA:88,0
DA:89,0
DA:90,0
LF:31
LH:0
BRDA:16,0,0,0
BRDA:16,0,1,0
BRDA:34,1,0,0
BRDA:34,1,1,0
BRDA:34,2,0,0
BRDA:34,2,1,0
BRDA:34,2,2,0
BRDA:38,3,0,0
BRDA:38,3,1,0
BRDA:66,4,0,0
BRDA:66,4,1,0
BRDA:68,5,0,0
BRDA:68,5,1,0
BRDA:84,6,0,0
BRDA:84,6,1,0
BRDA:85,7,0,0
BRDA:85,7,1,0
BRF:17
BRH:0
end_of_record
TN:
SF:src\ui-components\BrowseProducts.js
FN:10,BrowserProducts
FN:17,(anonymous_1)
FN:21,(anonymous_2)
FN:22,(anonymous_3)
FN:30,(anonymous_4)
FN:40,(anonymous_5)
FNF:6
FNH:0
FNDA:0,BrowserProducts
FNDA:0,(anonymous_1)
FNDA:0,(anonymous_2)
FNDA:0,(anonymous_3)
FNDA:0,(anonymous_4)
FNDA:0,(anonymous_5)
DA:12,0
DA:13,0
DA:14,0
DA:15,0
DA:17,0
DA:18,0
DA:21,0
DA:22,0
DA:23,0
DA:25,0
DA:26,0
DA:27,0
DA:30,0
DA:31,0
DA:32,0
DA:36,0
DA:40,0
LF:17
LH:0
BRDA:45,0,0,0
BRDA:45,0,1,0
BRF:2
BRH:0
end_of_record
TN:
SF:src\ui-components\CheckOrders.js
FN:8,CheckOrders
FN:13,(anonymous_1)
FN:29,(anonymous_2)
FN:45,(anonymous_3)
FNF:4
FNH:0
FNDA:0,CheckOrders
FNDA:0,(anonymous_1)
FNDA:0,(anonymous_2)
FNDA:0,(anonymous_3)
DA:10,0
DA:11,0
DA:13,0
DA:14,0
DA:15,0
DA:16,0
DA:17,0
DA:18,0
DA:20,0
DA:24,0
DA:29,0
DA:46,0
LF:12
LH:0
BRDA:15,0,0,0
BRDA:15,0,1,0
BRDA:17,1,0,0
BRDA:17,1,1,0
BRDA:35,2,0,0
BRDA:35,2,1,0
BRDA:48,3,0,0
BRDA:48,3,1,0
BRF:8
BRH:0
end_of_record
TN:
SF:src\ui-components\Icons.js
FN:1,getDefaultProps
FN:292,(anonymous_1)
FN:300,(anonymous_2)
FN:305,(anonymous_3)
FN:313,(anonymous_4)
FN:323,(anonymous_5)
FNF:6
FNH:0
FNDA:0,getDefaultProps
FNDA:0,(anonymous_1)
FNDA:0,(anonymous_2)
FNDA:0,(anonymous_3)
FNDA:0,(anonymous_4)
FNDA:0,(anonymous_5)
DA:2,0
DA:3,0
DA:6,0
DA:21,2
DA:37,2
DA:49,2
DA:68,2
DA:80,2
DA:93,2
DA:109,2
DA:121,2
DA:137,2
DA:149,2
DA:161,2
DA:174,2
DA:186,2
DA:201,2
DA:214,2
DA:226,2
DA:239,2
DA:252,2
DA:264,2
DA:280,2
DA:292,2
DA:293,0
DA:300,2
DA:301,0
DA:305,2
DA:306,0
DA:313,2
DA:314,0
DA:323,2
DA:324,0
LF:33
LH:25
BRDA:1,0,0,0
BRDA:2,1,0,0
BRDA:2,1,1,0
BRF:3
BRH:0
end_of_record
TN:
SF:src\ui-components\MyNavbar.js
FN:13,MyNavbar
FN:18,(anonymous_1)
FN:24,(anonymous_2)
FN:53,(anonymous_3)
FN:76,(anonymous_4)
FN:88,(anonymous_5)
FN:101,(anonymous_6)
FN:120,(anonymous_7)
FN:135,(anonymous_8)
FN:156,(anonymous_9)
FNF:10
FNH:7
FNDA:72,MyNavbar
FNDA:12,(anonymous_1)
FNDA:120,(anonymous_2)
FNDA:0,(anonymous_3)
FNDA:0,(anonymous_4)
FNDA:0,(anonymous_5)
FNDA:1,(anonymous_6)
FNDA:1,(anonymous_7)
FNDA:1,(anonymous_8)
FNDA:1,(anonymous_9)
DA:15,72
DA:16,70
DA:18,70
DA:20,12
DA:24,70
DA:25,120
DA:28,70
DA:30,70
DA:32,70
DA:54,0
DA:55,0
DA:77,0
DA:78,0
DA:88,0
DA:102,1
DA:104,1
DA:109,1
DA:110,1
DA:121,1
DA:123,1
DA:137,1
DA:139,1
DA:141,1
DA:143,1
DA:156,1
LF:25
LH:20
BRDA:15,0,0,72
BRDA:15,0,1,0
BRDA:25,1,0,120
BRDA:25,1,1,33
BRDA:25,1,2,0
BRDA:28,2,0,70
BRDA:28,2,1,70
BRDA:51,3,0,58
BRDA:51,3,1,12
BRDA:70,4,0,58
BRDA:70,4,1,12
BRDA:70,5,0,70
BRDA:70,5,1,12
BRDA:73,6,0,44
BRDA:73,6,1,14
BRDA:77,7,0,0
BRDA:77,7,1,0
BRDA:85,8,0,58
BRDA:85,8,1,0
BRDA:104,9,0,1
BRDA:104,9,1,0
BRF:21
BRH:15
end_of_record
TN:
SF:src\ui-components\Page.js
FN:4,(anonymous_0)
FN:22,(anonymous_1)
FN:34,(anonymous_2)
FN:46,(anonymous_3)
FN:61,(anonymous_4)
FN:78,(anonymous_5)
FN:93,(anonymous_6)
FN:109,(anonymous_7)
FNF:8
FNH:8
FNDA:544,(anonymous_0)
FNDA:36,(anonymous_1)
FNDA:56,(anonymous_2)
FNDA:57,(anonymous_3)
FNDA:104,(anonymous_4)
FNDA:47,(anonymous_5)
FNDA:36,(anonymous_6)
FNDA:208,(anonymous_7)
DA:4,2
DA:6,544
DA:8,538
DA:10,538
DA:11,0
DA:14,538
DA:15,206
DA:18,538
DA:22,2
DA:24,36
DA:25,36
DA:27,36
DA:34,2
DA:36,56
DA:37,56
DA:39,56
DA:46,2
DA:48,57
DA:50,56
DA:52,56
DA:61,2
DA:63,104
DA:65,102
DA:67,102
DA:68,0
DA:71,102
DA:78,2
DA:80,47
DA:82,46
DA:83,46
DA:86,46
DA:93,2
DA:95,36
DA:97,36
DA:98,36
DA:101,0
DA:104,36
DA:109,2
DA:111,208
DA:112,206
DA:114,206
DA:116,206
LF:42
LH:39
BRDA:6,0,0,544
BRDA:6,0,1,538
BRDA:8,1,0,538
BRDA:8,1,1,474
BRDA:10,2,0,0
BRDA:10,2,1,538
BRDA:14,3,0,206
BRDA:14,3,1,332
BRDA:14,4,0,538
BRDA:14,4,1,206
BRDA:67,5,0,0
BRDA:67,5,1,102
BRDA:82,6,0,46
BRDA:82,6,1,0
BRDA:97,7,0,36
BRDA:97,7,1,0
BRF:16
BRH:12
end_of_record
TN:
SF:src\ui-components\Products.js
FN:12,(anonymous_0)
FN:20,(anonymous_1)
FN:40,(anonymous_2)
FN:42,(anonymous_3)
FN:42,(anonymous_4)
FN:49,(anonymous_5)
FN:55,(anonymous_6)
FN:77,(anonymous_7)
FN:89,(anonymous_8)
FN:100,(anonymous_9)
FN:143,(anonymous_10)
FN:151,(anonymous_11)
FN:187,(anonymous_12)
FN:208,(anonymous_13)
FNF:14
FNH:0
FNDA:0,(anonymous_0)
FNDA:0,(anonymous_1)
FNDA:0,(anonymous_2)
FNDA:0,(anonymous_3)
FNDA:0,(anonymous_4)
FNDA:0,(anonymous_5)
FNDA:0,(anonymous_6)
FNDA:0,(anonymous_7)
FNDA:0,(anonymous_8)
FNDA:0,(anonymous_9)
FNDA:0,(anonymous_10)
FNDA:0,(anonymous_11)
FNDA:0,(anonymous_12)
FNDA:0,(anonymous_13)
DA:12,2
DA:14,0
DA:15,0
DA:16,0
DA:18,0
DA:20,0
DA:22,0
DA:24,0
DA:25,0
DA:26,0
DA:28,0
DA:29,0
DA:31,0
DA:32,0
DA:35,0
DA:38,0
DA:40,0
DA:42,0
DA:46,0
DA:51,0
DA:53,0
DA:55,0
DA:57,0
DA:58,0
DA:62,0
DA:77,2
DA:79,0
DA:80,0
DA:82,0
DA:83,0
DA:85,0
DA:87,0
DA:89,0
DA:91,0
DA:92,0
DA:96,0
DA:97,0
DA:100,0
DA:102,0
DA:103,0
DA:104,0
DA:107,0
DA:108,0
DA:109,0
DA:112,0
DA:115,0
DA:116,0
DA:118,0
DA:143,0
DA:153,0
DA:155,0
DA:156,0
DA:157,0
DA:160,0
DA:161,0
DA:162,0
DA:165,0
DA:166,0
DA:167,0
DA:170,0
DA:172,0
DA:173,0
DA:176,0
DA:187,0
DA:210,0
DA:212,0
DA:214,0
DA:216,0
DA:217,0
DA:218,0
LF:70
LH:2
BRDA:18,0,0,0
BRDA:18,0,1,0
BRDA:22,1,0,0
BRDA:22,1,1,0
BRDA:24,2,0,0
BRDA:24,2,1,0
BRDA:24,3,0,0
BRDA:24,3,1,0
BRDA:25,4,0,0
BRDA:25,4,1,0
BRDA:25,5,0,0
BRDA:25,5,1,0
BRDA:25,5,2,0
BRDA:26,6,0,0
BRDA:26,6,1,0
BRDA:28,7,0,0
BRDA:28,7,1,0
BRDA:28,8,0,0
BRDA:28,8,1,0
BRDA:28,8,2,0
BRDA:29,9,0,0
BRDA:29,9,1,0
BRDA:31,10,0,0
BRDA:31,10,1,0
BRDA:31,11,0,0
BRDA:31,11,1,0
BRDA:31,11,2,0
BRDA:32,12,0,0
BRDA:32,12,1,0
BRDA:42,13,0,0
BRDA:42,13,1,0
BRDA:53,14,0,0
BRDA:53,14,1,0
BRDA:57,15,0,0
BRDA:57,15,1,0
BRDA:58,16,0,0
BRDA:58,16,1,0
BRDA:87,17,0,0
BRDA:87,17,1,0
BRDA:96,18,0,0
BRDA:96,18,1,0
BRDA:96,19,0,0
BRDA:96,19,1,0
BRDA:102,20,0,0
BRDA:102,20,1,0
BRDA:107,21,0,0
BRDA:107,21,1,0
BRDA:116,22,0,0
BRDA:116,22,1,0
BRDA:132,23,0,0
BRDA:132,23,1,0
BRDA:155,24,0,0
BRDA:155,24,1,0
BRDA:160,25,0,0
BRDA:160,25,1,0
BRDA:165,26,0,0
BRDA:165,26,1,0
BRDA:165,27,0,0
BRDA:165,27,1,0
BRDA:172,28,0,0
BRDA:172,28,1,0
BRDA:197,29,0,0
BRDA:197,29,1,0
BRDA:204,30,0,0
BRDA:204,30,1,0
BRDA:216,31,0,0
BRDA:216,31,1,0
BRDA:222,32,0,0
BRDA:222,32,1,0
BRF:69
BRH:0
end_of_record
TN:
SF:src\ui-components\RegistrationForm.js
FN:15,RegistrationForm
FN:24,(anonymous_1)
FN:25,(anonymous_2)
FN:40,(anonymous_3)
FN:51,(anonymous_4)
FN:69,(anonymous_5)
FN:85,(anonymous_6)
FN:95,(anonymous_7)
FN:108,(anonymous_8)
FN:119,(anonymous_9)
FN:132,(anonymous_10)
FN:143,(anonymous_11)
FNF:12
FNH:0
FNDA:0,RegistrationForm
FNDA:0,(anonymous_1)
FNDA:0,(anonymous_2)
FNDA:0,(anonymous_3)
FNDA:0,(anonymous_4)
FNDA:0,(anonymous_5)
FNDA:0,(anonymous_6)
FNDA:0,(anonymous_7)
FNDA:0,(anonymous_8)
FNDA:0,(anonymous_9)
FNDA:0,(anonymous_10)
FNDA:0,(anonymous_11)
DA:16,0
DA:17,0
DA:18,0
DA:19,0
DA:20,0
DA:21,0
DA:22,0
DA:23,0
DA:24,0
DA:25,0
DA:26,0
DA:28,0
DA:29,0
DA:32,0
DA:39,0
DA:42,0
DA:43,0
DA:44,0
DA:48,0
DA:52,0
DA:53,0
DA:57,0
DA:61,0
DA:65,0
DA:69,0
DA:85,0
DA:95,0
DA:108,0
DA:119,0
DA:132,0
DA:143,0
LF:31
LH:0
BRDA:28,0,0,0
BRDA:28,0,1,0
BRDA:28,1,0,0
BRDA:28,1,1,0
BRDA:28,1,2,0
BRDA:28,1,3,0
BRDA:28,1,4,0
BRDA:28,1,5,0
BRDA:29,2,0,0
BRDA:29,2,1,0
BRDA:42,3,0,0
BRDA:42,3,1,0
BRF:12
BRH:0
end_of_record
TN:
SF:src\ui-components\SearchComponent.js
FN:4,SearchComponent
FN:18,(anonymous_1)
FN:23,(anonymous_2)
FNF:3
FNH:0
FNDA:0,SearchComponent
FNDA:0,(anonymous_1)
FNDA:0,(anonymous_2)
DA:5,0
DA:6,0
DA:18,0
DA:23,0
LF:4
LH:0
BRF:0
BRH:0
end_of_record
TN:
SF:src\ui-components\SearchForm.js
FN:6,SearchForm
FN:9,(anonymous_1)
FN:24,(anonymous_2)
FNF:3
FNH:0
FNDA:0,SearchForm
FNDA:0,(anonymous_1)
FNDA:0,(anonymous_2)
DA:7,0
DA:9,0
DA:10,0
DA:13,0
DA:14,0
DA:15,0
DA:16,0
DA:19,0
DA:20,0
DA:21,0
DA:24,0
DA:25,0
DA:26,0
DA:29,0
LF:14
LH:0
BRDA:13,0,0,0
BRDA:13,0,1,0
BRF:2
BRH:0
end_of_record
TN:
SF:src\ui-components\ToastNotification.js
FN:4,(anonymous_0)
FN:6,(anonymous_1)
FN:9,(anonymous_2)
FN:22,(anonymous_3)
FN:25,(anonymous_4)
FNF:5
FNH:4
FNDA:222,(anonymous_0)
FNDA:0,(anonymous_1)
FNDA:1,(anonymous_2)
FNDA:111,(anonymous_3)
FNDA:1,(anonymous_4)
DA:4,2
DA:6,222
DA:7,222
DA:8,222
DA:9,222
DA:10,222
DA:12,222
DA:14,222
DA:16,222
DA:22,222
DA:24,111
DA:25,1
DA:26,1
DA:27,1
DA:30,1
DA:34,222
LF:16
LH:16
BRDA:6,0,0,222
BRDA:6,0,1,0
BRDA:7,1,0,222
BRDA:7,1,1,218
BRDA:7,1,2,218
BRDA:8,2,0,222
BRDA:8,2,1,222
BRDA:8,2,2,0
BRDA:9,3,0,222
BRDA:9,3,1,222
BRDA:10,4,0,222
BRDA:10,4,1,222
BRDA:24,5,0,1
BRDA:24,5,1,110
BRDA:24,6,0,111
BRDA:24,6,1,2
BRF:16
BRH:14
end_of_record
TN:
SF:src\utility\GlobalState.js
FN:3,(anonymous_0)
FNF:1
FNH:0
FNDA:0,(anonymous_0)
DA:3,2
LF:1
LH:1
BRF:0
BRH:0
end_of_record
TN:
SF:src\warehouse-component\ManageDelivery.js
FN:6,ManageDelivery
FN:10,(anonymous_1)
FN:11,(anonymous_2)
FN:12,(anonymous_3)
FN:21,(anonymous_4)
FN:22,(anonymous_5)
FN:47,(anonymous_6)
FN:56,(anonymous_7)
FNF:8
FNH:0
FNDA:0,ManageDelivery
FNDA:0,(anonymous_1)
FNDA:0,(anonymous_2)
FNDA:0,(anonymous_3)
FNDA:0,(anonymous_4)
FNDA:0,(anonymous_5)
FNDA:0,(anonymous_6)
FNDA:0,(anonymous_7)
DA:7,0
DA:8,0
DA:10,0
DA:11,0
DA:12,0
DA:13,0
DA:14,0
DA:18,0
DA:21,0
DA:22,0
DA:23,0
DA:26,0
DA:48,0
DA:56,0
LF:14
LH:0
BRDA:30,0,0,0
BRDA:30,0,1,0
BRDA:34,1,0,0
BRDA:34,1,1,0
BRF:4
BRH:0
end_of_record
