{"H:\\Michele\\Università\\Magistrale Polito\\Software Engineering II\\SPG\\SPG\\client\\src\\API.js": {"path":"H:\\Michele\\Università\\Magistrale Polito\\Software Engineering II\\SPG\\SPG\\client\\src\\API.js","statementMap":{"0":{"start":{"line":8,"column":2},"end":{"line":26,"column":5}},"1":{"start":{"line":9,"column":4},"end":{"line":25,"column":63}},"2":{"start":{"line":11,"column":8},"end":{"line":23,"column":9}},"3":{"start":{"line":13,"column":10},"end":{"line":16,"column":79}},"4":{"start":{"line":15,"column":28},"end":{"line":15,"column":41}},"5":{"start":{"line":16,"column":28},"end":{"line":16,"column":77}},"6":{"start":{"line":19,"column":10},"end":{"line":22,"column":79}},"7":{"start":{"line":21,"column":27},"end":{"line":21,"column":38}},"8":{"start":{"line":22,"column":28},"end":{"line":22,"column":77}},"9":{"start":{"line":25,"column":22},"end":{"line":25,"column":61}},"10":{"start":{"line":34,"column":17},"end":{"line":40,"column":4}},"11":{"start":{"line":41,"column":2},"end":{"line":51,"column":3}},"12":{"start":{"line":42,"column":17},"end":{"line":42,"column":38}},"13":{"start":{"line":43,"column":4},"end":{"line":43,"column":16}},"14":{"start":{"line":45,"column":4},"end":{"line":50,"column":5}},"15":{"start":{"line":46,"column":24},"end":{"line":46,"column":45}},"16":{"start":{"line":47,"column":6},"end":{"line":47,"column":30}},"17":{"start":{"line":49,"column":6},"end":{"line":49,"column":16}},"18":{"start":{"line":55,"column":2},"end":{"line":55,"column":61}},"19":{"start":{"line":62,"column":2},"end":{"line":78,"column":4}},"20":{"start":{"line":63,"column":2},"end":{"line":77,"column":86}},"21":{"start":{"line":70,"column":3},"end":{"line":76,"column":4}},"22":{"start":{"line":71,"column":4},"end":{"line":71,"column":18}},"23":{"start":{"line":73,"column":4},"end":{"line":75,"column":80}},"24":{"start":{"line":74,"column":26},"end":{"line":74,"column":42}},"25":{"start":{"line":75,"column":20},"end":{"line":75,"column":76}},"26":{"start":{"line":77,"column":19},"end":{"line":77,"column":82}},"27":{"start":{"line":82,"column":19},"end":{"line":84,"column":4}},"28":{"start":{"line":86,"column":2},"end":{"line":90,"column":3}},"29":{"start":{"line":87,"column":4},"end":{"line":87,"column":33}},"30":{"start":{"line":89,"column":4},"end":{"line":89,"column":26}},"31":{"start":{"line":94,"column":19},"end":{"line":96,"column":37}},"32":{"start":{"line":97,"column":19},"end":{"line":97,"column":40}},"33":{"start":{"line":99,"column":2},"end":{"line":103,"column":3}},"34":{"start":{"line":100,"column":4},"end":{"line":100,"column":20}},"35":{"start":{"line":102,"column":4},"end":{"line":102,"column":19}},"36":{"start":{"line":107,"column":19},"end":{"line":116,"column":4}},"37":{"start":{"line":117,"column":2},"end":{"line":121,"column":3}},"38":{"start":{"line":118,"column":4},"end":{"line":118,"column":33}},"39":{"start":{"line":120,"column":4},"end":{"line":120,"column":32}},"40":{"start":{"line":124,"column":12},"end":{"line":136,"column":1}}},"fnMap":{"0":{"name":"getJson","decl":{"start":{"line":7,"column":9},"end":{"line":7,"column":16}},"loc":{"start":{"line":7,"column":38},"end":{"line":27,"column":1}},"line":7},"1":{"name":"(anonymous_1)","decl":{"start":{"line":8,"column":21},"end":{"line":8,"column":22}},"loc":{"start":{"line":8,"column":42},"end":{"line":26,"column":3}},"line":8},"2":{"name":"(anonymous_2)","decl":{"start":{"line":10,"column":12},"end":{"line":10,"column":13}},"loc":{"start":{"line":10,"column":26},"end":{"line":24,"column":7}},"line":10},"3":{"name":"(anonymous_3)","decl":{"start":{"line":15,"column":18},"end":{"line":15,"column":19}},"loc":{"start":{"line":15,"column":28},"end":{"line":15,"column":41}},"line":15},"4":{"name":"(anonymous_4)","decl":{"start":{"line":16,"column":19},"end":{"line":16,"column":20}},"loc":{"start":{"line":16,"column":28},"end":{"line":16,"column":77}},"line":16},"5":{"name":"(anonymous_5)","decl":{"start":{"line":21,"column":18},"end":{"line":21,"column":19}},"loc":{"start":{"line":21,"column":27},"end":{"line":21,"column":38}},"line":21},"6":{"name":"(anonymous_6)","decl":{"start":{"line":22,"column":19},"end":{"line":22,"column":20}},"loc":{"start":{"line":22,"column":28},"end":{"line":22,"column":77}},"line":22},"7":{"name":"(anonymous_7)","decl":{"start":{"line":25,"column":13},"end":{"line":25,"column":14}},"loc":{"start":{"line":25,"column":22},"end":{"line":25,"column":61}},"line":25},"8":{"name":"logIn","decl":{"start":{"line":33,"column":15},"end":{"line":33,"column":20}},"loc":{"start":{"line":33,"column":34},"end":{"line":52,"column":1}},"line":33},"9":{"name":"logOut","decl":{"start":{"line":54,"column":15},"end":{"line":54,"column":21}},"loc":{"start":{"line":54,"column":24},"end":{"line":56,"column":1}},"line":54},"10":{"name":"setTime","decl":{"start":{"line":61,"column":15},"end":{"line":61,"column":22}},"loc":{"start":{"line":61,"column":65},"end":{"line":79,"column":1}},"line":61},"11":{"name":"(anonymous_11)","decl":{"start":{"line":62,"column":21},"end":{"line":62,"column":22}},"loc":{"start":{"line":62,"column":42},"end":{"line":78,"column":2}},"line":62},"12":{"name":"(anonymous_12)","decl":{"start":{"line":69,"column":10},"end":{"line":69,"column":11}},"loc":{"start":{"line":69,"column":24},"end":{"line":77,"column":3}},"line":69},"13":{"name":"(anonymous_13)","decl":{"start":{"line":74,"column":11},"end":{"line":74,"column":12}},"loc":{"start":{"line":74,"column":24},"end":{"line":74,"column":44}},"line":74},"14":{"name":"(anonymous_14)","decl":{"start":{"line":75,"column":12},"end":{"line":75,"column":13}},"loc":{"start":{"line":75,"column":18},"end":{"line":75,"column":78}},"line":75},"15":{"name":"(anonymous_15)","decl":{"start":{"line":77,"column":11},"end":{"line":77,"column":12}},"loc":{"start":{"line":77,"column":17},"end":{"line":77,"column":84}},"line":77},"16":{"name":"getOrders","decl":{"start":{"line":81,"column":15},"end":{"line":81,"column":24}},"loc":{"start":{"line":81,"column":39},"end":{"line":91,"column":1}},"line":81},"17":{"name":"getUserInfo","decl":{"start":{"line":93,"column":15},"end":{"line":93,"column":26}},"loc":{"start":{"line":93,"column":35},"end":{"line":104,"column":1}},"line":93},"18":{"name":"updateWallet","decl":{"start":{"line":106,"column":15},"end":{"line":106,"column":27}},"loc":{"start":{"line":106,"column":50},"end":{"line":122,"column":1}},"line":106}},"branchMap":{"0":{"loc":{"start":{"line":11,"column":8},"end":{"line":23,"column":9}},"type":"if","locations":[{"start":{"line":11,"column":8},"end":{"line":23,"column":9}},{"start":{"line":17,"column":15},"end":{"line":23,"column":9}}],"line":11},"1":{"loc":{"start":{"line":41,"column":2},"end":{"line":51,"column":3}},"type":"if","locations":[{"start":{"line":41,"column":2},"end":{"line":51,"column":3}},{"start":{"line":44,"column":9},"end":{"line":51,"column":3}}],"line":41},"2":{"loc":{"start":{"line":61,"column":23},"end":{"line":61,"column":63}},"type":"default-arg","locations":[{"start":{"line":61,"column":33},"end":{"line":61,"column":63}}],"line":61},"3":{"loc":{"start":{"line":70,"column":3},"end":{"line":76,"column":4}},"type":"if","locations":[{"start":{"line":70,"column":3},"end":{"line":76,"column":4}},{"start":{"line":72,"column":10},"end":{"line":76,"column":4}}],"line":70},"4":{"loc":{"start":{"line":86,"column":2},"end":{"line":90,"column":3}},"type":"if","locations":[{"start":{"line":86,"column":2},"end":{"line":90,"column":3}},{"start":{"line":88,"column":9},"end":{"line":90,"column":3}}],"line":86},"5":{"loc":{"start":{"line":94,"column":26},"end":{"line":96,"column":36}},"type":"cond-expr","locations":[{"start":{"line":95,"column":6},"end":{"line":95,"column":34}},{"start":{"line":96,"column":6},"end":{"line":96,"column":36}}],"line":94},"6":{"loc":{"start":{"line":99,"column":2},"end":{"line":103,"column":3}},"type":"if","locations":[{"start":{"line":99,"column":2},"end":{"line":103,"column":3}},{"start":{"line":101,"column":9},"end":{"line":103,"column":3}}],"line":99},"7":{"loc":{"start":{"line":117,"column":2},"end":{"line":121,"column":3}},"type":"if","locations":[{"start":{"line":117,"column":2},"end":{"line":121,"column":3}},{"start":{"line":119,"column":9},"end":{"line":121,"column":3}}],"line":117}},"s":{"0":0,"1":0,"2":0,"3":0,"4":0,"5":0,"6":0,"7":0,"8":0,"9":0,"10":0,"11":0,"12":0,"13":0,"14":0,"15":0,"16":0,"17":0,"18":0,"19":0,"20":0,"21":0,"22":0,"23":0,"24":0,"25":0,"26":0,"27":5,"28":5,"29":5,"30":0,"31":0,"32":0,"33":0,"34":0,"35":0,"36":1,"37":0,"38":0,"39":0,"40":7},"f":{"0":0,"1":0,"2":0,"3":0,"4":0,"5":0,"6":0,"7":0,"8":0,"9":0,"10":0,"11":0,"12":0,"13":0,"14":0,"15":0,"16":5,"17":0,"18":1},"b":{"0":[0,0],"1":[0,0],"2":[0],"3":[0,0],"4":[5,0],"5":[0,0],"6":[0,0],"7":[0,0]},"_coverageSchema":"1a1c01bbd47fc00a2c39e90264f33305004495a9","hash":"2903e1f6a01622aefb200a908863e34a9d2c5e69"}
,"H:\\Michele\\Università\\Magistrale Polito\\Software Engineering II\\SPG\\SPG\\client\\src\\App.js": {"path":"H:\\Michele\\Università\\Magistrale Polito\\Software Engineering II\\SPG\\SPG\\client\\src\\App.js","statementMap":{"0":{"start":{"line":25,"column":12},"end":{"line":210,"column":1}},"1":{"start":{"line":26,"column":32},"end":{"line":26,"column":44}},"2":{"start":{"line":27,"column":26},"end":{"line":27,"column":40}},"3":{"start":{"line":28,"column":34},"end":{"line":28,"column":49}},"4":{"start":{"line":30,"column":2},"end":{"line":39,"column":9}},"5":{"start":{"line":32,"column":22},"end":{"line":37,"column":5}},"6":{"start":{"line":33,"column":22},"end":{"line":33,"column":45}},"7":{"start":{"line":34,"column":6},"end":{"line":34,"column":24}},"8":{"start":{"line":35,"column":6},"end":{"line":35,"column":27}},"9":{"start":{"line":36,"column":6},"end":{"line":36,"column":23}},"10":{"start":{"line":38,"column":4},"end":{"line":38,"column":49}},"11":{"start":{"line":38,"column":31},"end":{"line":38,"column":47}},"12":{"start":{"line":41,"column":18},"end":{"line":50,"column":3}},"13":{"start":{"line":42,"column":4},"end":{"line":49,"column":5}},"14":{"start":{"line":43,"column":19},"end":{"line":43,"column":47}},"15":{"start":{"line":44,"column":6},"end":{"line":44,"column":24}},"16":{"start":{"line":45,"column":6},"end":{"line":45,"column":20}},"17":{"start":{"line":46,"column":6},"end":{"line":46,"column":55}},"18":{"start":{"line":48,"column":6},"end":{"line":48,"column":47}},"19":{"start":{"line":52,"column":19},"end":{"line":57,"column":3}},"20":{"start":{"line":53,"column":4},"end":{"line":53,"column":23}},"21":{"start":{"line":54,"column":4},"end":{"line":54,"column":23}},"22":{"start":{"line":55,"column":4},"end":{"line":55,"column":18}},"23":{"start":{"line":56,"column":4},"end":{"line":56,"column":19}},"24":{"start":{"line":59,"column":23},"end":{"line":61,"column":3}},"25":{"start":{"line":60,"column":4},"end":{"line":60,"column":19}},"26":{"start":{"line":63,"column":2},"end":{"line":209,"column":4}},"27":{"start":{"line":75,"column":12},"end":{"line":92,"column":24}},"28":{"start":{"line":100,"column":12},"end":{"line":102,"column":24}},"29":{"start":{"line":110,"column":12},"end":{"line":127,"column":24}},"30":{"start":{"line":135,"column":12},"end":{"line":144,"column":15}},"31":{"start":{"line":151,"column":12},"end":{"line":158,"column":24}},"32":{"start":{"line":166,"column":12},"end":{"line":175,"column":15}},"33":{"start":{"line":183,"column":12},"end":{"line":193,"column":15}},"34":{"start":{"line":201,"column":12},"end":{"line":204,"column":24}}},"fnMap":{"0":{"name":"(anonymous_0)","decl":{"start":{"line":25,"column":12},"end":{"line":25,"column":13}},"loc":{"start":{"line":25,"column":18},"end":{"line":210,"column":1}},"line":25},"1":{"name":"(anonymous_1)","decl":{"start":{"line":30,"column":12},"end":{"line":30,"column":13}},"loc":{"start":{"line":30,"column":18},"end":{"line":39,"column":3}},"line":30},"2":{"name":"(anonymous_2)","decl":{"start":{"line":32,"column":22},"end":{"line":32,"column":23}},"loc":{"start":{"line":32,"column":34},"end":{"line":37,"column":5}},"line":32},"3":{"name":"(anonymous_3)","decl":{"start":{"line":38,"column":22},"end":{"line":38,"column":23}},"loc":{"start":{"line":38,"column":31},"end":{"line":38,"column":47}},"line":38},"4":{"name":"(anonymous_4)","decl":{"start":{"line":41,"column":18},"end":{"line":41,"column":19}},"loc":{"start":{"line":41,"column":41},"end":{"line":50,"column":3}},"line":41},"5":{"name":"(anonymous_5)","decl":{"start":{"line":52,"column":19},"end":{"line":52,"column":20}},"loc":{"start":{"line":52,"column":31},"end":{"line":57,"column":3}},"line":52},"6":{"name":"(anonymous_6)","decl":{"start":{"line":59,"column":23},"end":{"line":59,"column":24}},"loc":{"start":{"line":59,"column":29},"end":{"line":61,"column":3}},"line":59},"7":{"name":"(anonymous_7)","decl":{"start":{"line":74,"column":18},"end":{"line":74,"column":19}},"loc":{"start":{"line":75,"column":12},"end":{"line":92,"column":24}},"line":75},"8":{"name":"(anonymous_8)","decl":{"start":{"line":99,"column":18},"end":{"line":99,"column":19}},"loc":{"start":{"line":100,"column":12},"end":{"line":102,"column":24}},"line":100},"9":{"name":"(anonymous_9)","decl":{"start":{"line":109,"column":18},"end":{"line":109,"column":19}},"loc":{"start":{"line":110,"column":12},"end":{"line":127,"column":24}},"line":110},"10":{"name":"(anonymous_10)","decl":{"start":{"line":134,"column":18},"end":{"line":134,"column":19}},"loc":{"start":{"line":135,"column":12},"end":{"line":144,"column":15}},"line":135},"11":{"name":"(anonymous_11)","decl":{"start":{"line":150,"column":18},"end":{"line":150,"column":19}},"loc":{"start":{"line":151,"column":12},"end":{"line":158,"column":24}},"line":151},"12":{"name":"(anonymous_12)","decl":{"start":{"line":165,"column":18},"end":{"line":165,"column":19}},"loc":{"start":{"line":166,"column":12},"end":{"line":175,"column":15}},"line":166},"13":{"name":"(anonymous_13)","decl":{"start":{"line":182,"column":18},"end":{"line":182,"column":19}},"loc":{"start":{"line":183,"column":12},"end":{"line":193,"column":15}},"line":183},"14":{"name":"(anonymous_14)","decl":{"start":{"line":200,"column":18},"end":{"line":200,"column":19}},"loc":{"start":{"line":201,"column":12},"end":{"line":204,"column":24}},"line":201}},"branchMap":{"0":{"loc":{"start":{"line":77,"column":17},"end":{"line":90,"column":17}},"type":"cond-expr","locations":[{"start":{"line":78,"column":18},"end":{"line":83,"column":21}},{"start":{"line":85,"column":18},"end":{"line":89,"column":20}}],"line":77},"1":{"loc":{"start":{"line":77,"column":17},"end":{"line":77,"column":42}},"type":"binary-expr","locations":[{"start":{"line":77,"column":17},"end":{"line":77,"column":25}},{"start":{"line":77,"column":29},"end":{"line":77,"column":42}}],"line":77},"2":{"loc":{"start":{"line":80,"column":21},"end":{"line":80,"column":76}},"type":"cond-expr","locations":[{"start":{"line":80,"column":38},"end":{"line":80,"column":69}},{"start":{"line":80,"column":72},"end":{"line":80,"column":76}}],"line":80},"3":{"loc":{"start":{"line":81,"column":21},"end":{"line":81,"column":74}},"type":"cond-expr","locations":[{"start":{"line":81,"column":38},"end":{"line":81,"column":67}},{"start":{"line":81,"column":70},"end":{"line":81,"column":74}}],"line":81},"4":{"loc":{"start":{"line":82,"column":21},"end":{"line":82,"column":74}},"type":"cond-expr","locations":[{"start":{"line":82,"column":38},"end":{"line":82,"column":67}},{"start":{"line":82,"column":70},"end":{"line":82,"column":74}}],"line":82},"5":{"loc":{"start":{"line":112,"column":17},"end":{"line":125,"column":17}},"type":"cond-expr","locations":[{"start":{"line":113,"column":18},"end":{"line":118,"column":21}},{"start":{"line":120,"column":18},"end":{"line":124,"column":20}}],"line":112},"6":{"loc":{"start":{"line":112,"column":17},"end":{"line":112,"column":42}},"type":"binary-expr","locations":[{"start":{"line":112,"column":17},"end":{"line":112,"column":25}},{"start":{"line":112,"column":29},"end":{"line":112,"column":42}}],"line":112},"7":{"loc":{"start":{"line":115,"column":21},"end":{"line":115,"column":76}},"type":"cond-expr","locations":[{"start":{"line":115,"column":38},"end":{"line":115,"column":69}},{"start":{"line":115,"column":72},"end":{"line":115,"column":76}}],"line":115},"8":{"loc":{"start":{"line":116,"column":21},"end":{"line":116,"column":74}},"type":"cond-expr","locations":[{"start":{"line":116,"column":38},"end":{"line":116,"column":67}},{"start":{"line":116,"column":70},"end":{"line":116,"column":74}}],"line":116},"9":{"loc":{"start":{"line":117,"column":21},"end":{"line":117,"column":74}},"type":"cond-expr","locations":[{"start":{"line":117,"column":38},"end":{"line":117,"column":67}},{"start":{"line":117,"column":70},"end":{"line":117,"column":74}}],"line":117},"10":{"loc":{"start":{"line":136,"column":15},"end":{"line":143,"column":15}},"type":"cond-expr","locations":[{"start":{"line":137,"column":16},"end":{"line":140,"column":28}},{"start":{"line":142,"column":16},"end":{"line":142,"column":40}}],"line":136},"11":{"loc":{"start":{"line":136,"column":15},"end":{"line":136,"column":46}},"type":"binary-expr","locations":[{"start":{"line":136,"column":15},"end":{"line":136,"column":28}},{"start":{"line":136,"column":32},"end":{"line":136,"column":46}}],"line":136},"12":{"loc":{"start":{"line":167,"column":15},"end":{"line":174,"column":15}},"type":"cond-expr","locations":[{"start":{"line":168,"column":16},"end":{"line":171,"column":28}},{"start":{"line":173,"column":16},"end":{"line":173,"column":40}}],"line":167},"13":{"loc":{"start":{"line":167,"column":15},"end":{"line":167,"column":46}},"type":"binary-expr","locations":[{"start":{"line":167,"column":15},"end":{"line":167,"column":28}},{"start":{"line":167,"column":32},"end":{"line":167,"column":46}}],"line":167},"14":{"loc":{"start":{"line":185,"column":15},"end":{"line":192,"column":15}},"type":"cond-expr","locations":[{"start":{"line":186,"column":16},"end":{"line":189,"column":28}},{"start":{"line":191,"column":16},"end":{"line":191,"column":40}}],"line":185},"15":{"loc":{"start":{"line":185,"column":15},"end":{"line":185,"column":46}},"type":"binary-expr","locations":[{"start":{"line":185,"column":15},"end":{"line":185,"column":28}},{"start":{"line":185,"column":32},"end":{"line":185,"column":46}}],"line":185}},"s":{"0":1,"1":2,"2":1,"3":1,"4":1,"5":0,"6":0,"7":0,"8":0,"9":0,"10":0,"11":0,"12":1,"13":0,"14":0,"15":0,"16":0,"17":0,"18":0,"19":1,"20":0,"21":0,"22":0,"23":0,"24":1,"25":0,"26":1,"27":0,"28":1,"29":0,"30":0,"31":0,"32":0,"33":0,"34":0},"f":{"0":2,"1":0,"2":0,"3":0,"4":0,"5":0,"6":0,"7":0,"8":1,"9":0,"10":0,"11":0,"12":0,"13":0,"14":0},"b":{"0":[0,0],"1":[0,0],"2":[0,0],"3":[0,0],"4":[0,0],"5":[0,0],"6":[0,0],"7":[0,0],"8":[0,0],"9":[0,0],"10":[0,0],"11":[0,0],"12":[0,0],"13":[0,0],"14":[0,0],"15":[0,0]},"_coverageSchema":"1a1c01bbd47fc00a2c39e90264f33305004495a9","hash":"2d9a433af2ec4997bfdc0e7ff65c2b0428bd4532"}
,"H:\\Michele\\Università\\Magistrale Polito\\Software Engineering II\\SPG\\SPG\\client\\src\\index.js": {"path":"H:\\Michele\\Università\\Magistrale Polito\\Software Engineering II\\SPG\\SPG\\client\\src\\index.js","statementMap":{"0":{"start":{"line":6,"column":0},"end":{"line":11,"column":2}}},"fnMap":{},"branchMap":{},"s":{"0":0},"f":{},"b":{}}
,"H:\\Michele\\Università\\Magistrale Polito\\Software Engineering II\\SPG\\SPG\\client\\src\\api\\farmer.js": {"path":"H:\\Michele\\Università\\Magistrale Polito\\Software Engineering II\\SPG\\SPG\\client\\src\\api\\farmer.js","statementMap":{"0":{"start":{"line":7,"column":19},"end":{"line":7,"column":66}},"1":{"start":{"line":8,"column":20},"end":{"line":8,"column":41}},"2":{"start":{"line":9,"column":4},"end":{"line":13,"column":5}},"3":{"start":{"line":10,"column":7},"end":{"line":10,"column":22}},"4":{"start":{"line":12,"column":7},"end":{"line":12,"column":21}},"5":{"start":{"line":18,"column":2},"end":{"line":30,"column":5}},"6":{"start":{"line":19,"column":4},"end":{"line":29,"column":9}},"7":{"start":{"line":24,"column":8},"end":{"line":28,"column":9}},"8":{"start":{"line":25,"column":10},"end":{"line":25,"column":24}},"9":{"start":{"line":27,"column":10},"end":{"line":27,"column":32}},"10":{"start":{"line":33,"column":18},"end":{"line":36,"column":1}}},"fnMap":{"0":{"name":"getFarmerProducts","decl":{"start":{"line":4,"column":15},"end":{"line":4,"column":32}},"loc":{"start":{"line":4,"column":43},"end":{"line":14,"column":1}},"line":4},"1":{"name":"updateFarmerProducts","decl":{"start":{"line":16,"column":15},"end":{"line":16,"column":35}},"loc":{"start":{"line":16,"column":73},"end":{"line":31,"column":1}},"line":16},"2":{"name":"(anonymous_2)","decl":{"start":{"line":18,"column":21},"end":{"line":18,"column":22}},"loc":{"start":{"line":18,"column":42},"end":{"line":30,"column":3}},"line":18},"3":{"name":"(anonymous_3)","decl":{"start":{"line":23,"column":14},"end":{"line":23,"column":15}},"loc":{"start":{"line":23,"column":28},"end":{"line":29,"column":7}},"line":23}},"branchMap":{"0":{"loc":{"start":{"line":9,"column":4},"end":{"line":13,"column":5}},"type":"if","locations":[{"start":{"line":9,"column":4},"end":{"line":13,"column":5}},{"start":{"line":11,"column":11},"end":{"line":13,"column":5}}],"line":9},"1":{"loc":{"start":{"line":24,"column":8},"end":{"line":28,"column":9}},"type":"if","locations":[{"start":{"line":24,"column":8},"end":{"line":28,"column":9}},{"start":{"line":26,"column":15},"end":{"line":28,"column":9}}],"line":24}},"s":{"0":0,"1":0,"2":0,"3":0,"4":0,"5":0,"6":0,"7":0,"8":0,"9":0,"10":7},"f":{"0":0,"1":0,"2":0,"3":0},"b":{"0":[0,0],"1":[0,0]},"_coverageSchema":"1a1c01bbd47fc00a2c39e90264f33305004495a9","hash":"e09cfa107cc3961bae4590fc778023be3ab94302"}
,"H:\\Michele\\Università\\Magistrale Polito\\Software Engineering II\\SPG\\SPG\\client\\src\\api\\gAPI.js": {"path":"H:\\Michele\\Università\\Magistrale Polito\\Software Engineering II\\SPG\\SPG\\client\\src\\api\\gAPI.js","statementMap":{"0":{"start":{"line":3,"column":21},"end":{"line":3,"column":49}},"1":{"start":{"line":4,"column":25},"end":{"line":4,"column":46}},"2":{"start":{"line":5,"column":4},"end":{"line":9,"column":5}},"3":{"start":{"line":6,"column":7},"end":{"line":6,"column":122}},"4":{"start":{"line":6,"column":37},"end":{"line":6,"column":119}},"5":{"start":{"line":8,"column":7},"end":{"line":8,"column":26}},"6":{"start":{"line":14,"column":4},"end":{"line":30,"column":4}},"7":{"start":{"line":15,"column":2},"end":{"line":29,"column":86}},"8":{"start":{"line":22,"column":3},"end":{"line":28,"column":4}},"9":{"start":{"line":23,"column":4},"end":{"line":23,"column":18}},"10":{"start":{"line":25,"column":4},"end":{"line":27,"column":80}},"11":{"start":{"line":26,"column":26},"end":{"line":26,"column":42}},"12":{"start":{"line":27,"column":20},"end":{"line":27,"column":76}},"13":{"start":{"line":29,"column":19},"end":{"line":29,"column":82}},"14":{"start":{"line":36,"column":21},"end":{"line":36,"column":55}},"15":{"start":{"line":37,"column":23},"end":{"line":37,"column":44}},"16":{"start":{"line":38,"column":4},"end":{"line":42,"column":5}},"17":{"start":{"line":39,"column":7},"end":{"line":39,"column":32}},"18":{"start":{"line":41,"column":7},"end":{"line":41,"column":24}},"19":{"start":{"line":47,"column":1},"end":{"line":61,"column":4}},"20":{"start":{"line":48,"column":2},"end":{"line":60,"column":86}},"21":{"start":{"line":53,"column":3},"end":{"line":59,"column":4}},"22":{"start":{"line":54,"column":4},"end":{"line":54,"column":18}},"23":{"start":{"line":56,"column":4},"end":{"line":58,"column":80}},"24":{"start":{"line":57,"column":26},"end":{"line":57,"column":42}},"25":{"start":{"line":58,"column":20},"end":{"line":58,"column":76}},"26":{"start":{"line":60,"column":19},"end":{"line":60,"column":82}},"27":{"start":{"line":66,"column":1},"end":{"line":78,"column":6}},"28":{"start":{"line":67,"column":2},"end":{"line":77,"column":79}},"29":{"start":{"line":70,"column":4},"end":{"line":76,"column":4}},"30":{"start":{"line":71,"column":3},"end":{"line":71,"column":17}},"31":{"start":{"line":73,"column":3},"end":{"line":75,"column":74}},"32":{"start":{"line":74,"column":26},"end":{"line":74,"column":42}},"33":{"start":{"line":75,"column":20},"end":{"line":75,"column":70}},"34":{"start":{"line":77,"column":19},"end":{"line":77,"column":75}},"35":{"start":{"line":84,"column":21},"end":{"line":84,"column":54}},"36":{"start":{"line":85,"column":25},"end":{"line":85,"column":46}},"37":{"start":{"line":86,"column":4},"end":{"line":91,"column":5}},"38":{"start":{"line":87,"column":2},"end":{"line":87,"column":17}},"39":{"start":{"line":88,"column":7},"end":{"line":88,"column":122}},"40":{"start":{"line":88,"column":37},"end":{"line":88,"column":119}},"41":{"start":{"line":90,"column":7},"end":{"line":90,"column":26}},"42":{"start":{"line":95,"column":13},"end":{"line":102,"column":1}}},"fnMap":{"0":{"name":"getProducts","decl":{"start":{"line":1,"column":15},"end":{"line":1,"column":26}},"loc":{"start":{"line":1,"column":29},"end":{"line":10,"column":1}},"line":1},"1":{"name":"(anonymous_1)","decl":{"start":{"line":6,"column":31},"end":{"line":6,"column":32}},"loc":{"start":{"line":6,"column":37},"end":{"line":6,"column":119}},"line":6},"2":{"name":"addClient","decl":{"start":{"line":13,"column":15},"end":{"line":13,"column":24}},"loc":{"start":{"line":13,"column":36},"end":{"line":31,"column":1}},"line":13},"3":{"name":"(anonymous_3)","decl":{"start":{"line":14,"column":23},"end":{"line":14,"column":24}},"loc":{"start":{"line":14,"column":44},"end":{"line":30,"column":2}},"line":14},"4":{"name":"(anonymous_4)","decl":{"start":{"line":21,"column":10},"end":{"line":21,"column":11}},"loc":{"start":{"line":21,"column":24},"end":{"line":29,"column":3}},"line":21},"5":{"name":"(anonymous_5)","decl":{"start":{"line":26,"column":11},"end":{"line":26,"column":12}},"loc":{"start":{"line":26,"column":24},"end":{"line":26,"column":44}},"line":26},"6":{"name":"(anonymous_6)","decl":{"start":{"line":27,"column":12},"end":{"line":27,"column":13}},"loc":{"start":{"line":27,"column":18},"end":{"line":27,"column":78}},"line":27},"7":{"name":"(anonymous_7)","decl":{"start":{"line":29,"column":11},"end":{"line":29,"column":12}},"loc":{"start":{"line":29,"column":17},"end":{"line":29,"column":84}},"line":29},"8":{"name":"getWalletByMail","decl":{"start":{"line":34,"column":15},"end":{"line":34,"column":30}},"loc":{"start":{"line":34,"column":37},"end":{"line":43,"column":1}},"line":34},"9":{"name":"insertProductInBasket","decl":{"start":{"line":46,"column":15},"end":{"line":46,"column":36}},"loc":{"start":{"line":46,"column":46},"end":{"line":62,"column":1}},"line":46},"10":{"name":"(anonymous_10)","decl":{"start":{"line":47,"column":20},"end":{"line":47,"column":21}},"loc":{"start":{"line":47,"column":41},"end":{"line":61,"column":2}},"line":47},"11":{"name":"(anonymous_11)","decl":{"start":{"line":52,"column":10},"end":{"line":52,"column":11}},"loc":{"start":{"line":52,"column":24},"end":{"line":60,"column":3}},"line":52},"12":{"name":"(anonymous_12)","decl":{"start":{"line":57,"column":11},"end":{"line":57,"column":12}},"loc":{"start":{"line":57,"column":24},"end":{"line":57,"column":44}},"line":57},"13":{"name":"(anonymous_13)","decl":{"start":{"line":58,"column":12},"end":{"line":58,"column":13}},"loc":{"start":{"line":58,"column":18},"end":{"line":58,"column":78}},"line":58},"14":{"name":"(anonymous_14)","decl":{"start":{"line":60,"column":11},"end":{"line":60,"column":12}},"loc":{"start":{"line":60,"column":17},"end":{"line":60,"column":84}},"line":60},"15":{"name":"deleteAllBasket","decl":{"start":{"line":65,"column":15},"end":{"line":65,"column":30}},"loc":{"start":{"line":65,"column":33},"end":{"line":79,"column":1}},"line":65},"16":{"name":"(anonymous_16)","decl":{"start":{"line":66,"column":20},"end":{"line":66,"column":21}},"loc":{"start":{"line":66,"column":41},"end":{"line":78,"column":4}},"line":66},"17":{"name":"(anonymous_17)","decl":{"start":{"line":69,"column":10},"end":{"line":69,"column":11}},"loc":{"start":{"line":69,"column":24},"end":{"line":77,"column":3}},"line":69},"18":{"name":"(anonymous_18)","decl":{"start":{"line":74,"column":11},"end":{"line":74,"column":12}},"loc":{"start":{"line":74,"column":24},"end":{"line":74,"column":44}},"line":74},"19":{"name":"(anonymous_19)","decl":{"start":{"line":75,"column":12},"end":{"line":75,"column":13}},"loc":{"start":{"line":75,"column":18},"end":{"line":75,"column":72}},"line":75},"20":{"name":"(anonymous_20)","decl":{"start":{"line":77,"column":11},"end":{"line":77,"column":12}},"loc":{"start":{"line":77,"column":17},"end":{"line":77,"column":77}},"line":77},"21":{"name":"getBasketProducts","decl":{"start":{"line":82,"column":15},"end":{"line":82,"column":32}},"loc":{"start":{"line":82,"column":48},"end":{"line":92,"column":1}},"line":82},"22":{"name":"(anonymous_22)","decl":{"start":{"line":88,"column":31},"end":{"line":88,"column":32}},"loc":{"start":{"line":88,"column":37},"end":{"line":88,"column":119}},"line":88}},"branchMap":{"0":{"loc":{"start":{"line":5,"column":4},"end":{"line":9,"column":5}},"type":"if","locations":[{"start":{"line":5,"column":4},"end":{"line":9,"column":5}},{"start":{"line":7,"column":11},"end":{"line":9,"column":5}}],"line":5},"1":{"loc":{"start":{"line":22,"column":3},"end":{"line":28,"column":4}},"type":"if","locations":[{"start":{"line":22,"column":3},"end":{"line":28,"column":4}},{"start":{"line":24,"column":10},"end":{"line":28,"column":4}}],"line":22},"2":{"loc":{"start":{"line":38,"column":4},"end":{"line":42,"column":5}},"type":"if","locations":[{"start":{"line":38,"column":4},"end":{"line":42,"column":5}},{"start":{"line":40,"column":11},"end":{"line":42,"column":5}}],"line":38},"3":{"loc":{"start":{"line":53,"column":3},"end":{"line":59,"column":4}},"type":"if","locations":[{"start":{"line":53,"column":3},"end":{"line":59,"column":4}},{"start":{"line":55,"column":10},"end":{"line":59,"column":4}}],"line":53},"4":{"loc":{"start":{"line":70,"column":4},"end":{"line":76,"column":4}},"type":"if","locations":[{"start":{"line":70,"column":4},"end":{"line":76,"column":4}},{"start":{"line":72,"column":11},"end":{"line":76,"column":4}}],"line":70},"5":{"loc":{"start":{"line":86,"column":4},"end":{"line":91,"column":5}},"type":"if","locations":[{"start":{"line":86,"column":4},"end":{"line":91,"column":5}},{"start":{"line":89,"column":11},"end":{"line":91,"column":5}}],"line":86}},"s":{"0":15,"1":15,"2":15,"3":15,"4":51,"5":0,"6":0,"7":0,"8":0,"9":0,"10":0,"11":0,"12":0,"13":0,"14":6,"15":6,"16":4,"17":4,"18":0,"19":0,"20":0,"21":0,"22":0,"23":0,"24":0,"25":0,"26":0,"27":0,"28":0,"29":0,"30":0,"31":0,"32":0,"33":0,"34":0,"35":0,"36":0,"37":0,"38":0,"39":0,"40":0,"41":0,"42":9},"f":{"0":15,"1":51,"2":0,"3":0,"4":0,"5":0,"6":0,"7":0,"8":6,"9":0,"10":0,"11":0,"12":0,"13":0,"14":0,"15":0,"16":0,"17":0,"18":0,"19":0,"20":0,"21":0,"22":0},"b":{"0":[15,0],"1":[0,0],"2":[4,0],"3":[0,0],"4":[0,0],"5":[0,0]},"_coverageSchema":"1a1c01bbd47fc00a2c39e90264f33305004495a9","hash":"ddcae561e2772eac8d371ea44a15f6c55e83022e"}
,"H:\\Michele\\Università\\Magistrale Polito\\Software Engineering II\\SPG\\SPG\\client\\src\\api\\orders.js": {"path":"H:\\Michele\\Università\\Magistrale Polito\\Software Engineering II\\SPG\\SPG\\client\\src\\api\\orders.js","statementMap":{"0":{"start":{"line":14,"column":1},"end":{"line":17,"column":57}},"1":{"start":{"line":15,"column":2},"end":{"line":15,"column":40}},"2":{"start":{"line":17,"column":2},"end":{"line":17,"column":57}},"3":{"start":{"line":21,"column":1},"end":{"line":40,"column":2}},"4":{"start":{"line":24,"column":3},"end":{"line":29,"column":5}},"5":{"start":{"line":30,"column":3},"end":{"line":30,"column":9}},"6":{"start":{"line":33,"column":3},"end":{"line":39,"column":4}},"7":{"start":{"line":42,"column":1},"end":{"line":58,"column":4}},"8":{"start":{"line":43,"column":2},"end":{"line":57,"column":86}},"9":{"start":{"line":45,"column":3},"end":{"line":55,"column":4}},"10":{"start":{"line":46,"column":17},"end":{"line":46,"column":38}},"11":{"start":{"line":47,"column":4},"end":{"line":52,"column":5}},"12":{"start":{"line":48,"column":5},"end":{"line":48,"column":21}},"13":{"start":{"line":51,"column":5},"end":{"line":51,"column":20}},"14":{"start":{"line":54,"column":4},"end":{"line":54,"column":60}},"15":{"start":{"line":57,"column":19},"end":{"line":57,"column":82}},"16":{"start":{"line":63,"column":1},"end":{"line":63,"column":27}},"17":{"start":{"line":65,"column":1},"end":{"line":76,"column":2}},"18":{"start":{"line":68,"column":3},"end":{"line":69,"column":24}},"19":{"start":{"line":69,"column":4},"end":{"line":69,"column":24}},"20":{"start":{"line":70,"column":3},"end":{"line":70,"column":9}},"21":{"start":{"line":73,"column":3},"end":{"line":74,"column":24}},"22":{"start":{"line":74,"column":4},"end":{"line":74,"column":24}},"23":{"start":{"line":75,"column":3},"end":{"line":75,"column":9}},"24":{"start":{"line":78,"column":1},"end":{"line":78,"column":17}},"25":{"start":{"line":88,"column":1},"end":{"line":88,"column":82}},"26":{"start":{"line":99,"column":1},"end":{"line":99,"column":28}},"27":{"start":{"line":110,"column":1},"end":{"line":110,"column":102}},"28":{"start":{"line":122,"column":1},"end":{"line":122,"column":87}},"29":{"start":{"line":126,"column":18},"end":{"line":131,"column":1}}},"fnMap":{"0":{"name":"handleOrderAction","decl":{"start":{"line":12,"column":15},"end":{"line":12,"column":32}},"loc":{"start":{"line":12,"column":93},"end":{"line":59,"column":1}},"line":12},"1":{"name":"(anonymous_1)","decl":{"start":{"line":42,"column":20},"end":{"line":42,"column":21}},"loc":{"start":{"line":42,"column":41},"end":{"line":58,"column":2}},"line":42},"2":{"name":"(anonymous_2)","decl":{"start":{"line":43,"column":47},"end":{"line":43,"column":48}},"loc":{"start":{"line":43,"column":67},"end":{"line":57,"column":3}},"line":43},"3":{"name":"(anonymous_3)","decl":{"start":{"line":57,"column":11},"end":{"line":57,"column":12}},"loc":{"start":{"line":57,"column":17},"end":{"line":57,"column":84}},"line":57},"4":{"name":"parseResponse","decl":{"start":{"line":61,"column":15},"end":{"line":61,"column":28}},"loc":{"start":{"line":61,"column":75},"end":{"line":79,"column":1}},"line":61},"5":{"name":"getOrders","decl":{"start":{"line":86,"column":15},"end":{"line":86,"column":24}},"loc":{"start":{"line":86,"column":33},"end":{"line":89,"column":1}},"line":86},"6":{"name":"getPendingOrders","decl":{"start":{"line":97,"column":15},"end":{"line":97,"column":31}},"loc":{"start":{"line":97,"column":34},"end":{"line":100,"column":1}},"line":97},"7":{"name":"handOutOrder","decl":{"start":{"line":108,"column":15},"end":{"line":108,"column":27}},"loc":{"start":{"line":108,"column":41},"end":{"line":111,"column":1}},"line":108},"8":{"name":"insertOrder","decl":{"start":{"line":120,"column":15},"end":{"line":120,"column":26}},"loc":{"start":{"line":120,"column":70},"end":{"line":123,"column":1}},"line":120}},"branchMap":{"0":{"loc":{"start":{"line":12,"column":41},"end":{"line":12,"column":54}},"type":"default-arg","locations":[{"start":{"line":12,"column":52},"end":{"line":12,"column":54}}],"line":12},"1":{"loc":{"start":{"line":12,"column":56},"end":{"line":12,"column":74}},"type":"default-arg","locations":[{"start":{"line":12,"column":72},"end":{"line":12,"column":74}}],"line":12},"2":{"loc":{"start":{"line":12,"column":76},"end":{"line":12,"column":91}},"type":"default-arg","locations":[{"start":{"line":12,"column":85},"end":{"line":12,"column":91}}],"line":12},"3":{"loc":{"start":{"line":14,"column":1},"end":{"line":17,"column":57}},"type":"if","locations":[{"start":{"line":14,"column":1},"end":{"line":17,"column":57}},{"start":{"line":17,"column":2},"end":{"line":17,"column":57}}],"line":14},"4":{"loc":{"start":{"line":21,"column":1},"end":{"line":40,"column":2}},"type":"switch","locations":[{"start":{"line":22,"column":2},"end":{"line":22,"column":14}},{"start":{"line":23,"column":2},"end":{"line":30,"column":9}},{"start":{"line":32,"column":2},"end":{"line":39,"column":4}}],"line":21},"5":{"loc":{"start":{"line":47,"column":4},"end":{"line":52,"column":5}},"type":"if","locations":[{"start":{"line":47,"column":4},"end":{"line":52,"column":5}},{"start":{"line":50,"column":9},"end":{"line":52,"column":5}}],"line":47},"6":{"loc":{"start":{"line":61,"column":39},"end":{"line":61,"column":55}},"type":"default-arg","locations":[{"start":{"line":61,"column":46},"end":{"line":61,"column":55}}],"line":61},"7":{"loc":{"start":{"line":61,"column":57},"end":{"line":61,"column":73}},"type":"default-arg","locations":[{"start":{"line":61,"column":68},"end":{"line":61,"column":73}}],"line":61},"8":{"loc":{"start":{"line":65,"column":1},"end":{"line":76,"column":2}},"type":"switch","locations":[{"start":{"line":67,"column":2},"end":{"line":70,"column":9}},{"start":{"line":72,"column":2},"end":{"line":75,"column":9}}],"line":65},"9":{"loc":{"start":{"line":68,"column":3},"end":{"line":69,"column":24}},"type":"if","locations":[{"start":{"line":68,"column":3},"end":{"line":69,"column":24}},{"start":{},"end":{}}],"line":68},"10":{"loc":{"start":{"line":73,"column":3},"end":{"line":74,"column":24}},"type":"if","locations":[{"start":{"line":73,"column":3},"end":{"line":74,"column":24}},{"start":{},"end":{}}],"line":73},"11":{"loc":{"start":{"line":73,"column":7},"end":{"line":73,"column":44}},"type":"binary-expr","locations":[{"start":{"line":73,"column":7},"end":{"line":73,"column":16}},{"start":{"line":73,"column":20},"end":{"line":73,"column":44}}],"line":73},"12":{"loc":{"start":{"line":108,"column":28},"end":{"line":108,"column":39}},"type":"default-arg","locations":[{"start":{"line":108,"column":38},"end":{"line":108,"column":39}}],"line":108},"13":{"loc":{"start":{"line":120,"column":35},"end":{"line":120,"column":48}},"type":"default-arg","locations":[{"start":{"line":120,"column":46},"end":{"line":120,"column":48}}],"line":120},"14":{"loc":{"start":{"line":120,"column":50},"end":{"line":120,"column":68}},"type":"default-arg","locations":[{"start":{"line":120,"column":66},"end":{"line":120,"column":68}}],"line":120}},"s":{"0":1,"1":0,"2":1,"3":1,"4":0,"5":0,"6":1,"7":1,"8":1,"9":0,"10":0,"11":0,"12":0,"13":0,"14":0,"15":0,"16":0,"17":0,"18":0,"19":0,"20":0,"21":0,"22":0,"23":0,"24":0,"25":0,"26":0,"27":1,"28":0,"29":8},"f":{"0":1,"1":1,"2":0,"3":0,"4":0,"5":0,"6":0,"7":1,"8":0},"b":{"0":[0],"1":[0],"2":[0],"3":[0,1],"4":[0,0,1],"5":[0,0],"6":[0],"7":[0],"8":[0,0],"9":[0,0],"10":[0,0],"11":[0,0],"12":[0],"13":[0],"14":[0]},"_coverageSchema":"1a1c01bbd47fc00a2c39e90264f33305004495a9","hash":"ab0d36d3da1be91f3042280bf50f6cc10e921576"}
,"H:\\Michele\\Università\\Magistrale Polito\\Software Engineering II\\SPG\\SPG\\client\\src\\api\\testAPI.js": {"path":"H:\\Michele\\Università\\Magistrale Polito\\Software Engineering II\\SPG\\SPG\\client\\src\\api\\testAPI.js","statementMap":{"0":{"start":{"line":4,"column":1},"end":{"line":16,"column":6}},"1":{"start":{"line":5,"column":2},"end":{"line":15,"column":79}},"2":{"start":{"line":8,"column":4},"end":{"line":14,"column":4}},"3":{"start":{"line":9,"column":3},"end":{"line":9,"column":17}},"4":{"start":{"line":11,"column":3},"end":{"line":13,"column":74}},"5":{"start":{"line":12,"column":26},"end":{"line":12,"column":42}},"6":{"start":{"line":13,"column":20},"end":{"line":13,"column":70}},"7":{"start":{"line":15,"column":19},"end":{"line":15,"column":75}},"8":{"start":{"line":19,"column":16},"end":{"line":21,"column":3}}},"fnMap":{"0":{"name":"restoreTables","decl":{"start":{"line":3,"column":15},"end":{"line":3,"column":28}},"loc":{"start":{"line":3,"column":31},"end":{"line":17,"column":1}},"line":3},"1":{"name":"(anonymous_1)","decl":{"start":{"line":4,"column":20},"end":{"line":4,"column":21}},"loc":{"start":{"line":4,"column":41},"end":{"line":16,"column":4}},"line":4},"2":{"name":"(anonymous_2)","decl":{"start":{"line":7,"column":10},"end":{"line":7,"column":11}},"loc":{"start":{"line":7,"column":24},"end":{"line":15,"column":3}},"line":7},"3":{"name":"(anonymous_3)","decl":{"start":{"line":12,"column":11},"end":{"line":12,"column":12}},"loc":{"start":{"line":12,"column":24},"end":{"line":12,"column":44}},"line":12},"4":{"name":"(anonymous_4)","decl":{"start":{"line":13,"column":12},"end":{"line":13,"column":13}},"loc":{"start":{"line":13,"column":18},"end":{"line":13,"column":72}},"line":13},"5":{"name":"(anonymous_5)","decl":{"start":{"line":15,"column":11},"end":{"line":15,"column":12}},"loc":{"start":{"line":15,"column":17},"end":{"line":15,"column":77}},"line":15}},"branchMap":{"0":{"loc":{"start":{"line":8,"column":4},"end":{"line":14,"column":4}},"type":"if","locations":[{"start":{"line":8,"column":4},"end":{"line":14,"column":4}},{"start":{"line":10,"column":11},"end":{"line":14,"column":4}}],"line":8}},"s":{"0":0,"1":0,"2":0,"3":0,"4":0,"5":0,"6":0,"7":0,"8":7},"f":{"0":0,"1":0,"2":0,"3":0,"4":0,"5":0},"b":{"0":[0,0]},"_coverageSchema":"1a1c01bbd47fc00a2c39e90264f33305004495a9","hash":"780370beebac39261f0ca1df414ea92ae2c74c03"}
,"H:\\Michele\\Università\\Magistrale Polito\\Software Engineering II\\SPG\\SPG\\client\\src\\api\\user.js": {"path":"H:\\Michele\\Università\\Magistrale Polito\\Software Engineering II\\SPG\\SPG\\client\\src\\api\\user.js","statementMap":{"0":{"start":{"line":9,"column":18},"end":{"line":9,"column":51}},"1":{"start":{"line":10,"column":22},"end":{"line":10,"column":43}},"2":{"start":{"line":11,"column":1},"end":{"line":14,"column":25}},"3":{"start":{"line":12,"column":2},"end":{"line":12,"column":22}},"4":{"start":{"line":14,"column":6},"end":{"line":14,"column":25}},"5":{"start":{"line":19,"column":4},"end":{"line":32,"column":7}},"6":{"start":{"line":20,"column":8},"end":{"line":31,"column":100}},"7":{"start":{"line":23,"column":12},"end":{"line":30,"column":13}},"8":{"start":{"line":24,"column":16},"end":{"line":24,"column":30}},"9":{"start":{"line":27,"column":16},"end":{"line":29,"column":125}},"10":{"start":{"line":28,"column":37},"end":{"line":28,"column":49}},"11":{"start":{"line":29,"column":38},"end":{"line":29,"column":121}},"12":{"start":{"line":31,"column":28},"end":{"line":31,"column":96}},"13":{"start":{"line":36,"column":16},"end":{"line":39,"column":1}}},"fnMap":{"0":{"name":"getUserId","decl":{"start":{"line":8,"column":16},"end":{"line":8,"column":25}},"loc":{"start":{"line":8,"column":33},"end":{"line":15,"column":1}},"line":8},"1":{"name":"deleteUser","decl":{"start":{"line":18,"column":15},"end":{"line":18,"column":25}},"loc":{"start":{"line":18,"column":33},"end":{"line":33,"column":1}},"line":18},"2":{"name":"(anonymous_2)","decl":{"start":{"line":19,"column":23},"end":{"line":19,"column":24}},"loc":{"start":{"line":19,"column":44},"end":{"line":32,"column":5}},"line":19},"3":{"name":"(anonymous_3)","decl":{"start":{"line":22,"column":16},"end":{"line":22,"column":17}},"loc":{"start":{"line":22,"column":30},"end":{"line":31,"column":9}},"line":22},"4":{"name":"(anonymous_4)","decl":{"start":{"line":28,"column":26},"end":{"line":28,"column":27}},"loc":{"start":{"line":28,"column":35},"end":{"line":28,"column":51}},"line":28},"5":{"name":"(anonymous_5)","decl":{"start":{"line":29,"column":27},"end":{"line":29,"column":28}},"loc":{"start":{"line":29,"column":36},"end":{"line":29,"column":123}},"line":29},"6":{"name":"(anonymous_6)","decl":{"start":{"line":31,"column":17},"end":{"line":31,"column":18}},"loc":{"start":{"line":31,"column":26},"end":{"line":31,"column":98}},"line":31}},"branchMap":{"0":{"loc":{"start":{"line":11,"column":1},"end":{"line":14,"column":25}},"type":"if","locations":[{"start":{"line":11,"column":1},"end":{"line":14,"column":25}},{"start":{"line":14,"column":6},"end":{"line":14,"column":25}}],"line":11},"1":{"loc":{"start":{"line":23,"column":12},"end":{"line":30,"column":13}},"type":"if","locations":[{"start":{"line":23,"column":12},"end":{"line":30,"column":13}},{"start":{"line":25,"column":19},"end":{"line":30,"column":13}}],"line":23}},"s":{"0":6,"1":5,"2":5,"3":5,"4":0,"5":0,"6":0,"7":0,"8":0,"9":0,"10":0,"11":0,"12":0,"13":8},"f":{"0":6,"1":0,"2":0,"3":0,"4":0,"5":0,"6":0},"b":{"0":[5,0],"1":[0,0]},"_coverageSchema":"1a1c01bbd47fc00a2c39e90264f33305004495a9","hash":"19e6d9bc5c0500e96c6836a087d730b36259adbb"}
,"H:\\Michele\\Università\\Magistrale Polito\\Software Engineering II\\SPG\\SPG\\client\\src\\client-component\\ClientOrder.js": {"path":"H:\\Michele\\Università\\Magistrale Polito\\Software Engineering II\\SPG\\SPG\\client\\src\\client-component\\ClientOrder.js","statementMap":{"0":{"start":{"line":23,"column":42},"end":{"line":23,"column":54}},"1":{"start":{"line":24,"column":34},"end":{"line":24,"column":46}},"2":{"start":{"line":25,"column":42},"end":{"line":25,"column":54}},"3":{"start":{"line":26,"column":26},"end":{"line":26,"column":38}},"4":{"start":{"line":27,"column":32},"end":{"line":27,"column":44}},"5":{"start":{"line":28,"column":38},"end":{"line":28,"column":53}},"6":{"start":{"line":29,"column":38},"end":{"line":29,"column":49}},"7":{"start":{"line":30,"column":38},"end":{"line":30,"column":54}},"8":{"start":{"line":31,"column":42},"end":{"line":31,"column":60}},"9":{"start":{"line":32,"column":56},"end":{"line":32,"column":70}},"10":{"start":{"line":33,"column":42},"end":{"line":33,"column":61}},"11":{"start":{"line":34,"column":58},"end":{"line":34,"column":72}},"12":{"start":{"line":36,"column":46},"end":{"line":36,"column":61}},"13":{"start":{"line":37,"column":40},"end":{"line":37,"column":52}},"14":{"start":{"line":39,"column":35},"end":{"line":41,"column":3}},"15":{"start":{"line":40,"column":4},"end":{"line":40,"column":33}},"16":{"start":{"line":43,"column":2},"end":{"line":74,"column":28}},"17":{"start":{"line":44,"column":23},"end":{"line":71,"column":5}},"18":{"start":{"line":45,"column":26},"end":{"line":45,"column":50}},"19":{"start":{"line":46,"column":6},"end":{"line":46,"column":31}},"20":{"start":{"line":47,"column":6},"end":{"line":47,"column":37}},"21":{"start":{"line":48,"column":25},"end":{"line":52,"column":10}},"22":{"start":{"line":49,"column":20},"end":{"line":49,"column":28}},"23":{"start":{"line":51,"column":10},"end":{"line":51,"column":71}},"24":{"start":{"line":51,"column":40},"end":{"line":51,"column":48}},"25":{"start":{"line":53,"column":6},"end":{"line":53,"column":29}},"26":{"start":{"line":54,"column":23},"end":{"line":58,"column":10}},"27":{"start":{"line":55,"column":20},"end":{"line":55,"column":26}},"28":{"start":{"line":57,"column":10},"end":{"line":57,"column":69}},"29":{"start":{"line":57,"column":40},"end":{"line":57,"column":46}},"30":{"start":{"line":59,"column":6},"end":{"line":59,"column":24}},"31":{"start":{"line":62,"column":24},"end":{"line":62,"column":77}},"32":{"start":{"line":63,"column":6},"end":{"line":70,"column":8}},"33":{"start":{"line":64,"column":30},"end":{"line":69,"column":9}},"34":{"start":{"line":73,"column":4},"end":{"line":73,"column":17}},"35":{"start":{"line":76,"column":23},"end":{"line":122,"column":3}},"36":{"start":{"line":78,"column":18},"end":{"line":78,"column":22}},"37":{"start":{"line":80,"column":4},"end":{"line":95,"column":34}},"38":{"start":{"line":81,"column":6},"end":{"line":94,"column":7}},"39":{"start":{"line":82,"column":8},"end":{"line":82,"column":56}},"40":{"start":{"line":83,"column":8},"end":{"line":83,"column":24}},"41":{"start":{"line":85,"column":8},"end":{"line":85,"column":55}},"42":{"start":{"line":86,"column":8},"end":{"line":92,"column":9}},"43":{"start":{"line":87,"column":10},"end":{"line":87,"column":42}},"44":{"start":{"line":88,"column":10},"end":{"line":88,"column":26}},"45":{"start":{"line":89,"column":15},"end":{"line":92,"column":9}},"46":{"start":{"line":90,"column":10},"end":{"line":90,"column":42}},"47":{"start":{"line":91,"column":10},"end":{"line":91,"column":26}},"48":{"start":{"line":93,"column":8},"end":{"line":93,"column":43}},"49":{"start":{"line":93,"column":21},"end":{"line":93,"column":43}},"50":{"start":{"line":95,"column":11},"end":{"line":95,"column":34}},"51":{"start":{"line":97,"column":4},"end":{"line":100,"column":5}},"52":{"start":{"line":98,"column":6},"end":{"line":98,"column":61}},"53":{"start":{"line":99,"column":6},"end":{"line":99,"column":22}},"54":{"start":{"line":102,"column":4},"end":{"line":121,"column":5}},"55":{"start":{"line":103,"column":6},"end":{"line":103,"column":28}},"56":{"start":{"line":106,"column":6},"end":{"line":120,"column":11}},"57":{"start":{"line":108,"column":35},"end":{"line":108,"column":51}},"58":{"start":{"line":111,"column":10},"end":{"line":111,"column":55}},"59":{"start":{"line":112,"column":10},"end":{"line":112,"column":36}},"60":{"start":{"line":113,"column":10},"end":{"line":113,"column":30}},"61":{"start":{"line":114,"column":10},"end":{"line":114,"column":33}},"62":{"start":{"line":117,"column":10},"end":{"line":117,"column":63}},"63":{"start":{"line":118,"column":10},"end":{"line":118,"column":36}},"64":{"start":{"line":119,"column":10},"end":{"line":119,"column":30}},"65":{"start":{"line":124,"column":2},"end":{"line":490,"column":4}},"66":{"start":{"line":133,"column":27},"end":{"line":133,"column":46}},"67":{"start":{"line":148,"column":16},"end":{"line":148,"column":49}},"68":{"start":{"line":164,"column":14},"end":{"line":170,"column":45}},"69":{"start":{"line":165,"column":16},"end":{"line":165,"column":41}},"70":{"start":{"line":166,"column":16},"end":{"line":166,"column":33}},"71":{"start":{"line":167,"column":16},"end":{"line":167,"column":38}},"72":{"start":{"line":168,"column":16},"end":{"line":168,"column":42}},"73":{"start":{"line":169,"column":16},"end":{"line":169,"column":37}},"74":{"start":{"line":170,"column":21},"end":{"line":170,"column":45}},"75":{"start":{"line":182,"column":20},"end":{"line":182,"column":52}},"76":{"start":{"line":183,"column":20},"end":{"line":183,"column":37}},"77":{"start":{"line":184,"column":20},"end":{"line":184,"column":40}},"78":{"start":{"line":185,"column":20},"end":{"line":185,"column":54}},"79":{"start":{"line":186,"column":20},"end":{"line":186,"column":41}},"80":{"start":{"line":190,"column":37},"end":{"line":190,"column":61}},"81":{"start":{"line":192,"column":22},"end":{"line":192,"column":52}},"82":{"start":{"line":200,"column":20},"end":{"line":200,"column":37}},"83":{"start":{"line":202,"column":20},"end":{"line":202,"column":52}},"84":{"start":{"line":203,"column":20},"end":{"line":203,"column":56}},"85":{"start":{"line":204,"column":20},"end":{"line":204,"column":41}},"86":{"start":{"line":208,"column":20},"end":{"line":208,"column":50}},"87":{"start":{"line":222,"column":18},"end":{"line":222,"column":50}},"88":{"start":{"line":223,"column":18},"end":{"line":223,"column":35}},"89":{"start":{"line":224,"column":18},"end":{"line":224,"column":38}},"90":{"start":{"line":225,"column":18},"end":{"line":225,"column":52}},"91":{"start":{"line":226,"column":18},"end":{"line":226,"column":39}},"92":{"start":{"line":230,"column":35},"end":{"line":230,"column":59}},"93":{"start":{"line":232,"column":20},"end":{"line":232,"column":50}},"94":{"start":{"line":245,"column":22},"end":{"line":245,"column":54}},"95":{"start":{"line":246,"column":22},"end":{"line":246,"column":58}},"96":{"start":{"line":247,"column":22},"end":{"line":247,"column":43}},"97":{"start":{"line":251,"column":22},"end":{"line":251,"column":52}},"98":{"start":{"line":270,"column":33},"end":{"line":270,"column":57}},"99":{"start":{"line":272,"column":18},"end":{"line":279,"column":22}},"100":{"start":{"line":273,"column":20},"end":{"line":279,"column":22}},"101":{"start":{"line":281,"column":18},"end":{"line":288,"column":22}},"102":{"start":{"line":282,"column":20},"end":{"line":288,"column":22}},"103":{"start":{"line":290,"column":18},"end":{"line":297,"column":22}},"104":{"start":{"line":291,"column":20},"end":{"line":297,"column":22}},"105":{"start":{"line":299,"column":18},"end":{"line":304,"column":22}},"106":{"start":{"line":300,"column":20},"end":{"line":304,"column":22}},"107":{"start":{"line":307,"column":18},"end":{"line":433,"column":24}},"108":{"start":{"line":316,"column":29},"end":{"line":316,"column":73}},"109":{"start":{"line":320,"column":26},"end":{"line":359,"column":27}},"110":{"start":{"line":321,"column":55},"end":{"line":321,"column":76}},"111":{"start":{"line":323,"column":55},"end":{"line":323,"column":76}},"112":{"start":{"line":325,"column":55},"end":{"line":325,"column":76}},"113":{"start":{"line":328,"column":28},"end":{"line":328,"column":62}},"114":{"start":{"line":330,"column":28},"end":{"line":337,"column":30}},"115":{"start":{"line":332,"column":47},"end":{"line":332,"column":68}},"116":{"start":{"line":333,"column":45},"end":{"line":336,"column":33}},"117":{"start":{"line":338,"column":28},"end":{"line":345,"column":30}},"118":{"start":{"line":340,"column":47},"end":{"line":340,"column":68}},"119":{"start":{"line":341,"column":45},"end":{"line":344,"column":33}},"120":{"start":{"line":346,"column":28},"end":{"line":358,"column":31}},"121":{"start":{"line":347,"column":43},"end":{"line":356,"column":32}},"122":{"start":{"line":348,"column":32},"end":{"line":355,"column":49}},"123":{"start":{"line":349,"column":34},"end":{"line":354,"column":36}},"124":{"start":{"line":355,"column":37},"end":{"line":355,"column":49}},"125":{"start":{"line":357,"column":30},"end":{"line":357,"column":42}},"126":{"start":{"line":367,"column":26},"end":{"line":374,"column":28}},"127":{"start":{"line":369,"column":45},"end":{"line":369,"column":66}},"128":{"start":{"line":370,"column":43},"end":{"line":373,"column":31}},"129":{"start":{"line":376,"column":26},"end":{"line":378,"column":29}},"130":{"start":{"line":377,"column":28},"end":{"line":377,"column":76}},"131":{"start":{"line":377,"column":53},"end":{"line":377,"column":74}},"132":{"start":{"line":386,"column":31},"end":{"line":386,"column":75}},"133":{"start":{"line":391,"column":30},"end":{"line":423,"column":31}},"134":{"start":{"line":392,"column":32},"end":{"line":392,"column":64}},"135":{"start":{"line":394,"column":32},"end":{"line":422,"column":33}},"136":{"start":{"line":396,"column":43},"end":{"line":396,"column":64}},"137":{"start":{"line":399,"column":34},"end":{"line":411,"column":37}},"138":{"start":{"line":400,"column":49},"end":{"line":409,"column":38}},"139":{"start":{"line":401,"column":38},"end":{"line":408,"column":55}},"140":{"start":{"line":402,"column":40},"end":{"line":407,"column":42}},"141":{"start":{"line":408,"column":43},"end":{"line":408,"column":55}},"142":{"start":{"line":410,"column":36},"end":{"line":410,"column":48}},"143":{"start":{"line":413,"column":34},"end":{"line":421,"column":37}},"144":{"start":{"line":413,"column":59},"end":{"line":421,"column":35}},"145":{"start":{"line":447,"column":29},"end":{"line":447,"column":68}},"146":{"start":{"line":449,"column":16},"end":{"line":468,"column":19}},"147":{"start":{"line":454,"column":24},"end":{"line":462,"column":27}},"148":{"start":{"line":458,"column":26},"end":{"line":458,"column":56}},"149":{"start":{"line":459,"column":26},"end":{"line":461,"column":29}},"150":{"start":{"line":460,"column":28},"end":{"line":460,"column":76}},"151":{"start":{"line":460,"column":53},"end":{"line":460,"column":74}},"152":{"start":{"line":484,"column":29},"end":{"line":484,"column":52}}},"fnMap":{"0":{"name":"ClientOrder","decl":{"start":{"line":22,"column":9},"end":{"line":22,"column":20}},"loc":{"start":{"line":22,"column":28},"end":{"line":491,"column":1}},"line":22},"1":{"name":"(anonymous_1)","decl":{"start":{"line":39,"column":35},"end":{"line":39,"column":36}},"loc":{"start":{"line":39,"column":41},"end":{"line":41,"column":3}},"line":39},"2":{"name":"(anonymous_2)","decl":{"start":{"line":43,"column":12},"end":{"line":43,"column":13}},"loc":{"start":{"line":43,"column":18},"end":{"line":74,"column":3}},"line":43},"3":{"name":"(anonymous_3)","decl":{"start":{"line":44,"column":23},"end":{"line":44,"column":24}},"loc":{"start":{"line":44,"column":35},"end":{"line":71,"column":5}},"line":44},"4":{"name":"(anonymous_4)","decl":{"start":{"line":49,"column":13},"end":{"line":49,"column":14}},"loc":{"start":{"line":49,"column":20},"end":{"line":49,"column":28}},"line":49},"5":{"name":"(anonymous_5)","decl":{"start":{"line":50,"column":16},"end":{"line":50,"column":17}},"loc":{"start":{"line":50,"column":37},"end":{"line":52,"column":9}},"line":50},"6":{"name":"(anonymous_6)","decl":{"start":{"line":51,"column":33},"end":{"line":51,"column":34}},"loc":{"start":{"line":51,"column":40},"end":{"line":51,"column":48}},"line":51},"7":{"name":"(anonymous_7)","decl":{"start":{"line":55,"column":13},"end":{"line":55,"column":14}},"loc":{"start":{"line":55,"column":20},"end":{"line":55,"column":26}},"line":55},"8":{"name":"(anonymous_8)","decl":{"start":{"line":56,"column":16},"end":{"line":56,"column":17}},"loc":{"start":{"line":56,"column":37},"end":{"line":58,"column":9}},"line":56},"9":{"name":"(anonymous_9)","decl":{"start":{"line":57,"column":33},"end":{"line":57,"column":34}},"loc":{"start":{"line":57,"column":40},"end":{"line":57,"column":46}},"line":57},"10":{"name":"(anonymous_10)","decl":{"start":{"line":64,"column":22},"end":{"line":64,"column":23}},"loc":{"start":{"line":64,"column":30},"end":{"line":69,"column":9}},"line":64},"11":{"name":"(anonymous_11)","decl":{"start":{"line":76,"column":23},"end":{"line":76,"column":24}},"loc":{"start":{"line":76,"column":48},"end":{"line":122,"column":3}},"line":76},"12":{"name":"(anonymous_12)","decl":{"start":{"line":108,"column":28},"end":{"line":108,"column":29}},"loc":{"start":{"line":108,"column":35},"end":{"line":108,"column":51}},"line":108},"13":{"name":"(anonymous_13)","decl":{"start":{"line":110,"column":14},"end":{"line":110,"column":15}},"loc":{"start":{"line":110,"column":20},"end":{"line":115,"column":9}},"line":110},"14":{"name":"(anonymous_14)","decl":{"start":{"line":116,"column":15},"end":{"line":116,"column":16}},"loc":{"start":{"line":116,"column":24},"end":{"line":120,"column":9}},"line":116},"15":{"name":"(anonymous_15)","decl":{"start":{"line":133,"column":21},"end":{"line":133,"column":22}},"loc":{"start":{"line":133,"column":27},"end":{"line":133,"column":46}},"line":133},"16":{"name":"(anonymous_16)","decl":{"start":{"line":147,"column":24},"end":{"line":147,"column":25}},"loc":{"start":{"line":147,"column":32},"end":{"line":149,"column":15}},"line":147},"17":{"name":"(anonymous_17)","decl":{"start":{"line":158,"column":30},"end":{"line":158,"column":31}},"loc":{"start":{"line":158,"column":36},"end":{"line":158,"column":38}},"line":158},"18":{"name":"(anonymous_18)","decl":{"start":{"line":163,"column":21},"end":{"line":163,"column":22}},"loc":{"start":{"line":163,"column":27},"end":{"line":171,"column":13}},"line":163},"19":{"name":"(anonymous_19)","decl":{"start":{"line":181,"column":28},"end":{"line":181,"column":29}},"loc":{"start":{"line":181,"column":39},"end":{"line":187,"column":19}},"line":181},"20":{"name":"(anonymous_20)","decl":{"start":{"line":190,"column":26},"end":{"line":190,"column":27}},"loc":{"start":{"line":190,"column":37},"end":{"line":190,"column":61}},"line":190},"21":{"name":"(anonymous_21)","decl":{"start":{"line":191,"column":25},"end":{"line":191,"column":26}},"loc":{"start":{"line":192,"column":22},"end":{"line":192,"column":52}},"line":192},"22":{"name":"(anonymous_22)","decl":{"start":{"line":199,"column":28},"end":{"line":199,"column":29}},"loc":{"start":{"line":199,"column":39},"end":{"line":205,"column":19}},"line":199},"23":{"name":"(anonymous_23)","decl":{"start":{"line":207,"column":31},"end":{"line":207,"column":32}},"loc":{"start":{"line":208,"column":20},"end":{"line":208,"column":50}},"line":208},"24":{"name":"(anonymous_24)","decl":{"start":{"line":221,"column":26},"end":{"line":221,"column":27}},"loc":{"start":{"line":221,"column":37},"end":{"line":227,"column":17}},"line":221},"25":{"name":"(anonymous_25)","decl":{"start":{"line":230,"column":24},"end":{"line":230,"column":25}},"loc":{"start":{"line":230,"column":35},"end":{"line":230,"column":59}},"line":230},"26":{"name":"(anonymous_26)","decl":{"start":{"line":231,"column":23},"end":{"line":231,"column":24}},"loc":{"start":{"line":232,"column":20},"end":{"line":232,"column":50}},"line":232},"27":{"name":"(anonymous_27)","decl":{"start":{"line":244,"column":30},"end":{"line":244,"column":31}},"loc":{"start":{"line":244,"column":41},"end":{"line":248,"column":21}},"line":244},"28":{"name":"(anonymous_28)","decl":{"start":{"line":250,"column":33},"end":{"line":250,"column":34}},"loc":{"start":{"line":251,"column":22},"end":{"line":251,"column":52}},"line":251},"29":{"name":"(anonymous_29)","decl":{"start":{"line":270,"column":22},"end":{"line":270,"column":23}},"loc":{"start":{"line":270,"column":33},"end":{"line":270,"column":57}},"line":270},"30":{"name":"(anonymous_30)","decl":{"start":{"line":271,"column":24},"end":{"line":271,"column":25}},"loc":{"start":{"line":271,"column":31},"end":{"line":305,"column":17}},"line":271},"31":{"name":"(anonymous_31)","decl":{"start":{"line":306,"column":21},"end":{"line":306,"column":22}},"loc":{"start":{"line":307,"column":18},"end":{"line":433,"column":24}},"line":307},"32":{"name":"(anonymous_32)","decl":{"start":{"line":316,"column":22},"end":{"line":316,"column":23}},"loc":{"start":{"line":316,"column":29},"end":{"line":316,"column":73}},"line":316},"33":{"name":"(anonymous_33)","decl":{"start":{"line":319,"column":33},"end":{"line":319,"column":34}},"loc":{"start":{"line":319,"column":41},"end":{"line":360,"column":25}},"line":319},"34":{"name":"(anonymous_34)","decl":{"start":{"line":321,"column":48},"end":{"line":321,"column":49}},"loc":{"start":{"line":321,"column":55},"end":{"line":321,"column":76}},"line":321},"35":{"name":"(anonymous_35)","decl":{"start":{"line":323,"column":48},"end":{"line":323,"column":49}},"loc":{"start":{"line":323,"column":55},"end":{"line":323,"column":76}},"line":323},"36":{"name":"(anonymous_36)","decl":{"start":{"line":325,"column":48},"end":{"line":325,"column":49}},"loc":{"start":{"line":325,"column":55},"end":{"line":325,"column":76}},"line":325},"37":{"name":"(anonymous_37)","decl":{"start":{"line":332,"column":40},"end":{"line":332,"column":41}},"loc":{"start":{"line":332,"column":47},"end":{"line":332,"column":68}},"line":332},"38":{"name":"(anonymous_38)","decl":{"start":{"line":333,"column":37},"end":{"line":333,"column":38}},"loc":{"start":{"line":333,"column":45},"end":{"line":336,"column":33}},"line":333},"39":{"name":"(anonymous_39)","decl":{"start":{"line":340,"column":40},"end":{"line":340,"column":41}},"loc":{"start":{"line":340,"column":47},"end":{"line":340,"column":68}},"line":340},"40":{"name":"(anonymous_40)","decl":{"start":{"line":341,"column":37},"end":{"line":341,"column":38}},"loc":{"start":{"line":341,"column":45},"end":{"line":344,"column":33}},"line":341},"41":{"name":"(anonymous_41)","decl":{"start":{"line":346,"column":44},"end":{"line":346,"column":45}},"loc":{"start":{"line":346,"column":53},"end":{"line":358,"column":29}},"line":346},"42":{"name":"(anonymous_42)","decl":{"start":{"line":347,"column":51},"end":{"line":347,"column":52}},"loc":{"start":{"line":347,"column":61},"end":{"line":356,"column":31}},"line":347},"43":{"name":"(anonymous_43)","decl":{"start":{"line":366,"column":33},"end":{"line":366,"column":34}},"loc":{"start":{"line":366,"column":41},"end":{"line":379,"column":25}},"line":366},"44":{"name":"(anonymous_44)","decl":{"start":{"line":369,"column":38},"end":{"line":369,"column":39}},"loc":{"start":{"line":369,"column":45},"end":{"line":369,"column":66}},"line":369},"45":{"name":"(anonymous_45)","decl":{"start":{"line":370,"column":35},"end":{"line":370,"column":36}},"loc":{"start":{"line":370,"column":43},"end":{"line":373,"column":31}},"line":370},"46":{"name":"(anonymous_46)","decl":{"start":{"line":376,"column":42},"end":{"line":376,"column":43}},"loc":{"start":{"line":376,"column":51},"end":{"line":378,"column":27}},"line":376},"47":{"name":"(anonymous_47)","decl":{"start":{"line":377,"column":46},"end":{"line":377,"column":47}},"loc":{"start":{"line":377,"column":53},"end":{"line":377,"column":74}},"line":377},"48":{"name":"(anonymous_48)","decl":{"start":{"line":386,"column":24},"end":{"line":386,"column":25}},"loc":{"start":{"line":386,"column":31},"end":{"line":386,"column":75}},"line":386},"49":{"name":"(anonymous_49)","decl":{"start":{"line":390,"column":38},"end":{"line":390,"column":39}},"loc":{"start":{"line":390,"column":46},"end":{"line":424,"column":29}},"line":390},"50":{"name":"(anonymous_50)","decl":{"start":{"line":396,"column":36},"end":{"line":396,"column":37}},"loc":{"start":{"line":396,"column":43},"end":{"line":396,"column":64}},"line":396},"51":{"name":"(anonymous_51)","decl":{"start":{"line":399,"column":50},"end":{"line":399,"column":51}},"loc":{"start":{"line":399,"column":59},"end":{"line":411,"column":35}},"line":399},"52":{"name":"(anonymous_52)","decl":{"start":{"line":400,"column":57},"end":{"line":400,"column":58}},"loc":{"start":{"line":400,"column":67},"end":{"line":409,"column":37}},"line":400},"53":{"name":"(anonymous_53)","decl":{"start":{"line":413,"column":50},"end":{"line":413,"column":51}},"loc":{"start":{"line":413,"column":59},"end":{"line":421,"column":35}},"line":413},"54":{"name":"(anonymous_54)","decl":{"start":{"line":447,"column":22},"end":{"line":447,"column":23}},"loc":{"start":{"line":447,"column":29},"end":{"line":447,"column":68}},"line":447},"55":{"name":"(anonymous_55)","decl":{"start":{"line":448,"column":19},"end":{"line":448,"column":20}},"loc":{"start":{"line":449,"column":16},"end":{"line":468,"column":19}},"line":449},"56":{"name":"(anonymous_56)","decl":{"start":{"line":453,"column":31},"end":{"line":453,"column":32}},"loc":{"start":{"line":453,"column":39},"end":{"line":463,"column":23}},"line":453},"57":{"name":"(anonymous_57)","decl":{"start":{"line":457,"column":32},"end":{"line":457,"column":33}},"loc":{"start":{"line":457,"column":39},"end":{"line":462,"column":25}},"line":457},"58":{"name":"(anonymous_58)","decl":{"start":{"line":459,"column":42},"end":{"line":459,"column":43}},"loc":{"start":{"line":459,"column":51},"end":{"line":461,"column":27}},"line":459},"59":{"name":"(anonymous_59)","decl":{"start":{"line":460,"column":46},"end":{"line":460,"column":47}},"loc":{"start":{"line":460,"column":53},"end":{"line":460,"column":74}},"line":460},"60":{"name":"(anonymous_60)","decl":{"start":{"line":484,"column":21},"end":{"line":484,"column":22}},"loc":{"start":{"line":484,"column":29},"end":{"line":484,"column":52}},"line":484}},"branchMap":{"0":{"loc":{"start":{"line":80,"column":4},"end":{"line":95,"column":34}},"type":"if","locations":[{"start":{"line":80,"column":4},"end":{"line":95,"column":34}},{"start":{"line":95,"column":11},"end":{"line":95,"column":34}}],"line":80},"1":{"loc":{"start":{"line":81,"column":6},"end":{"line":94,"column":7}},"type":"if","locations":[{"start":{"line":81,"column":6},"end":{"line":94,"column":7}},{"start":{"line":84,"column":13},"end":{"line":94,"column":7}}],"line":81},"2":{"loc":{"start":{"line":86,"column":8},"end":{"line":92,"column":9}},"type":"if","locations":[{"start":{"line":86,"column":8},"end":{"line":92,"column":9}},{"start":{"line":89,"column":15},"end":{"line":92,"column":9}}],"line":86},"3":{"loc":{"start":{"line":89,"column":15},"end":{"line":92,"column":9}},"type":"if","locations":[{"start":{"line":89,"column":15},"end":{"line":92,"column":9}},{"start":{},"end":{}}],"line":89},"4":{"loc":{"start":{"line":93,"column":8},"end":{"line":93,"column":43}},"type":"if","locations":[{"start":{"line":93,"column":8},"end":{"line":93,"column":43}},{"start":{},"end":{}}],"line":93},"5":{"loc":{"start":{"line":97,"column":4},"end":{"line":100,"column":5}},"type":"if","locations":[{"start":{"line":97,"column":4},"end":{"line":100,"column":5}},{"start":{},"end":{}}],"line":97},"6":{"loc":{"start":{"line":97,"column":8},"end":{"line":97,"column":44}},"type":"binary-expr","locations":[{"start":{"line":97,"column":8},"end":{"line":97,"column":15}},{"start":{"line":97,"column":19},"end":{"line":97,"column":44}}],"line":97},"7":{"loc":{"start":{"line":102,"column":4},"end":{"line":121,"column":5}},"type":"if","locations":[{"start":{"line":102,"column":4},"end":{"line":121,"column":5}},{"start":{},"end":{}}],"line":102},"8":{"loc":{"start":{"line":130,"column":9},"end":{"line":140,"column":9}},"type":"cond-expr","locations":[{"start":{"line":131,"column":10},"end":{"line":137,"column":18}},{"start":{"line":139,"column":10},"end":{"line":139,"column":12}}],"line":130},"9":{"loc":{"start":{"line":142,"column":9},"end":{"line":152,"column":16}},"type":"cond-expr","locations":[{"start":{"line":143,"column":10},"end":{"line":151,"column":23}},{"start":{"line":152,"column":12},"end":{"line":152,"column":16}}],"line":142},"10":{"loc":{"start":{"line":164,"column":14},"end":{"line":170,"column":45}},"type":"if","locations":[{"start":{"line":164,"column":14},"end":{"line":170,"column":45}},{"start":{"line":170,"column":21},"end":{"line":170,"column":45}}],"line":164},"11":{"loc":{"start":{"line":173,"column":26},"end":{"line":173,"column":66}},"type":"cond-expr","locations":[{"start":{"line":173,"column":43},"end":{"line":173,"column":51}},{"start":{"line":173,"column":54},"end":{"line":173,"column":66}}],"line":173},"12":{"loc":{"start":{"line":175,"column":11},"end":{"line":213,"column":18}},"type":"cond-expr","locations":[{"start":{"line":176,"column":12},"end":{"line":212,"column":15}},{"start":{"line":213,"column":14},"end":{"line":213,"column":18}}],"line":175},"13":{"loc":{"start":{"line":190,"column":37},"end":{"line":190,"column":61}},"type":"cond-expr","locations":[{"start":{"line":190,"column":55},"end":{"line":190,"column":56}},{"start":{"line":190,"column":59},"end":{"line":190,"column":61}}],"line":190},"14":{"loc":{"start":{"line":216,"column":9},"end":{"line":260,"column":9}},"type":"cond-expr","locations":[{"start":{"line":217,"column":10},"end":{"line":236,"column":16}},{"start":{"line":238,"column":10},"end":{"line":259,"column":16}}],"line":216},"15":{"loc":{"start":{"line":216,"column":9},"end":{"line":216,"column":48}},"type":"binary-expr","locations":[{"start":{"line":216,"column":9},"end":{"line":216,"column":25}},{"start":{"line":216,"column":29},"end":{"line":216,"column":48}}],"line":216},"16":{"loc":{"start":{"line":230,"column":35},"end":{"line":230,"column":59}},"type":"cond-expr","locations":[{"start":{"line":230,"column":53},"end":{"line":230,"column":54}},{"start":{"line":230,"column":57},"end":{"line":230,"column":59}}],"line":230},"17":{"loc":{"start":{"line":239,"column":13},"end":{"line":258,"column":13}},"type":"cond-expr","locations":[{"start":{"line":240,"column":14},"end":{"line":255,"column":20}},{"start":{"line":257,"column":14},"end":{"line":257,"column":16}}],"line":239},"18":{"loc":{"start":{"line":239,"column":13},"end":{"line":239,"column":51}},"type":"binary-expr","locations":[{"start":{"line":239,"column":13},"end":{"line":239,"column":28}},{"start":{"line":239,"column":32},"end":{"line":239,"column":51}}],"line":239},"19":{"loc":{"start":{"line":261,"column":9},"end":{"line":437,"column":9}},"type":"cond-expr","locations":[{"start":{"line":262,"column":10},"end":{"line":264,"column":22}},{"start":{"line":266,"column":10},"end":{"line":436,"column":17}}],"line":261},"20":{"loc":{"start":{"line":270,"column":33},"end":{"line":270,"column":57}},"type":"cond-expr","locations":[{"start":{"line":270,"column":51},"end":{"line":270,"column":52}},{"start":{"line":270,"column":55},"end":{"line":270,"column":57}}],"line":270},"21":{"loc":{"start":{"line":272,"column":18},"end":{"line":279,"column":22}},"type":"if","locations":[{"start":{"line":272,"column":18},"end":{"line":279,"column":22}},{"start":{},"end":{}}],"line":272},"22":{"loc":{"start":{"line":272,"column":22},"end":{"line":272,"column":72}},"type":"binary-expr","locations":[{"start":{"line":272,"column":22},"end":{"line":272,"column":43}},{"start":{"line":272,"column":47},"end":{"line":272,"column":72}}],"line":272},"23":{"loc":{"start":{"line":274,"column":22},"end":{"line":278,"column":36}},"type":"binary-expr","locations":[{"start":{"line":274,"column":22},"end":{"line":274,"column":26}},{"start":{"line":275,"column":22},"end":{"line":277,"column":60}},{"start":{"line":278,"column":22},"end":{"line":278,"column":36}}],"line":274},"24":{"loc":{"start":{"line":281,"column":18},"end":{"line":288,"column":22}},"type":"if","locations":[{"start":{"line":281,"column":18},"end":{"line":288,"column":22}},{"start":{},"end":{}}],"line":281},"25":{"loc":{"start":{"line":281,"column":22},"end":{"line":281,"column":72}},"type":"binary-expr","locations":[{"start":{"line":281,"column":22},"end":{"line":281,"column":43}},{"start":{"line":281,"column":47},"end":{"line":281,"column":72}}],"line":281},"26":{"loc":{"start":{"line":283,"column":22},"end":{"line":287,"column":36}},"type":"binary-expr","locations":[{"start":{"line":283,"column":22},"end":{"line":283,"column":42}},{"start":{"line":284,"column":22},"end":{"line":286,"column":60}},{"start":{"line":287,"column":22},"end":{"line":287,"column":36}}],"line":283},"27":{"loc":{"start":{"line":290,"column":18},"end":{"line":297,"column":22}},"type":"if","locations":[{"start":{"line":290,"column":18},"end":{"line":297,"column":22}},{"start":{},"end":{}}],"line":290},"28":{"loc":{"start":{"line":290,"column":22},"end":{"line":290,"column":71}},"type":"binary-expr","locations":[{"start":{"line":290,"column":22},"end":{"line":290,"column":42}},{"start":{"line":290,"column":46},"end":{"line":290,"column":71}}],"line":290},"29":{"loc":{"start":{"line":292,"column":22},"end":{"line":296,"column":36}},"type":"binary-expr","locations":[{"start":{"line":292,"column":22},"end":{"line":292,"column":46}},{"start":{"line":293,"column":22},"end":{"line":295,"column":60}},{"start":{"line":296,"column":22},"end":{"line":296,"column":36}}],"line":292},"30":{"loc":{"start":{"line":299,"column":18},"end":{"line":304,"column":22}},"type":"if","locations":[{"start":{"line":299,"column":18},"end":{"line":304,"column":22}},{"start":{},"end":{}}],"line":299},"31":{"loc":{"start":{"line":299,"column":22},"end":{"line":299,"column":72}},"type":"binary-expr","locations":[{"start":{"line":299,"column":22},"end":{"line":299,"column":43}},{"start":{"line":299,"column":47},"end":{"line":299,"column":72}}],"line":299},"32":{"loc":{"start":{"line":301,"column":22},"end":{"line":303,"column":78}},"type":"binary-expr","locations":[{"start":{"line":301,"column":22},"end":{"line":301,"column":46}},{"start":{"line":302,"column":22},"end":{"line":302,"column":42}},{"start":{"line":303,"column":22},"end":{"line":303,"column":78}}],"line":301},"33":{"loc":{"start":{"line":315,"column":21},"end":{"line":383,"column":21}},"type":"cond-expr","locations":[{"start":{"line":318,"column":22},"end":{"line":363,"column":31}},{"start":{"line":365,"column":22},"end":{"line":382,"column":31}}],"line":315},"34":{"loc":{"start":{"line":316,"column":29},"end":{"line":316,"column":73}},"type":"binary-expr","locations":[{"start":{"line":316,"column":29},"end":{"line":316,"column":50}},{"start":{"line":316,"column":54},"end":{"line":316,"column":73}}],"line":316},"35":{"loc":{"start":{"line":320,"column":26},"end":{"line":359,"column":27}},"type":"if","locations":[{"start":{"line":320,"column":26},"end":{"line":359,"column":27}},{"start":{"line":329,"column":31},"end":{"line":359,"column":27}}],"line":320},"36":{"loc":{"start":{"line":321,"column":28},"end":{"line":326,"column":44}},"type":"binary-expr","locations":[{"start":{"line":321,"column":28},"end":{"line":322,"column":43}},{"start":{"line":323,"column":28},"end":{"line":324,"column":52}},{"start":{"line":325,"column":28},"end":{"line":326,"column":44}}],"line":321},"37":{"loc":{"start":{"line":348,"column":32},"end":{"line":355,"column":49}},"type":"if","locations":[{"start":{"line":348,"column":32},"end":{"line":355,"column":49}},{"start":{"line":355,"column":37},"end":{"line":355,"column":49}}],"line":348},"38":{"loc":{"start":{"line":385,"column":23},"end":{"line":431,"column":23}},"type":"cond-expr","locations":[{"start":{"line":388,"column":24},"end":{"line":428,"column":37}},{"start":{"line":430,"column":24},"end":{"line":430,"column":26}}],"line":385},"39":{"loc":{"start":{"line":386,"column":31},"end":{"line":386,"column":75}},"type":"binary-expr","locations":[{"start":{"line":386,"column":31},"end":{"line":386,"column":52}},{"start":{"line":386,"column":56},"end":{"line":386,"column":75}}],"line":386},"40":{"loc":{"start":{"line":391,"column":30},"end":{"line":423,"column":31}},"type":"if","locations":[{"start":{"line":391,"column":30},"end":{"line":423,"column":31}},{"start":{"line":393,"column":35},"end":{"line":423,"column":31}}],"line":391},"41":{"loc":{"start":{"line":394,"column":32},"end":{"line":422,"column":33}},"type":"if","locations":[{"start":{"line":394,"column":32},"end":{"line":422,"column":33}},{"start":{"line":412,"column":39},"end":{"line":422,"column":33}}],"line":394},"42":{"loc":{"start":{"line":401,"column":38},"end":{"line":408,"column":55}},"type":"if","locations":[{"start":{"line":401,"column":38},"end":{"line":408,"column":55}},{"start":{"line":408,"column":43},"end":{"line":408,"column":55}}],"line":401},"43":{"loc":{"start":{"line":444,"column":9},"end":{"line":480,"column":9}},"type":"cond-expr","locations":[{"start":{"line":445,"column":10},"end":{"line":470,"column":13}},{"start":{"line":472,"column":10},"end":{"line":479,"column":13}}],"line":444},"44":{"loc":{"start":{"line":447,"column":29},"end":{"line":447,"column":68}},"type":"binary-expr","locations":[{"start":{"line":447,"column":29},"end":{"line":447,"column":45}},{"start":{"line":447,"column":49},"end":{"line":447,"column":68}}],"line":447},"45":{"loc":{"start":{"line":474,"column":13},"end":{"line":478,"column":13}},"type":"cond-expr","locations":[{"start":{"line":475,"column":14},"end":{"line":475,"column":44}},{"start":{"line":477,"column":14},"end":{"line":477,"column":40}}],"line":474}},"s":{"0":0,"1":0,"2":0,"3":0,"4":0,"5":0,"6":0,"7":0,"8":0,"9":0,"10":0,"11":0,"12":0,"13":0,"14":0,"15":0,"16":0,"17":0,"18":0,"19":0,"20":0,"21":0,"22":0,"23":0,"24":0,"25":0,"26":0,"27":0,"28":0,"29":0,"30":0,"31":0,"32":0,"33":0,"34":0,"35":0,"36":0,"37":0,"38":0,"39":0,"40":0,"41":0,"42":0,"43":0,"44":0,"45":0,"46":0,"47":0,"48":0,"49":0,"50":0,"51":0,"52":0,"53":0,"54":0,"55":0,"56":0,"57":0,"58":0,"59":0,"60":0,"61":0,"62":0,"63":0,"64":0,"65":0,"66":0,"67":0,"68":0,"69":0,"70":0,"71":0,"72":0,"73":0,"74":0,"75":0,"76":0,"77":0,"78":0,"79":0,"80":0,"81":0,"82":0,"83":0,"84":0,"85":0,"86":0,"87":0,"88":0,"89":0,"90":0,"91":0,"92":0,"93":0,"94":0,"95":0,"96":0,"97":0,"98":0,"99":0,"100":0,"101":0,"102":0,"103":0,"104":0,"105":0,"106":0,"107":0,"108":0,"109":0,"110":0,"111":0,"112":0,"113":0,"114":0,"115":0,"116":0,"117":0,"118":0,"119":0,"120":0,"121":0,"122":0,"123":0,"124":0,"125":0,"126":0,"127":0,"128":0,"129":0,"130":0,"131":0,"132":0,"133":0,"134":0,"135":0,"136":0,"137":0,"138":0,"139":0,"140":0,"141":0,"142":0,"143":0,"144":0,"145":0,"146":0,"147":0,"148":0,"149":0,"150":0,"151":0,"152":0},"f":{"0":0,"1":0,"2":0,"3":0,"4":0,"5":0,"6":0,"7":0,"8":0,"9":0,"10":0,"11":0,"12":0,"13":0,"14":0,"15":0,"16":0,"17":0,"18":0,"19":0,"20":0,"21":0,"22":0,"23":0,"24":0,"25":0,"26":0,"27":0,"28":0,"29":0,"30":0,"31":0,"32":0,"33":0,"34":0,"35":0,"36":0,"37":0,"38":0,"39":0,"40":0,"41":0,"42":0,"43":0,"44":0,"45":0,"46":0,"47":0,"48":0,"49":0,"50":0,"51":0,"52":0,"53":0,"54":0,"55":0,"56":0,"57":0,"58":0,"59":0,"60":0},"b":{"0":[0,0],"1":[0,0],"2":[0,0],"3":[0,0],"4":[0,0],"5":[0,0],"6":[0,0],"7":[0,0],"8":[0,0],"9":[0,0],"10":[0,0],"11":[0,0],"12":[0,0],"13":[0,0],"14":[0,0],"15":[0,0],"16":[0,0],"17":[0,0],"18":[0,0],"19":[0,0],"2
[...]
"decl":{"start":{"line":110,"column":43},"end":{"line":110,"column":44}},"loc":{"start":{"line":110,"column":50},"end":{"line":110,"column":69}},"line":110},"22":{"name":"(anonymous_22)","decl":{"start":{"line":124,"column":21},"end":{"line":124,"column":22}},"loc":{"start":{"line":124,"column":27},"end":{"line":124,"column":46}},"line":124},"23":{"name":"(anonymous_23)","decl":{"start":{"line":137,"column":22},"end":{"line":137,"column":23}},"loc":{"start":{"line":137,"column":30},"end":{"line":139,"column":13}},"line":137},"24":{"name":"(anonymous_24)","decl":{"start":{"line":146,"column":21},"end":{"line":146,"column":22}},"loc":{"start":{"line":146,"column":27},"end":{"line":150,"column":13}},"line":146},"25":{"name":"(anonymous_25)","decl":{"start":{"line":156,"column":21},"end":{"line":156,"column":22}},"loc":{"start":{"line":156,"column":27},"end":{"line":160,"column":13}},"line":156},"26":{"name":"(anonymous_26)","decl":{"start":{"line":168,"column":22},"end":{"line":168,"column":23}},"loc":{"start":{"line":169,"column":14},"end":{"line":181,"column":20}},"line":169},"27":{"name":"(anonymous_27)","decl":{"start":{"line":174,"column":29},"end":{"line":174,"column":30}},"loc":{"start":{"line":174,"column":35},"end":{"line":177,"column":21}},"line":174},"28":{"name":"(anonymous_28)","decl":{"start":{"line":188,"column":29},"end":{"line":188,"column":30}},"loc":{"start":{"line":189,"column":18},"end":{"line":201,"column":24}},"line":189},"29":{"name":"(anonymous_29)","decl":{"start":{"line":194,"column":33},"end":{"line":194,"column":34}},"loc":{"start":{"line":194,"column":39},"end":{"line":197,"column":25}},"line":194},"30":{"name":"(anonymous_30)","decl":{"start":{"line":215,"column":24},"end":{"line":215,"column":25}},"loc":{"start":{"line":215,"column":31},"end":{"line":219,"column":17}},"line":215},"31":{"name":"(anonymous_31)","decl":{"start":{"line":220,"column":22},"end":{"line":220,"column":23}},"loc":{"start":{"line":220,"column":33},"end":{"line":220,"column":57}},"line":220},"32":{"name":"(anonymous_32)","decl":{"start":{"line":221,"column":21},"end":{"line":221,"column":22}},"loc":{"start":{"line":222,"column":18},"end":{"line":266,"column":24}},"line":222},"33":{"name":"(anonymous_33)","decl":{"start":{"line":238,"column":33},"end":{"line":238,"column":34}},"loc":{"start":{"line":238,"column":39},"end":{"line":238,"column":58}},"line":238},"34":{"name":"(anonymous_34)","decl":{"start":{"line":245,"column":38},"end":{"line":245,"column":39}},"loc":{"start":{"line":245,"column":46},"end":{"line":257,"column":29}},"line":245},"35":{"name":"(anonymous_35)","decl":{"start":{"line":246,"column":47},"end":{"line":246,"column":48}},"loc":{"start":{"line":246,"column":56},"end":{"line":256,"column":31}},"line":246},"36":{"name":"(anonymous_36)","decl":{"start":{"line":247,"column":53},"end":{"line":247,"column":54}},"loc":{"start":{"line":247,"column":63},"end":{"line":254,"column":33}},"line":247},"37":{"name":"(anonymous_37)","decl":{"start":{"line":272,"column":23},"end":{"line":272,"column":24}},"loc":{"start":{"line":272,"column":31},"end":{"line":272,"column":54}},"line":272}},"branchMap":{"0":{"loc":{"start":{"line":54,"column":4},"end":{"line":96,"column":5}},"type":"if","locations":[{"start":{"line":54,"column":4},"end":{"line":96,"column":5}},{"start":{"line":55,"column":9},"end":{"line":96,"column":5}}],"line":54},"1":{"loc":{"start":{"line":57,"column":6},"end":{"line":95,"column":7}},"type":"if","locations":[{"start":{"line":57,"column":6},"end":{"line":95,"column":7}},{"start":{"line":58,"column":11},"end":{"line":95,"column":7}}],"line":57},"2":{"loc":{"start":{"line":58,"column":11},"end":{"line":95,"column":7}},"type":"if","locations":[{"start":{"line":58,"column":11},"end":{"line":95,"column":7}},{"start":{"line":59,"column":11},"end":{"line":95,"column":7}}],"line":58},"3":{"loc":{"start":{"line":66,"column":10},"end":{"line":71,"column":11}},"type":"if","locations":[{"start":{"line":66,"column":10},"end":{"line":71,"column":11}},{"start":{},"end":{}}],"line":66},"4":{"loc":{"start":{"line":72,"column":10},"end":{"line":75,"column":11}},"type":"if","locations":[{"start":{"line":72,"column":10},"end":{"line":75,"column":11}},{"start":{},"end":{}}],"line":72},"5":{"loc":{"start":{"line":78,"column":8},"end":{"line":81,"column":9}},"type":"if","locations":[{"start":{"line":78,"column":8},"end":{"line":81,"column":9}},{"start":{},"end":{}}],"line":78},"6":{"loc":{"start":{"line":83,"column":8},"end":{"line":94,"column":9}},"type":"if","locations":[{"start":{"line":83,"column":8},"end":{"line":94,"column":9}},{"start":{},"end":{}}],"line":83},"7":{"loc":{"start":{"line":100,"column":4},"end":{"line":111,"column":5}},"type":"if","locations":[{"start":{"line":100,"column":4},"end":{"line":111,"column":5}},{"start":{"line":103,"column":11},"end":{"line":111,"column":5}}],"line":100},"8":{"loc":{"start":{"line":121,"column":9},"end":{"line":131,"column":9}},"type":"cond-expr","locations":[{"start":{"line":122,"column":10},"end":{"line":128,"column":18}},{"start":{"line":130,"column":10},"end":{"line":130,"column":12}}],"line":121},"9":{"loc":{"start":{"line":166,"column":9},"end":{"line":208,"column":9}},"type":"cond-expr","locations":[{"start":{"line":167,"column":10},"end":{"line":183,"column":16}},{"start":{"line":185,"column":10},"end":{"line":207,"column":16}}],"line":166},"10":{"loc":{"start":{"line":166,"column":9},"end":{"line":166,"column":48}},"type":"binary-expr","locations":[{"start":{"line":166,"column":9},"end":{"line":166,"column":25}},{"start":{"line":166,"column":29},"end":{"line":166,"column":48}}],"line":166},"11":{"loc":{"start":{"line":186,"column":13},"end":{"line":206,"column":13}},"type":"cond-expr","locations":[{"start":{"line":187,"column":14},"end":{"line":203,"column":20}},{"start":{"line":205,"column":14},"end":{"line":205,"column":16}}],"line":186},"12":{"loc":{"start":{"line":186,"column":13},"end":{"line":186,"column":51}},"type":"binary-expr","locations":[{"start":{"line":186,"column":13},"end":{"line":186,"column":28}},{"start":{"line":186,"column":32},"end":{"line":186,"column":51}}],"line":186},"13":{"loc":{"start":{"line":210,"column":9},"end":{"line":278,"column":9}},"type":"cond-expr","locations":[{"start":{"line":211,"column":10},"end":{"line":275,"column":17}},{"start":{"line":277,"column":10},"end":{"line":277,"column":12}}],"line":210},"14":{"loc":{"start":{"line":216,"column":25},"end":{"line":218,"column":51}},"type":"cond-expr","locations":[{"start":{"line":217,"column":22},"end":{"line":217,"column":49}},{"start":{"line":218,"column":22},"end":{"line":218,"column":51}}],"line":216},"15":{"loc":{"start":{"line":220,"column":33},"end":{"line":220,"column":57}},"type":"cond-expr","locations":[{"start":{"line":220,"column":51},"end":{"line":220,"column":52}},{"start":{"line":220,"column":55},"end":{"line":220,"column":57}}],"line":220},"16":{"loc":{"start":{"line":239,"column":23},"end":{"line":264,"column":30}},"type":"cond-expr","locations":[{"start":{"line":240,"column":24},"end":{"line":263,"column":27}},{"start":{"line":264,"column":26},"end":{"line":264,"column":30}}],"line":239},"17":{"loc":{"start":{"line":248,"column":34},"end":{"line":253,"column":51}},"type":"if","locations":[{"start":{"line":248,"column":34},"end":{"line":253,"column":51}},{"start":{"line":253,"column":39},"end":{"line":253,"column":51}}],"line":248}},"s":{"0":103,"1":102,"2":102,"3":102,"4":102,"5":102,"6":102,"7":102,"8":102,"9":102,"10":102,"11":12,"12":12,"13":12,"14":12,"15":48,"16":48,"17":192,"18":12,"19":12,"20":48,"21":48,"22":192,"23":12,"24":12,"25":102,"26":8,"27":2,"28":6,"29":5,"30":1,"31":4,"32":1,"33":3,"34":3,"35":2,"36":8,"37":2,"38":2,"39":1,"40":1,"41":2,"42":1,"43":1,"44":3,"45":1,"46":1,"47":3,"48":0,"49":0,"50":0,"51":0,"52":0,"53":102,"54":3,"55":3,"56":3,"57":3,"58":3,"59":0,"60":0,"61":0,"62":0,"63":0,"64":0,"65":102,"66":7,"67":20,"68":8,"69":8,"70":8,"71":1,"72":1,"73":1,"74":42,"75":8,"76":8,"77":4,"78":1,"79":1,"80":124,"81":32,"82":63,"83":3,"84":5,"85":5,"86":5,"87":5,"88":0,"89":5,"90":8},"f":{"0":103,"1":12,"2":12,"3":48,"4":48,"5":192,"6":48,"7":48,"8":192,"9":8,"10":8,"11":2,"12":0,"13":0,"14":0,"15":3,"16":3,"17":3,"18":0,"19":0,"20":0,"21":0,"22":7,"23":20,"24":8,"25":1,"26":42,"27":8,"28":4,"29":1,"30":124,"31":32,"32":63,"33":3,"34":5,"35":5,"36":5,"37":8},"b":{"0":[2,6],"1":[1,4],"2":[1,3],"3":[1,1],"4":[1,1],"5":[1,2],"6":[0,3],"7":[3,0],"8":[7,95],"9":[38,64],"10":[102,68],"11":[4,60],"12":[64,34],"13":[31,71],"14":[120,4],"15":[2,30],"16":[12,51],"17":[5,0]},"_coverageSchema":"1a1c01bbd47fc00a2c39e90264f33305004495a9","hash":"7ef9150e032f63893feb0898023bd4845bd98b1b"}
,"H:\\Michele\\Università\\Magistrale Polito\\Software Engineering II\\SPG\\SPG\\client\\src\\ui-components\\RegistrationForm.js": {"path":"H:\\Michele\\Università\\Magistrale Polito\\Software Engineering II\\SPG\\SPG\\client\\src\\ui-components\\RegistrationForm.js","statementMap":{"0":{"start":{"line":16,"column":26},"end":{"line":16,"column":38}},"1":{"start":{"line":17,"column":32},"end":{"line":17,"column":44}},"2":{"start":{"line":18,"column":34},"end":{"line":18,"column":46}},"3":{"start":{"line":19,"column":28},"end":{"line":19,"column":40}},"4":{"start":{"line":20,"column":42},"end":{"line":20,"column":54}},"5":{"start":{"line":21,"column":34},"end":{"line":21,"column":46}},"6":{"start":{"line":22,"column":48},"end":{"line":22,"column":60}},"7":{"start":{"line":23,"column":18},"end":{"line":23,"column":30}},"8":{"start":{"line":24,"column":26},"end":{"line":24,"column":41}},"9":{"start":{"line":26,"column":27},"end":{"line":26,"column":47}},"10":{"start":{"line":26,"column":33},"end":{"line":26,"column":47}},"11":{"start":{"line":27,"column":26},"end":{"line":27,"column":45}},"12":{"start":{"line":27,"column":32},"end":{"line":27,"column":45}},"13":{"start":{"line":29,"column":29},"end":{"line":67,"column":3}},"14":{"start":{"line":30,"column":4},"end":{"line":30,"column":27}},"15":{"start":{"line":32,"column":4},"end":{"line":66,"column":5}},"16":{"start":{"line":33,"column":6},"end":{"line":62,"column":7}},"17":{"start":{"line":36,"column":24},"end":{"line":42,"column":9}},"18":{"start":{"line":43,"column":8},"end":{"line":58,"column":13}},"19":{"start":{"line":46,"column":12},"end":{"line":53,"column":13}},"20":{"start":{"line":47,"column":14},"end":{"line":47,"column":56}},"21":{"start":{"line":48,"column":14},"end":{"line":48,"column":36}},"22":{"start":{"line":52,"column":14},"end":{"line":52,"column":28}},"23":{"start":{"line":56,"column":12},"end":{"line":56,"column":33}},"24":{"start":{"line":57,"column":12},"end":{"line":57,"column":37}},"25":{"start":{"line":61,"column":8},"end":{"line":61,"column":45}},"26":{"start":{"line":65,"column":6},"end":{"line":65,"column":60}},"27":{"start":{"line":69,"column":20},"end":{"line":71,"column":3}},"28":{"start":{"line":70,"column":4},"end":{"line":70,"column":27}},"29":{"start":{"line":72,"column":19},"end":{"line":74,"column":3}},"30":{"start":{"line":73,"column":4},"end":{"line":73,"column":22}},"31":{"start":{"line":76,"column":2},"end":{"line":190,"column":4}},"32":{"start":{"line":82,"column":27},"end":{"line":82,"column":46}},"33":{"start":{"line":101,"column":38},"end":{"line":101,"column":62}},"34":{"start":{"line":112,"column":38},"end":{"line":112,"column":65}},"35":{"start":{"line":125,"column":38},"end":{"line":125,"column":66}},"36":{"start":{"line":136,"column":38},"end":{"line":136,"column":63}},"37":{"start":{"line":149,"column":38},"end":{"line":149,"column":66}},"38":{"start":{"line":160,"column":38},"end":{"line":160,"column":73}}},"fnMap":{"0":{"name":"RegistrationForm","decl":{"start":{"line":15,"column":9},"end":{"line":15,"column":25}},"loc":{"start":{"line":15,"column":33},"end":{"line":191,"column":1}},"line":15},"1":{"name":"(anonymous_1)","decl":{"start":{"line":26,"column":27},"end":{"line":26,"column":28}},"loc":{"start":{"line":26,"column":33},"end":{"line":26,"column":47}},"line":26},"2":{"name":"(anonymous_2)","decl":{"start":{"line":27,"column":26},"end":{"line":27,"column":27}},"loc":{"start":{"line":27,"column":32},"end":{"line":27,"column":45}},"line":27},"3":{"name":"(anonymous_3)","decl":{"start":{"line":29,"column":29},"end":{"line":29,"column":30}},"loc":{"start":{"line":29,"column":40},"end":{"line":67,"column":3}},"line":29},"4":{"name":"(anonymous_4)","decl":{"start":{"line":44,"column":16},"end":{"line":44,"column":17}},"loc":{"start":{"line":44,"column":23},"end":{"line":54,"column":11}},"line":44},"5":{"name":"(anonymous_5)","decl":{"start":{"line":55,"column":17},"end":{"line":55,"column":18}},"loc":{"start":{"line":55,"column":24},"end":{"line":58,"column":11}},"line":55},"6":{"name":"(anonymous_6)","decl":{"start":{"line":69,"column":20},"end":{"line":69,"column":21}},"loc":{"start":{"line":69,"column":26},"end":{"line":71,"column":3}},"line":69},"7":{"name":"(anonymous_7)","decl":{"start":{"line":72,"column":19},"end":{"line":72,"column":20}},"loc":{"start":{"line":72,"column":25},"end":{"line":74,"column":3}},"line":72},"8":{"name":"(anonymous_8)","decl":{"start":{"line":82,"column":21},"end":{"line":82,"column":22}},"loc":{"start":{"line":82,"column":27},"end":{"line":82,"column":46}},"line":82},"9":{"name":"(anonymous_9)","decl":{"start":{"line":101,"column":30},"end":{"line":101,"column":31}},"loc":{"start":{"line":101,"column":38},"end":{"line":101,"column":62}},"line":101},"10":{"name":"(anonymous_10)","decl":{"start":{"line":112,"column":30},"end":{"line":112,"column":31}},"loc":{"start":{"line":112,"column":38},"end":{"line":112,"column":65}},"line":112},"11":{"name":"(anonymous_11)","decl":{"start":{"line":125,"column":30},"end":{"line":125,"column":31}},"loc":{"start":{"line":125,"column":38},"end":{"line":125,"column":66}},"line":125},"12":{"name":"(anonymous_12)","decl":{"start":{"line":136,"column":30},"end":{"line":136,"column":31}},"loc":{"start":{"line":136,"column":38},"end":{"line":136,"column":63}},"line":136},"13":{"name":"(anonymous_13)","decl":{"start":{"line":149,"column":30},"end":{"line":149,"column":31}},"loc":{"start":{"line":149,"column":38},"end":{"line":149,"column":66}},"line":149},"14":{"name":"(anonymous_14)","decl":{"start":{"line":160,"column":30},"end":{"line":160,"column":31}},"loc":{"start":{"line":160,"column":38},"end":{"line":160,"column":73}},"line":160}},"branchMap":{"0":{"loc":{"start":{"line":32,"column":4},"end":{"line":66,"column":5}},"type":"if","locations":[{"start":{"line":32,"column":4},"end":{"line":66,"column":5}},{"start":{"line":63,"column":11},"end":{"line":66,"column":5}}],"line":32},"1":{"loc":{"start":{"line":32,"column":8},"end":{"line":32,"column":75}},"type":"binary-expr","locations":[{"start":{"line":32,"column":8},"end":{"line":32,"column":12}},{"start":{"line":32,"column":16},"end":{"line":32,"column":23}},{"start":{"line":32,"column":27},"end":{"line":32,"column":35}},{"start":{"line":32,"column":39},"end":{"line":32,"column":44}},{"start":{"line":32,"column":48},"end":{"line":32,"column":56}},{"start":{"line":32,"column":60},"end":{"line":32,"column":75}}],"line":32},"2":{"loc":{"start":{"line":33,"column":6},"end":{"line":62,"column":7}},"type":"if","locations":[{"start":{"line":33,"column":6},"end":{"line":62,"column":7}},{"start":{"line":59,"column":13},"end":{"line":62,"column":7}}],"line":33},"3":{"loc":{"start":{"line":46,"column":12},"end":{"line":53,"column":13}},"type":"if","locations":[{"start":{"line":46,"column":12},"end":{"line":53,"column":13}},{"start":{"line":51,"column":17},"end":{"line":53,"column":13}}],"line":46},"4":{"loc":{"start":{"line":79,"column":9},"end":{"line":89,"column":9}},"type":"cond-expr","locations":[{"start":{"line":80,"column":10},"end":{"line":86,"column":18}},{"start":{"line":88,"column":10},"end":{"line":88,"column":12}}],"line":79}},"s":{"0":207,"1":207,"2":207,"3":207,"4":207,"5":207,"6":207,"7":207,"8":207,"9":207,"10":0,"11":207,"12":0,"13":207,"14":8,"15":8,"16":1,"17":0,"18":0,"19":0,"20":0,"21":0,"22":0,"23":0,"24":0,"25":1,"26":7,"27":207,"28":0,"29":207,"30":0,"31":207,"32":8,"33":23,"34":33,"35":17,"36":53,"37":33,"38":27},"f":{"0":207,"1":0,"2":0,"3":8,"4":0,"5":0,"6":0,"7":0,"8":8,"9":23,"10":33,"11":17,"12":53,"13":33,"14":27},"b":{"0":[1,7],"1":[8,6,5,4,3,2],"2":[0,1],"3":[0,0],"4":[8,199]},"_coverageSchema":"1a1c01bbd47fc00a2c39e90264f33305004495a9","hash":"01fd3a1a7fe49d665216b8533dabc434691df572"}
,"H:\\Michele\\Università\\Magistrale Polito\\Software Engineering II\\SPG\\SPG\\client\\src\\ui-components\\SearchComponent.js": {"path":"H:\\Michele\\Università\\Magistrale Polito\\Software Engineering II\\SPG\\SPG\\client\\src\\ui-components\\SearchComponent.js","statementMap":{"0":{"start":{"line":6,"column":28},"end":{"line":6,"column":42}},"1":{"start":{"line":7,"column":2},"end":{"line":31,"column":4}},"2":{"start":{"line":19,"column":34},"end":{"line":19,"column":59}},"3":{"start":{"line":24,"column":29},"end":{"line":24,"column":54}}},"fnMap":{"0":{"name":"SearchComponent","decl":{"start":{"line":5,"column":9},"end":{"line":5,"column":24}},"loc":{"start":{"line":5,"column":32},"end":{"line":32,"column":1}},"line":5},"1":{"name":"(anonymous_1)","decl":{"start":{"line":19,"column":26},"end":{"line":19,"column":27}},"loc":{"start":{"line":19,"column":34},"end":{"line":19,"column":59}},"line":19},"2":{"name":"(anonymous_2)","decl":{"start":{"line":24,"column":23},"end":{"line":24,"column":24}},"loc":{"start":{"line":24,"column":29},"end":{"line":24,"column":54}},"line":24}},"branchMap":{},"s":{"0":258,"1":254,"2":208,"3":11},"f":{"0":258,"1":208,"2":11},"b":{},"_coverageSchema":"1a1c01bbd47fc00a2c39e90264f33305004495a9","hash":"c5e11f551763e4b836cfd750ea9e4ae54833f5cf"}
,"H:\\Michele\\Università\\Magistrale Polito\\Software Engineering II\\SPG\\SPG\\client\\src\\ui-components\\SearchForm.js": {"path":"H:\\Michele\\Università\\Magistrale Polito\\Software Engineering II\\SPG\\SPG\\client\\src\\ui-components\\SearchForm.js","statementMap":{"0":{"start":{"line":10,"column":28},"end":{"line":10,"column":40}},"1":{"start":{"line":12,"column":24},"end":{"line":25,"column":3}},"2":{"start":{"line":13,"column":19},"end":{"line":13,"column":37}},"3":{"start":{"line":16,"column":4},"end":{"line":20,"column":5}},"4":{"start":{"line":17,"column":6},"end":{"line":17,"column":19}},"5":{"start":{"line":18,"column":6},"end":{"line":18,"column":31}},"6":{"start":{"line":19,"column":6},"end":{"line":19,"column":13}},"7":{"start":{"line":22,"column":4},"end":{"line":22,"column":33}},"8":{"start":{"line":23,"column":4},"end":{"line":23,"column":21}},"9":{"start":{"line":24,"column":4},"end":{"line":24,"column":27}},"10":{"start":{"line":27,"column":19},"end":{"line":30,"column":3}},"11":{"start":{"line":28,"column":4},"end":{"line":28,"column":27}},"12":{"start":{"line":29,"column":4},"end":{"line":29,"column":27}},"13":{"start":{"line":32,"column":2},"end":{"line":50,"column":4}}},"fnMap":{"0":{"name":"SearchForm","decl":{"start":{"line":9,"column":9},"end":{"line":9,"column":19}},"loc":{"start":{"line":9,"column":27},"end":{"line":51,"column":1}},"line":9},"1":{"name":"(anonymous_1)","decl":{"start":{"line":12,"column":24},"end":{"line":12,"column":25}},"loc":{"start":{"line":12,"column":35},"end":{"line":25,"column":3}},"line":12},"2":{"name":"(anonymous_2)","decl":{"start":{"line":27,"column":19},"end":{"line":27,"column":20}},"loc":{"start":{"line":27,"column":30},"end":{"line":30,"column":3}},"line":27}},"branchMap":{"0":{"loc":{"start":{"line":16,"column":4},"end":{"line":20,"column":5}},"type":"if","locations":[{"start":{"line":16,"column":4},"end":{"line":20,"column":5}},{"start":{},"end":{}}],"line":16}},"s":{"0":7,"1":6,"2":0,"3":0,"4":0,"5":0,"6":0,"7":0,"8":0,"9":0,"10":6,"11":0,"12":0,"13":6},"f":{"0":7,"1":0,"2":0},"b":{"0":[0,0]},"_coverageSchema":"1a1c01bbd47fc00a2c39e90264f33305004495a9","hash":"39511a90373fdb9b96b0e5fcb3367193890703b7"}
}
